А09/25/02 15:34:48.326 core/Log             FILE OPENEDА
А09/25/02 15:34:48.326 J1850               J2190А
А09/25/02 15:36:36.782 J1850               Rx $26 $10 $51 $4 $1 $61 $0 $61А
А09/25/02 15:36:36.831 J1850               Rx $26 $28 $51 $1 $2 $0 $0 $0А
А09/25/02 15:36:36.944 J1850               Rx $26 $80 $51 $1 $2 $0 $0 $0А
А09/25/02 15:36:36.980 J1850               Rx $26 $c0 $51 $1 $1 $0 $0 $0А
А09/25/02 15:36:36.989 J1850               Rx $26 $58 $51 $1 $1 $0 $0 $0А
А09/25/02 15:36:42.730 J1850               Tx $24 $10 $22 $3 $cf $0А
А09/25/02 15:36:42.761 J1850               BusAck $1 $60А
А09/25/02 15:36:42.832 J1850               Rx $26 $10 $62 $0 $0 $0 $0 $0 $0А
А09/25/02 15:36:42.997 J1850               Tx $24 $10 $22 $3 $cf $0А
А09/25/02 15:36:43.021 J1850               BusAck $1 $60А
А09/25/02 15:36:43.057 J1850               Rx $26 $10 $62 $0 $0 $0 $0 $0 $0А
А09/25/02 15:36:43.232 J1850               Tx $24 $10 $22 $3 $cf $0А
А09/25/02 15:36:43.267 J1850               BusAck $1 $60А
А09/25/02 15:36:43.304 J1850               Rx $26 $10 $62 $0 $0 $0 $0 $0 $0А
А09/25/02 15:36:43.492 J1850               Tx $24 $10 $22 $3 $cf $0А
А09/25/02 15:36:43.530 J1850               BusAck $1 $60А
А09/25/02 15:36:43.571 J1850               Rx $26 $10 $62 $0 $0 $0 $0 $0 $0А
А09/25/02 15:36:43.722 J1850               Tx $24 $10 $22 $3 $cf $0А
А09/25/02 15:36:43.769 J1850               BusAck $1 $60А
А09/25/02 15:36:43.825 J1850               Rx $26 $10 $62 $0 $0 $0 $0 $0 $0А
А09/25/02 15:36:44.004 J1850               Tx $24 $10 $22 $3 $cf $0А
А09/25/02 15:36:44.051 J1850               BusAck $1 $60А
А09/25/02 15:36:44.109 J1850               Rx $26 $10 $62 $0 $0 $0 $0 $0 $0А
А09/25/02 15:36:44.273 J1850               Tx $24 $10 $22 $3 $cf $0А
А09/25/02 15:36:44.317 J1850               BusAck $1 $60А
А09/25/02 15:36:44.385 J1850               Rx $26 $10 $62 $0 $0 $0 $0 $0 $0А
А09/25/02 15:36:44.579 J1850               Tx $24 $10 $22 $3 $cf $0А
А09/25/02 15:36:44.602 J1850               BusAck $1 $60А
А09/25/02 15:36:44.678 J1850               Rx $26 $10 $62 $0 $0 $0 $0 $0 $0А
А09/25/02 15:36:44.966 J1850               Tx $24 $10 $22 $3 $cf $0А
А09/25/02 15:36:45.004 J1850               BusAck $1 $60А
А09/25/02 15:36:45.030 J1850               Rx $26 $10 $62 $0 $0 $0 $0 $0 $0А
А09/25/02 15:36:45.228 J1850               Tx $24 $10 $22 $3 $cf $0А
А09/25/02 15:36:45.253 J1850               BusAck $1 $60А
А09/25/02 15:36:45.282 J1850               Rx $26 $10 $62 $0 $0 $0 $0 $0 $0А
А09/25/02 15:36:45.435 J1850               Tx $24 $10 $22 $3 $cf $0А
А09/25/02 15:36:45.465 J1850               BusAck $1 $60А
А09/25/02 15:36:45.525 J1850               Rx $26 $10 $62 $0 $0 $0 $0 $0 $0А
А09/25/02 15:36:46.161 J1850               Rx $26 $90 $51 $1 $1 $0 $0 $0А
А09/25/02 15:36:46.519 J1850               Tx $24 $10 $22 $3 $cf $0А
А09/25/02 15:36:46.550 J1850               BusAck $1 $60А
А09/25/02 15:36:46.623 J1850               Rx $26 $10 $62 $0 $0 $0 $0 $0 $0А
А09/25/02 15:36:46.758 J1850               Tx $24 $10 $22 $3 $cf $0А
А09/25/02 15:36:46.787 J1850               BusAck $1 $60А
А09/25/02 15:36:46.811 J1850               Rx $26 $10 $62 $0 $0 $0 $0 $0 $0А
А09/25/02 15:36:46.994 J1850               Tx $24 $10 $22 $3 $cf $0А
А09/25/02 15:36:47.029 J1850               BusAck $1 $60А
А09/25/02 15:36:47.081 J1850               Rx $26 $10 $62 $0 $0 $0 $0 $0 $0А
А09/25/02 15:36:47.214 J1850               Tx $24 $10 $22 $3 $cf $0А
А09/25/02 15:36:47.235 J1850               BusAck $1 $60А
А09/25/02 15:36:47.299 J1850               Rx $26 $10 $62 $0 $0 $0 $0 $0 $0А
А09/25/02 15:36:47.703 J1850               Tx $24 $10 $22 $3 $cf $0А
А09/25/02 15:36:47.748 J1850               BusAck $1 $60А
А09/25/02 15:36:47.790 J1850               Rx $26 $10 $62 $0 $0 $0 $0 $0 $0А
А09/25/02 15:36:48.889 J1850               Tx $24 $10 $22 $3 $cf $0А
А09/25/02 15:36:48.919 J1850               BusAck $1 $60А
А09/25/02 15:36:48.967 J1850               Rx $26 $10 $62 $0 $0 $0 $0 $0 $0А
А09/25/02 15:36:49.147 J1850               Tx $24 $10 $22 $3 $cf $0А
А09/25/02 15:36:49.176 J1850               BusAck $1 $60А
А09/25/02 15:36:49.204 J1850               Rx $26 $10 $62 $0 $0 $0 $0 $0 $0А
А09/25/02 15:36:49.379 J1850               Tx $24 $10 $22 $3 $cf $0А
А09/25/02 15:36:49.410 J1850               BusAck $1 $60А
А09/25/02 15:36:49.429 J1850               Rx $26 $10 $62 $0 $0 $0 $0 $0 $0А
А09/25/02 15:36:49.623 J1850               Tx $24 $10 $22 $3 $cf $0А
А09/25/02 15:36:49.649 J1850               BusAck $1 $60А
А09/25/02 15:36:49.690 J1850               Rx $26 $10 $62 $0 $0 $0 $0 $0 $0А
А09/25/02 15:36:49.840 J1850               Tx $24 $10 $22 $3 $cf $0А
А09/25/02 15:36:49.875 J1850               BusAck $1 $60А
А09/25/02 15:36:49.929 J1850               Rx $26 $10 $62 $0 $0 $0 $0 $0 $0А
А09/25/02 15:36:51.471 J1850               Tx $24 $10 $22 $3 $cf $0А
А09/25/02 15:36:51.517 J1850               BusAck $1 $60А
А09/25/02 15:36:51.558 J1850               Rx $26 $10 $62 $0 $0 $0 $0 $0 $0А
А09/25/02 15:36:51.721 J1850               Tx $24 $10 $22 $3 $cf $0А
А09/25/02 15:36:51.757 J1850               BusAck $1 $60А
А09/25/02 15:36:51.816 J1850               Rx $26 $10 $62 $0 $0 $0 $0 $0 $0А
А09/25/02 15:36:52.027 J1850               Tx $24 $10 $22 $3 $cf $0А
А09/25/02 15:36:52.055 J1850               BusAck $1 $60А
А09/25/02 15:36:52.120 J1850               Rx $26 $10 $62 $0 $0 $0 $0 $0 $0А
А09/25/02 15:36:53.329 J1850               Tx $24 $10 $22 $3 $cf $0А
А09/25/02 15:36:53.367 J1850               BusAck $1 $60А
А09/25/02 15:36:53.411 J1850               Rx $26 $10 $62 $0 $0 $0 $0 $0 $0А
А09/25/02 15:36:53.558 J1850               Tx $24 $10 $22 $3 $cf $0А
А09/25/02 15:36:53.590 J1850               BusAck $1 $60А
А09/25/02 15:36:53.635 J1850               Rx $26 $10 $62 $0 $0 $0 $0 $0 $0А
А09/25/02 15:36:53.795 J1850               Tx $24 $10 $22 $3 $cf $0А
А09/25/02 15:36:53.831 J1850               BusAck $1 $60А
А09/25/02 15:36:53.865 J1850               Rx $26 $10 $62 $0 $0 $0 $0 $0 $0А
А09/25/02 15:36:54.064 J1850               Tx $24 $10 $22 $3 $cf $0А
А09/25/02 15:36:54.095 J1850               BusAck $1 $60А
А09/25/02 15:36:54.120 J1850               Rx $26 $10 $62 $0 $0 $0 $0 $0 $0А
А09/25/02 15:36:54.700 J1850               Tx $24 $10 $22 $3 $cf $0А
А09/25/02 15:36:54.749 J1850               BusAck $1 $60А
А09/25/02 15:36:54.782 J1850               Rx $26 $10 $62 $0 $0 $0 $0 $0 $0А
А09/25/02 15:36:54.973 J1850               Tx $24 $10 $22 $3 $cf $0А
А09/25/02 15:36:54.992 J1850               BusAck $1 $60А
А09/25/02 15:36:55.037 J1850               Rx $26 $10 $62 $0 $0 $0 $0 $0 $0А
А09/25/02 15:36:56.498 J1850               Tx $24 $10 $22 $3 $cf $0А
А09/25/02 15:36:56.520 J1850               BusAck $1 $60А
А09/25/02 15:36:56.562 J1850               Rx $26 $10 $62 $0 $0 $0 $0 $0 $0А
А09/25/02 15:36:56.737 J1850               Tx $24 $10 $22 $3 $cf $0А
А09/25/02 15:36:56.765 J1850               BusAck $1 $60А
А09/25/02 15:36:56.812 J1850               Rx $26 $10 $62 $0 $0 $0 $0 $0 $0А
А09/25/02 15:36:56.949 J1850               Tx $24 $10 $22 $3 $cf $0А
А09/25/02 15:36:56.992 J1850               BusAck $1 $60А
А09/25/02 15:36:57.053 J1850               Rx $26 $10 $62 $0 $0 $0 $0 $0 $0А
А09/25/02 15:36:57.204 J1850               Tx $24 $10 $22 $3 $cf $0А
А09/25/02 15:36:57.223 J1850               BusAck $1 $60А
А09/25/02 15:36:57.283 J1850               Rx $26 $10 $62 $0 $0 $0 $0 $0 $0А
А09/25/02 15:36:57.449 J1850               Tx $24 $10 $22 $3 $cf $0А
А09/25/02 15:36:57.490 J1850               BusAck $1 $60А
А09/25/02 15:36:57.508 J1850               Rx $26 $10 $62 $0 $0 $0 $0 $0 $0А
А09/25/02 15:36:58.682 J1850               Tx $24 $10 $22 $3 $cf $0А
А09/25/02 15:36:58.710 J1850               BusAck $1 $60А
А09/25/02 15:36:58.736 J1850               Rx $26 $10 $62 $0 $0 $0 $0 $0 $0А
А09/25/02 15:36:58.866 J1850               Tx $24 $10 $22 $3 $cf $0А
А09/25/02 15:36:58.916 J1850               BusAck $1 $60А
А09/25/02 15:36:58.971 J1850               Rx $26 $10 $62 $0 $0 $0 $0 $0 $0А
А09/25/02 15:36:59.140 J1850               Tx $24 $10 $22 $3 $cf $0А
А09/25/02 15:36:59.163 J1850               BusAck $1 $60А
А09/25/02 15:36:59.244 J1850               Rx $26 $10 $62 $0 $0 $0 $0 $0 $0А
А09/25/02 15:36:59.441 J1850               Tx $24 $10 $22 $3 $cf $0А
А09/25/02 15:36:59.467 J1850               BusAck $1 $60А
А09/25/02 15:36:59.515 J1850               Rx $26 $10 $62 $0 $0 $0 $0 $0 $0А
А09/25/02 15:36:59.689 J1850               Tx $24 $10 $22 $3 $cf $0А
А09/25/02 15:36:59.720 J1850               BusAck $1 $60А
А09/25/02 15:36:59.750 J1850               Rx $26 $10 $62 $0 $0 $0 $0 $0 $0А
А09/25/02 15:36:59.930 J1850               Tx $24 $10 $22 $3 $cf $0А
А09/25/02 15:36:59.961 J1850               BusAck $1 $60А
А09/25/02 15:37:00.011 J1850               Rx $26 $10 $62 $0 $0 $0 $0 $0 $0А
А09/25/02 15:37:00.161 J1850               Tx $24 $10 $22 $3 $cf $0А
А09/25/02 15:37:00.192 J1850               BusAck $1 $60А
А09/25/02 15:37:00.212 J1850               Rx $26 $10 $62 $0 $0 $0 $0 $0 $0А
А09/25/02 15:37:00.406 J1850               Tx $24 $10 $22 $3 $cf $0А
А09/25/02 15:37:00.432 J1850               BusAck $1 $60А
А09/25/02 15:37:00.482 J1850               Rx $26 $10 $62 $0 $0 $0 $0 $0 $0А
А09/25/02 15:37:00.658 J1850               Tx $24 $10 $22 $3 $cf $0А
А09/25/02 15:37:00.704 J1850               BusAck $1 $60А
А09/25/02 15:37:00.731 J1850               Rx $26 $10 $62 $0 $0 $0 $0 $0 $0А
А09/25/02 15:37:00.869 J1850               Tx $24 $10 $22 $3 $cf $0А
А09/25/02 15:37:00.928 J1850               BusAck $1 $60А
А09/25/02 15:37:00.972 J1850               Rx $26 $10 $62 $0 $0 $0 $0 $0 $0А
А09/25/02 15:37:02.035 J1850               Tx $24 $10 $22 $3 $cf $0А
А09/25/02 15:37:02.079 J1850               BusAck $1 $60А
А09/25/02 15:37:02.161 J1850               Rx $26 $10 $62 $0 $0 $0 $0 $0 $0А
А09/25/02 15:37:02.357 J1850               Tx $24 $10 $22 $3 $cf $0А
А09/25/02 15:37:02.404 J1850               BusAck $1 $60А
А09/25/02 15:37:02.460 J1850               Rx $26 $10 $62 $0 $0 $0 $0 $0 $0А
А09/25/02 15:37:02.660 J1850               Tx $24 $10 $22 $3 $cf $0А
А09/25/02 15:37:02.694 J1850               BusAck $1 $60А
А09/25/02 15:37:02.776 J1850               Rx $26 $10 $62 $0 $0 $0 $0 $0 $0А
А09/25/02 15:37:02.935 J1850               Tx $24 $10 $22 $3 $cf $0А
А09/25/02 15:37:02.968 J1850               BusAck $1 $60А
А09/25/02 15:37:02.999 J1850               Rx $26 $10 $62 $0 $0 $0 $0 $0 $0А
А09/25/02 15:37:03.197 J1850               Tx $24 $10 $22 $3 $cf $0А
А09/25/02 15:37:03.227 J1850               BusAck $1 $60А
А09/25/02 15:37:03.245 J1850               Rx $26 $10 $62 $0 $0 $0 $0 $0 $0А
А09/25/02 15:37:03.493 J1850               Tx $24 $10 $22 $3 $cf $0А
А09/25/02 15:37:03.540 J1850               BusAck $1 $60А
А09/25/02 15:37:03.557 J1850               Rx $26 $10 $62 $0 $0 $0 $0 $0 $0А
А09/25/02 15:37:03.726 J1850               Tx $24 $10 $22 $3 $cf $0А
А09/25/02 15:37:03.750 J1850               BusAck $1 $60А
А09/25/02 15:37:03.811 J1850               Rx $26 $10 $62 $0 $0 $0 $0 $0 $0А
А09/25/02 15:37:03.956 J1850               Tx $24 $10 $22 $3 $cf $0А
А09/25/02 15:37:04.010 J1850               BusAck $1 $60А
А09/25/02 15:37:04.057 J1850               Rx $26 $10 $62 $0 $0 $0 $0 $0 $0А
А09/25/02 15:37:04.232 J1850               Tx $24 $10 $22 $3 $cf $0А
А09/25/02 15:37:04.259 J1850               BusAck $1 $60А
А09/25/02 15:37:04.331 J1850               Rx $26 $10 $62 $0 $0 $0 $0 $0 $0А
А09/25/02 15:37:04.508 J1850               Tx $24 $10 $22 $3 $cf $0А
А09/25/02 15:37:04.535 J1850               BusAck $1 $60А
А09/25/02 15:37:04.557 J1850               Rx $26 $10 $62 $0 $0 $0 $0 $0 $0А
А09/25/02 15:37:04.750 J1850               Tx $24 $10 $22 $3 $cf $0А
А09/25/02 15:37:04.786 J1850               BusAck $1 $60А
А09/25/02 15:37:04.843 J1850               Rx $26 $10 $62 $0 $0 $0 $0 $0 $0А
А09/25/02 15:37:04.971 J1850               Tx $24 $10 $22 $3 $cf $0А
А09/25/02 15:37:05.002 J1850               BusAck $1 $60А
А09/25/02 15:37:05.064 J1850               Rx $26 $10 $62 $0 $0 $0 $0 $0 $0А
А09/25/02 15:37:05.213 J1850               Tx $24 $10 $22 $3 $cf $0А
А09/25/02 15:37:05.235 J1850               BusAck $1 $60А
А09/25/02 15:37:05.261 J1850               Rx $26 $10 $62 $0 $0 $0 $0 $0 $0А
А09/25/02 15:37:05.456 J1850               Tx $24 $10 $22 $3 $cf $0А
А09/25/02 15:37:05.486 J1850               BusAck $1 $60А
А09/25/02 15:37:05.527 J1850               Rx $26 $10 $62 $0 $0 $0 $0 $0 $0А
А09/25/02 15:37:05.661 J1850               Tx $24 $10 $22 $3 $cf $0А
А09/25/02 15:37:05.705 J1850               BusAck $1 $60А
А09/25/02 15:37:05.759 J1850               Rx $26 $10 $62 $0 $0 $0 $0 $0 $0А
А09/25/02 15:37:05.919 J1850               Tx $24 $10 $22 $3 $cf $0А
А09/25/02 15:37:05.949 J1850               BusAck $1 $60А
А09/25/02 15:37:06.000 J1850               Rx $26 $10 $62 $0 $0 $0 $0 $0 $0А
А09/25/02 15:37:06.167 J1850               Tx $24 $10 $22 $3 $cf $0А
А09/25/02 15:37:06.197 J1850               BusAck $1 $60А
А09/25/02 15:37:06.247 J1850               Rx $26 $10 $62 $0 $0 $0 $0 $0 $0А
А09/25/02 15:37:06.422 J1850               Tx $24 $10 $22 $3 $cf $0А
А09/25/02 15:37:06.461 J1850               BusAck $1 $60А
А09/25/02 15:37:06.504 J1850               Rx $26 $10 $62 $0 $0 $0 $0 $0 $0А
А09/25/02 15:37:06.641 J1850               Tx $24 $10 $22 $3 $cf $0А
А09/25/02 15:37:06.663 J1850               BusAck $1 $60А
А09/25/02 15:37:06.715 J1850               Rx $26 $10 $62 $0 $0 $0 $0 $0 $0А
А09/25/02 15:37:06.928 J1850               Tx $24 $10 $22 $3 $cf $0А
А09/25/02 15:37:06.961 J1850               BusAck $1 $60А
А09/25/02 15:37:07.000 J1850               Rx $26 $10 $62 $0 $0 $0 $0 $0 $0А
А09/25/02 15:37:07.191 J1850               Tx $24 $10 $22 $3 $cf $0А
А09/25/02 15:37:07.221 J1850               BusAck $1 $60А
А09/25/02 15:37:07.248 J1850               Rx $26 $10 $62 $0 $0 $0 $0 $0 $0А
А09/25/02 15:37:07.407 J1850               Tx $24 $10 $22 $3 $cf $0А
А09/25/02 15:37:07.446 J1850               BusAck $1 $60А
А09/25/02 15:37:07.488 J1850               Rx $26 $10 $62 $0 $0 $0 $0 $0 $0А
А09/25/02 15:37:07.668 J1850               Tx $24 $10 $22 $3 $cf $0А
А09/25/02 15:37:07.710 J1850               BusAck $1 $60А
А09/25/02 15:37:07.753 J1850               Rx $26 $10 $62 $0 $0 $0 $0 $0 $0А
А09/25/02 15:37:08.500 J1850               Tx $24 $10 $22 $3 $cf $0А
А09/25/02 15:37:08.550 J1850               BusAck $1 $60А
А09/25/02 15:37:08.599 J1850               Rx $26 $10 $62 $0 $0 $0 $0 $0 $0А
А09/25/02 15:37:08.780 J1850               Tx $24 $10 $22 $3 $cf $0А
А09/25/02 15:37:08.823 J1850               BusAck $1 $60А
А09/25/02 15:37:08.904 J1850               Rx $26 $10 $62 $0 $0 $0 $0 $0 $0А
А09/25/02 15:37:09.070 J1850               Tx $24 $10 $22 $3 $cf $0А
А09/25/02 15:37:09.125 J1850               BusAck $1 $60А
А09/25/02 15:37:09.169 J1850               Rx $26 $10 $62 $0 $0 $0 $0 $0 $0А
А09/25/02 15:37:09.341 J1850               Tx $24 $10 $22 $3 $cf $0А
А09/25/02 15:37:09.371 J1850               BusAck $1 $60А
А09/25/02 15:37:09.429 J1850               Rx $26 $10 $62 $0 $0 $0 $0 $0 $0А
А09/25/02 15:37:09.607 J1850               Tx $24 $10 $22 $3 $cf $0А
А09/25/02 15:37:09.629 J1850               BusAck $1 $60А
А09/25/02 15:37:09.707 J1850               Rx $26 $10 $62 $0 $0 $0 $0 $0 $0А
А09/25/02 15:37:09.872 J1850               Tx $24 $10 $22 $3 $cf $0А
А09/25/02 15:37:09.915 J1850               BusAck $1 $60А
А09/25/02 15:37:09.944 J1850               Rx $26 $10 $62 $0 $0 $0 $0 $0 $0А
А09/25/02 15:37:10.100 J1850               Tx $24 $10 $22 $3 $cf $0А
А09/25/02 15:37:10.138 J1850               BusAck $1 $60А
А09/25/02 15:37:10.183 J1850               Rx $26 $10 $62 $0 $0 $0 $0 $0 $0А
А09/25/02 15:37:10.341 J1850               Tx $24 $10 $22 $3 $cf $0А
А09/25/02 15:37:10.387 J1850               BusAck $1 $60А
А09/25/02 15:37:10.423 J1850               Rx $26 $10 $62 $0 $0 $0 $0 $0 $0А
А09/25/02 15:37:10.616 J1850               Tx $24 $10 $22 $3 $cf $0А
А09/25/02 15:37:10.645 J1850               BusAck $1 $60А
А09/25/02 15:37:10.664 J1850               Rx $26 $10 $62 $0 $0 $0 $0 $0 $0А
А09/25/02 15:37:10.855 J1850               Tx $24 $10 $22 $3 $cf $0А
А09/25/02 15:37:10.888 J1850               BusAck $1 $60А
А09/25/02 15:37:10.923 J1850               Rx $26 $10 $62 $0 $0 $0 $0 $0 $0А
А09/25/02 15:37:11.072 J1850               Tx $24 $10 $22 $3 $cf $0А
А09/25/02 15:37:11.099 J1850               BusAck $1 $60А
А09/25/02 15:37:11.163 J1850               Rx $26 $10 $62 $0 $0 $0 $0 $0 $0А
А09/25/02 15:37:11.330 J1850               Tx $24 $10 $22 $3 $cf $0А
А09/25/02 15:37:11.353 J1850               BusAck $1 $60А
А09/25/02 15:37:11.417 J1850               Rx $26 $10 $62 $0 $0 $0 $0 $0 $0А
А09/25/02 15:37:11.589 J1850               Tx $24 $10 $22 $3 $cf $0А
А09/25/02 15:37:11.619 J1850               BusAck $1 $60А
А09/25/02 15:37:11.675 J1850               Rx $26 $10 $62 $0 $0 $0 $0 $0 $0А
А09/25/02 15:37:11.830 J1850               Tx $24 $10 $22 $3 $cf $0А
А09/25/02 15:37:11.859 J1850               BusAck $1 $60А
А09/25/02 15:37:11.917 J1850               Rx $26 $10 $62 $0 $0 $0 $0 $0 $0А
А09/25/02 15:37:12.058 J1850               Tx $24 $10 $22 $3 $cf $0А
А09/25/02 15:37:12.080 J1850               BusAck $1 $60А
А09/25/02 15:37:12.129 J1850               Rx $26 $10 $62 $0 $0 $0 $0 $0 $0А
А09/25/02 15:37:12.302 J1850               Tx $24 $10 $22 $3 $cf $0А
А09/25/02 15:37:12.324 J1850               BusAck $1 $60А
А09/25/02 15:37:12.357 J1850               Rx $26 $10 $62 $0 $0 $0 $0 $0 $0А
А09/25/02 15:37:12.539 J1850               Tx $24 $10 $22 $3 $cf $0А
А09/25/02 15:37:12.579 J1850               BusAck $1 $60А
А09/25/02 15:37:12.616 J1850               Rx $26 $10 $62 $0 $0 $0 $0 $0 $0А
А09/25/02 15:37:12.996 J1850               Tx $24 $10 $22 $3 $cf $0А
А09/25/02 15:37:13.019 J1850               BusAck $1 $60А
А09/25/02 15:37:13.110 J1850               Rx $26 $10 $62 $0 $0 $0 $0 $0 $0А
А09/25/02 15:37:14.351 J1850               Tx $24 $10 $22 $3 $cf $0А
А09/25/02 15:37:14.371 J1850               BusAck $1 $60А
А09/25/02 15:37:14.412 J1850               Rx $26 $10 $62 $0 $0 $0 $0 $0 $0А
А09/25/02 15:37:14.632 J1850               Tx $24 $10 $22 $3 $cf $0А
А09/25/02 15:37:14.668 J1850               BusAck $1 $60А
А09/25/02 15:37:14.705 J1850               Rx $26 $10 $62 $0 $0 $0 $0 $0 $0А
А09/25/02 15:37:14.891 J1850               Tx $24 $10 $22 $3 $cf $0А
А09/25/02 15:37:14.923 J1850               BusAck $1 $60А
А09/25/02 15:37:14.956 J1850               Rx $26 $10 $62 $0 $0 $0 $0 $0 $0А
А09/25/02 15:37:15.269 J1850               Tx $24 $10 $22 $3 $cf $0А
А09/25/02 15:37:15.307 J1850               BusAck $1 $60А
А09/25/02 15:37:15.377 J1850               Rx $26 $10 $62 $0 $0 $0 $0 $0 $0А
А09/25/02 15:37:15.537 J1850               Tx $24 $10 $22 $3 $cf $0А
А09/25/02 15:37:15.569 J1850               BusAck $1 $60А
А09/25/02 15:37:15.644 J1850               Rx $26 $10 $62 $0 $0 $0 $0 $0 $0А
А09/25/02 15:37:15.833 J1850               Tx $24 $10 $22 $3 $cf $0А
А09/25/02 15:37:15.854 J1850               BusAck $1 $60А
А09/25/02 15:37:15.921 J1850               Rx $26 $10 $62 $0 $0 $0 $0 $0 $0А
А09/25/02 15:37:16.164 J1850               Tx $24 $10 $22 $3 $cf $0А
А09/25/02 15:37:16.208 J1850               BusAck $1 $60А
А09/25/02 15:37:16.253 J1850               Rx $26 $10 $62 $0 $0 $0 $0 $0 $0А
А09/25/02 15:37:16.445 J1850               Tx $24 $10 $22 $3 $cf $0А
А09/25/02 15:37:16.501 J1850               BusAck $1 $60А
А09/25/02 15:37:16.555 J1850               Rx $26 $10 $62 $0 $0 $0 $0 $0 $0А
А09/25/02 15:37:16.804 J1850               Tx $24 $10 $22 $3 $cf $0А
А09/25/02 15:37:16.843 J1850               BusAck $1 $60А
А09/25/02 15:37:16.888 J1850               Rx $26 $10 $62 $0 $0 $0 $0 $0 $0А
А09/25/02 15:37:17.113 J1850               Tx $24 $10 $22 $3 $cf $0А
А09/25/02 15:37:17.141 J1850               BusAck $1 $60А
А09/25/02 15:37:17.204 J1850               Rx $26 $10 $62 $0 $0 $0 $0 $0 $0А
А09/25/02 15:37:17.388 J1850               Tx $24 $10 $22 $3 $cf $0А
А09/25/02 15:37:17.424 J1850               BusAck $1 $60А
А09/25/02 15:37:17.482 J1850               Rx $26 $10 $62 $0 $0 $0 $0 $0 $0А
А09/25/02 15:37:17.678 J1850               Tx $24 $10 $22 $3 $cf $0А
А09/25/02 15:37:17.697 J1850               BusAck $1 $60А
А09/25/02 15:37:17.733 J1850               Rx $26 $10 $62 $0 $0 $0 $0 $0 $0А
А09/25/02 15:37:17.961 J1850               Tx $24 $10 $22 $3 $cf $0А
А09/25/02 15:37:17.983 J1850               BusAck $1 $60А
А09/25/02 15:37:18.054 J1850               Rx $26 $10 $62 $0 $0 $0 $0 $0 $0А
А09/25/02 15:37:18.214 J1850               Tx $24 $10 $22 $3 $cf $0А
А09/25/02 15:37:18.253 J1850               BusAck $1 $60А
А09/25/02 15:37:18.300 J1850               Rx $26 $10 $62 $0 $0 $0 $0 $0 $0А
А09/25/02 15:37:18.518 J1850               Tx $24 $10 $22 $3 $cf $0А
А09/25/02 15:37:18.543 J1850               BusAck $1 $60А
А09/25/02 15:37:18.586 J1850               Rx $26 $10 $62 $0 $0 $0 $0 $0 $0А
А09/25/02 15:37:19.485 J1850               Tx $24 $10 $22 $3 $cf $0А
А09/25/02 15:37:19.518 J1850               BusAck $1 $60А
А09/25/02 15:37:19.575 J1850               Rx $26 $10 $62 $0 $0 $0 $0 $0 $0А
А09/25/02 15:37:19.771 J1850               Tx $24 $10 $22 $3 $cf $0А
А09/25/02 15:37:19.795 J1850               BusAck $1 $60А
А09/25/02 15:37:19.870 J1850               Rx $26 $10 $62 $0 $0 $0 $0 $0 $0А
А09/25/02 15:37:20.071 J1850               Tx $24 $10 $22 $3 $cf $0А
А09/25/02 15:37:20.108 J1850               BusAck $1 $60А
А09/25/02 15:37:20.170 J1850               Rx $26 $10 $62 $0 $0 $0 $0 $0 $0А
А09/25/02 15:37:20.390 J1850               Tx $24 $10 $22 $3 $cf $0А
А09/25/02 15:37:20.421 J1850               BusAck $1 $60А
А09/25/02 15:37:20.488 J1850               Rx $26 $10 $62 $0 $0 $0 $0 $0 $0А
А09/25/02 15:37:20.651 J1850               Tx $24 $10 $22 $3 $cf $0А
А09/25/02 15:37:20.698 J1850               BusAck $1 $60А
А09/25/02 15:37:20.747 J1850               Rx $26 $10 $62 $0 $0 $0 $0 $0 $0А
А09/25/02 15:37:20.954 J1850               Tx $24 $10 $22 $3 $cf $0А
А09/25/02 15:37:20.993 J1850               BusAck $1 $60А
А09/25/02 15:37:21.006 J1850               Rx $26 $10 $62 $0 $0 $0 $0 $0 $0А
А09/25/02 15:37:21.212 J1850               Tx $24 $10 $22 $3 $cf $0А
А09/25/02 15:37:21.232 J1850               BusAck $1 $60А
А09/25/02 15:37:21.320 J1850               Rx $26 $10 $62 $0 $0 $0 $0 $0 $0А
А09/25/02 15:37:21.464 J1850               Tx $24 $10 $22 $3 $cf $0А
А09/25/02 15:37:21.502 J1850               BusAck $1 $60А
А09/25/02 15:37:21.558 J1850               Rx $26 $10 $62 $0 $0 $0 $0 $0 $0А
А09/25/02 15:37:21.762 J1850               Tx $24 $10 $22 $3 $cf $0А
А09/25/02 15:37:21.791 J1850               BusAck $1 $60А
А09/25/02 15:37:21.864 J1850               Rx $26 $10 $62 $0 $0 $0 $0 $0 $0А
А09/25/02 15:37:22.034 J1850               Tx $24 $10 $22 $3 $cf $0А
А09/25/02 15:37:22.084 J1850               BusAck $1 $60А
А09/25/02 15:37:22.128 J1850               Rx $26 $10 $62 $0 $0 $0 $0 $0 $0А
А09/25/02 15:37:22.312 J1850               Tx $24 $10 $22 $3 $cf $0А
А09/25/02 15:37:22.349 J1850               BusAck $1 $60А
А09/25/02 15:37:22.407 J1850               Rx $26 $10 $62 $0 $0 $0 $0 $0 $0А
А09/25/02 15:37:22.627 J1850               Tx $24 $10 $22 $3 $cf $0А
А09/25/02 15:37:22.667 J1850               BusAck $1 $60А
А09/25/02 15:37:22.695 J1850               Rx $26 $10 $62 $0 $0 $0 $0 $0 $0А
А09/25/02 15:37:22.917 J1850               Tx $24 $10 $22 $3 $cf $0А
А09/25/02 15:37:22.945 J1850               BusAck $1 $60А
А09/25/02 15:37:22.983 J1850               Rx $26 $10 $62 $0 $0 $0 $0 $0 $0А
А09/25/02 15:37:23.156 J1850               Tx $24 $10 $22 $3 $cf $0А
А09/25/02 15:37:23.188 J1850               BusAck $1 $60А
А09/25/02 15:37:23.214 J1850               Rx $26 $10 $62 $0 $0 $0 $0 $0 $0А
А09/25/02 15:37:24.256 J1850               Tx $24 $10 $22 $3 $cf $0А
А09/25/02 15:37:24.291 J1850               BusAck $1 $60А
А09/25/02 15:37:24.336 J1850               Rx $26 $10 $62 $0 $0 $0 $0 $0 $0А
А09/25/02 15:37:24.569 J1850               Tx $24 $10 $22 $3 $cf $0А
А09/25/02 15:37:24.592 J1850               BusAck $1 $60А
А09/25/02 15:37:24.653 J1850               Rx $26 $10 $62 $0 $0 $0 $0 $0 $0А
А09/25/02 15:37:24.891 J1850               Tx $24 $10 $22 $3 $cf $0А
А09/25/02 15:37:24.914 J1850               BusAck $1 $60А
А09/25/02 15:37:25.004 J1850               Rx $26 $10 $62 $0 $0 $0 $0 $0 $0А
А09/25/02 15:37:25.204 J1850               Tx $24 $10 $22 $3 $cf $0А
А09/25/02 15:37:25.231 J1850               BusAck $1 $60А
А09/25/02 15:37:25.321 J1850               Rx $26 $10 $62 $0 $0 $0 $0 $0 $0А
А09/25/02 15:37:25.524 J1850               Tx $24 $10 $22 $3 $cf $0А
А09/25/02 15:37:25.573 J1850               BusAck $1 $60А
А09/25/02 15:37:25.634 J1850               Rx $26 $10 $62 $0 $0 $0 $0 $0 $0А
А09/25/02 15:37:25.821 J1850               Tx $24 $10 $22 $3 $cf $0А
А09/25/02 15:37:25.865 J1850               BusAck $1 $60А
А09/25/02 15:37:25.920 J1850               Rx $26 $10 $62 $0 $0 $0 $0 $0 $0А
А09/25/02 15:37:26.144 J1850               Tx $24 $10 $22 $3 $cf $0А
А09/25/02 15:37:26.177 J1850               BusAck $1 $60А
А09/25/02 15:37:26.207 J1850               Rx $26 $10 $62 $0 $0 $0 $0 $0 $0А
А09/25/02 15:37:26.402 J1850               Tx $24 $10 $22 $3 $cf $0А
А09/25/02 15:37:26.446 J1850               BusAck $1 $60А
А09/25/02 15:37:26.522 J1850               Rx $26 $10 $62 $0 $0 $0 $0 $0 $0А
А09/25/02 15:37:26.752 J1850               Tx $24 $10 $22 $3 $cf $0А
А09/25/02 15:37:26.787 J1850               BusAck $1 $60А
А09/25/02 15:37:26.850 J1850               Rx $26 $10 $62 $0 $0 $0 $0 $0 $0А
А09/25/02 15:37:27.034 J1850               Tx $24 $10 $22 $3 $cf $0А
А09/25/02 15:37:27.068 J1850               BusAck $1 $60А
А09/25/02 15:37:27.112 J1850               Rx $26 $10 $62 $0 $0 $0 $0 $0 $0А
А09/25/02 15:37:27.338 J1850               Tx $24 $10 $22 $3 $cf $0А
А09/25/02 15:37:27.361 J1850               BusAck $1 $60А
А09/25/02 15:37:27.389 J1850               Rx $26 $10 $62 $0 $0 $0 $0 $0 $0А
А09/25/02 15:37:27.606 J1850               Tx $24 $10 $22 $3 $cf $0А
А09/25/02 15:37:27.654 J1850               BusAck $1 $60А
А09/25/02 15:37:27.691 J1850               Rx $26 $10 $62 $0 $0 $0 $0 $0 $0А
А09/25/02 15:37:27.927 J1850               Tx $24 $10 $22 $3 $cf $0А
А09/25/02 15:37:27.948 J1850               BusAck $1 $60А
А09/25/02 15:37:27.975 J1850               Rx $26 $10 $62 $0 $0 $0 $0 $0 $0А
А09/25/02 15:37:28.177 J1850               Tx $24 $10 $22 $3 $cf $0А
А09/25/02 15:37:28.205 J1850               BusAck $1 $60А
А09/25/02 15:37:28.260 J1850               Rx $26 $10 $62 $0 $0 $0 $0 $0 $0А
А09/25/02 15:37:29.226 J1850               Tx $24 $10 $22 $3 $cf $0А
А09/25/02 15:37:29.267 J1850               BusAck $1 $60А
А09/25/02 15:37:29.326 J1850               Rx $26 $10 $62 $0 $0 $0 $0 $0 $0А
А09/25/02 15:37:29.555 J1850               Tx $24 $10 $22 $3 $cf $0А
А09/25/02 15:37:29.579 J1850               BusAck $1 $60А
А09/25/02 15:37:29.614 J1850               Rx $26 $10 $62 $0 $0 $0 $0 $0 $0А
А09/25/02 15:37:29.849 J1850               Tx $24 $10 $22 $3 $cf $0А
А09/25/02 15:37:29.872 J1850               BusAck $1 $60А
А09/25/02 15:37:29.945 J1850               Rx $26 $10 $62 $0 $0 $0 $0 $0 $0А
А09/25/02 15:37:30.129 J1850               Tx $24 $10 $22 $3 $cf $0А
А09/25/02 15:37:30.151 J1850               BusAck $1 $60А
А09/25/02 15:37:30.215 J1850               Rx $26 $10 $62 $0 $0 $0 $0 $0 $0А
А09/25/02 15:37:30.424 J1850               Tx $24 $10 $22 $3 $cf $0А
А09/25/02 15:37:30.454 J1850               BusAck $1 $60А
А09/25/02 15:37:30.490 J1850               Rx $26 $10 $62 $0 $0 $0 $0 $0 $0А
А09/25/02 15:37:30.700 J1850               Tx $24 $10 $22 $3 $cf $0А
А09/25/02 15:37:30.720 J1850               BusAck $1 $60А
А09/25/02 15:37:30.768 J1850               Rx $26 $10 $62 $0 $0 $0 $0 $0 $0А
А09/25/02 15:37:30.967 J1850               Tx $24 $10 $22 $3 $cf $0А
А09/25/02 15:37:30.999 J1850               BusAck $1 $60А
А09/25/02 15:37:31.034 J1850               Rx $26 $10 $62 $0 $0 $0 $0 $0 $0А
А09/25/02 15:37:31.225 J1850               Tx $24 $10 $22 $3 $cf $0А
А09/25/02 15:37:31.254 J1850               BusAck $1 $60А
А09/25/02 15:37:31.286 J1850               Rx $26 $10 $62 $0 $0 $0 $0 $0 $0А
А09/25/02 15:37:31.483 J1850               Tx $24 $10 $22 $3 $cf $0А
А09/25/02 15:37:31.515 J1850               BusAck $1 $60А
А09/25/02 15:37:31.571 J1850               Rx $26 $10 $62 $0 $0 $0 $0 $0 $0А
А09/25/02 15:37:31.794 J1850               Tx $24 $10 $22 $3 $cf $0А
А09/25/02 15:37:31.826 J1850               BusAck $1 $60А
А09/25/02 15:37:31.872 J1850               Rx $26 $10 $62 $0 $0 $0 $0 $0 $0А
А09/25/02 15:37:32.053 J1850               Tx $24 $10 $22 $3 $cf $0А
А09/25/02 15:37:32.095 J1850               BusAck $1 $60А
А09/25/02 15:37:32.168 J1850               Rx $26 $10 $62 $0 $0 $0 $0 $0 $0А
А09/25/02 15:37:32.326 J1850               Tx $24 $10 $22 $3 $cf $0А
А09/25/02 15:37:32.379 J1850               BusAck $1 $60А
А09/25/02 15:37:32.437 J1850               Rx $26 $10 $62 $0 $0 $0 $0 $0 $0А
А09/25/02 15:37:32.650 J1850               Tx $24 $10 $22 $3 $cf $0А
А09/25/02 15:37:32.680 J1850               BusAck $1 $60А
А09/25/02 15:37:32.734 J1850               Rx $26 $10 $62 $0 $0 $0 $0 $0 $0А
А09/25/02 15:37:32.961 J1850               Tx $24 $10 $22 $3 $cf $0А
А09/25/02 15:37:32.999 J1850               BusAck $1 $60А
А09/25/02 15:37:33.035 J1850               Rx $26 $10 $62 $0 $0 $0 $0 $0 $0А
А09/25/02 15:37:33.253 J1850               Tx $24 $10 $22 $3 $cf $0А
А09/25/02 15:37:33.288 J1850               BusAck $1 $60А
А09/25/02 15:37:33.344 J1850               Rx $26 $10 $62 $0 $0 $0 $0 $0 $0А
А09/25/02 15:37:34.278 J1850               Tx $24 $10 $22 $3 $cf $0А
А09/25/02 15:37:34.323 J1850               BusAck $1 $60А
А09/25/02 15:37:34.351 J1850               Rx $26 $10 $62 $0 $0 $0 $0 $0 $0А
А09/25/02 15:37:34.591 J1850               Tx $24 $10 $22 $3 $cf $0А
А09/25/02 15:37:34.618 J1850               BusAck $1 $60А
А09/25/02 15:37:34.642 J1850               Rx $26 $10 $62 $0 $0 $0 $0 $0 $0А
А09/25/02 15:37:34.849 J1850               Tx $24 $10 $22 $3 $cf $0А
А09/25/02 15:37:34.903 J1850               BusAck $1 $60А
А09/25/02 15:37:34.940 J1850               Rx $26 $10 $62 $0 $0 $0 $0 $0 $0А
А09/25/02 15:37:35.103 J1850               Tx $24 $10 $22 $3 $cf $0А
А09/25/02 15:37:35.161 J1850               BusAck $1 $60А
А09/25/02 15:37:35.210 J1850               Rx $26 $10 $62 $0 $0 $0 $0 $0 $0А
А09/25/02 15:37:35.418 J1850               Tx $24 $10 $22 $3 $cf $0А
А09/25/02 15:37:35.454 J1850               BusAck $1 $60А
А09/25/02 15:37:35.501 J1850               Rx $26 $10 $62 $0 $0 $0 $0 $0 $0А
А09/25/02 15:37:35.696 J1850               Tx $24 $10 $22 $3 $cf $0А
А09/25/02 15:37:35.755 J1850               BusAck $1 $60А
А09/25/02 15:37:35.797 J1850               Rx $26 $10 $62 $0 $0 $0 $0 $0 $0А
А09/25/02 15:37:36.001 J1850               Tx $24 $10 $22 $3 $cf $0А
А09/25/02 15:37:36.038 J1850               BusAck $1 $60А
А09/25/02 15:37:36.076 J1850               Rx $26 $10 $62 $0 $0 $0 $0 $0 $0А
А09/25/02 15:37:36.272 J1850               Tx $24 $10 $22 $3 $cf $0А
А09/25/02 15:37:36.319 J1850               BusAck $1 $60А
А09/25/02 15:37:36.384 J1850               Rx $26 $10 $62 $0 $0 $0 $0 $0 $0А
А09/25/02 15:37:36.652 J1850               Tx $24 $10 $22 $3 $cf $0А
А09/25/02 15:37:36.679 J1850               BusAck $1 $60А
А09/25/02 15:37:36.702 J1850               Rx $26 $10 $62 $0 $0 $0 $0 $0 $0А
А09/25/02 15:37:36.948 J1850               Tx $24 $10 $22 $3 $cf $0А
А09/25/02 15:37:36.972 J1850               BusAck $1 $60А
А09/25/02 15:37:37.012 J1850               Rx $26 $10 $62 $0 $0 $0 $0 $0 $0А
А09/25/02 15:37:37.233 J1850               Tx $24 $10 $22 $3 $cf $0А
А09/25/02 15:37:37.260 J1850               BusAck $1 $60А
А09/25/02 15:37:37.287 J1850               Rx $26 $10 $62 $0 $0 $0 $0 $0 $0А
А09/25/02 15:37:37.499 J1850               Tx $24 $10 $22 $3 $cf $0А
А09/25/02 15:37:37.522 J1850               BusAck $1 $60А
А09/25/02 15:37:37.585 J1850               Rx $26 $10 $62 $0 $0 $0 $0 $0 $0А
А09/25/02 15:37:39.026 J1850               Tx $24 $10 $22 $3 $cf $0А
А09/25/02 15:37:39.048 J1850               BusAck $1 $60А
А09/25/02 15:37:39.123 J1850               Rx $26 $10 $62 $0 $0 $0 $0 $0 $0А
А09/25/02 15:37:39.343 J1850               Tx $24 $10 $22 $3 $cf $0А
А09/25/02 15:37:39.388 J1850               BusAck $1 $60А
А09/25/02 15:37:39.439 J1850               Rx $26 $10 $62 $0 $0 $0 $0 $0 $0А
А09/25/02 15:37:39.590 J1850               Tx $24 $10 $22 $3 $cf $0А
А09/25/02 15:37:39.611 J1850               BusAck $1 $60А
А09/25/02 15:37:39.690 J1850               Rx $26 $10 $62 $0 $0 $0 $0 $0 $0А
А09/25/02 15:37:39.874 J1850               Tx $24 $10 $22 $3 $cf $0А
А09/25/02 15:37:39.898 J1850               BusAck $1 $60А
А09/25/02 15:37:39.922 J1850               Rx $26 $10 $62 $0 $0 $0 $0 $0 $0А
А09/25/02 15:37:40.158 J1850               Tx $24 $10 $22 $3 $cf $0А
А09/25/02 15:37:40.182 J1850               BusAck $1 $60А
А09/25/02 15:37:40.259 J1850               Rx $26 $10 $62 $0 $0 $0 $0 $0 $0А
А09/25/02 15:37:40.476 J1850               Tx $24 $10 $22 $3 $cf $0А
А09/25/02 15:37:40.498 J1850               BusAck $1 $60А
А09/25/02 15:37:40.564 J1850               Rx $26 $10 $62 $0 $0 $0 $0 $0 $0А
А09/25/02 15:37:40.763 J1850               Tx $24 $10 $22 $3 $cf $0А
А09/25/02 15:37:40.818 J1850               BusAck $1 $60А
А09/25/02 15:37:40.886 J1850               Rx $26 $10 $62 $0 $0 $0 $0 $0 $0А
А09/25/02 15:37:41.110 J1850               Tx $24 $10 $22 $3 $cf $0А
А09/25/02 15:37:41.152 J1850               BusAck $1 $60А
А09/25/02 15:37:41.214 J1850               Rx $26 $10 $62 $0 $0 $0 $0 $0 $0А
А09/25/02 15:37:41.451 J1850               Tx $24 $10 $22 $3 $cf $0А
А09/25/02 15:37:41.492 J1850               BusAck $1 $60А
А09/25/02 15:37:41.544 J1850               Rx $26 $10 $62 $0 $0 $0 $0 $0 $0А
А09/25/02 15:37:41.698 J1850               Tx $24 $10 $22 $3 $cf $0А
А09/25/02 15:37:41.733 J1850               BusAck $1 $60А
А09/25/02 15:37:41.772 J1850               Rx $26 $10 $62 $0 $0 $0 $0 $0 $0А
А09/25/02 15:37:41.974 J1850               Tx $24 $10 $22 $3 $cf $0А
А09/25/02 15:37:42.035 J1850               BusAck $1 $60А
А09/25/02 15:37:42.092 J1850               Rx $26 $10 $62 $0 $0 $0 $0 $0 $0А
А09/25/02 15:37:42.266 J1850               Tx $24 $10 $22 $3 $cf $0А
А09/25/02 15:37:42.305 J1850               BusAck $1 $60А
А09/25/02 15:37:42.364 J1850               Rx $26 $10 $62 $0 $0 $0 $0 $0 $0А
А09/25/02 15:37:42.581 J1850               Tx $24 $10 $22 $3 $cf $0А
А09/25/02 15:37:42.607 J1850               BusAck $1 $60А
А09/25/02 15:37:42.626 J1850               Rx $26 $10 $62 $0 $0 $0 $0 $0 $0А
А09/25/02 15:37:42.832 J1850               Tx $24 $10 $22 $3 $cf $0А
А09/25/02 15:37:42.881 J1850               BusAck $1 $60А
А09/25/02 15:37:42.921 J1850               Rx $26 $10 $62 $0 $0 $0 $0 $0 $0А
А09/25/02 15:37:44.216 J1850               Tx $24 $10 $22 $1 $88 $0А
А09/25/02 15:37:44.241 J1850               BusAck $1 $60А
А09/25/02 15:37:44.269 J1850               Rx $26 $10 $62 $0 $0 $0 $0 $0 $0А
А09/25/02 15:37:44.323 J1850               Tx $24 $10 $22 $1 $88 $0А
А09/25/02 15:37:44.418 J1850               BusAck $1 $60А
А09/25/02 15:37:44.467 J1850               Rx $26 $10 $62 $0 $0 $0 $0 $0 $0А
А09/25/02 15:37:44.541 J1850               Tx $24 $10 $22 $1 $88 $0А
А09/25/02 15:37:44.616 J1850               BusAck $1 $60А
А09/25/02 15:37:44.652 J1850               Rx $26 $10 $62 $0 $0 $0 $0 $0 $0А
А09/25/02 15:37:44.703 J1850               Tx $24 $10 $22 $1 $88 $0А
А09/25/02 15:37:44.797 J1850               BusAck $1 $60А
А09/25/02 15:37:44.818 J1850               Rx $26 $10 $62 $0 $0 $0 $0 $0 $0А
А09/25/02 15:37:44.895 J1850               Tx $24 $10 $22 $1 $88 $0А
А09/25/02 15:37:44.970 J1850               BusAck $1 $60А
А09/25/02 15:37:45.021 J1850               Rx $26 $10 $62 $0 $0 $0 $0 $0 $0А
А09/25/02 15:37:45.237 J1850               Tx $24 $10 $22 $3 $bf $0А
А09/25/02 15:37:45.271 J1850               BusAck $1 $60А
А09/25/02 15:37:45.352 J1850               Rx $26 $10 $62 $83 $68 $0 $0 $0 $0А
А09/25/02 15:37:45.601 J1850               Tx $24 $10 $22 $3 $bf $0А
А09/25/02 15:37:45.634 J1850               BusAck $1 $60А
А09/25/02 15:37:45.671 J1850               Rx $26 $10 $62 $83 $68 $0 $0 $0 $0А
А09/25/02 15:37:45.855 J1850               Tx $24 $10 $22 $3 $bf $0А
А09/25/02 15:37:45.901 J1850               BusAck $1 $60А
А09/25/02 15:37:45.937 J1850               Rx $26 $10 $62 $83 $68 $0 $0 $0 $0А
А09/25/02 15:37:46.077 J1850               Tx $24 $10 $22 $3 $bf $0А
А09/25/02 15:37:46.102 J1850               BusAck $1 $60А
А09/25/02 15:37:46.172 J1850               Rx $26 $10 $62 $83 $68 $0 $0 $0 $0А
А09/25/02 15:37:46.358 J1850               Tx $24 $10 $22 $3 $bf $0А
А09/25/02 15:37:46.383 J1850               BusAck $1 $60А
А09/25/02 15:37:46.449 J1850               Rx $26 $10 $62 $83 $68 $0 $0 $0 $0А
А09/25/02 15:37:46.635 J1850               Tx $24 $10 $22 $3 $bf $0А
А09/25/02 15:37:46.667 J1850               BusAck $1 $60А
А09/25/02 15:37:46.689 J1850               Rx $26 $10 $62 $83 $68 $0 $0 $0 $0А
А09/25/02 15:37:46.889 J1850               Tx $24 $10 $22 $3 $bf $0А
А09/25/02 15:37:46.921 J1850               BusAck $1 $60А
А09/25/02 15:37:46.973 J1850               Rx $26 $10 $62 $83 $68 $0 $0 $0 $0А
А09/25/02 15:37:47.123 J1850               Tx $24 $10 $22 $3 $bf $0А
А09/25/02 15:37:47.145 J1850               BusAck $1 $60А
А09/25/02 15:37:47.177 J1850               Rx $26 $10 $62 $83 $68 $0 $0 $0 $0А
А09/25/02 15:37:47.355 J1850               Tx $24 $10 $22 $3 $bf $0А
А09/25/02 15:37:47.405 J1850               BusAck $1 $60А
А09/25/02 15:37:47.444 J1850               Rx $26 $10 $62 $83 $68 $0 $0 $0 $0А
А09/25/02 15:37:47.585 J1850               Tx $24 $10 $22 $3 $bf $0А
А09/25/02 15:37:47.638 J1850               BusAck $1 $60А
А09/25/02 15:37:47.685 J1850               Rx $26 $10 $62 $83 $68 $0 $0 $0 $0А
А09/25/02 15:37:47.875 J1850               Tx $24 $10 $22 $3 $bf $0А
А09/25/02 15:37:47.904 J1850               BusAck $1 $60А
А09/25/02 15:37:47.951 J1850               Rx $26 $10 $62 $83 $68 $0 $0 $0 $0А
А09/25/02 15:37:48.947 J1850               Tx $24 $10 $22 $3 $bf $0А
А09/25/02 15:37:48.969 J1850               BusAck $1 $60А
А09/25/02 15:37:49.034 J1850               Rx $26 $10 $62 $83 $68 $0 $0 $0 $0А
А09/25/02 15:37:49.196 J1850               Tx $24 $10 $22 $3 $bf $0А
А09/25/02 15:37:49.223 J1850               BusAck $1 $60А
А09/25/02 15:37:49.295 J1850               Rx $26 $10 $62 $83 $68 $0 $0 $0 $0А
А09/25/02 15:37:49.432 J1850               Tx $24 $10 $22 $3 $bf $0А
А09/25/02 15:37:49.461 J1850               BusAck $1 $60А
А09/25/02 15:37:49.517 J1850               Rx $26 $10 $62 $83 $68 $0 $0 $0 $0А
А09/25/02 15:37:49.675 J1850               Tx $24 $10 $22 $3 $bf $0А
А09/25/02 15:37:49.714 J1850               BusAck $1 $60А
А09/25/02 15:37:49.746 J1850               Rx $26 $10 $62 $83 $68 $0 $0 $0 $0А
А09/25/02 15:37:49.914 J1850               Tx $24 $10 $22 $3 $bf $0А
А09/25/02 15:37:49.941 J1850               BusAck $1 $60А
А09/25/02 15:37:49.982 J1850               Rx $26 $10 $62 $83 $68 $0 $0 $0 $0А
А09/25/02 15:37:50.182 J1850               Tx $24 $10 $22 $3 $bf $0А
А09/25/02 15:37:50.213 J1850               BusAck $1 $60А
А09/25/02 15:37:50.234 J1850               Rx $26 $10 $62 $83 $68 $0 $0 $0 $0А
А09/25/02 15:37:50.373 J1850               Tx $24 $10 $22 $3 $bf $0А
А09/25/02 15:37:50.432 J1850               BusAck $1 $60А
А09/25/02 15:37:50.473 J1850               Rx $26 $10 $62 $83 $68 $0 $0 $0 $0А
А09/25/02 15:37:50.665 J1850               Tx $24 $10 $22 $3 $bf $0А
А09/25/02 15:37:50.710 J1850               BusAck $1 $60А
А09/25/02 15:37:50.776 J1850               Rx $26 $10 $62 $83 $68 $0 $0 $0 $0А
А09/25/02 15:37:50.946 J1850               Tx $24 $10 $22 $3 $bf $0А
А09/25/02 15:37:50.999 J1850               BusAck $1 $60А
А09/25/02 15:37:51.054 J1850               Rx $26 $10 $62 $83 $68 $0 $0 $0 $0А
А09/25/02 15:37:51.249 J1850               Tx $24 $10 $22 $3 $bf $0А
А09/25/02 15:37:51.294 J1850               BusAck $1 $60А
А09/25/02 15:37:51.342 J1850               Rx $26 $10 $62 $83 $68 $0 $0 $0 $0А
А09/25/02 15:37:51.531 J1850               Tx $24 $10 $22 $3 $bf $0А
А09/25/02 15:37:51.592 J1850               BusAck $1 $60А
А09/25/02 15:37:51.649 J1850               Rx $26 $10 $62 $83 $68 $0 $0 $0 $0А
А09/25/02 15:37:51.842 J1850               Tx $24 $10 $22 $3 $bf $0А
А09/25/02 15:37:51.912 J1850               BusAck $1 $60А
А09/25/02 15:37:51.941 J1850               Rx $26 $10 $62 $83 $68 $0 $0 $0 $0А
А09/25/02 15:37:52.102 J1850               Tx $24 $10 $22 $3 $bf $0А
А09/25/02 15:37:52.124 J1850               BusAck $1 $60А
А09/25/02 15:37:52.192 J1850               Rx $26 $10 $62 $83 $68 $0 $0 $0 $0А
А09/25/02 15:37:52.393 J1850               Tx $24 $10 $22 $3 $bf $0А
А09/25/02 15:37:52.422 J1850               BusAck $1 $60А
А09/25/02 15:37:52.449 J1850               Rx $26 $10 $62 $83 $68 $0 $0 $0 $0А
А09/25/02 15:37:53.539 J1850               Tx $24 $10 $22 $3 $bf $0А
А09/25/02 15:37:53.590 J1850               BusAck $1 $60А
А09/25/02 15:37:53.652 J1850               Rx $26 $10 $62 $83 $68 $0 $0 $0 $0А
А09/25/02 15:37:53.808 J1850               Tx $24 $10 $22 $3 $bf $0А
А09/25/02 15:37:53.835 J1850               BusAck $1 $60А
А09/25/02 15:37:53.908 J1850               Rx $26 $10 $62 $83 $68 $0 $0 $0 $0А
А09/25/02 15:37:54.128 J1850               Tx $24 $10 $22 $3 $bf $0А
А09/25/02 15:37:54.172 J1850               BusAck $1 $60А
А09/25/02 15:37:54.235 J1850               Rx $26 $10 $62 $83 $68 $0 $0 $0 $0А
А09/25/02 15:37:54.396 J1850               Tx $24 $10 $22 $3 $bf $0А
А09/25/02 15:37:54.452 J1850               BusAck $1 $60А
А09/25/02 15:37:54.502 J1850               Rx $26 $10 $62 $83 $68 $0 $0 $0 $0А
А09/25/02 15:37:54.697 J1850               Tx $24 $10 $22 $3 $bf $0А
А09/25/02 15:37:54.741 J1850               BusAck $1 $60А
А09/25/02 15:37:54.805 J1850               Rx $26 $10 $62 $83 $68 $0 $0 $0 $0А
А09/25/02 15:37:55.016 J1850               Tx $24 $10 $22 $3 $bf $0А
А09/25/02 15:37:55.048 J1850               BusAck $1 $60А
А09/25/02 15:37:55.083 J1850               Rx $26 $10 $62 $83 $68 $0 $0 $0 $0А
А09/25/02 15:37:55.230 J1850               Tx $24 $10 $22 $3 $bf $0А
А09/25/02 15:37:55.267 J1850               BusAck $1 $60А
А09/25/02 15:37:55.332 J1850               Rx $26 $10 $62 $83 $68 $0 $0 $0 $0А
А09/25/02 15:37:55.509 J1850               Tx $24 $10 $22 $3 $bf $0А
А09/25/02 15:37:55.533 J1850               BusAck $1 $60А
А09/25/02 15:37:55.565 J1850               Rx $26 $10 $62 $83 $68 $0 $0 $0 $0А
А09/25/02 15:37:55.749 J1850               Tx $24 $10 $22 $3 $bf $0А
А09/25/02 15:37:55.783 J1850               BusAck $1 $60А
А09/25/02 15:37:55.844 J1850               Rx $26 $10 $62 $83 $68 $0 $0 $0 $0А
А09/25/02 15:37:55.986 J1850               Tx $24 $10 $22 $3 $bf $0А
А09/25/02 15:37:56.014 J1850               BusAck $1 $60А
А09/25/02 15:37:56.062 J1850               Rx $26 $10 $62 $83 $68 $0 $0 $0 $0А
А09/25/02 15:37:56.258 J1850               Tx $24 $10 $22 $3 $bf $0А
А09/25/02 15:37:56.294 J1850               BusAck $1 $60А
А09/25/02 15:37:56.338 J1850               Rx $26 $10 $62 $83 $68 $0 $0 $0 $0А
А09/25/02 15:37:56.482 J1850               Tx $24 $10 $22 $3 $bf $0А
А09/25/02 15:37:56.518 J1850               BusAck $1 $60А
А09/25/02 15:37:56.565 J1850               Rx $26 $10 $62 $83 $68 $0 $0 $0 $0А
А09/25/02 15:37:56.765 J1850               Tx $24 $10 $22 $3 $bf $0А
А09/25/02 15:37:56.797 J1850               BusAck $1 $60А
А09/25/02 15:37:56.839 J1850               Rx $26 $10 $62 $83 $68 $0 $0 $0 $0А
А09/25/02 15:37:57.048 J1850               Tx $24 $10 $22 $3 $bf $0А
А09/25/02 15:37:57.079 J1850               BusAck $1 $60А
А09/25/02 15:37:57.117 J1850               Rx $26 $10 $62 $83 $68 $0 $0 $0 $0А
А09/25/02 15:37:57.285 J1850               Tx $24 $10 $22 $3 $bf $0А
А09/25/02 15:37:57.318 J1850               BusAck $1 $60А
А09/25/02 15:37:57.378 J1850               Rx $26 $10 $62 $83 $68 $0 $0 $0 $0А
А09/25/02 15:37:57.528 J1850               Tx $24 $10 $22 $3 $bf $0А
А09/25/02 15:37:57.577 J1850               BusAck $1 $60А
А09/25/02 15:37:57.631 J1850               Rx $26 $10 $62 $83 $68 $0 $0 $0 $0А
А09/25/02 15:37:58.705 J1850               Tx $24 $10 $22 $3 $bf $0А
А09/25/02 15:37:58.754 J1850               BusAck $1 $60А
А09/25/02 15:37:58.804 J1850               Rx $26 $10 $62 $83 $68 $0 $0 $0 $0А
А09/25/02 15:37:59.009 J1850               Tx $24 $10 $22 $3 $bf $0А
А09/25/02 15:37:59.039 J1850               BusAck $1 $60А
А09/25/02 15:37:59.082 J1850               Rx $26 $10 $62 $83 $68 $0 $0 $0 $0А
А09/25/02 15:37:59.282 J1850               Tx $24 $10 $22 $3 $bf $0А
А09/25/02 15:37:59.319 J1850               BusAck $1 $60А
А09/25/02 15:37:59.358 J1850               Rx $26 $10 $62 $83 $68 $0 $0 $0 $0А
А09/25/02 15:37:59.505 J1850               Tx $24 $10 $22 $3 $bf $0А
А09/25/02 15:37:59.556 J1850               BusAck $1 $60А
А09/25/02 15:37:59.600 J1850               Rx $26 $10 $62 $83 $68 $0 $0 $0 $0А
А09/25/02 15:37:59.776 J1850               Tx $24 $10 $22 $3 $bf $0А
А09/25/02 15:37:59.807 J1850               BusAck $1 $60А
А09/25/02 15:37:59.871 J1850               Rx $26 $10 $62 $83 $68 $0 $0 $0 $0А
А09/25/02 15:38:00.166 J1850               Tx $24 $10 $22 $3 $bf $0А
А09/25/02 15:38:00.196 J1850               BusAck $1 $60А
А09/25/02 15:38:00.219 J1850               Rx $26 $10 $62 $83 $68 $0 $0 $0 $0А
А09/25/02 15:38:00.422 J1850               Tx $24 $10 $22 $3 $bf $0А
А09/25/02 15:38:00.452 J1850               BusAck $1 $60А
А09/25/02 15:38:00.506 J1850               Rx $26 $10 $62 $83 $68 $0 $0 $0 $0А
А09/25/02 15:38:01.002 J1850               Tx $24 $10 $22 $3 $bf $0А
А09/25/02 15:38:01.026 J1850               BusAck $1 $60А
А09/25/02 15:38:01.072 J1850               Rx $26 $10 $62 $83 $68 $0 $0 $0 $0А
А09/25/02 15:38:01.277 J1850               Tx $24 $10 $22 $3 $bf $0А
А09/25/02 15:38:01.311 J1850               BusAck $1 $60А
А09/25/02 15:38:01.370 J1850               Rx $26 $10 $62 $83 $68 $0 $0 $0 $0А
А09/25/02 15:38:01.561 J1850               Tx $24 $10 $22 $3 $bf $0А
А09/25/02 15:38:01.586 J1850               BusAck $1 $60А
А09/25/02 15:38:01.620 J1850               Rx $26 $10 $62 $83 $68 $0 $0 $0 $0А
А09/25/02 15:38:01.811 J1850               Tx $24 $10 $22 $3 $bf $0А
А09/25/02 15:38:01.854 J1850               BusAck $1 $60А
А09/25/02 15:38:01.890 J1850               Rx $26 $10 $62 $83 $68 $0 $0 $0 $0А
А09/25/02 15:38:02.295 J1850               Tx $24 $10 $22 $3 $bf $0А
А09/25/02 15:38:02.335 J1850               BusAck $1 $60А
А09/25/02 15:38:02.398 J1850               Rx $26 $10 $62 $83 $68 $0 $0 $0 $0А
А09/25/02 15:38:02.581 J1850               Tx $24 $10 $22 $3 $bf $0А
А09/25/02 15:38:02.610 J1850               BusAck $1 $60А
А09/25/02 15:38:02.676 J1850               Rx $26 $10 $62 $83 $68 $0 $0 $0 $0А
А09/25/02 15:38:02.855 J1850               Tx $24 $10 $22 $3 $bf $0А
А09/25/02 15:38:02.895 J1850               BusAck $1 $60А
А09/25/02 15:38:02.955 J1850               Rx $26 $10 $62 $83 $68 $0 $0 $0 $0А
А09/25/02 15:38:04.401 J1850               Tx $24 $10 $22 $3 $bf $0А
А09/25/02 15:38:04.429 J1850               BusAck $1 $60А
А09/25/02 15:38:04.496 J1850               Rx $26 $10 $62 $83 $68 $0 $0 $0 $0А
А09/25/02 15:38:04.630 J1850               Tx $24 $10 $22 $3 $bf $0А
А09/25/02 15:38:04.658 J1850               BusAck $1 $60А
А09/25/02 15:38:04.697 J1850               Rx $26 $10 $62 $83 $68 $0 $0 $0 $0А
А09/25/02 15:38:04.896 J1850               Tx $24 $10 $22 $3 $bf $0А
А09/25/02 15:38:04.923 J1850               BusAck $1 $60А
А09/25/02 15:38:04.974 J1850               Rx $26 $10 $62 $83 $68 $0 $0 $0 $0А
А09/25/02 15:38:05.148 J1850               Tx $24 $10 $22 $3 $bf $0А
А09/25/02 15:38:05.191 J1850               BusAck $1 $60А
А09/25/02 15:38:05.231 J1850               Rx $26 $10 $62 $83 $68 $0 $0 $0 $0А
А09/25/02 15:38:05.403 J1850               Tx $24 $10 $22 $3 $bf $0А
А09/25/02 15:38:05.441 J1850               BusAck $1 $60А
А09/25/02 15:38:05.465 J1850               Rx $26 $10 $62 $83 $68 $0 $0 $0 $0А
А09/25/02 15:38:06.030 J1850               Tx $24 $10 $22 $3 $bf $0А
А09/25/02 15:38:06.064 J1850               BusAck $1 $60А
А09/25/02 15:38:06.121 J1850               Rx $26 $10 $62 $83 $68 $0 $0 $0 $0А
А09/25/02 15:38:06.284 J1850               Tx $24 $10 $22 $3 $bf $0А
А09/25/02 15:38:06.314 J1850               BusAck $1 $60А
А09/25/02 15:38:06.352 J1850               Rx $26 $10 $62 $83 $68 $0 $0 $0 $0А
А09/25/02 15:38:06.551 J1850               Tx $24 $10 $22 $3 $bf $0А
А09/25/02 15:38:06.591 J1850               BusAck $1 $60А
А09/25/02 15:38:06.671 J1850               Rx $26 $10 $62 $83 $68 $0 $0 $0 $0А
А09/25/02 15:38:06.903 J1850               Tx $24 $10 $22 $3 $bf $0А
А09/25/02 15:38:06.941 J1850               BusAck $1 $60А
А09/25/02 15:38:06.981 J1850               Rx $26 $10 $62 $83 $68 $0 $0 $0 $0А
А09/25/02 15:38:07.145 J1850               Tx $24 $10 $22 $3 $bf $0А
А09/25/02 15:38:07.184 J1850               BusAck $1 $60А
А09/25/02 15:38:07.224 J1850               Rx $26 $10 $62 $83 $68 $0 $0 $0 $0А
А09/25/02 15:38:07.575 J1850               Tx $24 $10 $22 $3 $bf $0А
А09/25/02 15:38:07.596 J1850               BusAck $1 $60А
А09/25/02 15:38:07.667 J1850               Rx $26 $10 $62 $83 $68 $0 $0 $0 $0А
А09/25/02 15:38:07.839 J1850               Tx $24 $10 $22 $3 $bf $0А
А09/25/02 15:38:07.877 J1850               BusAck $1 $60А
А09/25/02 15:38:07.927 J1850               Rx $26 $10 $62 $83 $68 $0 $0 $0 $0А
А09/25/02 15:38:08.386 J1850               Tx $24 $10 $22 $3 $bf $0А
А09/25/02 15:38:08.409 J1850               BusAck $1 $60А
А09/25/02 15:38:08.461 J1850               Rx $26 $10 $62 $83 $68 $0 $0 $0 $0А
А09/25/02 15:38:08.676 J1850               Tx $24 $10 $22 $3 $bf $0А
А09/25/02 15:38:08.700 J1850               BusAck $1 $60А
А09/25/02 15:38:08.746 J1850               Rx $26 $10 $62 $83 $68 $0 $0 $0 $0А
А09/25/02 15:38:08.945 J1850               Tx $24 $10 $22 $3 $bf $0А
А09/25/02 15:38:08.976 J1850               BusAck $1 $60А
А09/25/02 15:38:09.032 J1850               Rx $26 $10 $62 $83 $68 $0 $0 $0 $0А
А09/25/02 15:38:10.776 J1850               Tx $24 $10 $22 $3 $bf $0А
А09/25/02 15:38:10.809 J1850               BusAck $1 $60А
А09/25/02 15:38:10.865 J1850               Rx $26 $10 $62 $83 $68 $0 $0 $0 $0А
А09/25/02 15:38:11.039 J1850               Tx $24 $10 $22 $3 $bf $0А
А09/25/02 15:38:11.072 J1850               BusAck $1 $60А
А09/25/02 15:38:11.120 J1850               Rx $26 $10 $62 $83 $68 $0 $0 $0 $0А
А09/25/02 15:38:11.258 J1850               Tx $24 $10 $22 $3 $bf $0А
А09/25/02 15:38:11.293 J1850               BusAck $1 $60А
А09/25/02 15:38:11.336 J1850               Rx $26 $10 $62 $83 $68 $0 $0 $0 $0А
А09/25/02 15:38:11.944 J1850               Tx $24 $10 $22 $3 $bf $0А
А09/25/02 15:38:11.987 J1850               BusAck $1 $60А
А09/25/02 15:38:12.026 J1850               Rx $26 $10 $62 $83 $68 $0 $0 $0 $0А
А09/25/02 15:38:12.178 J1850               Tx $24 $10 $22 $3 $bf $0А
А09/25/02 15:38:12.218 J1850               BusAck $1 $60А
А09/25/02 15:38:12.268 J1850               Rx $26 $10 $62 $83 $68 $0 $0 $0 $0А
А09/25/02 15:38:12.444 J1850               Tx $24 $10 $22 $3 $bf $0А
А09/25/02 15:38:12.470 J1850               BusAck $1 $60А
А09/25/02 15:38:12.516 J1850               Rx $26 $10 $62 $83 $68 $0 $0 $0 $0А
А09/25/02 15:38:12.849 J1850               Tx $24 $10 $22 $3 $bf $0А
А09/25/02 15:38:12.901 J1850               BusAck $1 $60А
А09/25/02 15:38:12.946 J1850               Rx $26 $10 $62 $83 $68 $0 $0 $0 $0А
А09/25/02 15:38:13.319 J1850               Tx $24 $10 $22 $3 $bf $0А
А09/25/02 15:38:13.357 J1850               BusAck $1 $60А
А09/25/02 15:38:13.397 J1850               Rx $26 $10 $62 $83 $68 $0 $0 $0 $0А
А09/25/02 15:38:13.606 J1850               Tx $24 $10 $22 $3 $bf $0А
А09/25/02 15:38:13.629 J1850               BusAck $1 $60А
А09/25/02 15:38:13.669 J1850               Rx $26 $10 $62 $83 $68 $0 $0 $0 $0А
А09/25/02 15:38:14.018 J1850               Tx $24 $10 $22 $3 $bf $0А
А09/25/02 15:38:14.056 J1850               BusAck $1 $60А
А09/25/02 15:38:14.101 J1850               Rx $26 $10 $62 $83 $68 $0 $0 $0 $0А
А09/25/02 15:38:14.321 J1850               Tx $24 $10 $22 $3 $bf $0А
А09/25/02 15:38:14.361 J1850               BusAck $1 $60А
А09/25/02 15:38:14.426 J1850               Rx $26 $10 $62 $83 $68 $0 $0 $0 $0А
А09/25/02 15:38:14.818 J1850               Tx $24 $10 $22 $3 $bf $0А
А09/25/02 15:38:14.872 J1850               BusAck $1 $60А
А09/25/02 15:38:14.916 J1850               Rx $26 $10 $62 $83 $68 $0 $0 $0 $0А
А09/25/02 15:38:15.112 J1850               Tx $24 $10 $22 $3 $bf $0А
А09/25/02 15:38:15.161 J1850               BusAck $1 $60А
А09/25/02 15:38:15.220 J1850               Rx $26 $10 $62 $83 $68 $0 $0 $0 $0А
А09/25/02 15:38:16.601 J1850               Tx $24 $10 $22 $3 $cf $0А
А09/25/02 15:38:16.635 J1850               BusAck $1 $60А
А09/25/02 15:38:16.693 J1850               Rx $26 $10 $62 $0 $0 $0 $0 $0 $0А
А09/25/02 15:38:16.881 J1850               Tx $24 $10 $22 $3 $cf $0А
А09/25/02 15:38:16.909 J1850               BusAck $1 $60А
А09/25/02 15:38:16.946 J1850               Rx $26 $10 $62 $0 $0 $0 $0 $0 $0А
А09/25/02 15:38:17.143 J1850               Tx $24 $10 $22 $3 $cf $0А
А09/25/02 15:38:17.182 J1850               BusAck $1 $60А
А09/25/02 15:38:17.209 J1850               Rx $26 $10 $62 $0 $0 $0 $0 $0 $0А
А09/25/02 15:38:17.693 J1850               Tx $24 $10 $22 $3 $cf $0А
А09/25/02 15:38:17.725 J1850               BusAck $1 $60А
А09/25/02 15:38:17.779 J1850               Rx $26 $10 $62 $0 $0 $0 $0 $0 $0А
А09/25/02 15:38:17.950 J1850               Tx $24 $10 $22 $3 $cf $0А
А09/25/02 15:38:17.998 J1850               BusAck $1 $60А
А09/25/02 15:38:18.042 J1850               Rx $26 $10 $62 $0 $0 $0 $0 $0 $0А
А09/25/02 15:38:18.389 J1850               Tx $24 $10 $22 $3 $cf $0А
А09/25/02 15:38:18.413 J1850               BusAck $1 $60А
А09/25/02 15:38:18.481 J1850               Rx $26 $10 $62 $0 $0 $0 $0 $0 $0А
А09/25/02 15:38:18.647 J1850               Tx $24 $10 $22 $3 $cf $0А
А09/25/02 15:38:18.689 J1850               BusAck $1 $60А
А09/25/02 15:38:18.725 J1850               Rx $26 $10 $62 $0 $0 $0 $0 $0 $0А
А09/25/02 15:38:19.046 J1850               Tx $24 $10 $22 $3 $cf $0А
А09/25/02 15:38:19.077 J1850               BusAck $1 $60А
А09/25/02 15:38:19.118 J1850               Rx $26 $10 $62 $0 $0 $0 $0 $0 $0А
А09/25/02 15:38:19.287 J1850               Tx $24 $10 $22 $3 $cf $0А
А09/25/02 15:38:19.307 J1850               BusAck $1 $60А
А09/25/02 15:38:19.386 J1850               Rx $26 $10 $62 $0 $0 $0 $0 $0 $0А
А09/25/02 15:38:19.914 J1850               Tx $24 $10 $22 $3 $cf $0А
А09/25/02 15:38:19.953 J1850               BusAck $1 $60А
А09/25/02 15:38:20.002 J1850               Rx $26 $10 $62 $0 $0 $0 $0 $0 $0А
А09/25/02 15:38:20.162 J1850               Tx $24 $10 $22 $3 $cf $0А
А09/25/02 15:38:20.223 J1850               BusAck $1 $60А
А09/25/02 15:38:20.267 J1850               Rx $26 $10 $62 $0 $0 $0 $0 $0 $0А
А09/25/02 15:38:20.604 J1850               Tx $24 $10 $22 $3 $cf $0А
А09/25/02 15:38:20.648 J1850               BusAck $1 $60А
А09/25/02 15:38:20.692 J1850               Rx $26 $10 $62 $0 $0 $0 $0 $0 $0А
А09/25/02 15:38:20.899 J1850               Tx $24 $10 $22 $3 $cf $0А
А09/25/02 15:38:20.927 J1850               BusAck $1 $60А
А09/25/02 15:38:20.980 J1850               Rx $26 $10 $62 $0 $0 $0 $0 $0 $0А
А09/25/02 15:38:21.157 J1850               Tx $24 $10 $22 $3 $cf $0А
А09/25/02 15:38:21.183 J1850               BusAck $1 $60А
А09/25/02 15:38:21.199 J1850               Rx $26 $10 $62 $0 $0 $0 $0 $0 $0А
А09/25/02 15:38:22.557 J1850               Tx $24 $10 $22 $3 $cf $0А
А09/25/02 15:38:22.591 J1850               BusAck $1 $60А
А09/25/02 15:38:22.624 J1850               Rx $26 $10 $62 $0 $0 $0 $0 $0 $0А
А09/25/02 15:38:22.825 J1850               Tx $24 $10 $22 $3 $cf $0А
А09/25/02 15:38:22.857 J1850               BusAck $1 $60А
А09/25/02 15:38:22.904 J1850               Rx $26 $10 $62 $0 $0 $0 $0 $0 $0А
А09/25/02 15:38:23.414 J1850               Tx $24 $10 $22 $3 $cf $0А
А09/25/02 15:38:23.449 J1850               BusAck $1 $60А
А09/25/02 15:38:23.523 J1850               Rx $26 $10 $62 $0 $0 $0 $0 $0 $0А
А09/25/02 15:38:23.673 J1850               Tx $24 $10 $22 $3 $cf $0А
А09/25/02 15:38:23.699 J1850               BusAck $1 $60А
А09/25/02 15:38:23.747 J1850               Rx $26 $10 $62 $0 $0 $0 $0 $0 $0А
А09/25/02 15:38:23.934 J1850               Tx $24 $10 $22 $3 $cf $0А
А09/25/02 15:38:23.978 J1850               BusAck $1 $60А
А09/25/02 15:38:24.018 J1850               Rx $26 $10 $62 $0 $0 $0 $0 $0 $0А
А09/25/02 15:38:24.153 J1850               Tx $24 $10 $22 $3 $cf $0А
А09/25/02 15:38:24.172 J1850               BusAck $1 $60А
А09/25/02 15:38:24.224 J1850               Rx $26 $10 $62 $0 $0 $0 $0 $0 $0А
А09/25/02 15:38:24.512 J1850               Tx $24 $10 $22 $3 $cf $0А
А09/25/02 15:38:24.557 J1850               BusAck $1 $60А
А09/25/02 15:38:24.618 J1850               Rx $26 $10 $62 $0 $0 $0 $0 $0 $0А
А09/25/02 15:38:25.077 J1850               Tx $24 $10 $22 $3 $cf $0А
А09/25/02 15:38:25.114 J1850               BusAck $1 $60А
А09/25/02 15:38:25.183 J1850               Rx $26 $10 $62 $0 $0 $0 $0 $0 $0А
А09/25/02 15:38:25.369 J1850               Tx $24 $10 $22 $3 $cf $0А
А09/25/02 15:38:25.402 J1850               BusAck $1 $60А
А09/25/02 15:38:25.463 J1850               Rx $26 $10 $62 $0 $0 $0 $0 $0 $0А
А09/25/02 15:38:25.629 J1850               Tx $24 $10 $22 $3 $cf $0А
А09/25/02 15:38:25.663 J1850               BusAck $1 $60А
А09/25/02 15:38:25.738 J1850               Rx $26 $10 $62 $0 $0 $0 $0 $0 $0А
А09/25/02 15:38:26.058 J1850               Tx $24 $10 $22 $3 $cf $0А
А09/25/02 15:38:26.079 J1850               BusAck $1 $60А
А09/25/02 15:38:26.109 J1850               Rx $26 $10 $62 $0 $0 $0 $0 $0 $0А
А09/25/02 15:38:26.292 J1850               Tx $24 $10 $22 $3 $cf $0А
А09/25/02 15:38:26.323 J1850               BusAck $1 $60А
А09/25/02 15:38:26.401 J1850               Rx $26 $10 $62 $0 $0 $0 $0 $0 $0А
А09/25/02 15:38:26.778 J1850               Tx $24 $10 $22 $3 $cf $0А
А09/25/02 15:38:26.801 J1850               BusAck $1 $60А
А09/25/02 15:38:26.874 J1850               Rx $26 $10 $62 $0 $0 $0 $0 $0 $0А
А09/25/02 15:38:27.066 J1850               Tx $24 $10 $22 $3 $cf $0А
А09/25/02 15:38:27.091 J1850               BusAck $1 $60А
А09/25/02 15:38:27.149 J1850               Rx $26 $10 $62 $0 $0 $0 $0 $0 $0А
А09/25/02 15:38:28.668 J1850               Tx $24 $10 $22 $3 $cf $0А
А09/25/02 15:38:28.705 J1850               BusAck $1 $60А
А09/25/02 15:38:28.778 J1850               Rx $26 $10 $62 $0 $0 $0 $0 $0 $0А
А09/25/02 15:38:28.954 J1850               Tx $24 $10 $22 $3 $cf $0А
А09/25/02 15:38:28.983 J1850               BusAck $1 $60А
А09/25/02 15:38:29.046 J1850               Rx $26 $10 $62 $0 $0 $0 $0 $0 $0А
А09/25/02 15:38:29.250 J1850               Tx $24 $10 $22 $3 $cf $0А
А09/25/02 15:38:29.287 J1850               BusAck $1 $60А
А09/25/02 15:38:29.346 J1850               Rx $26 $10 $62 $0 $0 $0 $0 $0 $0А
А09/25/02 15:38:29.558 J1850               Tx $24 $10 $22 $3 $cf $0А
А09/25/02 15:38:29.586 J1850               BusAck $1 $60А
А09/25/02 15:38:29.649 J1850               Rx $26 $10 $62 $0 $0 $0 $0 $0 $0А
А09/25/02 15:38:30.253 J1850               Tx $24 $10 $22 $3 $cf $0А
А09/25/02 15:38:30.285 J1850               BusAck $1 $60А
А09/25/02 15:38:30.325 J1850               Rx $26 $10 $62 $0 $0 $0 $0 $0 $0А
А09/25/02 15:38:30.508 J1850               Tx $24 $10 $22 $3 $cf $0А
А09/25/02 15:38:30.542 J1850               BusAck $1 $60А
А09/25/02 15:38:30.562 J1850               Rx $26 $10 $62 $0 $0 $0 $0 $0 $0А
А09/25/02 15:38:30.693 J1850               Tx $24 $10 $22 $3 $cf $0А
А09/25/02 15:38:30.745 J1850               BusAck $1 $60А
А09/25/02 15:38:30.789 J1850               Rx $26 $10 $62 $0 $0 $0 $0 $0 $0А
А09/25/02 15:38:30.968 J1850               Tx $24 $10 $22 $3 $cf $0А
А09/25/02 15:38:30.992 J1850               BusAck $1 $60А
А09/25/02 15:38:31.070 J1850               Rx $26 $10 $62 $0 $0 $0 $0 $0 $0А
А09/25/02 15:38:31.235 J1850               Tx $24 $10 $22 $3 $cf $0А
А09/25/02 15:38:31.267 J1850               BusAck $1 $60А
А09/25/02 15:38:31.286 J1850               Rx $26 $10 $62 $0 $0 $0 $0 $0 $0А
А09/25/02 15:38:31.493 J1850               Tx $24 $10 $22 $3 $cf $0А
А09/25/02 15:38:31.515 J1850               BusAck $1 $60А
А09/25/02 15:38:31.571 J1850               Rx $26 $10 $62 $0 $0 $0 $0 $0 $0А
А09/25/02 15:38:31.771 J1850               Tx $24 $10 $22 $3 $cf $0А
А09/25/02 15:38:31.806 J1850               BusAck $1 $60А
А09/25/02 15:38:31.837 J1850               Rx $26 $10 $62 $0 $0 $0 $0 $0 $0А
А09/25/02 15:38:32.041 J1850               Tx $24 $10 $22 $3 $cf $0А
А09/25/02 15:38:32.067 J1850               BusAck $1 $60А
А09/25/02 15:38:32.098 J1850               Rx $26 $10 $62 $0 $0 $0 $0 $0 $0А
А09/25/02 15:38:32.264 J1850               Tx $24 $10 $22 $3 $cf $0А
А09/25/02 15:38:32.294 J1850               BusAck $1 $60А
А09/25/02 15:38:32.336 J1850               Rx $26 $10 $62 $0 $0 $0 $0 $0 $0А
А09/25/02 15:38:32.505 J1850               Tx $24 $10 $22 $3 $cf $0А
А09/25/02 15:38:32.540 J1850               BusAck $1 $60А
А09/25/02 15:38:32.564 J1850               Rx $26 $10 $62 $0 $0 $0 $0 $0 $0А
А09/25/02 15:38:32.764 J1850               Tx $24 $10 $22 $3 $cf $0А
А09/25/02 15:38:32.803 J1850               BusAck $1 $60А
А09/25/02 15:38:32.837 J1850               Rx $26 $10 $62 $0 $0 $0 $0 $0 $0А
А09/25/02 15:38:34.088 J1850               Tx $24 $10 $22 $3 $cf $0А
А09/25/02 15:38:34.122 J1850               BusAck $1 $60А
А09/25/02 15:38:34.163 J1850               Rx $26 $10 $62 $0 $0 $0 $0 $0 $0А
А09/25/02 15:38:34.342 J1850               Tx $24 $10 $22 $3 $cf $0А
А09/25/02 15:38:34.389 J1850               BusAck $1 $60А
А09/25/02 15:38:34.412 J1850               Rx $26 $10 $62 $0 $0 $0 $0 $0 $0А
А09/25/02 15:38:34.946 J1850               Tx $24 $10 $22 $3 $cf $0А
А09/25/02 15:38:34.982 J1850               BusAck $1 $60А
А09/25/02 15:38:35.018 J1850               Rx $26 $10 $62 $0 $0 $0 $0 $0 $0А
А09/25/02 15:38:35.152 J1850               Tx $24 $10 $22 $3 $cf $0А
А09/25/02 15:38:35.214 J1850               BusAck $1 $60А
А09/25/02 15:38:35.273 J1850               Rx $26 $10 $62 $0 $0 $0 $0 $0 $0А
А09/25/02 15:38:35.415 J1850               Tx $24 $10 $22 $3 $cf $0А
А09/25/02 15:38:35.436 J1850               BusAck $1 $60А
А09/25/02 15:38:35.514 J1850               Rx $26 $10 $62 $0 $0 $0 $0 $0 $0А
А09/25/02 15:38:35.740 J1850               Tx $24 $10 $22 $3 $cf $0А
А09/25/02 15:38:35.784 J1850               BusAck $1 $60А
А09/25/02 15:38:35.845 J1850               Rx $26 $10 $62 $0 $0 $0 $0 $0 $0А
А09/25/02 15:38:36.009 J1850               Tx $24 $10 $22 $3 $cf $0А
А09/25/02 15:38:36.052 J1850               BusAck $1 $60А
А09/25/02 15:38:36.093 J1850               Rx $26 $10 $62 $0 $0 $0 $0 $0 $0А
А09/25/02 15:38:36.670 J1850               Tx $24 $10 $22 $3 $cf $0А
А09/25/02 15:38:36.692 J1850               BusAck $1 $60А
А09/25/02 15:38:36.737 J1850               Rx $26 $10 $62 $0 $0 $0 $0 $0 $0А
А09/25/02 15:38:36.911 J1850               Tx $24 $10 $22 $3 $cf $0А
А09/25/02 15:38:36.939 J1850               BusAck $1 $60А
А09/25/02 15:38:36.991 J1850               Rx $26 $10 $62 $0 $0 $0 $0 $0 $0А
А09/25/02 15:38:37.151 J1850               Tx $24 $10 $22 $3 $cf $0А
А09/25/02 15:38:37.192 J1850               BusAck $1 $60А
А09/25/02 15:38:37.237 J1850               Rx $26 $10 $62 $0 $0 $0 $0 $0 $0А
А09/25/02 15:38:37.495 J1850               Tx $24 $10 $22 $3 $cf $0А
А09/25/02 15:38:37.520 J1850               BusAck $1 $60А
А09/25/02 15:38:37.582 J1850               Rx $26 $10 $62 $0 $0 $0 $0 $0 $0А
А09/25/02 15:38:37.745 J1850               Tx $24 $10 $22 $3 $cf $0А
А09/25/02 15:38:37.784 J1850               BusAck $1 $60А
А09/25/02 15:38:37.829 J1850               Rx $26 $10 $62 $0 $0 $0 $0 $0 $0А
А09/25/02 15:38:38.289 J1850               Tx $24 $10 $22 $3 $cf $0А
А09/25/02 15:38:38.315 J1850               BusAck $1 $60А
А09/25/02 15:38:38.350 J1850               Rx $26 $10 $62 $0 $0 $0 $0 $0 $0А
А09/25/02 15:38:38.503 J1850               Tx $24 $10 $22 $3 $cf $0А
А09/25/02 15:38:38.551 J1850               BusAck $1 $60А
А09/25/02 15:38:38.609 J1850               Rx $26 $10 $62 $0 $0 $0 $0 $0 $0А
А09/25/02 15:38:38.761 J1850               Tx $24 $10 $22 $3 $cf $0А
А09/25/02 15:38:38.782 J1850               BusAck $1 $60А
А09/25/02 15:38:38.862 J1850               Rx $26 $10 $62 $0 $0 $0 $0 $0 $0А
А09/25/02 15:38:40.228 J1850               Tx $24 $10 $22 $3 $cf $0А
А09/25/02 15:38:40.262 J1850               BusAck $1 $60А
А09/25/02 15:38:40.308 J1850               Rx $26 $10 $62 $0 $0 $0 $0 $0 $0А
А09/25/02 15:38:40.436 J1850               Tx $24 $10 $22 $3 $cf $0А
А09/25/02 15:38:40.486 J1850               BusAck $1 $60А
А09/25/02 15:38:40.547 J1850               Rx $26 $10 $62 $0 $0 $0 $0 $0 $0А
А09/25/02 15:38:40.717 J1850               Tx $24 $10 $22 $3 $cf $0А
А09/25/02 15:38:40.776 J1850               BusAck $1 $60А
А09/25/02 15:38:40.821 J1850               Rx $26 $10 $62 $0 $0 $0 $0 $0 $0А
А09/25/02 15:38:41.005 J1850               Tx $24 $10 $22 $3 $cf $0А
А09/25/02 15:38:41.038 J1850               BusAck $1 $60А
А09/25/02 15:38:41.099 J1850               Rx $26 $10 $62 $0 $0 $0 $0 $0 $0А
А09/25/02 15:38:41.275 J1850               Tx $24 $10 $22 $3 $cf $0А
А09/25/02 15:38:41.309 J1850               BusAck $1 $60А
А09/25/02 15:38:41.372 J1850               Rx $26 $10 $62 $0 $0 $0 $0 $0 $0А
А09/25/02 15:38:41.990 J1850               Tx $24 $10 $22 $3 $cf $0А
А09/25/02 15:38:42.026 J1850               BusAck $1 $60А
А09/25/02 15:38:42.070 J1850               Rx $26 $10 $62 $0 $0 $0 $0 $0 $0А
А09/25/02 15:38:42.225 J1850               Tx $24 $10 $22 $3 $cf $0А
А09/25/02 15:38:42.268 J1850               BusAck $1 $60А
А09/25/02 15:38:42.319 J1850               Rx $26 $10 $62 $0 $0 $0 $0 $0 $0А
А09/25/02 15:38:42.510 J1850               Tx $24 $10 $22 $3 $cf $0А
А09/25/02 15:38:42.545 J1850               BusAck $1 $60А
А09/25/02 15:38:42.602 J1850               Rx $26 $10 $62 $0 $0 $0 $0 $0 $0А
А09/25/02 15:38:42.779 J1850               Tx $24 $10 $22 $3 $cf $0А
А09/25/02 15:38:42.826 J1850               BusAck $1 $60А
А09/25/02 15:38:42.936 J1850               Rx $26 $10 $62 $0 $0 $0 $0 $0 $0А
А09/25/02 15:38:43.094 J1850               Tx $24 $10 $22 $3 $cf $0А
А09/25/02 15:38:43.126 J1850               BusAck $1 $60А
А09/25/02 15:38:43.191 J1850               Rx $26 $10 $62 $0 $0 $0 $0 $0 $0А
А09/25/02 15:38:43.460 J1850               Tx $24 $10 $22 $3 $cf $0А
А09/25/02 15:38:43.482 J1850               BusAck $1 $60А
А09/25/02 15:38:43.543 J1850               Rx $26 $10 $62 $0 $0 $0 $0 $0 $0А
А09/25/02 15:38:43.742 J1850               Tx $24 $10 $22 $3 $cf $0А
А09/25/02 15:38:43.772 J1850               BusAck $1 $60А
А09/25/02 15:38:43.808 J1850               Rx $26 $10 $62 $0 $0 $0 $0 $0 $0А
А09/25/02 15:38:44.278 J1850               Tx $24 $10 $22 $3 $cf $0А
А09/25/02 15:38:44.312 J1850               BusAck $1 $60А
А09/25/02 15:38:44.359 J1850               Rx $26 $10 $62 $0 $0 $0 $0 $0 $0А
А09/25/02 15:38:44.547 J1850               Tx $24 $10 $22 $3 $cf $0А
А09/25/02 15:38:44.585 J1850               BusAck $1 $60А
А09/25/02 15:38:44.632 J1850               Rx $26 $10 $62 $0 $0 $0 $0 $0 $0А
А09/25/02 15:38:44.807 J1850               Tx $24 $10 $22 $3 $cf $0А
А09/25/02 15:38:44.840 J1850               BusAck $1 $60А
А09/25/02 15:38:44.896 J1850               Rx $26 $10 $62 $0 $0 $0 $0 $0 $0А
А09/25/02 15:38:45.964 J1850               Tx $24 $10 $22 $3 $cf $0А
А09/25/02 15:38:45.986 J1850               BusAck $1 $60А
А09/25/02 15:38:46.050 J1850               Rx $26 $10 $62 $0 $0 $0 $0 $0 $0А
А09/25/02 15:38:46.449 J1850               Tx $24 $10 $22 $3 $cf $0А
А09/25/02 15:38:46.481 J1850               BusAck $1 $60А
А09/25/02 15:38:46.523 J1850               Rx $26 $10 $62 $0 $0 $0 $0 $0 $0А
А09/25/02 15:38:46.918 J1850               Tx $24 $10 $22 $3 $cd $0А
А09/25/02 15:38:46.965 J1850               BusAck $1 $60А
А09/25/02 15:38:47.000 J1850               Rx $26 $10 $62 $80 $0 $0 $0 $0 $0А
А09/25/02 15:38:47.205 J1850               Tx $24 $10 $22 $3 $cd $0А
А09/25/02 15:38:47.229 J1850               BusAck $1 $60А
А09/25/02 15:38:47.268 J1850               Rx $26 $10 $62 $80 $0 $0 $0 $0 $0А
А09/25/02 15:38:47.459 J1850               Tx $24 $10 $22 $3 $cd $0А
А09/25/02 15:38:47.492 J1850               BusAck $1 $60А
А09/25/02 15:38:47.534 J1850               Rx $26 $10 $62 $80 $0 $0 $0 $0 $0А
А09/25/02 15:38:47.982 J1850               Tx $24 $10 $22 $3 $cd $0А
А09/25/02 15:38:48.016 J1850               BusAck $1 $60А
А09/25/02 15:38:48.061 J1850               Rx $26 $10 $62 $80 $0 $0 $0 $0 $0А
А09/25/02 15:38:48.229 J1850               Tx $24 $10 $22 $3 $cd $0А
А09/25/02 15:38:48.277 J1850               BusAck $1 $60А
А09/25/02 15:38:48.338 J1850               Rx $26 $10 $62 $80 $0 $0 $0 $0 $0А
А09/25/02 15:38:48.604 J1850               Tx $24 $10 $22 $3 $cd $0А
А09/25/02 15:38:48.631 J1850               BusAck $1 $60А
А09/25/02 15:38:48.686 J1850               Rx $26 $10 $62 $80 $0 $0 $0 $0 $0А
А09/25/02 15:38:48.882 J1850               Tx $24 $10 $22 $3 $cd $0А
А09/25/02 15:38:48.919 J1850               BusAck $1 $60А
А09/25/02 15:38:48.955 J1850               Rx $26 $10 $62 $80 $0 $0 $0 $0 $0А
А09/25/02 15:38:49.502 J1850               Tx $24 $10 $22 $3 $cd $0А
А09/25/02 15:38:49.536 J1850               BusAck $1 $60А
А09/25/02 15:38:49.578 J1850               Rx $26 $10 $62 $80 $0 $0 $0 $0 $0А
А09/25/02 15:38:49.733 J1850               Tx $24 $10 $22 $3 $cd $0А
А09/25/02 15:38:49.757 J1850               BusAck $1 $60А
А09/25/02 15:38:49.811 J1850               Rx $26 $10 $62 $80 $0 $0 $0 $0 $0А
А09/25/02 15:38:49.993 J1850               Tx $24 $10 $22 $3 $cd $0А
А09/25/02 15:38:50.018 J1850               BusAck $1 $60А
А09/25/02 15:38:50.058 J1850               Rx $26 $10 $62 $80 $0 $0 $0 $0 $0А
А09/25/02 15:38:50.213 J1850               Tx $24 $10 $22 $3 $cd $0А
А09/25/02 15:38:50.253 J1850               BusAck $1 $60А
А09/25/02 15:38:50.311 J1850               Rx $26 $10 $62 $80 $0 $0 $0 $0 $0А
А09/25/02 15:38:50.462 J1850               Tx $24 $10 $22 $3 $cd $0А
А09/25/02 15:38:50.483 J1850               BusAck $1 $60А
А09/25/02 15:38:50.548 J1850               Rx $26 $10 $62 $80 $0 $0 $0 $0 $0А
А09/25/02 15:38:51.960 J1850               Tx $24 $10 $22 $3 $cd $0А
А09/25/02 15:38:51.991 J1850               BusAck $1 $60А
А09/25/02 15:38:52.012 J1850               Rx $26 $10 $62 $80 $0 $0 $0 $0 $0А
А09/25/02 15:38:52.193 J1850               Tx $24 $10 $22 $3 $cd $0А
А09/25/02 15:38:52.230 J1850               BusAck $1 $60А
А09/25/02 15:38:52.276 J1850               Rx $26 $10 $62 $80 $0 $0 $0 $0 $0А
А09/25/02 15:38:52.418 J1850               Tx $24 $10 $22 $3 $cd $0А
А09/25/02 15:38:52.469 J1850               BusAck $1 $60А
А09/25/02 15:38:52.512 J1850               Rx $26 $10 $62 $80 $0 $0 $0 $0 $0А
А09/25/02 15:38:53.097 J1850               Tx $24 $10 $22 $3 $cd $0А
А09/25/02 15:38:53.136 J1850               BusAck $1 $60А
А09/25/02 15:38:53.179 J1850               Rx $26 $10 $62 $80 $0 $0 $0 $0 $0А
А09/25/02 15:38:53.341 J1850               Tx $24 $10 $22 $3 $cd $0А
А09/25/02 15:38:53.378 J1850               BusAck $1 $60А
А09/25/02 15:38:53.409 J1850               Rx $26 $10 $62 $80 $0 $0 $0 $0 $0А
А09/25/02 15:38:53.568 J1850               Tx $24 $10 $22 $3 $cd $0А
А09/25/02 15:38:53.605 J1850               BusAck $1 $60А
А09/25/02 15:38:53.649 J1850               Rx $26 $10 $62 $80 $0 $0 $0 $0 $0А
А09/25/02 15:38:53.849 J1850               Tx $24 $10 $22 $3 $cd $0А
А09/25/02 15:38:53.870 J1850               BusAck $1 $60А
А09/25/02 15:38:53.910 J1850               Rx $26 $10 $62 $80 $0 $0 $0 $0 $0А
А09/25/02 15:38:54.457 J1850               Tx $24 $10 $22 $3 $cd $0А
А09/25/02 15:38:54.489 J1850               BusAck $1 $60А
А09/25/02 15:38:54.545 J1850               Rx $26 $10 $62 $80 $0 $0 $0 $0 $0А
А09/25/02 15:38:54.684 J1850               Tx $24 $10 $22 $3 $cd $0А
А09/25/02 15:38:54.717 J1850               BusAck $1 $60А
А09/25/02 15:38:54.771 J1850               Rx $26 $10 $62 $80 $0 $0 $0 $0 $0А
А09/25/02 15:38:54.940 J1850               Tx $24 $10 $22 $3 $cd $0А
А09/25/02 15:38:54.979 J1850               BusAck $1 $60А
А09/25/02 15:38:55.070 J1850               Rx $26 $10 $62 $80 $0 $0 $0 $0 $0А
А09/25/02 15:38:55.506 J1850               Tx $24 $10 $22 $3 $cd $0А
А09/25/02 15:38:55.530 J1850               BusAck $1 $60А
А09/25/02 15:38:55.578 J1850               Rx $26 $10 $62 $80 $0 $0 $0 $0 $0А
А09/25/02 15:38:55.764 J1850               Tx $24 $10 $22 $3 $cd $0А
А09/25/02 15:38:55.813 J1850               BusAck $1 $60А
А09/25/02 15:38:55.852 J1850               Rx $26 $10 $62 $80 $0 $0 $0 $0 $0А
А09/25/02 15:38:56.046 J1850               Tx $24 $10 $22 $3 $cd $0А
А09/25/02 15:38:56.085 J1850               BusAck $1 $60А
А09/25/02 15:38:56.110 J1850               Rx $26 $10 $62 $80 $0 $0 $0 $0 $0А
А09/25/02 15:38:57.459 J1850               Tx $24 $10 $22 $3 $cd $0А
А09/25/02 15:38:57.496 J1850               BusAck $1 $60А
А09/25/02 15:38:57.530 J1850               Rx $26 $10 $62 $80 $0 $0 $0 $0 $0А
А09/25/02 15:38:57.719 J1850               Tx $24 $10 $22 $3 $cd $0А
А09/25/02 15:38:57.755 J1850               BusAck $1 $60А
А09/25/02 15:38:57.799 J1850               Rx $26 $10 $62 $80 $0 $0 $0 $0 $0А
А09/25/02 15:38:58.203 J1850               Tx $24 $10 $22 $3 $cd $0А
А09/25/02 15:38:58.230 J1850               BusAck $1 $60А
А09/25/02 15:38:58.292 J1850               Rx $26 $10 $62 $80 $0 $0 $0 $0 $0А
А09/25/02 15:38:58.459 J1850               Tx $24 $10 $22 $3 $cd $0А
А09/25/02 15:38:58.490 J1850               BusAck $1 $60А
А09/25/02 15:38:58.545 J1850               Rx $26 $10 $62 $80 $0 $0 $0 $0 $0А
А09/25/02 15:38:58.711 J1850               Tx $24 $10 $22 $3 $cd $0А
А09/25/02 15:38:58.736 J1850               BusAck $1 $60А
А09/25/02 15:38:58.792 J1850               Rx $26 $10 $62 $80 $0 $0 $0 $0 $0А
А09/25/02 15:38:59.170 J1850               Tx $24 $10 $22 $3 $cd $0А
А09/25/02 15:38:59.191 J1850               BusAck $1 $60А
А09/25/02 15:38:59.238 J1850               Rx $26 $10 $62 $80 $0 $0 $0 $0 $0А
А09/25/02 15:38:59.417 J1850               Tx $24 $10 $22 $3 $cd $0А
А09/25/02 15:38:59.463 J1850               BusAck $1 $60А
А09/25/02 15:38:59.495 J1850               Rx $26 $10 $62 $80 $0 $0 $0 $0 $0А
А09/25/02 15:38:59.656 J1850               Tx $24 $10 $22 $3 $cd $0А
А09/25/02 15:38:59.703 J1850               BusAck $1 $60А
А09/25/02 15:38:59.729 J1850               Rx $26 $10 $62 $80 $0 $0 $0 $0 $0А
А09/25/02 15:39:00.316 J1850               Tx $24 $10 $22 $3 $cd $0А
А09/25/02 15:39:00.337 J1850               BusAck $1 $60А
А09/25/02 15:39:00.388 J1850               Rx $26 $10 $62 $80 $0 $0 $0 $0 $0А
А09/25/02 15:39:00.577 J1850               Tx $24 $10 $22 $3 $cd $0А
А09/25/02 15:39:00.620 J1850               BusAck $1 $60А
А09/25/02 15:39:00.663 J1850               Rx $26 $10 $62 $80 $0 $0 $0 $0 $0А
А09/25/02 15:39:00.868 J1850               Tx $24 $10 $22 $3 $cd $0А
А09/25/02 15:39:00.891 J1850               BusAck $1 $60А
А09/25/02 15:39:00.944 J1850               Rx $26 $10 $62 $80 $0 $0 $0 $0 $0А
А09/25/02 15:39:01.122 J1850               Tx $24 $10 $22 $3 $cd $0А
А09/25/02 15:39:01.147 J1850               BusAck $1 $60А
А09/25/02 15:39:01.207 J1850               Rx $26 $10 $62 $80 $0 $0 $0 $0 $0А
А09/25/02 15:39:01.404 J1850               Tx $24 $10 $22 $3 $cd $0А
А09/25/02 15:39:01.438 J1850               BusAck $1 $60А
А09/25/02 15:39:01.470 J1850               Rx $26 $10 $62 $80 $0 $0 $0 $0 $0А
А09/25/02 15:39:01.935 J1850               Tx $24 $10 $22 $3 $cd $0А
А09/25/02 15:39:01.973 J1850               BusAck $1 $60А
А09/25/02 15:39:02.022 J1850               Rx $26 $10 $62 $80 $0 $0 $0 $0 $0А
А09/25/02 15:39:02.217 J1850               Tx $24 $10 $22 $3 $cd $0А
А09/25/02 15:39:02.245 J1850               BusAck $1 $60А
А09/25/02 15:39:02.292 J1850               Rx $26 $10 $62 $80 $0 $0 $0 $0 $0А
А09/25/02 15:39:03.655 J1850               Tx $24 $10 $22 $3 $cd $0А
А09/25/02 15:39:03.677 J1850               BusAck $1 $60А
А09/25/02 15:39:03.733 J1850               Rx $26 $10 $62 $80 $0 $0 $0 $0 $0А
А09/25/02 15:39:03.889 J1850               Tx $24 $10 $22 $3 $cd $0А
А09/25/02 15:39:03.931 J1850               BusAck $1 $60А
А09/25/02 15:39:03.973 J1850               Rx $26 $10 $62 $80 $0 $0 $0 $0 $0А
А09/25/02 15:39:04.121 J1850               Tx $24 $10 $22 $3 $cd $0А
А09/25/02 15:39:04.142 J1850               BusAck $1 $60А
А09/25/02 15:39:04.189 J1850               Rx $26 $10 $62 $80 $0 $0 $0 $0 $0А
А09/25/02 15:39:04.593 J1850               Tx $24 $10 $22 $3 $cd $0А
А09/25/02 15:39:04.652 J1850               BusAck $1 $60А
А09/25/02 15:39:04.684 J1850               Rx $26 $10 $62 $80 $0 $0 $0 $0 $0А
А09/25/02 15:39:05.055 J1850               Tx $24 $10 $22 $3 $cd $0А
А09/25/02 15:39:05.096 J1850               BusAck $1 $60А
А09/25/02 15:39:05.138 J1850               Rx $26 $10 $62 $80 $0 $0 $0 $0 $0А
А09/25/02 15:39:06.071 J1850               Tx $24 $10 $22 $3 $cd $0А
А09/25/02 15:39:06.095 J1850               BusAck $1 $60А
А09/25/02 15:39:06.145 J1850               Rx $26 $10 $62 $80 $0 $0 $0 $0 $0А
А09/25/02 15:39:06.316 J1850               Tx $24 $10 $22 $3 $cd $0А
А09/25/02 15:39:06.350 J1850               BusAck $1 $60А
А09/25/02 15:39:06.385 J1850               Rx $26 $10 $62 $80 $0 $0 $0 $0 $0А
А09/25/02 15:39:07.016 J1850               Tx $24 $10 $22 $3 $cd $0А
А09/25/02 15:39:07.051 J1850               BusAck $1 $60А
А09/25/02 15:39:07.112 J1850               Rx $26 $10 $62 $80 $0 $0 $0 $0 $0А
А09/25/02 15:39:07.288 J1850               Tx $24 $10 $22 $3 $cd $0А
А09/25/02 15:39:07.322 J1850               BusAck $1 $60А
А09/25/02 15:39:07.349 J1850               Rx $26 $10 $62 $80 $0 $0 $0 $0 $0А
А09/25/02 15:39:07.911 J1850               Tx $24 $10 $22 $3 $cd $0А
А09/25/02 15:39:07.960 J1850               BusAck $1 $60А
А09/25/02 15:39:08.006 J1850               Rx $26 $10 $62 $80 $0 $0 $0 $0 $0А
А09/25/02 15:39:08.191 J1850               Tx $24 $10 $22 $3 $cd $0А
А09/25/02 15:39:08.240 J1850               BusAck $1 $60А
А09/25/02 15:39:08.266 J1850               Rx $26 $10 $62 $80 $0 $0 $0 $0 $0А
А09/25/02 15:39:08.447 J1850               Tx $24 $10 $22 $3 $cd $0А
А09/25/02 15:39:08.479 J1850               BusAck $1 $60А
А09/25/02 15:39:08.533 J1850               Rx $26 $10 $62 $80 $0 $0 $0 $0 $0А
А09/25/02 15:39:08.918 J1850               Tx $24 $10 $22 $3 $cd $0А
А09/25/02 15:39:08.947 J1850               BusAck $1 $60А
А09/25/02 15:39:08.968 J1850               Rx $26 $10 $62 $80 $0 $0 $0 $0 $0А
А09/25/02 15:39:09.146 J1850               Tx $24 $10 $22 $3 $cd $0А
А09/25/02 15:39:09.176 J1850               BusAck $1 $60А
А09/25/02 15:39:09.225 J1850               Rx $26 $10 $62 $80 $0 $0 $0 $0 $0А
А09/25/02 15:39:09.405 J1850               Tx $24 $10 $22 $3 $cd $0А
А09/25/02 15:39:09.434 J1850               BusAck $1 $60А
А09/25/02 15:39:09.482 J1850               Rx $26 $10 $62 $80 $0 $0 $0 $0 $0А
А09/25/02 15:39:10.754 J1850               Tx $24 $10 $22 $3 $cd $0А
А09/25/02 15:39:10.776 J1850               BusAck $1 $60А
А09/25/02 15:39:10.807 J1850               Rx $26 $10 $62 $80 $0 $0 $0 $0 $0А
А09/25/02 15:39:10.986 J1850               Tx $24 $10 $22 $3 $cd $0А
А09/25/02 15:39:11.019 J1850               BusAck $1 $60А
А09/25/02 15:39:11.078 J1850               Rx $26 $10 $62 $80 $0 $0 $0 $0 $0А
А09/25/02 15:39:11.267 J1850               Tx $24 $10 $22 $3 $cd $0А
А09/25/02 15:39:11.307 J1850               BusAck $1 $60А
А09/25/02 15:39:11.335 J1850               Rx $26 $10 $62 $80 $0 $0 $0 $0 $0А
А09/25/02 15:39:11.709 J1850               Tx $24 $10 $22 $3 $cd $0А
А09/25/02 15:39:11.729 J1850               BusAck $1 $60А
А09/25/02 15:39:11.809 J1850               Rx $26 $10 $62 $80 $0 $0 $0 $0 $0А
А09/25/02 15:39:12.389 J1850               Tx $24 $10 $22 $3 $cd $0А
А09/25/02 15:39:12.421 J1850               BusAck $1 $60А
А09/25/02 15:39:12.477 J1850               Rx $26 $10 $62 $80 $0 $0 $0 $0 $0А
А09/25/02 15:39:12.662 J1850               Tx $24 $10 $22 $3 $cd $0А
А09/25/02 15:39:12.706 J1850               BusAck $1 $60А
А09/25/02 15:39:12.748 J1850               Rx $26 $10 $62 $80 $0 $0 $0 $0 $0А
А09/25/02 15:39:12.935 J1850               Tx $24 $10 $22 $3 $cd $0А
А09/25/02 15:39:12.967 J1850               BusAck $1 $60А
А09/25/02 15:39:13.026 J1850               Rx $26 $10 $62 $80 $0 $0 $0 $0 $0А
А09/25/02 15:39:13.171 J1850               Tx $24 $10 $22 $3 $cd $0А
А09/25/02 15:39:13.211 J1850               BusAck $1 $60А
А09/25/02 15:39:13.267 J1850               Rx $26 $10 $62 $80 $0 $0 $0 $0 $0А
А09/25/02 15:39:13.517 J1850               Tx $24 $10 $22 $3 $cd $0А
А09/25/02 15:39:13.554 J1850               BusAck $1 $60А
А09/25/02 15:39:13.611 J1850               Rx $26 $10 $62 $80 $0 $0 $0 $0 $0А
А09/25/02 15:39:13.974 J1850               Tx $24 $10 $22 $3 $cd $0А
А09/25/02 15:39:14.010 J1850               BusAck $1 $60А
А09/25/02 15:39:14.086 J1850               Rx $26 $10 $62 $80 $0 $0 $0 $0 $0А
А09/25/02 15:39:14.665 J1850               Tx $24 $10 $22 $3 $cd $0А
А09/25/02 15:39:14.694 J1850               BusAck $1 $60А
А09/25/02 15:39:14.740 J1850               Rx $26 $10 $62 $80 $0 $0 $0 $0 $0А
А09/25/02 15:39:14.894 J1850               Tx $24 $10 $22 $3 $cd $0А
А09/25/02 15:39:14.932 J1850               BusAck $1 $60А
А09/25/02 15:39:14.986 J1850               Rx $26 $10 $62 $80 $0 $0 $0 $0 $0А
А09/25/02 15:39:15.176 J1850               Tx $24 $10 $22 $3 $cd $0А
А09/25/02 15:39:15.208 J1850               BusAck $1 $60А
А09/25/02 15:39:15.244 J1850               Rx $26 $10 $62 $80 $0 $0 $0 $0 $0А
А09/25/02 15:39:15.476 J1850               Tx $24 $10 $22 $3 $cd $0А
А09/25/02 15:39:15.501 J1850               BusAck $1 $60А
А09/25/02 15:39:15.528 J1850               Rx $26 $10 $62 $80 $0 $0 $0 $0 $0А
А09/25/02 15:39:16.955 J1850               Tx $24 $10 $22 $3 $cd $0А
А09/25/02 15:39:16.982 J1850               BusAck $1 $60А
А09/25/02 15:39:17.088 J1850               Rx $26 $10 $62 $80 $0 $0 $0 $0 $0А
А09/25/02 15:39:17.436 J1850               Tx $24 $10 $22 $3 $cf $0А
А09/25/02 15:39:17.469 J1850               BusAck $1 $60А
А09/25/02 15:39:17.536 J1850               Rx $26 $10 $62 $0 $0 $0 $0 $0 $0А
А09/25/02 15:39:27.725 core/Log             FILE CLOSEDА
