А12/13/10 15:24:12.313 (1) 720AbsModule               Activated additional log [/home/CCRT/Rewrite/Logs/Communication/720AbsModule.log] with rotation params: maxSize=10, maxFiles=5А
А12/13/10 15:24:12.313 (1) 720AbsModule               GenericModuleTemplate - Isuzu 720 ABS Module: Entering Initialize
А
А12/13/10 15:24:12.321 (1) 720AbsModule               GenericModuleTemplate - Isuzu 720 ABS Module: Entering InitializeHook
А
А12/13/10 15:24:12.322 (1) 720AbsModule               Enter Isuzu720AbsModuleTemplate::InitializeHook()
А
А12/13/10 15:24:12.325 (1) 720AbsModule               Additional log [Communication/720AbsModule.log] already activated.А
А12/13/10 15:24:12.331 (1) 720AbsModule               	Reply Length Type for 'Reply_00' = Variable (1)
А
А12/13/10 15:24:12.331 (1) 720AbsModule               	End Gap Time for 'Reply_00' = 50000000 ns
А
А12/13/10 15:24:12.332 (1) 720AbsModule               	Reply Length Type for 'Reply_00' = Variable (1)
А
А12/13/10 15:24:12.332 (1) 720AbsModule               	End Gap Time for 'Reply_00' = 50000000 ns
А
А12/13/10 15:24:12.332 (1) 720AbsModule               	Reply Length Type for 'Reply_00' = Variable (1)
А
А12/13/10 15:24:12.333 (1) 720AbsModule               	End Gap Time for 'Reply_00' = 50000000 ns
А
А12/13/10 15:24:12.334 (1) 720AbsModule               	Reply Length Type for 'Reply_00' = Variable (1)
А
А12/13/10 15:24:12.334 (1) 720AbsModule               	End Gap Time for 'Reply_00' = 50000000 ns
А
А12/13/10 15:24:12.334 (1) 720AbsModule               	Reply Length Type for 'Reply_00' = Variable (1)
А
А12/13/10 15:24:12.334 (1) 720AbsModule               	End Gap Time for 'Reply_00' = 50000000 ns
А
А12/13/10 15:24:12.335 (1) 720AbsModule               	BepException in ILogicalPort::Initialize InitMessage: Tag Not Found: InitMessage
А
А12/13/10 15:24:12.335 (1) 720AbsModule               BufferSize: 4096
А
А12/13/10 15:24:12.336 (1) 720AbsModule               SerialChannel::OpenPort(/home/CCRT/Rewrite/GryphonJ1850, 2)
А
А12/13/10 15:24:12.350 (1) 720AbsModule               SerialChannel::OpenPort(/home/CCRT/Rewrite/GryphonJ1850, 2) Passed [initialized = 1]
А
А12/13/10 15:24:12.350 (1) 720AbsModule               SerialChannel::Initialize() done
А
А12/13/10 15:24:12.350 (1) 720AbsModule               Isuzu720AbsModuleTemplate::InitializeHook: Going to Init keepAliveComm
А
А12/13/10 15:24:12.351 (1) 720AbsModule               Isuzu720AbsModuleTemplate::InitializeHook: Initializing the keep alive comm object
А
А12/13/10 15:24:12.354 (1) 720AbsModule               Additional log [Communication/720AbsModule.log] already activated.А
А12/13/10 15:24:12.360 (1) 720AbsModule               	Reply Length Type for 'Reply_00' = Variable (1)
А
А12/13/10 15:24:12.360 (1) 720AbsModule               	End Gap Time for 'Reply_00' = 50000000 ns
А
А12/13/10 15:24:12.361 (1) 720AbsModule               	Reply Length Type for 'Reply_00' = Variable (1)
А
А12/13/10 15:24:12.361 (1) 720AbsModule               	End Gap Time for 'Reply_00' = 50000000 ns
А
А12/13/10 15:24:12.361 (1) 720AbsModule               	Reply Length Type for 'Reply_00' = Variable (1)
А
А12/13/10 15:24:12.362 (1) 720AbsModule               	End Gap Time for 'Reply_00' = 50000000 ns
А
А12/13/10 15:24:12.362 (1) 720AbsModule               	Reply Length Type for 'Reply_00' = Variable (1)
А
А12/13/10 15:24:12.362 (1) 720AbsModule               	End Gap Time for 'Reply_00' = 50000000 ns
А
А12/13/10 15:24:12.363 (1) 720AbsModule               	Reply Length Type for 'Reply_00' = Variable (1)
А
А12/13/10 15:24:12.363 (1) 720AbsModule               	End Gap Time for 'Reply_00' = 50000000 ns
А
А12/13/10 15:24:12.364 (1) 720AbsModule               	BepException in ILogicalPort::Initialize InitMessage: Tag Not Found: InitMessage
А
А12/13/10 15:24:12.364 (1) 720AbsModule               BufferSize: 4096
А
А12/13/10 15:24:12.364 (1) 720AbsModule               SerialChannel::OpenPort(/home/CCRT/Rewrite/GryphonJ1850, 2)
А
А12/13/10 15:24:12.377 (1) 720AbsModule               SerialChannel::OpenPort(/home/CCRT/Rewrite/GryphonJ1850, 2) Passed [initialized = 1]
А
А12/13/10 15:24:12.377 (1) 720AbsModule               SerialChannel::Initialize() done
А
А12/13/10 15:24:12.377 (1) 720AbsModule               Isuzu720AbsModuleTemplate::InitializeHook: Going to Init switchMonitorComm
А
А12/13/10 15:24:12.377 (1) 720AbsModule               Isuzu720AbsModuleTemplate::InitializeHook: Initializing the switch monitor comm object
А
А12/13/10 15:24:12.380 (1) 720AbsModule               Additional log [Communication/720AbsModule.log] already activated.А
А12/13/10 15:24:12.404 (1) 720AbsModule               	Reply Length Type for 'Reply_00' = Variable (1)
А
А12/13/10 15:24:12.404 (1) 720AbsModule               	End Gap Time for 'Reply_00' = 50000000 ns
А
А12/13/10 15:24:12.404 (1) 720AbsModule               	Reply Length Type for 'Reply_00' = Variable (1)
А
А12/13/10 15:24:12.405 (1) 720AbsModule               	End Gap Time for 'Reply_00' = 50000000 ns
А
А12/13/10 15:24:12.405 (1) 720AbsModule               	Reply Length Type for 'Reply_00' = Variable (1)
А
А12/13/10 15:24:12.405 (1) 720AbsModule               	End Gap Time for 'Reply_00' = 50000000 ns
А
А12/13/10 15:24:12.406 (1) 720AbsModule               	Reply Length Type for 'Reply_00' = Variable (1)
А
А12/13/10 15:24:12.406 (1) 720AbsModule               	End Gap Time for 'Reply_00' = 50000000 ns
А
А12/13/10 15:24:12.406 (1) 720AbsModule               	Reply Length Type for 'Reply_00' = Variable (1)
А
А12/13/10 15:24:12.406 (1) 720AbsModule               	End Gap Time for 'Reply_00' = 50000000 ns
А
А12/13/10 15:24:12.407 (1) 720AbsModule               	BepException in ILogicalPort::Initialize InitMessage: Tag Not Found: InitMessage
А
А12/13/10 15:24:12.407 (1) 720AbsModule               BufferSize: 4096
А
А12/13/10 15:24:12.407 (1) 720AbsModule               SerialChannel::OpenPort(/home/CCRT/Rewrite/GryphonJ1850, 2)
А
А12/13/10 15:24:12.419 (1) 720AbsModule               SerialChannel::OpenPort(/home/CCRT/Rewrite/GryphonJ1850, 2) Passed [initialized = 1]
А
А12/13/10 15:24:12.419 (1) 720AbsModule               SerialChannel::Initialize() done
А
А12/13/10 15:24:12.419 (1) 720AbsModule               Isuzu720AbsModuleTemplate::InitializeHook: Getting Dtc Info from Config
А
А12/13/10 15:24:12.419 (1) 720AbsModule               Setting DTC Count Index to 0А
А12/13/10 15:24:12.419 (1) 720AbsModule               Setting DTC Start Index to 1А
А12/13/10 15:24:12.419 (1) 720AbsModule               Setting bytes per DTC to 3А
А12/13/10 15:24:12.420 (1) 720AbsModule               Exit Isuzu720AbsModuleTemplate::InitializeHook(), status=1
А
А12/13/10 15:24:12.420 (1) 720AbsModule               GenericModuleTemplate - Isuzu 720 ABS Module: Finished InitializeHook
А
А12/13/10 15:24:50.846 (1) 720AbsModule               Isuzu720AbsModule::ReadFaults() - EnterА
А12/13/10 15:24:50.847 (1) 720AbsModule               GMClassIIProtocolFilter::SendMessage() - SetSentMessageIdentifier - DataStartIndex: 7 MessageIdentifier: $19
А
А12/13/10 15:24:50.847 (1) 720AbsModule               GMClassIIProtocolFilter::SendMessage() -Resetting The Connection
А
А12/13/10 15:24:50.847 (1) 720AbsModule               GMClassIIProtocolFilter::SendMessage() -Reset The Connection
А
А12/13/10 15:24:50.848 (1) 720AbsModule               GMClassIIProtocolFilter::SendMessage() -ProtocolFilter Sending: $0C $29 $F1 $19 $D2 $FF $00 
А
А12/13/10 15:24:50.851 (1) 720AbsModule               WritePort: $0C $29 $F1 $19 $D2 $FF $00 
А
А12/13/10 15:24:50.851 (1) 720AbsModule               GMClassIIProtocolFilter::SendMessage() -Sent the message
А
А12/13/10 15:24:50.851 (1) 720AbsModule               Sent message: ReadFaults to module - status: Success
А
А12/13/10 15:24:50.851 (1) 720AbsModule               ILogicalPort::ReadPort(initWait: 2000, endWait: 100)
А
А12/13/10 15:24:50.851 (1) 720AbsModule               Start looping for data - mssgTimeout: 2000000000, initWait: 2000, endWait: 100
А
А12/13/10 15:24:50.851 (1) 720AbsModule               Setting timeout to 2000000000 - {initWait: 2000, endWait: 100}
А
А12/13/10 15:24:50.883 (1) 720AbsModule               ReadPort: $00 $00 $00 $07 $0C $F1 $29 $59 $42 $21 $D2 
А
А12/13/10 15:24:50.883 (1) 720AbsModule               Have timeout, resetting mssgTimeout to 100
А
А12/13/10 15:24:50.883 (1) 720AbsModule               Setting timeout to 100000000 - {initWait: 2000, endWait: 100}
А
А12/13/10 15:24:50.887 (1) 720AbsModule               ReadPort: $00 $00 $00 $07 $0C $F1 $29 $59 $42 $21 $D2 
А
А12/13/10 15:24:50.887 (1) 720AbsModule               Have timeout, resetting mssgTimeout to 100
А
А12/13/10 15:24:50.888 (1) 720AbsModule               Setting timeout to 100000000 - {initWait: 2000, endWait: 100}
А
А12/13/10 15:24:50.955 (1) 720AbsModule               ReadPort: $00 $00 $00 $07 $0C $F1 $29 $59 $42 $25 $D2 
А
А12/13/10 15:24:50.956 (1) 720AbsModule               Have timeout, resetting mssgTimeout to 100
А
А12/13/10 15:24:50.956 (1) 720AbsModule               Setting timeout to 100000000 - {initWait: 2000, endWait: 100}
А
А12/13/10 15:24:50.958 (1) 720AbsModule               ReadPort: $00 $00 $00 $07 $0C $F1 $29 $59 $42 $25 $D2 $00 $00 $00 $07 $0C $F1 $29 $59 $42 $31 $D2 $00 $00 $00 $07 $0C $F1 $29 $59 $42 $31 $D2 $00 $00 $00 $07 $0C $F1 $29 $59 $42 $35 $D2 $00 $00 $00 $07 $0C $F1 $29 $59 $42 $35 $D2 $00 $00 $00 $07 $0C $F1 $29 $59 $00 $00 $D2 $00 $00 $00 $07 $0C $F1 $29 $59 $00 $00 $D2 
А
А12/13/10 15:24:50.958 (1) 720AbsModule               Have timeout, resetting mssgTimeout to 100
А
А12/13/10 15:24:50.958 (1) 720AbsModule               Setting timeout to 100000000 - {initWait: 2000, endWait: 100}
А
А12/13/10 15:24:51.062 (1) 720AbsModule               ILogicalPort::ReadPort: Connection timed out
А
А12/13/10 15:24:51.065 (1) 720AbsModule               Received 110 bytes of data
А
А12/13/10 15:24:51.065 (1) 720AbsModule               GetResponse retrieved 110 bytes from the module
А
А12/13/10 15:24:51.065 (1) 720AbsModule               GMClassIIProtocolFilter::GetResponse() returned Success [response length: 110]А
А12/13/10 15:24:51.065 (1) 720AbsModule               GMClassIIProtocolFilter::ExtractModuleData - Extracting data from response string: $00 $00 $00 $07 $0C $F1 $29 $59 $42 $21 $D2 $00 $00 $00 $07 $0C $F1 $29 $59 $42 $21 $D2 $00 $00 $00 $07 $0C $F1 $29 $59 $42 $25 $D2 $00 $00 $00 $07 $0C $F1 $29 $59 $42 $25 $D2 $00 $00 $00 $07 $0C $F1 $29 $59 $42 $31 $D2 $00 $00 $00 $07 $0C $F1 $29 $59 $42 $31 $D2 $00 $00 $00 $07 $0C $F1 $29 $59 $42 $35 $D2 $00 $00 $00 $07 $0C $F1 $29 $59 $42 $35 $D2 $00 $00 $00 $07 $0C $F1 $29 $59 $00 $00 $D2 $00 $00 $00 $07 $0C $F1 $29 $59 $00 $00 $D2 
А
А12/13/10 15:24:51.065 (1) 720AbsModule               GMClassIIProtocolFilter::ExtractModuleData - Extracted module data: $59 $42 $21 $D2 
А
А12/13/10 15:24:51.065 (1) 720AbsModule               GMClassIIProtocolFilter::ExtractModuleData - Total Response Length: 110, Current Message Length: 11, Number of Bytes: 7
А
А12/13/10 15:24:51.065 (1) 720AbsModule               GMClassIIProtocolFilter::ExtractModuleData - ResponseMatchHeader : $00 $00 $00 $07 $0C $F1 $29 
А
А12/13/10 15:24:51.065 (1) 720AbsModule               GMClassIIProtocolFilter::ExtractModuleData - Module data remaining in buffer: $00 $00 $00 $07 $0C $F1 $29 $59 $42 $21 $D2 $00 $00 $00 $07 $0C $F1 $29 $59 $42 $25 $D2 $00 $00 $00 $07 $0C $F1 $29 $59 $42 $25 $D2 $00 $00 $00 $07 $0C $F1 $29 $59 $42 $31 $D2 $00 $00 $00 $07 $0C $F1 $29 $59 $42 $31 $D2 $00 $00 $00 $07 $0C $F1 $29 $59 $42 $35 $D2 $00 $00 $00 $07 $0C $F1 $29 $59 $42 $35 $D2 $00 $00 $00 $07 $0C $F1 $29 $59 $00 $00 $D2 $00 $00 $00 $07 $0C $F1 $29 $59 $00 $00 $D2 
А
А12/13/10 15:24:51.065 (1) 720AbsModule               GMClassIIProtocolFilter::ExtractModuleData - Appending More Data From Multiple MessagesА
А12/13/10 15:24:51.065 (1) 720AbsModule               GMClassIIProtocolFilter::ExtractModuleData - ?dataResponse : $59 $42 $21 $D2 $42 $21 $D2 
А
А12/13/10 15:24:51.066 (1) 720AbsModule               GMClassIIProtocolFilter::ExtractModuleData - Module data remaining in buffer: $00 $00 $00 $07 $0C $F1 $29 $59 $42 $25 $D2 $00 $00 $00 $07 $0C $F1 $29 $59 $42 $25 $D2 $00 $00 $00 $07 $0C $F1 $29 $59 $42 $31 $D2 $00 $00 $00 $07 $0C $F1 $29 $59 $42 $31 $D2 $00 $00 $00 $07 $0C $F1 $29 $59 $42 $35 $D2 $00 $00 $00 $07 $0C $F1 $29 $59 $42 $35 $D2 $00 $00 $00 $07 $0C $F1 $29 $59 $00 $00 $D2 $00 $00 $00 $07 $0C $F1 $29 $59 $00 $00 $D2 
А
А12/13/10 15:24:51.066 (1) 720AbsModule               GMClassIIProtocolFilter::ExtractModuleData - Appending More Data From Multiple MessagesА
А12/13/10 15:24:51.066 (1) 720AbsModule               GMClassIIProtocolFilter::ExtractModuleData - ?dataResponse : $59 $42 $21 $D2 $42 $21 $D2 $42 $25 $D2 
А
А12/13/10 15:24:51.068 (1) 720AbsModule               GMClassIIProtocolFilter::ExtractModuleData - Module data remaining in buffer: $00 $00 $00 $07 $0C $F1 $29 $59 $42 $25 $D2 $00 $00 $00 $07 $0C $F1 $29 $59 $42 $31 $D2 $00 $00 $00 $07 $0C $F1 $29 $59 $42 $31 $D2 $00 $00 $00 $07 $0C $F1 $29 $59 $42 $35 $D2 $00 $00 $00 $07 $0C $F1 $29 $59 $42 $35 $D2 $00 $00 $00 $07 $0C $F1 $29 $59 $00 $00 $D2 $00 $00 $00 $07 $0C $F1 $29 $59 $00 $00 $D2 
А
А12/13/10 15:24:51.068 (1) 720AbsModule               GMClassIIProtocolFilter::ExtractModuleData - Appending More Data From Multiple MessagesА
А12/13/10 15:24:51.068 (1) 720AbsModule               GMClassIIProtocolFilter::ExtractModuleData - ?dataResponse : $59 $42 $21 $D2 $42 $21 $D2 $42 $25 $D2 $42 $25 $D2 
А
А12/13/10 15:24:51.069 (1) 720AbsModule               GMClassIIProtocolFilter::ExtractModuleData - Module data remaining in buffer: $00 $00 $00 $07 $0C $F1 $29 $59 $42 $31 $D2 $00 $00 $00 $07 $0C $F1 $29 $59 $42 $31 $D2 $00 $00 $00 $07 $0C $F1 $29 $59 $42 $35 $D2 $00 $00 $00 $07 $0C $F1 $29 $59 $42 $35 $D2 $00 $00 $00 $07 $0C $F1 $29 $59 $00 $00 $D2 $00 $00 $00 $07 $0C $F1 $29 $59 $00 $00 $D2 
А
А12/13/10 15:24:51.069 (1) 720AbsModule               GMClassIIProtocolFilter::ExtractModuleData - Appending More Data From Multiple MessagesА
А12/13/10 15:24:51.069 (1) 720AbsModule               GMClassIIProtocolFilter::ExtractModuleData - ?dataResponse : $59 $42 $21 $D2 $42 $21 $D2 $42 $25 $D2 $42 $25 $D2 $42 $31 $D2 
А
А12/13/10 15:24:51.069 (1) 720AbsModule               GMClassIIProtocolFilter::ExtractModuleData - Module data remaining in buffer: $00 $00 $00 $07 $0C $F1 $29 $59 $42 $31 $D2 $00 $00 $00 $07 $0C $F1 $29 $59 $42 $35 $D2 $00 $00 $00 $07 $0C $F1 $29 $59 $42 $35 $D2 $00 $00 $00 $07 $0C $F1 $29 $59 $00 $00 $D2 $00 $00 $00 $07 $0C $F1 $29 $59 $00 $00 $D2 
А
А12/13/10 15:24:51.069 (1) 720AbsModule               GMClassIIProtocolFilter::ExtractModuleData - Appending More Data From Multiple MessagesА
А12/13/10 15:24:51.069 (1) 720AbsModule               GMClassIIProtocolFilter::ExtractModuleData - ?dataResponse : $59 $42 $21 $D2 $42 $21 $D2 $42 $25 $D2 $42 $25 $D2 $42 $31 $D2 $42 $31 $D2 
А
А12/13/10 15:24:51.069 (1) 720AbsModule               GMClassIIProtocolFilter::ExtractModuleData - Module data remaining in buffer: $00 $00 $00 $07 $0C $F1 $29 $59 $42 $35 $D2 $00 $00 $00 $07 $0C $F1 $29 $59 $42 $35 $D2 $00 $00 $00 $07 $0C $F1 $29 $59 $00 $00 $D2 $00 $00 $00 $07 $0C $F1 $29 $59 $00 $00 $D2 
А
А12/13/10 15:24:51.069 (1) 720AbsModule               GMClassIIProtocolFilter::ExtractModuleData - Appending More Data From Multiple MessagesА
А12/13/10 15:24:51.069 (1) 720AbsModule               GMClassIIProtocolFilter::ExtractModuleData - ?dataResponse : $59 $42 $21 $D2 $42 $21 $D2 $42 $25 $D2 $42 $25 $D2 $42 $31 $D2 $42 $31 $D2 $42 $35 $D2 
А
А12/13/10 15:24:51.069 (1) 720AbsModule               GMClassIIProtocolFilter::ExtractModuleData - Module data remaining in buffer: $00 $00 $00 $07 $0C $F1 $29 $59 $42 $35 $D2 $00 $00 $00 $07 $0C $F1 $29 $59 $00 $00 $D2 $00 $00 $00 $07 $0C $F1 $29 $59 $00 $00 $D2 
А
А12/13/10 15:24:51.069 (1) 720AbsModule               GMClassIIProtocolFilter::ExtractModuleData - Appending More Data From Multiple MessagesА
А12/13/10 15:24:51.070 (1) 720AbsModule               GMClassIIProtocolFilter::ExtractModuleData - ?dataResponse : $59 $42 $21 $D2 $42 $21 $D2 $42 $25 $D2 $42 $25 $D2 $42 $31 $D2 $42 $31 $D2 $42 $35 $D2 $42 $35 $D2 
А
А12/13/10 15:24:51.070 (1) 720AbsModule               GMClassIIProtocolFilter::ExtractModuleData - Module data remaining in buffer: $00 $00 $00 $07 $0C $F1 $29 $59 $00 $00 $D2 $00 $00 $00 $07 $0C $F1 $29 $59 $00 $00 $D2 
А
А12/13/10 15:24:51.070 (1) 720AbsModule               GMClassIIProtocolFilter::ExtractModuleData - Appending More Data From Multiple MessagesА
А12/13/10 15:24:51.070 (1) 720AbsModule               GMClassIIProtocolFilter::ExtractModuleData - ?dataResponse : $59 $42 $21 $D2 $42 $21 $D2 $42 $25 $D2 $42 $25 $D2 $42 $31 $D2 $42 $31 $D2 $42 $35 $D2 $42 $35 $D2 $00 $00 $D2 
А
А12/13/10 15:24:51.071 (1) 720AbsModule               GMClassIIProtocolFilter::ExtractModuleData - Module data remaining in buffer: $00 $00 $00 $07 $0C $F1 $29 $59 $00 $00 $D2 
А
А12/13/10 15:24:51.071 (1) 720AbsModule               GMClassIIProtocolFilter::ExtractModuleData - Appending More Data From Multiple MessagesА
А12/13/10 15:24:51.072 (1) 720AbsModule               GMClassIIProtocolFilter::ExtractModuleData - ?dataResponse : $59 $42 $21 $D2 $42 $21 $D2 $42 $25 $D2 $42 $25 $D2 $42 $31 $D2 $42 $31 $D2 $42 $35 $D2 $42 $35 $D2 $00 $00 $D2 $00 $00 $D2 
А
А12/13/10 15:24:51.072 (1) 720AbsModule               GMClassIIProtocolFilter::ExtractModuleData - Module data remaining in buffer: 
А
А12/13/10 15:24:51.072 (1) 720AbsModule               GMClassIIProtocolFilter::ExtractModuleData - No More Matching MessagesА
А12/13/10 15:24:51.073 (1) 720AbsModule               GMClassIIProtocolFilter::ExtractModuleData - ?dataResponse : $59 $42 $21 $D2 $42 $21 $D2 $42 $25 $D2 $42 $25 $D2 $42 $31 $D2 $42 $31 $D2 $42 $35 $D2 $42 $35 $D2 $00 $00 $D2 $00 $00 $D2 
А
А12/13/10 15:24:51.073 (1) 720AbsModule               Response for message ReadFaults is validА
А12/13/10 15:24:51.073 (1) 720AbsModule               CheckForValidResponse() -- GetSentMessageIdentifier(): $19 + offset{40}: $59 == $59
А
А12/13/10 15:24:51.073 (1) 720AbsModule               Exit ProtocolFilter::CheckForValidResponse(0)
А
А12/13/10 15:24:51.073 (1) 720AbsModule               GetModuleData() returning - status: Success
А
А12/13/10 15:24:51.074 (1) 720AbsModule               Module response: $59 $42 $21 $D2 $42 $21 $D2 $42 $25 $D2 $42 $25 $D2 $42 $31 $D2 $42 $31 $D2 $42 $35 $D2 $42 $35 $D2 $00 $00 $D2 $00 $00 $D2 
А
А12/13/10 15:24:51.074 (1) 720AbsModule               Calculating number of DTCs
А
А12/13/10 15:24:51.075 (1) 720AbsModule               response length: 31, FirstDTCByteIndex: 1, BytesPerDTC: 3
А
А12/13/10 15:24:51.075 (1) 720AbsModule               Found 10 DTCs recorded in the module:
А
А12/13/10 15:24:51.076 (1) 720AbsModule               	DTC 000 - 4221
А
А12/13/10 15:24:51.076 (1) 720AbsModule               	DTC 001 - 4221
А
А12/13/10 15:24:51.076 (1) 720AbsModule               	DTC 002 - 4225
А
А12/13/10 15:24:51.076 (1) 720AbsModule               	DTC 003 - 4225
А
А12/13/10 15:24:51.077 (1) 720AbsModule               	DTC 004 - 4231
А
А12/13/10 15:24:51.077 (1) 720AbsModule               	DTC 005 - 4231
А
А12/13/10 15:24:51.078 (1) 720AbsModule               	DTC 006 - 4235
А
А12/13/10 15:24:51.078 (1) 720AbsModule               	DTC 007 - 4235
А
А12/13/10 15:24:51.078 (1) 720AbsModule               	