°12/12/01 12:35:04.065 logport/LogPortDrv   Enter ResManagerBase::ParseCommandLine
°

°12/12/02 12:35:04.065 logport/LogPortDrv   -e
°

°02/12/02 12:35:04.065 logport/LogPortDrv   -v 10
°

°07/31/02 12:35:14.680 logport/Necklace     Limited duration over drop zone
°

°12/12/02 12:35:15.182 logport/Bracelet     dr strangelove
°

°12/12/02 12:35:18.446 serialport/Pendant   RX 1 bytes of data: ;
°

°12/12/02 12:35:18.466 logport/Pendant      RX 1 bytes of data: l
°

°03/30/02 00:01:01.001 deerelake/phishswims This is supposed to be an intelligible and useful message for testing the validity of the ServerLogFormat.  Your mileage may vary. °

°03/30/02 00:01:01.123 who                  lots of whitespace in this one. °
°12/12/12 12:12:12.012                      hah.  what happens if there is no who? °
°11/11/11 11:11:11.011 w1                   °
°11/11/11 11:11:11.015 w2                    °

°05/05/20 00:00:00.000 novel/approach1      And so begins a really long and rambling line in the log destined to take advantage of the fact that these message fields have a variable length available to them.  This should be considered a completely legal line, and thus it should parse properly forthwith.                         Annoying whitespace break                                                                                                           More annoying whitespace.°
