!!!REDIRECTED TO FALLBACK STREAM!!!
!!!REDIRECTED TO FALLBACK STREAM!!!
java.library.path=E:\\home\\branches\\Toyota\\CCRT\\Burke_PorterCCRT
Proxy server should be running
Starting thread for proxyServer
Starting client accepts
useUNCProperty is false
useUNCBool is false
!!!REDIRECTED TO FALLBACK STREAM!!!
!!!REDIRECTED TO FALLBACK STREAM!!!
!!!REDIRECTED TO FALLBACK STREAM!!!
!!!REDIRECTED TO FALLBACK STREAM!!!
!!!REDIRECTED TO FALLBACK STREAM!!!
!!!REDIRECTED TO FALLBACK STREAM!!!
!!!REDIRECTED TO FALLBACK STREAM!!!
!!!REDIRECTED TO FALLBACK STREAM!!!
!!!REDIRECTED TO FALLBACK STREAM!!!
!!!REDIRECTED TO FALLBACK STREAM!!!
Last Cable Connected Tag: LastCableConnected
GUIManager.creeateScreens: clickToExit=false
image path is D:\Subversion\Ccrt\branches\Common3700\Source\Toyota\Burke_PorterCCRT\resources\local/null
image path is D:\Subversion\Ccrt\branches\Common3700\Source\Toyota\Burke_PorterCCRT\resources\local/null
The background color has been set to white
image path is D:\Subversion\Ccrt\branches\Common3700\Source\Toyota\Burke_PorterCCRT\resources\local/null
userTickMarks is 0
userTickMarks is 0
serverAddress is 192.168.47.132
ndbConfigLocalPath is D:\Subversion\Ccrt\branches\Common3700\Source\Toyota\Burke_PorterCCRT\resources\local/ndbconfig/NDBConfig.xml
useUNCProperty is false
useUNCBool is false
!!!REDIRECTED TO FALLBACK STREAM!!!
!!!REDIRECTED TO FALLBACK STREAM!!!
RESULT TAG value in TestResultViewer: TestResultToPrint
START CALLED FOR testresultviewer: tag: TestResultToPrint, role: value, rate: 0, type: Subscribe
Adding brokerName MachineDataBroker to set for tag TestResultToPrint
userTickMarks is 0
!!!REDIRECTED TO FALLBACK STREAM!!!
!!!REDIRECTED TO FALLBACK STREAM!!!
Processing pendingClientMap for broker MachineDataBroker
Opening new connection to server <==================================================
!!!REDIRECTED TO FALLBACK STREAM!!!
!!!REDIRECTED TO FALLBACK STREAM!!!
Interrupting t and closing server and clients
!!!REDIRECTED TO FALLBACK STREAM!!!
!!!REDIRECTED TO FALLBACK STREAM!!!
!!!REDIRECTED TO FALLBACK STREAM!!!
!!!REDIRECTED TO FALLBACK STREAM!!!
!!!REDIRECTED TO FALLBACK STREAM!!!
!!!REDIRECTED TO FALLBACK STREAM!!!
!!!REDIRECTED TO FALLBACK STREAM!!!
!!!REDIRECTED TO FALLBACK STREAM!!!
!!!REDIRECTED TO FALLBACK STREAM!!!
!!!REDIRECTED TO FALLBACK STREAM!!!
!!!REDIRECTED TO FALLBACK STREAM!!!
!!!REDIRECTED TO FALLBACK STREAM!!!
!!!REDIRECTED TO FALLBACK STREAM!!!
!!!REDIRECTED TO FALLBACK STREAM!!!
!!!REDIRECTED TO FALLBACK STREAM!!!
!!!REDIRECTED TO FALLBACK STREAM!!!
Starting license warning model
Starting license fatal model
Starting Server ID model
!!!REDIRECTED TO FALLBACK STREAM!!!
!!!REDIRECTED TO FALLBACK STREAM!!!
!!!REDIRECTED TO FALLBACK STREAM!!!
!!!REDIRECTED TO FALLBACK STREAM!!!
!!!REDIRECTED TO FALLBACK STREAM!!!
!!!REDIRECTED TO FALLBACK STREAM!!!
!!!REDIRECTED TO FALLBACK STREAM!!!
!!!REDIRECTED TO FALLBACK STREAM!!!
Stopping thread for proxyServer
!!!REDIRECTED TO FALLBACK STREAM!!!
!!!REDIRECTED TO FALLBACK STREAM!!!
!!!REDIRECTED TO FALLBACK STREAM!!!
!!!REDIRECTED TO FALLBACK STREAM!!!
!!!REDIRECTED TO FALLBACK STREAM!!!
!!!REDIRECTED TO FALLBACK STREAM!!!
!!!REDIRECTED TO FALLBACK STREAM!!!
!!!REDIRECTED TO FALLBACK STREAM!!!
!!!REDIRECTED TO FALLBACK STREAM!!!
!!!REDIRECTED TO FALLBACK STREAM!!!
!!!REDIRECTED TO FALLBACK STREAM!!!
!!!REDIRECTED TO FALLBACK STREAM!!!
!!!REDIRECTED TO FALLBACK STREAM!!!
!!!REDIRECTED TO FALLBACK STREAM!!!
!!!REDIRECTED TO FALLBACK STREAM!!!
!!!REDIRECTED TO FALLBACK STREAM!!!
!!!REDIRECTED TO FALLBACK STREAM!!!
!!!REDIRECTED TO FALLBACK STREAM!!!
!!!REDIRECTED TO FALLBACK STREAM!!!
!!!REDIRECTED TO FALLBACK STREAM!!!
!!!REDIRECTED TO FALLBACK STREAM!!!
!!!REDIRECTED TO FALLBACK STREAM!!!
!!!REDIRECTED TO FALLBACK STREAM!!!
!!!REDIRECTED TO FALLBACK STREAM!!!
!!!REDIRECTED TO FALLBACK STREAM!!!
!!!REDIRECTED TO FALLBACK STREAM!!!
!!!REDIRECTED TO FALLBACK STREAM!!!
!!!REDIRECTED TO FALLBACK STREAM!!!
!!!REDIRECTED TO FALLBACK STREAM!!!
!!!REDIRECTED TO FALLBACK STREAM!!!
!!!REDIRECTED TO FALLBACK STREAM!!!
!!!REDIRECTED TO FALLBACK STREAM!!!
!!!REDIRECTED TO FALLBACK STREAM!!!
!!!REDIRECTED TO FALLBACK STREAM!!!
!!!REDIRECTED TO FALLBACK STREAM!!!
!!!REDIRECTED TO FALLBACK STREAM!!!
!!!REDIRECTED TO FALLBACK STREAM!!!
!!!REDIRECTED TO FALLBACK STREAM!!!
!!!REDIRECTED TO FALLBACK STREAM!!!
!!!REDIRECTED TO FALLBACK STREAM!!!
!!!REDIRECTED TO FALLBACK STREAM!!!
!!!REDIRECTED TO FALLBACK STREAM!!!
!!!REDIRECTED TO FALLBACK STREAM!!!
!!!REDIRECTED TO FALLBACK STREAM!!!
!!!REDIRECTED TO FALLBACK STREAM!!!
!!!REDIRECTED TO FALLBACK STREAM!!!
!!!REDIRECTED TO FALLBACK STREAM!!!
!!!REDIRECTED TO FALLBACK STREAM!!!
!!!REDIRECTED TO FALLBACK STREAM!!!
!!!REDIRECTED TO FALLBACK STREAM!!!
!!!REDIRECTED TO FALLBACK STREAM!!!
!!!REDIRECTED TO FALLBACK STREAM!!!
!!!REDIRECTED TO FALLBACK STREAM!!!
!!!REDIRECTED TO FALLBACK STREAM!!!
!!!REDIRECTED TO FALLBACK STREAM!!!
!!!REDIRECTED TO FALLBACK STREAM!!!
!!!REDIRECTED TO FALLBACK STREAM!!!
!!!REDIRECTED TO FALLBACK STREAM!!!
!!!REDIRECTED TO FALLBACK STREAM!!!
!!!REDIRECTED TO FALLBACK STREAM!!!
!!!REDIRECTED TO FALLBACK STREAM!!!
!!!REDIRECTED TO FALLBACK STREAM!!!
!!!REDIRECTED TO FALLBACK STREAM!!!
!!!REDIRECTED TO FALLBACK STREAM!!!
!!!REDIRECTED TO FALLBACK STREAM!!!
!!!REDIRECTED TO FALLBACK STREAM!!!
!!!REDIRECTED TO FALLBACK STREAM!!!
!!!REDIRECTED TO FALLBACK STREAM!!!
!!!REDIRECTED TO FALLBACK STREAM!!!
!!!REDIRECTED TO FALLBACK STREAM!!!
!!!REDIRECTED TO FALLBACK STREAM!!!
!!!REDIRECTED TO FALLBACK STREAM!!!
!!!REDIRECTED TO FALLBACK STREAM!!!
!!!REDIRECTED TO FALLBACK STREAM!!!
!!!REDIRECTED TO FALLBACK STREAM!!!
!!!REDIRECTED TO FALLBACK STREAM!!!
!!!REDIRECTED TO FALLBACK STREAM!!!
!!!REDIRECTED TO FALLBACK STREAM!!!
!!!REDIRECTED TO FALLBACK STREAM!!!
!!!REDIRECTED TO FALLBACK STREAM!!!
!!!REDIRECTED TO FALLBACK STREAM!!!
!!!REDIRECTED TO FALLBACK STREAM!!!
!!!REDIRECTED TO FALLBACK STREAM!!!
!!!REDIRECTED TO FALLBACK STREAM!!!
!!!REDIRECTED TO FALLBACK STREAM!!!
!!!REDIRECTED TO FALLBACK STREAM!!!
!!!REDIRECTED TO FALLBACK STREAM!!!
!!!REDIRECTED TO FALLBACK STREAM!!!
!!!REDIRECTED TO FALLBACK STREAM!!!
!!!REDIRECTED TO FALLBACK STREAM!!!
!!!REDIRECTED TO FALLBACK STREAM!!!
!!!REDIRECTED TO FALLBACK STREAM!!!
!!!REDIRECTED TO FALLBACK STREAM!!!
!!!REDIRECTED TO FALLBACK STREAM!!!
!!!REDIRECTED TO FALLBACK STREAM!!!
!!!REDIRECTED TO FALLBACK STREAM!!!
!!!REDIRECTED TO FALLBACK STREAM!!!
!!!REDIRECTED TO FALLBACK STREAM!!!
!!!REDIRECTED TO FALLBACK STREAM!!!
!!!REDIRECTED TO FALLBACK STREAM!!!
!!!REDIRECTED TO FALLBACK STREAM!!!
!!!REDIRECTED TO FALLBACK STREAM!!!
!!!REDIRECTED TO FALLBACK STREAM!!!
!!!REDIRECTED TO FALLBACK STREAM!!!
!!!REDIRECTED TO FALLBACK STREAM!!!
!!!REDIRECTED TO FALLBACK STREAM!!!
!!!REDIRECTED TO FALLBACK STREAM!!!
!!!REDIRECTED TO FALLBACK STREAM!!!
!!!REDIRECTED TO FALLBACK STREAM!!!
!!!REDIRECTED TO FALLBACK STREAM!!!
!!!REDIRECTED TO FALLBACK STREAM!!!
!!!REDIRECTED TO FALLBACK STREAM!!!
!!!REDIRECTED TO FALLBACK STREAM!!!
!!!REDIRECTED TO FALLBACK STREAM!!!
!!!REDIRECTED TO FALLBACK STREAM!!!
!!!REDIRECTED TO FALLBACK STREAM!!!
!!!REDIRECTED TO FALLBACK STREAM!!!
!!!REDIRECTED TO FALLBACK STREAM!!!
Stopping thread for proxyServer
CCRT shutting down.
