10:20:46.656 EVENT  Checking Resource aliases
10:20:46.671 EVENT  Starting Jetty/3.1.5
10:20:46.671 EVENT  Started ServletHandler in ServletHandlerContext[/]
10:20:46.671 EVENT  ResourceHandler started in file:/C:/Burke_PorterCCRT/resources/local/httproot
10:20:46.671 EVENT  Started ResourceHandler in ServletHandlerContext[/]
10:20:46.687 EVENT  Started SocketListener on 169.254.244.118:10080
10:20:46.687 EVENT  Started SocketListener on 127.0.0.1:10080
10:20:46.687 EVENT  Started org.mortbay.jetty.Server@1fcc0a2
Property label.blank.text cannot be localized because  the property exists in /com/bepco/rtc/properties/CRTPanelLabels.constants.
Property label.blank.text cannot be localized because  the property exists in /com/bepco/rtc/properties/CRTPanelLabels.constants.
java.io.IOException: /home/ftp/Configuration/Servers/VehicleBuildRecord.xml: No such file or directory.
	at com.atomicobject.net.www.protocol.ftp.FTPURLConnection.getInputStream(FTPURLConnection.java:135)
	at java.net.URL.openStream(Unknown Source)
	at com.bepco.io.URLRemoteFile.getInputStream(URLRemoteFile.java:49)
	at com.bepco.rtc.gui.config.VehicleBuildRecordConfiguration.<init>(VehicleBuildRecordConfiguration.java:64)
	at sun.reflect.NativeConstructorAccessorImpl.newInstance0(Native Method)
	at sun.reflect.NativeConstructorAccessorImpl.newInstance(Unknown Source)
	at sun.reflect.DelegatingConstructorAccessorImpl.newInstance(Unknown Source)
	at java.lang.reflect.Constructor.newInstance(Unknown Source)
	at com.bepco.rtc.builder.ConfigurationManagerBuilder.buildConfigItemsFromResource(ConfigurationManagerBuilder.java:315)
	at com.bepco.rtc.builder.ConfigurationManagerBuilder.getConfigPanelItems(ConfigurationManagerBuilder.java:188)
	at com.bepco.rtc.builder.ConfigurationManagerBuilder.buildConfigurationManager(ConfigurationManagerBuilder.java:125)
	at com.bepco.rtc.builder.GUIBuilder.addConfigurationPanel(GUIBuilder.java:546)
	at com.bepco.rtc.builder.GUIBuilder.buildGUIManager(GUIBuilder.java:81)
	at com.bepco.rtc.builder.ControllerBuilder.addGUIManager(ControllerBuilder.java:293)
	at com.bepco.rtc.builder.ControllerBuilder.buildController(ControllerBuilder.java:111)
	at com.bepco.rtc.Main$1.run(Main.java:568)
	at java.awt.event.InvocationEvent.dispatch(Unknown Source)
	at java.awt.EventQueue.dispatchEvent(Unknown Source)
	at java.awt.EventDispatchThread.pumpOneEventForHierarchy(Unknown Source)
	at java.awt.EventDispatchThread.pumpEventsForHierarchy(Unknown Source)
	at java.awt.EventDispatchThread.pumpEvents(Unknown Source)
	at java.awt.EventDispatchThread.pumpEvents(Unknown Source)
	at java.awt.EventDispatchThread.run(Unknown Source)
java.io.IOException: /home/ftp/Configuration/Client/WheelbaseConfig.xml: No such file or directory.
	at com.atomicobject.net.www.protocol.ftp.FTPURLConnection.getInputStream(FTPURLConnection.java:135)
	at java.net.URL.openStream(Unknown Source)
	at com.bepco.io.URLRemoteFile.getInputStream(URLRemoteFile.java:49)
	at com.bepco.rtc.gui.config.WheelbaseConfigModel.load(WheelbaseConfigModel.java:172)
	at com.bepco.rtc.gui.config.WheelbaseConfigModel.<init>(WheelbaseConfigModel.java:115)
	at com.bepco.rtc.gui.config.WheelbaseConfiguration.getConfigComponent(WheelbaseConfiguration.java:151)
	at com.bepco.rtc.gui.config.BaseConfiguration.displayChild(BaseConfiguration.java:202)
	at com.bepco.rtc.builder.ConfigurationManagerBuilder.buildConfigItemsFromResource(ConfigurationManagerBuilder.java:353)
	at com.bepco.rtc.builder.ConfigurationManagerBuilder.getConfigPanelItems(ConfigurationManagerBuilder.java:188)
	at com.bepco.rtc.builder.ConfigurationManagerBuilder.buildConfigurationManager(ConfigurationManagerBuilder.java:125)
	at com.bepco.rtc.builder.GUIBuilder.addConfigurationPanel(GUIBuilder.java:546)
	at com.bepco.rtc.builder.GUIBuilder.buildGUIManager(GUIBuilder.java:81)
	at com.bepco.rtc.builder.ControllerBuilder.addGUIManager(ControllerBuilder.java:293)
	at com.bepco.rtc.builder.ControllerBuilder.buildController(ControllerBuilder.java:111)
	at com.bepco.rtc.Main$1.run(Main.java:568)
	at java.awt.event.InvocationEvent.dispatch(Unknown Source)
	at java.awt.EventQueue.dispatchEvent(Unknown Source)
	at java.awt.EventDispatchThread.pumpOneEventForHierarchy(Unknown Source)
	at java.awt.EventDispatchThread.pumpEventsForHierarchy(Unknown Source)
	at java.awt.EventDispatchThread.pumpEvents(Unknown Source)
	at java.awt.EventDispatchThread.pumpEvents(Unknown Source)
	at java.awt.EventDispatchThread.run(Unknown Source)
java.io.IOException: /home/ftp/Configuration/Servers/VehicleBuildTable.xml: No such file or directory.
	at com.atomicobject.net.www.protocol.ftp.FTPURLConnection.getInputStream(FTPURLConnection.java:135)
	at java.net.URL.openStream(Unknown Source)
	at com.bepco.io.URLRemoteFile.getInputStream(URLRemoteFile.java:49)
	at com.bepco.rtc.gui.config.ZtsConfiguration.readZtsFromXML(ZtsConfiguration.java:865)
	at com.bepco.rtc.gui.config.ZtsConfiguration.getConfigComponent(ZtsConfiguration.java:204)
	at com.bepco.rtc.gui.config.BaseConfiguration.displayChild(BaseConfiguration.java:202)
	at com.bepco.rtc.builder.ConfigurationManagerBuilder.buildConfigItemsFromResource(ConfigurationManagerBuilder.java:353)
	at com.bepco.rtc.builder.ConfigurationManagerBuilder.getConfigPanelItems(ConfigurationManagerBuilder.java:188)
	at com.bepco.rtc.builder.ConfigurationManagerBuilder.buildConfigurationManager(ConfigurationManagerBuilder.java:125)
	at com.bepco.rtc.builder.GUIBuilder.addConfigurationPanel(GUIBuilder.java:546)
	at com.bepco.rtc.builder.GUIBuilder.buildGUIManager(GUIBuilder.java:81)
	at com.bepco.rtc.builder.ControllerBuilder.addGUIManager(ControllerBuilder.java:293)
	at com.bepco.rtc.builder.ControllerBuilder.buildController(ControllerBuilder.java:111)
	at com.bepco.rtc.Main$1.run(Main.java:568)
	at java.awt.event.InvocationEvent.dispatch(Unknown Source)
	at java.awt.EventQueue.dispatchEvent(Unknown Source)
	at java.awt.EventDispatchThread.pumpOneEventForHierarchy(Unknown Source)
	at java.awt.EventDispatchThread.pumpEventsForHierarchy(Unknown Source)
	at java.awt.EventDispatchThread.pumpEvents(Unknown Source)
	at java.awt.EventDispatchThread.pumpEvents(Unknown Source)
	at java.awt.EventDispatchThread.run(Unknown Source)
com.bepco.io.ClientConnectionException: Could not Create Client
	at com.bepco.rtc.io.RTCFileProxy.<init>(RTCFileProxy.java:131)
	at com.bepco.rtc.gui.config.NdbConfiguration.<init>(NdbConfiguration.java:144)
	at sun.reflect.NativeConstructorAccessorImpl.newInstance0(Native Method)
	at sun.reflect.NativeConstructorAccessorImpl.newInstance(Unknown Source)
	at sun.reflect.DelegatingConstructorAccessorImpl.newInstance(Unknown Source)
	at java.lang.reflect.Constructor.newInstance(Unknown Source)
	at com.bepco.rtc.builder.ConfigurationManagerBuilder.buildConfigItemsFromResource(ConfigurationManagerBuilder.java:315)
	at com.bepco.rtc.builder.ConfigurationManagerBuilder.getConfigPanelItems(ConfigurationManagerBuilder.java:188)
	at com.bepco.rtc.builder.ConfigurationManagerBuilder.buildConfigurationManager(ConfigurationManagerBuilder.java:125)
	at com.bepco.rtc.builder.GUIBuilder.addConfigurationPanel(GUIBuilder.java:546)
	at com.bepco.rtc.builder.GUIBuilder.buildGUIManager(GUIBuilder.java:81)
	at com.bepco.rtc.builder.ControllerBuilder.addGUIManager(ControllerBuilder.java:293)
	at com.bepco.rtc.builder.ControllerBuilder.buildController(ControllerBuilder.java:111)
	at com.bepco.rtc.Main$1.run(Main.java:568)
	at java.awt.event.InvocationEvent.dispatch(Unknown Source)
	at java.awt.EventQueue.dispatchEvent(Unknown Source)
	at java.awt.EventDispatchThread.pumpOneEventForHierarchy(Unknown Source)
	at java.awt.EventDispatchThread.pumpEventsForHierarchy(Unknown Source)
	at java.awt.EventDispatchThread.pumpEvents(Unknown Source)
	at java.awt.EventDispatchThread.pumpEvents(Unknown Source)
	at java.awt.EventDispatchThread.run(Unknown Source)
Caused by: com.bepco.rtc.io.ClientInstantiationException: java.lang.reflect.InvocationTargetException
	at com.bepco.rtc.io.RTCFileProxy.getClient(RTCFileProxy.java:516)
	at com.bepco.rtc.io.RTCFileProxy.<init>(RTCFileProxy.java:116)
	... 20 more
Caused by: java.lang.reflect.InvocationTargetException
	at sun.reflect.NativeConstructorAccessorImpl.newInstance0(Native Method)
	at sun.reflect.NativeConstructorAccessorImpl.newInstance(Unknown Source)
	at sun.reflect.DelegatingConstructorAccessorImpl.newInstance(Unknown Source)
	at java.lang.reflect.Constructor.newInstance(Unknown Source)
	at com.bepco.rtc.io.RTCFileProxy.getClient(RTCFileProxy.java:509)
	... 21 more
Caused by: java.net.ConnectException: Connection refused: connect
	at java.net.PlainSocketImpl.socketConnect(Native Method)
	at java.net.PlainSocketImpl.doConnect(Unknown Source)
	at java.net.PlainSocketImpl.connectToAddress(Unknown Source)
	at java.net.PlainSocketImpl.connect(Unknown Source)
	at java.net.Socket.connect(Unknown Source)
	at java.net.Socket.connect(Unknown Source)
	at java.net.Socket.<init>(Unknown Source)
	at java.net.Socket.<init>(Unknown Source)
	at com.enterprisedt.net.ftp.FTPControlSocket.<init>(FTPControlSocket.java:207)
	at com.enterprisedt.net.ftp.FTPClient.<init>(FTPClient.java:520)
	at com.enterprisedt.net.ftp.FTPClient.<init>(FTPClient.java:501)
	... 26 more
SafeTrimmedResourceBundle: key not found: configpanel.label.log
Apr 26, 2011 10:20:52 AM java.util.jar.Attributes read
WARNING: Duplicate name in Manifest: Depends-On
Apr 26, 2011 10:20:52 AM java.util.jar.Attributes read
WARNING: Duplicate name in Manifest: Depends-On
Apr 26, 2011 10:20:52 AM java.util.jar.Attributes read
WARNING: Duplicate name in Manifest: Depends-On
Apr 26, 2011 10:20:52 AM java.util.jar.Attributes read
WARNING: Duplicate name in Manifest: Depends-On
Apr 26, 2011 10:20:52 AM java.util.jar.Attributes read
WARNING: Duplicate name in Manifest: Depends-On
Apr 26, 2011 10:20:52 AM java.util.jar.Attributes read
WARNING: Duplicate name in Manifest: Depends-On
Apr 26, 2011 10:20:52 AM java.util.jar.Attributes read
WARNING: Duplicate name in Manifest: Depends-On
Apr 26, 2011 10:20:52 AM java.util.jar.Attributes read
WARNING: Duplicate name in Manifest: Depends-On
Apr 26, 2011 10:20:52 AM java.util.jar.Attributes read
WARNING: Duplicate name in Manifest: Depends-On
Apr 26, 2011 10:20:52 AM java.util.jar.Attributes read
WARNING: Duplicate name in Manifest: Depends-On
Apr 26, 2011 10:20:52 AM java.util.jar.Attributes read
WARNING: Duplicate name in Manifest: Depends-On
Apr 26, 2011 10:20:52 AM java.util.jar.Attributes read
WARNING: Duplicate name in Manifest: Depends-On
Apr 26, 2011 10:20:52 AM java.util.jar.Attributes read
WARNING: Duplicate name in Manifest: Depends-On
Apr 26, 2011 10:20:52 AM java.util.jar.Attributes read
WARNING: Duplicate name in Manifest: Depends-On
Apr 26, 2011 10:20:52 AM java.util.jar.Attributes read
WARNING: Duplicate name in Manifest: Depends-On
Apr 26, 2011 10:20:52 AM java.util.jar.Attributes read
WARNING: Duplicate name in Manifest: Depends-On
Apr 26, 2011 10:20:52 AM java.util.jar.Attributes read
WARNING: Duplicate name in Manifest: Depends-On
Apr 26, 2011 10:20:52 AM java.util.jar.Attributes read
WARNING: Duplicate name in Manifest: Depends-On
Apr 26, 2011 10:20:52 AM java.util.jar.Attributes read
WARNING: Duplicate name in Manifest: Depends-On
Apr 26, 2011 10:20:52 AM java.util.jar.Attributes read
WARNING: Duplicate name in Manifest: Depends-On
Apr 26, 2011 10:20:52 AM java.util.jar.Attributes read
WARNING: Duplicate name in Manifest: Depends-On
Apr 26, 2011 10:20:52 AM java.util.jar.Attributes read
WARNING: Duplicate name in Manifest: Depends-On
Apr 26, 2011 10:20:52 AM java.util.jar.Attributes read
WARNING: Duplicate name in Manifest: Depends-On
Apr 26, 2011 10:20:52 AM java.util.jar.Attributes read
WARNING: Duplicate name in Manifest: Depends-On
Apr 26, 2011 10:20:52 AM java.util.jar.Attributes read
WARNING: Duplicate name in Manifest: Depends-On
Apr 26, 2011 10:20:52 AM java.util.jar.Attributes read
WARNING: Duplicate name in Manifest: Depends-On
Apr 26, 2011 10:20:52 AM java.util.jar.Attributes read
WARNING: Duplicate name in Manifest: Depends-On
Apr 26, 2011 10:20:52 AM java.util.jar.Attributes read
WARNING: Duplicate name in Manifest: Depends-On
Apr 26, 2011 10:20:52 AM java.util.jar.Attributes read
WARNING: Duplicate name in Manifest: Depends-On
Apr 26, 2011 10:20:52 AM java.util.jar.Attributes read
WARNING: Duplicate name in Manifest: Depends-On
Apr 26, 2011 10:20:52 AM java.util.jar.Attributes read
WARNING: Duplicate name in Manifest: Depends-On
Apr 26, 2011 10:20:52 AM java.util.jar.Attributes read
WARNING: Duplicate name in Manifest: Depends-On
Apr 26, 2011 10:20:52 AM java.util.jar.Attributes read
WARNING: Duplicate name in Manifest: Depends-On
Apr 26, 2011 10:20:52 AM java.util.jar.Attributes read
WARNING: Duplicate name in Manifest: Depends-On
Apr 26, 2011 10:20:52 AM java.util.jar.Attributes read
WARNING: Duplicate name in Manifest: Depends-On
Apr 26, 2011 10:20:52 AM java.util.jar.Attributes read
WARNING: Duplicate name in Manifest: Depends-On
Apr 26, 2011 10:20:52 AM java.util.jar.Attributes read
WARNING: Duplicate name in Manifest: Depends-On
Apr 26, 2011 10:20:52 AM java.util.jar.Attributes read
WARNING: Duplicate name in Manifest: Depends-On
Apr 26, 2011 10:20:52 AM java.util.jar.Attributes read
WARNING: Duplicate name in Manifest: Depends-On
Apr 26, 2011 10:20:52 AM java.util.jar.Attributes read
WARNING: Duplicate name in Manifest: Depends-On
Apr 26, 2011 10:20:52 AM java.util.jar.Attributes read
WARNING: Duplicate name in Manifest: Depends-On
Apr 26, 2011 10:20:52 AM java.util.jar.Attributes read
WARNING: Duplicate name in Manifest: Depends-On
Apr 26, 2011 10:20:52 AM java.util.jar.Attributes read
WARNING: Duplicate name in Manifest: Depends-On
Apr 26, 2011 10:20:52 AM java.util.jar.Attributes read
WARNING: Duplicate name in Manifest: Depends-On
Apr 26, 2011 10:20:52 AM java.util.jar.Attributes read
WARNING: Duplicate name in Manifest: Depends-On
Apr 26, 2011 10:20:52 AM java.util.jar.Attributes read
WARNING: Duplicate name in Manifest: Depends-On
Apr 26, 2011 10:20:52 AM java.util.jar.Attributes read
WARNING: Duplicate name in Manifest: Depends-On
Apr 26, 2011 10:20:52 AM java.util.jar.Attributes read
WARNING: Duplicate name in Manifest: Depends-On
Apr 26, 2011 10:20:52 AM java.util.jar.Attributes read
WARNING: Duplicate name in Manifest: Depends-On
Apr 26, 2011 10:20:52 AM java.util.jar.Attributes read
WARNING: Duplicate name in Manifest: Depends-On
Apr 26, 2011 10:20:52 AM java.util.jar.Attributes read
WARNING: Duplicate name in Manifest: Depends-On
Apr 26, 2011 10:20:52 AM java.util.jar.Attributes read
WARNING: Duplicate name in Manifest: Depends-On
Apr 26, 2011 10:20:52 AM java.util.jar.Attributes read
WARNING: Duplicate name in Manifest: Depends-On
Apr 26, 2011 10:20:52 AM java.util.jar.Attributes read
WARNING: Duplicate name in Manifest: Depends-On
Apr 26, 2011 10:20:52 AM java.util.jar.Attributes read
WARNING: Duplicate name in Manifest: Depends-On
Apr 26, 2011 10:20:52 AM java.util.jar.Attributes read
WARNING: Duplicate name in Manifest: Depends-On
Apr 26, 2011 10:20:52 AM java.util.jar.Attributes read
WARNING: Duplicate name in Manifest: Depends-On
Apr 26, 2011 10:20:52 AM java.util.jar.Attributes read
WARNING: Duplicate name in Manifest: Depends-On
Apr 26, 2011 10:20:52 AM java.util.jar.Attributes read
WARNING: Duplicate name in Manifest: Depends-On
Apr 26, 2011 10:20:52 AM java.util.jar.Attributes read
WARNING: Duplicate name in Manifest: Depends-On
Apr 26, 2011 10:20:52 AM java.util.jar.Attributes read
WARNING: Duplicate name in Manifest: Depends-On
Apr 26, 2011 10:20:52 AM java.util.jar.Attributes read
WARNING: Duplicate name in Manifest: Depends-On
Apr 26, 2011 10:20:52 AM java.util.jar.Attributes read
WARNING: Duplicate name in Manifest: Depends-On
Apr 26, 2011 10:20:52 AM java.util.jar.Attributes read
WARNING: Duplicate name in Manifest: Depends-On
Apr 26, 2011 10:20:52 AM java.util.jar.Attributes read
WARNING: Duplicate name in Manifest: Depends-On
Apr 26, 2011 10:20:52 AM java.util.jar.Attributes read
WARNING: Duplicate name in Manifest: Depends-On
Apr 26, 2011 10:20:52 AM java.util.jar.Attributes read
WARNING: Duplicate name in Manifest: Depends-On
Apr 26, 2011 10:20:52 AM java.util.jar.Attributes read
WARNING: Duplicate name in Manifest: Depends-On
Apr 26, 2011 10:20:52 AM java.util.jar.Attributes read
WARNING: Duplicate name in Manifest: Depends-On
Apr 26, 2011 10:20:52 AM java.util.jar.Attributes read
WARNING: Duplicate name in Manifest: Depends-On
Apr 26, 2011 10:20:52 AM java.util.jar.Attributes read
WARNING: Duplicate name in Manifest: Depends-On
Apr 26, 2011 10:20:52 AM java.util.jar.Attributes read
WARNING: Duplicate name in Manifest: Depends-On
Apr 26, 2011 10:20:52 AM java.util.jar.Attributes read
WARNING: Duplicate name in Manifest: Depends-On
Apr 26, 2011 10:20:52 AM java.util.jar.Attributes read
WARNING: Duplicate name in Manifest: Depends-On
Apr 26, 2011 10:20:52 AM java.util.jar.Attributes read
WARNING: Duplicate name in Manifest: Depends-On
Apr 26, 2011 10:20:52 AM java.util.jar.Attributes read
WARNING: Duplicate name in Manifest: Depends-On
Apr 26, 2011 10:20:52 AM java.util.jar.Attributes read
WARNING: Duplicate name in Manifest: Depends-On
Apr 26, 2011 10:20:52 AM java.util.jar.Attributes read
WARNING: Duplicate name in Manifest: Depends-On
Apr 26, 2011 10:20:52 AM java.util.jar.Attributes read
WARNING: Duplicate name in Manifest: Depends-On
Apr 26, 2011 10:20:52 AM java.util.jar.Attributes read
WARNING: Duplicate name in Manifest: Depends-On
Apr 26, 2011 10:20:52 AM java.util.jar.Attributes read
WARNING: Duplicate name in Manifest: Depends-On
Apr 26, 2011 10:20:52 AM java.util.jar.Attributes read
WARNING: Duplicate name in Manifest: Depends-On
Apr 26, 2011 10:20:52 AM java.util.jar.Attributes read
WARNING: Duplicate name in Manifest: Depends-On
Apr 26, 2011 10:20:52 AM java.util.jar.Attributes read
WARNING: Duplicate name in Manifest: Depends-On
Apr 26, 2011 10:20:52 AM java.util.jar.Attributes read
WARNING: Duplicate name in Manifest: Depends-On
Apr 26, 2011 10:20:52 AM java.util.jar.Attributes read
WARNING: Duplicate name in Manifest: Depends-On
Apr 26, 2011 10:20:52 AM java.util.jar.Attributes read
WARNING: Duplicate name in Manifest: Depends-On
SafeTrimmedResourceBundle: key not found: server.address
java.io.IOException: /home/ftp/core/DataServer: No such file or directory.
	at com.atomicobject.net.www.protocol.ftp.FTPURLConnection.getInputStream(FTPURLConnection.java:135)
	at java.net.URL.openStream(Unknown Source)
	at com.bepco.io.URLRemoteFile.getInputStream(URLRemoteFile.java:49)
	at com.bepco.rtc.ReportManager.loadTestResults(ReportManager.java:647)
	at com.bepco.rtc.ReportManager.handleReprintResultsEvent(ReportManager.java:485)
	at com.bepco.rtc.ReportManager.stateChanged(ReportManager.java:377)
	at com.bepco.data.XMLDataModel.fireDataReceived(XMLDataModel.java:794)
	at com.bepco.data.XMLDataModel.handleInitialReply(XMLDataModel.java:1227)
	at com.bepco.data.XMLDataModel.openDataSource(XMLDataModel.java:993)
	at com.bepco.data.XMLDataModel.run(XMLDataModel.java:1272)
	at java.lang.Thread.run(Unknown Source)
Result Document was not loaded, could not print report.
Document [core/DataServer] was not loaded, could not print ticket.
java.io.IOException: /home/ftp/core/DataServer: No such file or directory.
	at com.atomicobject.net.www.protocol.ftp.FTPURLConnection.getInputStream(FTPURLConnection.java:135)
	at java.net.URL.openStream(Unknown Source)
	at com.bepco.io.URLRemoteFile.getInputStream(URLRemoteFile.java:49)
	at com.bepco.rtc.ReportManager.loadTestResults(ReportManager.java:647)
	at com.bepco.rtc.ReportManager.handleReprintResultsEvent(ReportManager.java:485)
	at com.bepco.rtc.ReportManager.stateChanged(ReportManager.java:377)
	at com.bepco.data.XMLDataModel.fireDataReceived(XMLDataModel.java:794)
	at com.bepco.data.XMLDataModel.handleInitialReply(XMLDataModel.java:1227)
	at com.bepco.data.XMLDataModel.openDataSource(XMLDataModel.java:993)
	at com.bepco.data.XMLDataModel.run(XMLDataModel.java:1272)
	at java.lang.Thread.run(Unknown Source)
Result Document was not loaded, could not print report.
Document [core/DataServer] was not loaded, could not print ticket.
java.io.IOException: /home/ftp/core/DataServer: No such file or directory.
	at com.atomicobject.net.www.protocol.ftp.FTPURLConnection.getInputStream(FTPURLConnection.java:135)
	at java.net.URL.openStream(Unknown Source)
	at com.bepco.io.URLRemoteFile.getInputStream(URLRemoteFile.java:49)
	at com.bepco.rtc.ReportManager.loadTestResults(ReportManager.java:647)
	at com.bepco.rtc.ReportManager.handleReprintResultsEvent(ReportManager.java:485)
	at com.bepco.rtc.ReportManager.stateChanged(ReportManager.java:377)
	at com.bepco.data.XMLDataModel.fireDataReceived(XMLDataModel.java:794)
	at com.bepco.data.XMLDataModel.handleInitialReply(XMLDataModel.java:1227)
	at com.bepco.data.XMLDataModel.openDataSource(XMLDataModel.java:993)
	at com.bepco.data.XMLDataModel.run(XMLDataModel.java:1272)
	at java.lang.Thread.run(Unknown Source)
Result Document was not loaded, could not print report.
Document [core/DataServer] was not loaded, could not print ticket.
java.io.IOException: /home/ftp/core/DataServer: No such file or directory.
	at com.atomicobject.net.www.protocol.ftp.FTPURLConnection.getInputStream(FTPURLConnection.java:135)
	at java.net.URL.openStream(Unknown Source)
	at com.bepco.io.URLRemoteFile.getInputStream(URLRemoteFile.java:49)
	at com.bepco.rtc.ReportManager.loadTestResults(ReportManager.java:647)
	at com.bepco.rtc.ReportManager.handleReprintResultsEvent(ReportManager.java:485)
	at com.bepco.rtc.ReportManager.stateChanged(ReportManager.java:377)
	at com.bepco.data.XMLDataModel.fireDataReceived(XMLDataModel.java:794)
	at com.bepco.data.XMLDataModel.handleInitialReply(XMLDataModel.java:1227)
	at com.bepco.data.XMLDataModel.openDataSource(XMLDataModel.java:993)
	at com.bepco.data.XMLDataModel.run(XMLDataModel.java:1272)
	at java.lang.Thread.run(Unknown Source)
Result Document was not loaded, could not print report.
Document [core/DataServer] was not loaded, could not print ticket.
java.io.IOException: /home/ftp/core/DataServer: No such file or directory.
	at com.atomicobject.net.www.protocol.ftp.FTPURLConnection.getInputStream(FTPURLConnection.java:135)
	at java.net.URL.openStream(Unknown Source)
	at com.bepco.io.URLRemoteFile.getInputStream(URLRemoteFile.java:49)
	at com.bepco.rtc.ReportManager.loadTestResults(ReportManager.java:647)
	at com.bepco.rtc.ReportManager.handleReprintResultsEvent(ReportManager.java:485)
	at com.bepco.rtc.ReportManager.stateChanged(ReportManager.java:377)
	at com.bepco.data.XMLDataModel.fireDataReceived(XMLDataModel.java:794)
	at com.bepco.data.XMLDataModel.handleInitialReply(XMLDataModel.java:1227)
	at com.bepco.data.XMLDataModel.openDataSource(XMLDataModel.java:993)
	at com.bepco.data.XMLDataModel.run(XMLDataModel.java:1296)
	at java.lang.Thread.run(Unknown Source)
Result Document was not loaded, could not print report.
Document [core/DataServer] was not loaded, could not print ticket.
java.io.IOException: /home/ftp/core/DataServer: No such file or directory.
	at com.atomicobject.net.www.protocol.ftp.FTPURLConnection.getInputStream(FTPURLConnection.java:135)
	at java.net.URL.openStream(Unknown Source)
	at com.bepco.io.URLRemoteFile.getInputStream(URLRemoteFile.java:49)
	at com.bepco.rtc.ReportManager.loadTestResults(ReportManager.java:647)
	at com.bepco.rtc.ReportManager.handleReprintResultsEvent(ReportManager.java:485)
	at com.bepco.rtc.ReportManager.stateChanged(ReportManager.java:377)
	at com.bepco.data.XMLDataModel.fireDataReceived(XMLDataModel.java:794)
	at com.bepco.data.XMLDataModel.handleInitialReply(XMLDataModel.java:1227)
	at com.bepco.data.XMLDataModel.openDataSource(XMLDataModel.java:993)
	at com.bepco.data.XMLDataModel.run(XMLDataModel.java:1272)
	at java.lang.Thread.run(Unknown Source)
Result Document was not loaded, could not print report.
Document [core/DataServer] was not loaded, could not print ticket.
java.io.IOException: /home/ftp/core/DataServer: No such file or directory.
	at com.atomicobject.net.www.protocol.ftp.FTPURLConnection.getInputStream(FTPURLConnection.java:135)
	at java.net.URL.openStream(Unknown Source)
	at com.bepco.io.URLRemoteFile.getInputStream(URLRemoteFile.java:49)
	at com.bepco.rtc.ReportManager.loadTestResults(ReportManager.java:647)
	at com.bepco.rtc.ReportManager.handleReprintResultsEvent(ReportManager.java:485)
	at com.bepco.rtc.ReportManager.stateChanged(ReportManager.java:377)
	at com.bepco.data.XMLDataModel.fireDataReceived(XMLDataModel.java:794)
	at com.bepco.data.XMLDataModel.handleInitialReply(XMLDataModel.java:1227)
	at com.bepco.data.XMLDataModel.openDataSource(XMLDataModel.java:993)
	at com.bepco.data.XMLDataModel.run(XMLDataModel.java:1296)
	at java.lang.Thread.run(Unknown Source)
Result Document was not loaded, could not print report.
Document [core/DataServer] was not loaded, could not print ticket.
java.io.IOException: /home/ftp/core/DataServer: No such file or directory.
	at com.atomicobject.net.www.protocol.ftp.FTPURLConnection.getInputStream(FTPURLConnection.java:135)
	at java.net.URL.openStream(Unknown Source)
	at com.bepco.io.URLRemoteFile.getInputStream(URLRemoteFile.java:49)
	at com.bepco.rtc.ReportManager.loadTestResults(ReportManager.java:647)
	at com.bepco.rtc.ReportManager.handleReprintResultsEvent(ReportManager.java:485)
	at com.bepco.rtc.ReportManager.stateChanged(ReportManager.java:377)
	at com.bepco.data.XMLDataModel.fireDataReceived(XMLDataModel.java:794)
	at com.bepco.data.XMLDataModel.handleInitialReply(XMLDataModel.java:1227)
	at com.bepco.data.XMLDataModel.openDataSource(XMLDataModel.java:993)
	at com.bepco.data.XMLDataModel.run(XMLDataModel.java:1272)
	at java.lang.Thread.run(Unknown Source)
Result Document was not loaded, could not print report.
Document [core/DataServer] was not loaded, could not print ticket.
java.io.IOException: /home/ftp/core/DataServer: No such file or directory.
	at com.atomicobject.net.www.protocol.ftp.FTPURLConnection.getInputStream(FTPURLConnection.java:135)
	at java.net.URL.openStream(Unknown Source)
	at com.bepco.io.URLRemoteFile.getInputStream(URLRemoteFile.java:49)
	at com.bepco.rtc.ReportManager.loadTestResults(ReportManager.java:647)
	at com.bepco.rtc.ReportManager.handleReprintResultsEvent(ReportManager.java:485)
	at com.bepco.rtc.ReportManager.stateChanged(ReportManager.java:377)
	at com.bepco.data.XMLDataModel.fireDataReceived(XMLDataModel.java:794)
	at com.bepco.data.XMLDataModel.handleInitialReply(XMLDataModel.java:1227)
	at com.bepco.data.XMLDataModel.openDataSource(XMLDataModel.java:993)
	at com.bepco.data.XMLDataModel.run(XMLDataModel.java:1272)
	at java.lang.Thread.run(Unknown Source)
Result Document was not loaded, could not print report.
Document [core/DataServer] was not loaded, could not print ticket.
java.io.IOException: /home/ftp/core/DataServer: No such file or directory.
	at com.atomicobject.net.www.protocol.ftp.FTPURLConnection.getInputStream(FTPURLConnection.java:135)
	at java.net.URL.openStream(Unknown Source)
	at com.bepco.io.URLRemoteFile.getInputStream(URLRemoteFile.java:49)
	at com.bepco.rtc.ReportManager.loadTestResults(ReportManager.java:647)
	at com.bepco.rtc.ReportManager.handleReprintResultsEvent(ReportManager.java:485)
	at com.bepco.rtc.ReportManager.stateChanged(ReportManager.java:377)
	at com.bepco.data.XMLDataModel.fireDataReceived(XMLDataModel.java:794)
	at com.bepco.data.XMLDataModel.handleInitialReply(XMLDataModel.java:1227)
	at com.bepco.data.XMLDataModel.openDataSource(XMLDataModel.java:993)
	at com.bepco.data.XMLDataModel.run(XMLDataModel.java:1296)
	at java.lang.Thread.run(Unknown Source)
Result Document was not loaded, could not print report.
Document [core/DataServer] was not loaded, could not print ticket.
java.io.IOException: /home/ftp/core/DataServer: No such file or directory.
	at com.atomicobject.net.www.protocol.ftp.FTPURLConnection.getInputStream(FTPURLConnection.java:135)
	at java.net.URL.openStream(Unknown Source)
	at com.bepco.io.URLRemoteFile.getInputStream(URLRemoteFile.java:49)
	at com.bepco.rtc.ReportManager.loadTestResults(ReportManager.java:647)
	at com.bepco.rtc.ReportManager.handleReprintResultsEvent(ReportManager.java:485)
	at com.bepco.rtc.ReportManager.stateChanged(ReportManager.java:377)
	at com.bepco.data.XMLDataModel.fireDataReceived(XMLDataModel.java:794)
	at com.bepco.data.XMLDataModel.handleInitialReply(XMLDataModel.java:1227)
	at com.bepco.data.XMLDataModel.openDataSource(XMLDataModel.java:993)
	at com.bepco.data.XMLDataModel.run(XMLDataModel.java:1272)
	at java.lang.Thread.run(Unknown Source)
Result Document was not loaded, could not print report.
Document [core/DataServer] was not loaded, could not print ticket.
java.io.IOException: /home/ftp/core/DataServer: No such file or directory.
	at com.atomicobject.net.www.protocol.ftp.FTPURLConnection.getInputStream(FTPURLConnection.java:135)
	at java.net.URL.openStream(Unknown Source)
	at com.bepco.io.URLRemoteFile.getInputStream(URLRemoteFile.java:49)
	at com.bepco.rtc.ReportManager.loadTestResults(ReportManager.java:647)
	at com.bepco.rtc.ReportManager.handleReprintResultsEvent(ReportManager.java:485)
	at com.bepco.rtc.ReportManager.stateChanged(ReportManager.java:377)
	at com.bepco.data.XMLDataModel.fireDataReceived(XMLDataModel.java:794)
	at com.bepco.data.XMLDataModel.handleInitialReply(XMLDataModel.java:1227)
	at com.bepco.data.XMLDataModel.openDataSource(XMLDataModel.java:993)
	at com.bepco.data.XMLDataModel.run(XMLDataModel.java:1272)
	at java.lang.Thread.run(Unknown Source)
Result Document was not loaded, could not print report.
Document [core/DataServer] was not loaded, could not print ticket.
java.io.IOException: /home/ftp/core/DataServer: No such file or directory.
	at com.atomicobject.net.www.protocol.ftp.FTPURLConnection.getInputStream(FTPURLConnection.java:135)
	at java.net.URL.openStream(Unknown Source)
	at com.bepco.io.URLRemoteFile.getInputStream(URLRemoteFile.java:49)
	at com.bepco.rtc.ReportManager.loadTestResults(ReportManager.java:647)
	at com.bepco.rtc.ReportManager.handleReprintResultsEvent(ReportManager.java:485)
	at com.bepco.rtc.ReportManager.stateChanged(ReportManager.java:377)
	at com.bepco.data.XMLDataModel.fireDataReceived(XMLDataModel.java:794)
	at com.bepco.data.XMLDataModel.handleInitialReply(XMLDataModel.java:1227)
	at com.bepco.data.XMLDataModel.openDataSource(XMLDataModel.java:993)
	at com.bepco.data.XMLDataModel.run(XMLDataModel.java:1272)
	at java.lang.Thread.run(Unknown Source)
Result Document was not loaded, could not print report.
Document [core/DataServer] was not loaded, could not print ticket.
15:53:29.420 EVENT  Stopping Acceptor ServerSocket[addr=/169.254.244.118,port=0,localport=10080]
15:53:32.263 WARN!! problem stopping acceptor ServerSocket[addr=/169.254.244.118,port=0,localport=10080]
+ java.net.ConnectException: Connection timed out: connect
+ 	at java.net.PlainSocketImpl.socketConnect(Native Method)
+ 	at java.net.PlainSocketImpl.doConnect(Unknown Source)
+ 	at java.net.PlainSocketImpl.connectToAddress(Unknown Source)
+ 	at java.net.PlainSocketImpl.connect(Unknown Source)
+ 	at java.net.Socket.connect(Unknown Source)
+ 	at java.net.Socket.connect(Unknown Source)
+ 	at java.net.Socket.<init>(Unknown Source)
+ 	at java.net.Socket.<init>(Unknown Source)
+ 	at org.mortbay.util.ThreadedServer$Acceptor.forceStop(ThreadedServer.java:579)
+ 	at org.mortbay.util.ThreadedServer.stop(ThreadedServer.java:422)
+ 	at org.mortbay.http.SocketListener.stop(SocketListener.java:105)
+ 	at org.mortbay.http.HttpServer.stop(HttpServer.java:219)
+ 	at com.atomicobject.net.ServletEngine.stop(ServletEngine.java:164)
+ 	at com.bepco.rtc.ServerManager.stopServletEngine(ServerManager.java:396)
+ 	at com.bepco.rtc.ServerManager.stop(ServerManager.java:274)
+ 	at com.bepco.rtc.ServerManager.shutdown(ServerManager.java:307)
+ 	at com.bepco.rtc.Main$FinalShutdown.shutdown(Main.java:788)
+ 	at com.bepco.rtc.ShutdownManager$1.run(ShutdownManager.java:74)
+ 	at java.lang.Thread.run(Unknown Source)
+ 
15:53:32.263 EVENT  Stopped SocketListener on 169.254.244.118:10080
15:53:32.263 EVENT  Stop waiting 4s 
15:53:32.263 EVENT  Stopping Acceptor ServerSocket[addr=/127.0.0.1,port=0,localport=10080]
15:53:36.011 EVENT  Stopped SocketListener on 127.0.0.1:10080
15:53:36.011 EVENT  Stopped ServletHandler in ServletHandlerContext[/]
15:53:36.011 EVENT  Stopped ResourceHandler in ServletHandlerContext[/]
15:53:36.011 EVENT  Stopped org.mortbay.jetty.Server@1fcc0a2
Shutdown Status: Normal shutdown
