useUNCProperty is false
useUNCBool is false
Last Cable Connected Tag: LastCableConnected
GUIManager.creeateScreens: clickToExit=false
image path is C:\Burke_PorterCCRT\resources\local/null
image path is C:\Burke_PorterCCRT\resources\local/null
The background color has been set to white
image path is C:\Burke_PorterCCRT\resources\local/null
userTickMarks is 0
userTickMarks is 0
The background color has been set to white
image path is C:\Burke_PorterCCRT\resources\local/null
userTickMarks is 0
userTickMarks is 0
serverAddress is 192.168.1.1
ndbConfigLocalPath is C:\Burke_PorterCCRT\resources\local/ndbconfig/NDBConfig.xml
useUNCProperty is false
useUNCBool is false
RESULT TAG value in TestResultViewer: TestResultToPrint
START CALLED FOR testresultviewer: tag: TestResultToPrint, role: value, rate: 0, type: Subscribe
userTickMarks is 0
userTickMarks is 0
userTickMarks is 0
Starting license warning model
Starting license fatal model
Starting Server ID model
Switching from <null> to <configpanel>
Starting timer
timeout is 300000
CCRT shutting down.
