А12/13/10 15:23:46.220 (1) core/MachineDataBroker     Activated additional log [/home/CCRT/Rewrite/Logs/Servers/MachineDataBroker.log] with rotation params: maxSize=10, maxFiles=5А
А12/13/10 15:23:46.220 (1) core/MachineDataBroker     BepComponent::Initialize()
А
А12/13/10 15:23:46.225 (1) core/MachineDataBroker     Process core/MachineDataBroker running at priority 10
А
А12/13/10 15:23:46.225 (1) core/MachineDataBroker     Updated process core/MachineDataBroker running at priority 10
А
А12/13/10 15:23:46.235 (1) core/MachineDataBroker     BepComponent::Initialize(<MachineDataBrokerConfig>
   <Setup>
      <Communication>
         <BufferSize>1024</BufferSize>         <Comm>IPC</Comm>         <Debug>Off</Debug>         <Name>core/MachineDataBroker</Name>         <Timeout>5000</Timeout>         <Type>Server</Type>      </Communication>      <CustBld Description="This is the build date code string yymmddrr">01010101</CustBld>      <CustId Description="This is the customer identifier Code">????</CustId>      <CycleTimeUpdateRate Description="Delay in mS between updates, 0 disables the feature">500</CycleTimeUpdateRate>      <DataFile Description="This is the file where persistent data is stored">/TestResults/Machine/LossCompensationTimeDate.dat</DataFile>      <DataTags>
         <CycleTime>CycleTime</CycleTime>         <MachineNumberEnvVar>MACHINE</MachineNumberEnvVar>         <MachineNumberTag>MachineNumber</MachineNumberTag>         <TestInProgress>TestInProgress</TestInProgress>      </DataTags>      <Debug>Off</Debug>      <Logging>
       А
А12/13/10 15:23:46.236 (1) core/MachineDataBroker     Retrieved Publish tags
А
А12/13/10 15:23:46.236 (1) core/MachineDataBroker     Cleared data from all lists
А
А12/13/10 15:23:46.244 (1) core/MachineDataBroker     Stored all Publish Tags
А
А12/13/10 15:23:46.251 (1) core/MachineDataBroker     Preparing to deal with subscribe tags:    <Setup>
      <Communication>
         <BufferSize>1024</BufferSize>         <Comm>IPC</Comm>         <Debug>Off</Debug>         <Name>core/MachineDataBroker</Name>         <Timeout>5000</Timeout>         <Type>Server</Type>      </Communication>      <CustBld Description="This is the build date code string yymmddrr">01010101</CustBld>      <CustId Description="This is the customer identifier Code">????</CustId>      <CycleTimeUpdateRate Description="Delay in mS between updates, 0 disables the feature">500</CycleTimeUpdateRate>      <DataFile Description="This is the file where persistent data is stored">/TestResults/Machine/LossCompensationTimeDate.dat</DataFile>      <DataTags>
         <CycleTime>CycleTime</CycleTime>         <MachineNumberEnvVar>MACHINE</MachineNumberEnvVar>         <MachineNumberTag>MachineNumber</MachineNumberTag>         <TestInProgress>TestInProgress</TestInProgress>      </DataTags>      <Debug>Off</Debug>      <Logging>
         <AdditionaА
А12/13/10 15:23:46.252 (1) core/MachineDataBroker     Retrieved Subscribe Tags
А
А12/13/10 15:23:46.252 (1) core/MachineDataBroker     Stored all Subscribe Tags
А
А12/13/10 15:23:46.252 (1) core/MachineDataBroker     Creating Thread Pool
А
А12/13/10 15:23:46.262 (1) core/MachineDataBroker     BepServer::Initialize(<MachineDataBrokerConfig>
   <Setup>
      <Communication>
         <BufferSize>1024</BufferSize>         <Comm>IPC</Comm>         <Debug>Off</Debug>         <Name>core/MachineDataBroker</Name>         <Timeout>5000</Timeout>         <Type>Server</Type>      </Communication>      <CustBld Description="This is the build date code string yymmddrr">01010101</CustBld>      <CustId Description="This is the customer identifier Code">????</CustId>      <CycleTimeUpdateRate Description="Delay in mS between updates, 0 disables the feature">500</CycleTimeUpdateRate>      <DataFile Description="This is the file where persistent data is stored">/TestResults/Machine/LossCompensationTimeDate.dat</DataFile>      <DataTags>
         <CycleTime>CycleTime</CycleTime>         <MachineNumberEnvVar>MACHINE</MachineNumberEnvVar>         <MachineNumberTag>MachineNumber</MachineNumberTag>         <TestInProgress>TestInProgress</TestInProgress>      </DataTags>      <Debug>Off</Debug>      <Logging>
         <А
А12/13/10 15:23:46.262 (1) core/MachineDataBroker     BepServer::SetData(<DriverNumberDisplay>T0000xx</DriverNumberDisplay>)
А
А12/13/10 15:23:46.263 (1) core/MachineDataBroker     BepServer::SetData(<DriverNumberDisplay>T0000xx</DriverNumberDisplay>) done, returning Success
А
А12/13/10 15:23:46.263 (1) core/MachineDataBroker     Invalid NotificationList in core/MachineDataBroker or no subscribers
А
А12/13/10 15:23:46.263 (1) core/MachineDataBroker     Using Data File: /TestResults/Machine/LossCompensationTimeDate.dat
А
А12/13/10 15:23:46.263 (1) core/MachineDataBroker     Machine DataBroker Opening: /home/CCRT/Rewrite/TestResults/Machine/LossCompensationTimeDate.dat
А
А12/13/10 15:23:46.263 (1) core/MachineDataBroker     File Does Not Exist: No such file or directory
А
А12/13/10 15:23:46.263 (1) core/MachineDataBroker     BepServer::SetData(<MachineLossTime>00:00:00</MachineLossTime>)
А
А12/13/10 15:23:46.264 (1) core/MachineDataBroker     BepServer::SetData(<MachineLossTime>00:00:00</MachineLossTime>) done, returning Success
А
А12/13/10 15:23:46.264 (1) core/MachineDataBroker     Invalid NotificationList in core/MachineDataBroker or no subscribers
А
А12/13/10 15:23:46.264 (1) core/MachineDataBroker     BepServer::SetData(<MachineLossDate>00/00/00</MachineLossDate>)
А
А12/13/10 15:23:46.264 (1) core/MachineDataBroker     BepServer::SetData(<MachineLossDate>00/00/00</MachineLossDate>) done, returning Success
А
А12/13/10 15:23:46.264 (1) core/MachineDataBroker     Invalid NotificationList in core/MachineDataBroker or no subscribers
А
А12/13/10 15:23:46.264 (1) core/MachineDataBroker     Number of tests since last loss compensation cycle: 0
А
А12/13/10 15:23:46.264 (1) core/MachineDataBroker     BepServer::SetData(<SoftwareID>CcrtR07103101-____-01010101</SoftwareID>)
А
А12/13/10 15:23:46.264 (1) core/MachineDataBroker     BepServer::SetData(<SoftwareID>CcrtR07103101-____-01010101</SoftwareID>) done, returning Success
А
А12/13/10 15:23:46.265 (1) core/MachineDataBroker     Invalid NotificationList in core/MachineDataBroker or no subscribers
А
А12/13/10 15:23:46.265 (1) core/MachineDataBroker     Using MachineNumber from environment variable: 507106А
А12/13/10 15:23:46.265 (1) core/MachineDataBroker     BepServer::SetData(<MachineNumber>507106</MachineNumber>)
А
А12/13/10 15:23:46.265 (1) core/MachineDataBroker     BepServer::SetData(<MachineNumber>507106</MachineNumber>) done, returning Success
А
А12/13/10 15:23:46.265 (1) core/MachineDataBroker     Invalid NotificationList in core/MachineDataBroker or no subscribers
А
А12/13/10 15:23:46.265 (1) core/MachineDataBroker     Using CycleTimeUpdateRate = 0.000000
А
А12/13/10 15:23:46.265 (1) core/MachineDataBroker     Using PowerSupplyUpdateRate = 0.000000
А
А12/13/10 15:23:46.266 (1) core/MachineDataBroker     Encoder data update rate not specified, not supplying encoder data to external systems: Tag Not Found: EncoderDataUpdateRateА
А12/13/10 15:23:46.266 (1) core/MachineDataBroker     Could not load encoder data string format: Tag Not Found: EncoderDataStringА
А12/13/10 15:23:46.266 (1) core/MachineDataBroker     No data formatter specified, using 5.1f: Tag Not Found: EncoderDataformatА
А12/13/10 15:23:46.266 (1) core/MachineDataBroker     Not starting ICM data timer: Tag Not Found: IcmDataUpdateRateА
А12/13/10 15:23:46.266 (1) core/MachineDataBroker     Not connecting to QNX Data Server: Tag Not Found: ConnectToQnxDataServerА
А12/13/10 15:23:46.266 (1) core/MachineDataBroker     Speed Scaling factor not specified, using 1.0 - Tag Not Found: SpeedScalingFactorА
А12/13/10 15:23:46.274 (1) core/MachineDataBroker     MachineDataBroker::Initialize(<MachineDataBrokerConfig>
   <Setup>
      <Communication>
         <BufferSize>1024</BufferSize>         <Comm>IPC</Comm>         <Debug>Off</Debug>         <Name>core/MachineDataBroker</Name>         <Timeout>5000</Timeout>         <Type>Server</Type>      </Communication>      <CustBld Description="This is the build date code string yymmddrr">01010101</CustBld>      <CustId Description="This is the customer identifier Code">????</CustId>      <CycleTimeUpdateRate Description="Delay in mS between updates, 0 disables the feature">500</CycleTimeUpdateRate>      <DataFile Description="This is the file where persistent data is stored">/TestResults/Machine/LossCompensationTimeDate.dat</DataFile>      <DataTags>
         <CycleTime>CycleTime</CycleTime>         <MachineNumberEnvVar>MACHINE</MachineNumberEnvVar>         <MachineNumberTag>MachineNumber</MachineNumberTag>         <TestInProgress>TestInProgress</TestInProgress>      </DataTags>      <Debug>Off</Debug>      <Logging>
  А
А12/13/10 15:23:52.294 (2) core/MachineDataBroker     BepComponent::Subscribe(CycleTime, core/TestResultServer)
А
А12/13/10 15:23:52.294 (2) core/MachineDataBroker     Additional log [Servers/MachineDataBroker.log] already activated.А
А12/13/10 15:23:52.305 (2) core/MachineDataBroker     NotificationThreadSpinner::Initialize(<MachineDataBrokerConfig>
   <Setup>
      <Communication>
      <BufferSize>1024</BufferSize>      <Comm>IPC</Comm>      <Debug>Off</Debug>      <Name>core/MachineDataBroker</Name>      <Timeout>5000</Timeout>      <Type>Server</Type>      </Communication>      <CustBld Description="This is the build date code string yymmddrr">01010101</CustBld>      <CustId Description="This is the customer identifier Code">????</CustId>      <CycleTimeUpdateRate Description="Delay in mS between updates, 0 disables the feature">500</CycleTimeUpdateRate>      <DataFile Description="This is the file where persistent data is stored">/TestResults/Machine/LossCompensationTimeDate.dat</DataFile>      <DataTags>
      <CycleTime>CycleTime</CycleTime>      <MachineNumberEnvVar>MACHINE</MachineNumberEnvVar>      <MachineNumberTag>MachineNumber</MachineNumberTag>      <TestInProgress>TestInProgress</TestInProgress>      </DataTags>      <Debug>Off</Debug>      <Logging>
      <AdditionalLogFileА
А12/13/10 15:23:52.306 (2) core/MachineDataBroker     Additional log [Servers/MachineDataBroker.log] already activated.А
А12/13/10 15:23:52.313 (2) core/MachineDataBroker     NotificationList::Initialize(<MachineDataBrokerConfig>
   <Setup>
      <Communication>
      <BufferSize>1024</BufferSize>      <Comm>IPC</Comm>      <Debug>Off</Debug>      <Name>core/MachineDataBroker</Name>      <Timeout>5000</Timeout>      <Type>Server</Type>      </Communication>      <CustBld Description="This is the build date code string yymmddrr">01010101</CustBld>      <CustId Description="This is the customer identifier Code">????</CustId>      <CycleTimeUpdateRate Description="Delay in mS between updates, 0 disables the feature">500</CycleTimeUpdateRate>      <DataFile Description="This is the file where persistent data is stored">/TestResults/Machine/LossCompensationTimeDate.dat</DataFile>      <DataTags>
      <CycleTime>CycleTime</CycleTime>      <MachineNumberEnvVar>MACHINE</MachineNumberEnvVar>      <MachineNumberTag>MachineNumber</MachineNumberTag>      <TestInProgress>TestInProgress</TestInProgress>      </DataTags>      <Debug>Off</Debug>      <Logging>
      <AdditionalLogFile Types="/А
А12/13/10 15:23:52.321 (2) core/MachineDataBroker     NotificationThreadSpinner::Initialize(<MachineDataBrokerConfig>
   <Setup>
      <Communication>
      <BufferSize>1024</BufferSize>      <Comm>IPC</Comm>      <Debug>Off</Debug>      <Name>core/MachineDataBroker</Name>      <Timeout>5000</Timeout>      <Type>Server</Type>      </Communication>      <CustBld Description="This is the build date code string yymmddrr">01010101</CustBld>      <CustId Description="This is the customer identifier Code">????</CustId>      <CycleTimeUpdateRate Description="Delay in mS between updates, 0 disables the feature">500</CycleTimeUpdateRate>      <DataFile Description="This is the file where persistent data is stored">/TestResults/Machine/LossCompensationTimeDate.dat</DataFile>      <DataTags>
      <CycleTime>CycleTime</CycleTime>      <MachineNumberEnvVar>MACHINE</MachineNumberEnvVar>      <MachineNumberTag>Machine