1/20/2011 9:01:38 AM	

---------------------------------------------------------------------------------------------------------------
FlashStationLogStarted
1/20/2011 9:01:42 AM	INFO:  View Update Task Thread Started
1/20/2011 9:01:42 AM	INFO:  Main Task Thread Started
1/20/2011 9:01:42 AM	INFO:  Commanded State: WAIT_FOR_USER_INPUT
1/20/2011 9:01:58 AM	INFO:  Submitted barcode Value: 1234567890123456720027A8120001
1/20/2011 9:01:58 AM	INFO:  Commanded State: OBTAIN_BUILD_DATA
1/20/2011 9:01:59 AM	INFO:  Commanded State: WAIT_FOR_CABLECONNECT
1/20/2011 9:03:40 AM	INFO:  Commanded State: FLASH_ECUS
1/20/2011 9:03:40 AM	INFO:  Performing Pre Utility File Process
1/20/2011 9:03:40 AM	INFO:  Starting Tester Present Thread
1/20/2011 9:03:40 AM	INFO:  Sending Message Disable DTCs
1/20/2011 9:03:40 AM	INFO:  Sending Message: FE-10-02
1/20/2011 9:03:42 AM	INFO:  Message Sent, Received: 
1/20/2011 9:03:42 AM	INFO:  Received: 00-00-07-E8-50
1/20/2011 9:03:42 AM	INFO:  Received: 
1/20/2011 9:03:42 AM	INFO:  Received: 
1/20/2011 9:03:42 AM	INFO:  Received: 
1/20/2011 9:03:42 AM	INFO:  Sending Message Disable Normal Communications
1/20/2011 9:03:42 AM	INFO:  Sending Message: FE-28
1/20/2011 9:03:42 AM	INFO:  Message Sent, Received: 
1/20/2011 9:03:42 AM	INFO:  Received: 00-00-07-E8-68
1/20/2011 9:03:42 AM	INFO:  Received: 
1/20/2011 9:03:42 AM	INFO:  Sending Message Request Programming
1/20/2011 9:03:42 AM	INFO:  Sending Message: FE-A5-02
1/20/2011 9:03:43 AM	INFO:  Message Sent, Received: 
1/20/2011 9:03:43 AM	INFO:  Received: 00-00-07-E8-7F-A5-12
1/20/2011 9:03:43 AM	INFO:  Received: 
1/20/2011 9:03:43 AM	INFO:  Sending Message Enable Programming
1/20/2011 9:03:43 AM	INFO:  Sending Message: FE-A5-03
1/20/2011 9:03:43 AM	INFO:  Message Sent, Received: 
1/20/2011 9:03:43 AM	INFO:  Received: 00-00-07-E8-7F-A5-22
1/20/2011 9:03:43 AM	INFO:  Received: 
1/20/2011 9:03:43 AM	INFO:  Commanded State: REPORT_DATA
1/20/2011 9:03:45 AM	INFO:  Reporting Fail
1/20/2011 9:03:46 AM	INFO:  Commanded State: WAIT_FOR_CABLEDISCONNECT
1/20/2011 9:03:46 AM	INFO:  Commanded State: WAIT_FOR_USER_INPUT
1/20/2011 9:03:46 AM	INFO:  StartingPCMFlash Process
1/20/2011 9:03:46 AM	INFO:  Commanded State: OBTAIN_BUILD_DATA
1/20/2011 9:03:46 AM	ERROR:  Invalid Barcode Length Required: 30 received: 0
1/20/2011 9:03:46 AM	ERROR:  Build data load failure
1/20/2011 9:03:51 AM	INFO:  Commanded State: WAIT_FOR_USER_INPUT
1/20/2011 9:04:22 AM	INFO:  Submitted barcode Value: 1234567890123456720027A8120001
1/20/2011 9:04:22 AM	INFO:  Commanded State: OBTAIN_BUILD_DATA
1/20/2011 9:04:23 AM	INFO:  Commanded State: WAIT_FOR_CABLECONNECT
1/20/2011 9:04:28 AM	INFO:  Commanded State: FLASH_ECUS
1/20/2011 9:04:28 AM	INFO:  Performing Pre Utility File Process
1/20/2011 9:04:28 AM	INFO:  Starting Tester Present Thread
1/20/2011 9:04:29 AM	INFO:  Sending Message Disable DTCs
1/20/2011 9:04:29 AM	INFO:  Sending Message: FE-10-02
1/20/2011 9:04:29 AM	INFO:  Message Sent, Received: 
1/20/2011 9:04:29 AM	INFO:  Received: 00-00-07-E8-50
1/20/2011 9:04:29 AM	INFO:  Received: 
1/20/2011 9:04:29 AM	INFO:  Sending Message Disable Normal Communications
1/20/2011 9:04:29 AM	INFO:  Sending Message: FE-28
1/20/2011 9:04:32 AM	INFO:  Message Sent, Received: 
1/20/2011 9:04:32 AM	INFO:  Received: 00-00-07-E8-68
1/20/2011 9:04:32 AM	INFO:  Received: 
1/20/2011 9:04:32 AM	INFO:  Received: 
1/20/2011 9:04:32 AM	INFO:  Received: 
1/20/2011 9:04:32 AM	INFO:  Sending Message Request Programming
1/20/2011 9:04:32 AM	INFO:  Sending Message: FE-A5-02
1/20/2011 9:04:32 AM	INFO:  Message Sent, Received: 
1/20/2011 9:04:32 AM	INFO:  Received: 00-00-07-E8-7F-A5-12
1/20/2011 9:04:32 AM	INFO:  Received: 
1/20/2011 9:04:32 AM	INFO:  Sending Message Enable Programming
1/20/2011 9:04:32 AM	INFO:  Sending Message: FE-A5-03
1/20/2011 9:04:32 AM	INFO:  Message Sent, Received: 
1/20/2011 9:04:32 AM	INFO:  Received: 00-00-07-E8-7F-A5-22
1/20/2011 9:04:32 AM	INFO:  Received: 
1/20/2011 9:04:32 AM	INFO:  Commanded State: REPORT_DATA
1/20/2011 9:04:34 AM	INFO:  Reporting Fail
1/20/2011 9:10:49 AM	

---------------------------------------------------------------------------------------------------------------
FlashStationLogStarted
1/20/2011 9:10:51 AM	INFO:  View Update Task Thread Started
1/20/2011 9:10:51 AM	INFO:  Main Task Thread Started
1/20/2011 9:10:51 AM	INFO:  Commanded State: WAIT_FOR_USER_INPUT
1/20/2011 9:11:07 AM	INFO:  Submitted barcode Value: 1234567890123456720027A8120001
1/20/2011 9:11:08 AM	INFO:  Commanded State: OBTAIN_BUILD_DATA
1/20/2011 9:11:08 AM	INFO:  Commanded State: WAIT_FOR_CABLECONNECT
1/20/2011 9:11:16 AM	INFO:  Commanded State: FLASH_ECUS
1/20/2011 9:11:16 AM	INFO:  Performing Pre Utility File Process
1/20/2011 9:11:16 AM	INFO:  Starting Tester Present Thread
1/20/2011 9:11:16 AM	INFO:  Sending Message Disable DTCs
1/20/2011 9:11:16 AM	INFO:  Sending Message: FE-10-02
1/20/2011 9:11:18 AM	INFO:  Message Sent, Received: 
1/20/2011 9:11:18 AM	INFO:  Received: 00-00-07-E8-50
1/20/2011 9:11:18 AM	INFO:  Received: 
1/20/2011 9:11:18 AM	INFO:  Received: 
1/20/2011 9:11:18 AM	INFO:  Received: 
1/20/2011 9:11:18 AM	INFO:  Sending Message Disable Normal Communications
1/20/2011 9:11:18 AM	INFO:  Sending Message: FE-28
1/20/2011 9:11:18 AM	INFO:  Message Sent, Received: 
1/20/2011 9:11:18 AM	INFO:  Received: 00-00-07-E8-68
1/20/2011 9:11:18 AM	INFO:  Received: 
1/20/2011 9:11:18 AM	INFO:  Sending Message Request Programming
1/20/2011 9:11:18 AM	INFO:  Sending Message: FE-A5-02
1/20/2011 9:11:19 AM	INFO:  Message Sent, Received: 
1/20/2011 9:11:19 AM	INFO:  Received: 00-00-07-E8-7F-A5-12
1/20/2011 9:11:19 AM	INFO:  Received: 
1/20/2011 9:11:19 AM	INFO:  Sending Message Enable Programming
1/20/2011 9:11:19 AM	INFO:  Sending Message: FE-A5-03
1/20/2011 9:11:19 AM	INFO:  Message Sent, Received: 
1/20/2011 9:11:19 AM	INFO:  Received: 00-00-07-E8-7F-A5-22
1/20/2011 9:11:19 AM	INFO:  Received: 
1/20/2011 9:11:19 AM	INFO:  StartingPCMFlash Process
1/20/2011 9:11:19 AM	INFO:  Commanded State: REPORT_DATA
1/20/2011 9:11:21 AM	INFO:  Reporting Fail
1/20/2011 9:11:21 AM	INFO:  Commanded State: WAIT_FOR_CABLEDISCONNECT
1/20/2011 9:11:21 AM	INFO:  Commanded State: WAIT_FOR_USER_INPUT
1/20/2011 9:18:55 AM	

---------------------------------------------------------------------------------------------------------------
FlashStationLogStarted
1/20/2011 9:18:57 AM	INFO:  View Update Task Thread Started
1/20/2011 9:18:57 AM	INFO:  Main Task Thread Started
1/20/2011 9:18:57 AM	INFO:  Commanded State: WAIT_FOR_USER_INPUT
1/20/2011 9:19:14 AM	INFO:  Submitted barcode Value: 1234567890123456720027A8120001
1/20/2011 9:19:14 AM	INFO:  Commanded State: OBTAIN_BUILD_DATA
1/20/2011 9:19:14 AM	INFO:  Commanded State: WAIT_FOR_CABLECONNECT
1/20/2011 9:19:18 AM	INFO:  Commanded State: FLASH_ECUS
1/20/2011 9:19:18 AM	INFO:  Performing Pre Utility File Process
1/20/2011 9:19:18 AM	INFO:  Starting Tester Present Thread
1/20/2011 9:19:18 AM	INFO:  Sending Message Disable DTCs
1/20/2011 9:19:18 AM	INFO:  Sending Message: FE-10-02
1/20/2011 9:19:20 AM	INFO:  Message Sent, Received: 
1/20/2011 9:19:20 AM	INFO:  Received: 00-00-07-E8-50
1/20/2011 9:19:20 AM	INFO:  Received: 
1/20/2011 9:19:20 AM	INFO:  Received: 
1/20/2011 9:19:20 AM	INFO:  Received: 
1/20/2011 9:19:20 AM	INFO:  Sending Message Disable Normal Communications
1/20/2011 9:19:20 AM	INFO:  Sending Message: FE-28
1/20/2011 9:19:21 AM	INFO:  Message Sent, Received: 
1/20/2011 9:19:21 AM	INFO:  Received: 00-00-07-E8-68
1/20/2011 9:19:21 AM	INFO:  Received: 
1/20/2011 9:19:21 AM	INFO:  Sending Message Request Programming
1/20/2011 9:19:21 AM	INFO:  Sending Message: FE-A5-02
1/20/2011 9:19:21 AM	INFO:  Message Sent, Received: 
1/20/2011 9:19:21 AM	INFO:  Received: 00-00-07-E8-7F-A5-12
1/20/2011 9:19:21 AM	INFO:  Received: 
1/20/2011 9:19:21 AM	INFO:  Sending Message Enable Programming
1/20/2011 9:19:21 AM	INFO:  Sending Message: FE-A5-03
1/20/2011 9:19:21 AM	INFO:  Message Sent, Received: 
1/20/2011 9:19:21 AM	INFO:  Received: 00-00-07-E8-7F-A5-22
1/20/2011 9:19:21 AM	INFO:  Received: 
1/20/2011 9:19:21 AM	INFO:  StartingPCMFlash Process
1/20/2011 9:19:21 AM	INFO:  Commanded State: REPORT_DATA
1/20/2011 9:20:08 AM	INFO:  Reporting Pass
1/20/2011 9:20:12 AM	INFO:  Commanded State: WAIT_FOR_CABLEDISCONNECT
1/20/2011 9:23:43 AM	

---------------------------------------------------------------------------------------------------------------
FlashStationLogStarted
1/20/2011 9:23:45 AM	INFO:  View Update Task Thread Started
1/20/2011 9:23:45 AM	INFO:  Main Task Thread Started
1/20/2011 9:23:49 AM	INFO:  Commanded State: WAIT_FOR_USER_INPUT
1/20/2011 9:24:02 AM	INFO:  Submitted barcode Value: 1234567890123456720027A8120001
1/20/2011 9:24:05 AM	INFO:  Commanded State: OBTAIN_BUILD_DATA
1/20/2011 9:24:07 AM	INFO:  Commanded State: WAIT_FOR_CABLECONNECT
1/20/2011 9:24:15 AM	INFO:  Commanded State: FLASH_ECUS
1/20/2011 9:24:15 AM	INFO:  Performing Pre Utility File Process
1/20/2011 9:24:15 AM	INFO:  Starting Tester Present Thread
1/20/2011 9:24:15 AM	INFO:  Sending Message Disable DTCs
1/20/2011 9:24:15 AM	INFO:  Sending Message: FE-10-02
1/20/2011 9:24:16 AM	INFO:  Message Sent, Received: 
1/20/2011 9:24:16 AM	INFO:  Received: 00-00-07-E8-50
1/20/2011 9:24:16 AM	INFO:  Received: 
1/20/2011 9:24:16 AM	INFO:  Received: 
1/20/2011 9:24:16 AM	INFO:  Received: 
1/20/2011 9:24:17 AM	INFO:  Sending Message Disable Normal Communications
1/20/2011 9:24:17 AM	INFO:  Sending Message: FE-28
1/20/2011 9:24:17 AM	INFO:  Message Sent, Received: 
1/20/2011 9:24:17 AM	INFO:  Received: 00-00-07-E8-68
1/20/2011 9:24:17 AM	INFO:  Received: 
1/20/2011 9:24:17 AM	INFO:  Sending Message Request Programming
1/20/2011 9:24:17 AM	INFO:  Sending Message: FE-A5-02
1/20/2011 9:24:17 AM	INFO:  Message Sent, Received: 
1/20/2011 9:24:17 AM	INFO:  Received: 00-00-07-E8-7F-A5-12
1/20/2011 9:24:17 AM	INFO:  Received: 
1/20/2011 9:24:17 AM	INFO:  Sending Message Enable Programming
1/20/2011 9:24:17 AM	INFO:  Sending Message: FE-A5-03
1/20/2011 9:24:18 AM	INFO:  Message Sent, Received: 
1/20/2011 9:24:18 AM	INFO:  Received: 00-00-07-E8-7F-A5-22
1/20/2011 9:24:18 AM	INFO:  Received: 
1/20/2011 9:24:21 AM	INFO:  Commanded State: REPORT_DATA
1/20/2011 9:24:21 AM	INFO:  StartingPCMFlash Process
1/20/2011 9:24:22 AM	INFO:  Reporting Fail
1/20/2011 9:24:24 AM	INFO:  Commanded State: WAIT_FOR_CABLEDISCONNECT
1/20/2011 9:25:27 AM	INFO:  Commanded State: WAIT_FOR_USER_INPUT
1/20/2011 9:26:03 AM	INFO:  Submitted barcode Value: 1234567890123456720027A8120001
1/20/2011 9:26:07 AM	INFO:  Commanded State: OBTAIN_BUILD_DATA
1/20/2011 9:26:10 AM	INFO:  Commanded State: WAIT_FOR_CABLECONNECT
1/20/2011 9:26:12 AM	INFO:  Commanded State: FLASH_ECUS
1/20/2011 9:26:12 AM	INFO:  Performing Pre Utility File Process
1/20/2011 9:26:12 AM	INFO:  Starting Tester Present Thread
1/20/2011 9:26:12 AM	INFO:  Sending Message Disable DTCs
1/20/2011 9:26:12 AM	INFO:  Sending Message: FE-10-02
1/20/2011 9:26:15 AM	INFO:  Message Sent, Received: 
1/20/2011 9:26:15 AM	INFO:  Received: 00-00-07-E8-50
1/20/2011 9:26:15 AM	INFO:  Received: 
1/20/2011 9:26:15 AM	INFO:  Received: 
1/20/2011 9:26:15 AM	INFO:  Received: 
1/20/2011 9:26:15 AM	INFO:  Sending Message Disable Normal Communications
1/20/2011 9:26:15 AM	INFO:  Sending Message: FE-28
1/20/2011 9:26:19 AM	INFO:  Message Sent, Received: 
1/20/2011 9:26:19 AM	INFO:  Received: 00-00-07-E8-68
1/20/2011 9:26:19 AM	INFO:  Received: 
1/20/2011 9:26:19 AM	INFO:  Received: 
1/20/2011 9:26:19 AM	INFO:  Received: 
1/20/2011 9:26:19 AM	INFO:  Received: 
1/20/2011 9:26:19 AM	INFO:  Received: 
1/20/2011 9:26:19 AM	INFO:  Sending Message Request Programming
1/20/2011 9:26:19 AM	INFO:  Sending Message: FE-A5-02
1/20/2011 9:26:19 AM	INFO:  Message Sent, Received: 
1/20/2011 9:26:19 AM	INFO:  Received: 00-00-07-E8-7F-A5-12
1/20/2011 9:26:19 AM	INFO:  Received: 
1/20/2011 9:26:19 AM	INFO:  Sending Message Enable Programming
1/20/2011 9:26:19 AM	INFO:  Sending Message: FE-A5-03
1/20/2011 9:26:35 AM	

---------------------------------------------------------------------------------------------------------------
FlashStationLogStarted
1/20/2011 9:26:36 AM	INFO:  View Update Task Thread Started
1/20/2011 9:26:36 AM	INFO:  Main Task Thread Started
1/20/2011 9:26:39 AM	INFO:  Commanded State: WAIT_FOR_USER_INPUT
1/20/2011 9:26:54 AM	INFO:  Submitted barcode Value: 1234567890123456720027A8120001
1/20/2011 9:26:57 AM	INFO:  Commanded State: OBTAIN_BUILD_DATA
1/20/2011 9:27:00 AM	INFO:  Commanded State: WAIT_FOR_CABLECONNECT
1/20/2011 9:27:11 AM	INFO:  Commanded State: FLASH_ECUS
1/20/2011 9:27:11 AM	INFO:  Performing Pre Utility File Process
1/20/2011 9:27:11 AM	INFO:  Starting Tester Present Thread
1/20/2011 9:27:11 AM	INFO:  Sending Message Disable DTCs
1/20/2011 9:27:11 AM	INFO:  Sending Message: FE-10-02
1/20/2011 9:27:12 AM	INFO:  Message Sent, Received: 
1/20/2011 9:27:12 AM	INFO:  Received: 00-00-07-E8-50
1/20/2011 9:27:12 AM	INFO:  Received: 
1/20/2011 9:27:12 AM	INFO:  Received: 
1/20/2011 9:27:13 AM	INFO:  Received: 
1/20/2011 9:27:13 AM	INFO:  Sending Message Disable Normal Communications
1/20/2011 9:27:13 AM	INFO:  Sending Message: FE-28
1/20/2011 9:27:13 AM	INFO:  Message Sent, Received: 
1/20/2011 9:27:13 AM	INFO:  Received: 00-00-07-E8-68
1/20/2011 9:27:13 AM	INFO:  Received: 
1/20/2011 9:27:13 AM	INFO:  Sending Message Request Programming
1/20/2011 9:27:13 AM	INFO:  Sending Message: FE-A5-02
1/20/2011 9:27:13 AM	INFO:  Message Sent, Received: 
1/20/2011 9:27:13 AM	INFO:  Received: 00-00-07-E8-7F-A5-12
1/20/2011 9:27:13 AM	INFO:  Received: 
1/20/2011 9:27:13 AM	INFO:  Sending Message Enable Programming
1/20/2011 9:27:13 AM	INFO:  Sending Message: FE-A5-03
1/20/2011 9:27:14 AM	INFO:  Message Sent, Received: 
1/20/2011 9:27:14 AM	INFO:  Received: 00-00-07-E8-7F-A5-22
1/20/2011 9:27:14 AM	INFO:  Received: 
1/20/2011 9:27:14 AM	INFO:  StartingPCMFlash Process
1/20/2011 9:27:17 AM	INFO:  Commanded State: REPORT_DATA
1/20/2011 9:27:53 AM	INFO:  Commanded State: WAIT_FOR_CABLEDISCONNECT
1/20/2011 9:28:54 AM	INFO:  Reporting Fail
1/20/2011 9:29:27 AM	INFO:  Commanded State: WAIT_FOR_USER_INPUT
1/20/2011 9:36:22 AM	

---------------------------------------------------------------------------------------------------------------
FlashStationLogStarted
1/20/2011 9:36:24 AM	INFO:  View Update Task Thread Started
1/20/2011 9:36:24 AM	INFO:  Main Task Thread Started
1/20/2011 9:36:26 AM	INFO:  Commanded State: WAIT_FOR_USER_INPUT
1/20/2011 9:36:41 AM	INFO:  Submitted barcode Value: 1234567890123456720027A8120001
1/20/2011 9:36:43 AM	INFO:  Commanded State: OBTAIN_BUILD_DATA
1/20/2011 9:36:44 AM	INFO:  Commanded State: WAIT_FOR_CABLECONNECT
1/20/2011 9:36:51 AM	INFO:  Commanded State: FLASH_ECUS
1/20/2011 9:36:51 AM	INFO:  Performing Pre Utility File Process
1/20/2011 9:36:51 AM	INFO:  Starting Tester Present Thread
1/20/2011 9:36:51 AM	INFO:  Sending Message Disable DTCs
1/20/2011 9:36:51 AM	INFO:  Sending Message: FE-10-02
1/20/2011 9:36:52 AM	INFO:  Message Sent, Received: 
1/20/2011 9:36:52 AM	INFO:  Received: 00-00-07-E8-50
1/20/2011 9:36:52 AM	INFO:  Received: 
1/20/2011 9:36:52 AM	INFO:  Received: 
1/20/2011 9:36:52 AM	INFO:  Received: 
1/20/2011 9:36:52 AM	INFO:  Sending Message Disable Normal Communications
1/20/2011 9:36:52 AM	INFO:  Sending Message: FE-28
1/20/2011 9:36:53 AM	INFO:  Message Sent, Received: 
1/20/2011 9:36:53 AM	INFO:  Received: 00-00-07-E8-68
1/20/2011 9:36:53 AM	INFO:  Received: 
1/20/2011 9:36:53 AM	INFO:  Sending Message Request Programming
1/20/2011 9:36:53 AM	INFO:  Sending Message: FE-A5-02
1/20/2011 9:36:53 AM	INFO:  Message Sent, Received: 
1/20/2011 9:36:53 AM	INFO:  Received: 00-00-07-E8-7F-A5-12
1/20/2011 9:36:53 AM	INFO:  Received: 
1/20/2011 9:36:53 AM	INFO:  Sending Message Enable Programming
1/20/2011 9:36:53 AM	INFO:  Sending Message: FE-A5-03
1/20/2011 9:36:54 AM	INFO:  Message Sent, Received: 
1/20/2011 9:36:54 AM	INFO:  Received: 00-00-07-E8-7F-A5-22
1/20/2011 9:36:54 AM	INFO:  Received: 
1/20/2011 9:36:54 AM	INFO:  StartingPCMFlash Process
1/20/2011 9:36:57 AM	INFO:  Commanded State: REPORT_DATA
1/20/2011 9:36:59 AM	INFO:  Reporting Fail
1/20/2011 9:37:02 AM	INFO:  Commanded State: WAIT_FOR_CABLEDISCONNECT
1/20/2011 9:37:28 AM	INFO:  Commanded State: WAIT_FOR_USER_INPUT
1/20/2011 11:01:53 AM	

---------------------------------------------------------------------------------------------------------------
FlashStationLogStarted
1/20/2011 11:01:54 AM	INFO:  View Update Task Thread Started
1/20/2011 11:01:54 AM	INFO:  Main Task Thread Started
1/20/2011 11:01:57 AM	INFO:  Commanded State: WAIT_FOR_USER_INPUT
1/20/2011 11:02:17 AM	INFO:  Submitted barcode Value: 1234567890123456720027A8120001
1/20/2011 11:02:17 AM	INFO:  Commanded State: OBTAIN_BUILD_DATA
1/20/2011 11:02:18 AM	INFO:  Commanded State: WAIT_FOR_CABLECONNECT
1/20/2011 11:02:26 AM	INFO:  Commanded State: FLASH_ECUS
1/20/2011 11:02:26 AM	INFO:  Performing Pre Utility File Process
1/20/2011 11:02:26 AM	INFO:  Starting Tester Present Thread
1/20/2011 11:02:26 AM	INFO:  Sending Message Disable DTCs
1/20/2011 11:02:26 AM	INFO:  Sending Message: FE-10-02
1/20/2011 11:02:28 AM	INFO:  Message Sent, Received: 
1/20/2011 11:02:28 AM	INFO:  Received: 00-00-07-E8-50
1/20/2011 11:02:28 AM	INFO:  Received: 
1/20/2011 11:02:28 AM	INFO:  Received: 
1/20/2011 11:02:28 AM	INFO:  Received: 
1/20/2011 11:02:28 AM	INFO:  Sending Message Disable Normal Communications
1/20/2011 11:02:28 AM	INFO:  Sending Message: FE-28
1/20/2011 11:02:29 AM	INFO:  Message Sent, Received: 
1/20/2011 11:02:29 AM	INFO:  Received: 00-00-07-E8-68
1/20/2011 11:02:29 AM	INFO:  Received: 
1/20/2011 11:02:29 AM	INFO:  Sending Message Request Programming
1/20/2011 11:02:29 AM	INFO:  Sending Message: FE-A5-02
1/20/2011 11:02:29 AM	INFO:  Message Sent, Received: 
1/20/2011 11:02:29 AM	INFO:  Received: 00-00-07-E8-7F-A5-12
1/20/2011 11:02:29 AM	INFO:  Received: 
1/20/2011 11:02:29 AM	INFO:  Sending Message Enable Programming
1/20/2011 11:02:29 AM	INFO:  Sending Message: FE-A5-03
1/20/2011 11:02:29 AM	INFO:  Message Sent, Received: 
1/20/2011 11:02:29 AM	INFO:  Received: 00-00-07-E8-7F-A5-22
1/20/2011 11:02:29 AM	INFO:  Received: 
1/20/2011 11:02:29 AM	INFO:  StartingPCMFlash Process
1/20/2011 11:02:30 AM	INFO:  Commanded State: REPORT_DATA
1/20/2011 11:02:33 AM	INFO:  Reporting Pass
1/20/2011 11:02:33 AM	INFO:  Commanded State: WAIT_FOR_CABLEDISCONNECT
1/20/2011 11:02:46 AM	INFO:  Commanded State: WAIT_FOR_USER_INPUT
1/20/2011 11:05:07 AM	

---------------------------------------------------------------------------------------------------------------
FlashStationLogStarted
1/20/2011 11:05:08 AM	INFO:  View Update Task Thread Started
1/20/2011 11:05:08 AM	INFO:  Main Task Thread Started
1/20/2011 11:05:08 AM	INFO:  Commanded State: WAIT_FOR_USER_INPUT
1/20/2011 11:05:25 AM	INFO:  Submitted barcode Value: 1234567890123456720027A8120001
1/20/2011 11:05:26 AM	INFO:  Commanded State: OBTAIN_BUILD_DATA
1/20/2011 11:05:26 AM	INFO:  Commanded State: WAIT_FOR_CABLECONNECT
1/20/2011 11:07:31 AM	INFO:  Commanded State: FLASH_ECUS
1/20/2011 11:07:31 AM	INFO:  Performing Pre Utility File Process
1/20/2011 11:07:31 AM	INFO:  Starting Tester Present Thread
1/20/2011 11:07:31 AM	INFO:  Sending Message Disable DTCs
1/20/2011 11:07:31 AM	INFO:  Sending Message: FE-10-02
1/20/2011 11:07:33 AM	INFO:  Message Sent, Received: 
1/20/2011 11:07:33 AM	INFO:  Received: 00-00-07-E8-50
1/20/2011 11:07:33 AM	INFO:  Received: 
1/20/2011 11:07:33 AM	INFO:  Received: 
1/20/2011 11:07:33 AM	INFO:  Received: 
1/20/2011 11:07:33 AM	INFO:  Sending Message Disable Normal Communications
1/20/2011 11:07:33 AM	INFO:  Sending Message: FE-28
1/20/2011 11:07:33 AM	INFO:  Message Sent, Received: 
1/20/2011 11:07:33 AM	INFO:  Received: 00-00-07-E8-68
1/20/2011 11:07:33 AM	INFO:  Received: 
1/20/2011 11:07:33 AM	INFO:  Sending Message Request Programming
1/20/2011 11:07:33 AM	INFO:  Sending Message: FE-A5-02
1/20/2011 11:07:34 AM	INFO:  Message Sent, Received: 
1/20/2011 11:07:34 AM	INFO:  Received: 00-00-07-E8-7F-A5-12
1/20/2011 11:07:34 AM	INFO:  Received: 
1/20/2011 11:07:34 AM	INFO:  Sending Message Enable Programming
1/20/2011 11:07:34 AM	INFO:  Sending Message: FE-A5-03
1/20/2011 11:07:34 AM	INFO:  Message Sent, Received: 
1/20/2011 11:07:34 AM	INFO:  Received: 00-00-07-E8-7F-A5-22
1/20/2011 11:07:34 AM	INFO:  Received: 
1/20/2011 11:07:34 AM	INFO:  StartingPCMFlash Process
1/20/2011 11:07:34 AM	INFO:  Commanded State: REPORT_DATA
1/20/2011 11:07:34 AM	INFO:  Reporting Fail
1/20/2011 11:07:35 AM	INFO:  Commanded State: WAIT_FOR_CABLEDISCONNECT
1/20/2011 11:07:46 AM	INFO:  Commanded State: WAIT_FOR_USER_INPUT
1/20/2011 11:08:02 AM	INFO:  Submitted barcode Value: 1234567890123456720027A8120001
1/20/2011 11:08:02 AM	INFO:  Commanded State: OBTAIN_BUILD_DATA
1/20/2011 11:08:03 AM	INFO:  Commanded State: WAIT_FOR_CABLECONNECT
1/20/2011 11:08:06 AM	INFO:  Commanded State: FLASH_ECUS
1/20/2011 11:08:06 AM	INFO:  Performing Pre Utility File Process
1/20/2011 11:08:06 AM	INFO:  Starting Tester Present Thread
1/20/2011 11:08:06 AM	INFO:  Sending Message Disable DTCs
1/20/2011 11:08:06 AM	INFO:  Sending Message: FE-10-02
1/20/2011 11:08:08 AM	INFO:  Message Sent, Received: 
1/20/2011 11:08:08 AM	INFO:  Received: 00-00-07-E8-50
1/20/2011 11:08:08 AM	INFO:  Received: 
1/20/2011 11:08:08 AM	INFO:  Received: 
1/20/2011 11:08:08 AM	INFO:  Received: 
1/20/2011 11:08:08 AM	INFO:  Sending Message Disable Normal Communications
1/20/2011 11:08:08 AM	INFO:  Sending Message: FE-28
1/20/2011 11:08:12 AM	INFO:  Message Sent, Received: 
1/20/2011 11:08:12 AM	INFO:  Received: 00-00-07-E8-68
1/20/2011 11:08:12 AM	INFO:  Received: 
1/20/2011 11:08:12 AM	INFO:  Received: 
1/20/2011 11:08:12 AM	INFO:  Received: 
1/20/2011 11:08:12 AM	INFO:  Received: 
1/20/2011 11:08:12 AM	INFO:  Received: 
1/20/2011 11:08:12 AM	INFO:  Sending Message Request Programming
1/20/2011 11:08:12 AM	INFO:  Sending Message: FE-A5-02
1/20/2011 11:08:13 AM	INFO:  Message Sent, Received: 
1/20/2011 11:08:13 AM	INFO:  Received: 00-00-07-E8-7F-A5-12
1/20/2011 11:08:13 AM	INFO:  Received: 
1/20/2011 11:08:13 AM	INFO:  Sending Message Enable Programming
1/20/2011 11:08:13 AM	INFO:  Sending Message: FE-A5-03
1/20/2011 11:08:15 AM	INFO:  Message Sent, Received: 
1/20/2011 11:08:15 AM	INFO:  Received: 00-00-07-E8-7F-A5-22
1/20/2011 11:08:15 AM	INFO:  Received: 
1/20/2011 11:08:15 AM	INFO:  Received: 
1/20/2011 11:08:15 AM	INFO:  Received: 
1/20/2011 11:08:15 AM	INFO:  StartingPCMFlash Process
1/20/2011 11:08:15 AM	INFO:  Commanded State: REPORT_DATA
1/20/2011 11:08:15 AM	INFO:  Reporting Fail
1/20/2011 11:08:15 AM	INFO:  Commanded State: WAIT_FOR_CABLEDISCONNECT
