1/17/2011 2:30:20 PM	

---------------------------------------------------------------------------------------------------------------
FlashStationLogStarted
1/17/2011 2:31:35 PM	

---------------------------------------------------------------------------------------------------------------
FlashStationLogStarted
1/17/2011 2:33:07 PM	

---------------------------------------------------------------------------------------------------------------
FlashStationLogStarted
1/17/2011 2:33:09 PM	INFO:  View Update Task Thread Started
1/17/2011 2:33:09 PM	INFO:  Main Task Thread Started
1/17/2011 2:33:09 PM	INFO:  Commanded State: WAIT_FOR_USER_INPUT
1/17/2011 2:34:47 PM	

---------------------------------------------------------------------------------------------------------------
FlashStationLogStarted
1/17/2011 2:34:49 PM	INFO:    FCM::File Count Changed updating C:\FlashStation\BuildFiles\
1/17/2011 2:34:49 PM	INFO:  Main Task Thread Started
1/17/2011 2:34:49 PM	INFO:  View Update Task Thread Started
1/17/2011 2:34:49 PM	INFO:  Commanded State: WAIT_FOR_USER_INPUT
1/17/2011 2:35:18 PM	INFO:  Submitted barcode Value: 1234567890123456720027A8120001
1/17/2011 2:35:19 PM	INFO:  Commanded State: OBTAIN_BUILD_DATA
1/17/2011 2:35:19 PM	INFO:  Commanded State: WAIT_FOR_CABLECONNECT
1/17/2011 2:35:27 PM	INFO:  User Aborted
1/17/2011 2:35:32 PM	INFO:  Commanded State: WAIT_FOR_USER_INPUT
1/17/2011 2:35:34 PM	INFO:  Submitted barcode Value: 1234567890123456720027A8120001
1/17/2011 2:35:34 PM	INFO:  Commanded State: OBTAIN_BUILD_DATA
1/17/2011 2:38:11 PM	

---------------------------------------------------------------------------------------------------------------
FlashStationLogStarted
1/17/2011 2:38:13 PM	INFO:  View Update Task Thread Started
1/17/2011 2:38:13 PM	INFO:  Main Task Thread Started
1/17/2011 2:38:13 PM	INFO:  Commanded State: WAIT_FOR_USER_INPUT
1/17/2011 2:38:39 PM	INFO:  Submitted barcode Value: 1234567890123456720027A8120001
1/17/2011 2:38:39 PM	INFO:  Commanded State: OBTAIN_BUILD_DATA
1/17/2011 2:39:13 PM	

---------------------------------------------------------------------------------------------------------------
FlashStationLogStarted
1/17/2011 2:39:15 PM	INFO:  View Update Task Thread Started
1/17/2011 2:39:15 PM	INFO:  Main Task Thread Started
1/17/2011 2:39:15 PM	INFO:  Commanded State: WAIT_FOR_USER_INPUT
1/17/2011 2:39:30 PM	INFO:  Submitted barcode Value: 1234567890123456720027A8120001
1/17/2011 2:39:30 PM	INFO:  Commanded State: OBTAIN_BUILD_DATA
1/17/2011 2:42:03 PM	

---------------------------------------------------------------------------------------------------------------
FlashStationLogStarted
1/17/2011 2:42:05 PM	INFO:  Main Task Thread Started
1/17/2011 2:42:05 PM	INFO:  View Update Task Thread Started
1/17/2011 2:42:05 PM	INFO:  Commanded State: WAIT_FOR_USER_INPUT
1/17/2011 2:45:51 PM	INFO:  Submitted barcode Value: 1234567890123456720027A8120001
1/17/2011 2:45:51 PM	INFO:  Commanded State: OBTAIN_BUILD_DATA
1/17/2011 2:45:52 PM	INFO:  Commanded State: WAIT_FOR_CABLECONNECT
1/17/2011 2:47:56 PM	

---------------------------------------------------------------------------------------------------------------
FlashStationLogStarted
1/17/2011 2:48:00 PM	INFO:  Main Task Thread Started
1/17/2011 2:48:00 PM	INFO:  View Update Task Thread Started
1/17/2011 2:48:01 PM	INFO:  Commanded State: WAIT_FOR_USER_INPUT
1/17/2011 2:48:55 PM	INFO:  Submitted barcode Value: 1234567890123456720027A8120001
1/17/2011 2:48:55 PM	INFO:  Commanded State: OBTAIN_BUILD_DATA
1/17/2011 2:48:56 PM	INFO:  Commanded State: WAIT_FOR_CABLECONNECT
1/17/2011 2:49:03 PM	INFO:  User Aborted
1/17/2011 2:49:08 PM	INFO:  Commanded State: WAIT_FOR_USER_INPUT
1/17/2011 2:49:26 PM	INFO:  Submitted barcode Value: 1234567890123456720027A8120001
1/17/2011 2:49:26 PM	INFO:  Commanded State: OBTAIN_BUILD_DATA
1/17/2011 2:49:26 PM	INFO:  Commanded State: WAIT_FOR_CABLECONNECT
1/17/2011 2:49:51 PM	INFO:  Submitted barcode Value: 1234567890123456620027A8120001
1/17/2011 2:50:02 PM	INFO:  User Aborted
1/17/2011 2:50:07 PM	INFO:  Commanded State: WAIT_FOR_USER_INPUT
1/17/2011 2:50:44 PM	INFO:  Submitted barcode Value: 1234567890123456620027A8120002
1/17/2011 2:50:44 PM	INFO:  Commanded State: OBTAIN_BUILD_DATA
1/17/2011 2:50:45 PM	INFO:  Commanded State: WAIT_FOR_CABLECONNECT
1/17/2011 2:50:50 PM	INFO:  User Aborted
1/17/2011 2:50:55 PM	INFO:  Commanded State: WAIT_FOR_USER_INPUT
1/17/2011 2:52:35 PM	

---------------------------------------------------------------------------------------------------------------
FlashStationLogStarted
1/17/2011 2:52:37 PM	INFO:  View Update Task Thread Started
1/17/2011 2:52:37 PM	INFO:  Main Task Thread Started
1/17/2011 2:52:37 PM	INFO:  Commanded State: WAIT_FOR_USER_INPUT
1/17/2011 2:52:50 PM	INFO:  Submitted barcode Value: 1234567890123456620027A8120002
1/17/2011 2:52:50 PM	INFO:  Commanded State: OBTAIN_BUILD_DATA
1/17/2011 2:52:51 PM	INFO:  Commanded State: WAIT_FOR_CABLECONNECT
1/17/2011 2:52:57 PM	INFO:  User Aborted
1/17/2011 2:53:02 PM	INFO:  Commanded State: WAIT_FOR_USER_INPUT
1/17/2011 2:53:16 PM	INFO:  Submitted barcode Value: 1234567890123457720027A8120001
1/17/2011 2:53:16 PM	INFO:  Commanded State: OBTAIN_BUILD_DATA
1/17/2011 2:53:16 PM	INFO:  Commanded State: WAIT_FOR_CABLECONNECT
1/17/2011 2:53:21 PM	INFO:  User Aborted
1/17/2011 2:53:21 PM	INFO:  Commanded State: FLASH_ECUS
1/17/2011 2:53:21 PM	INFO:  Commanded State: REPORT_DATA
1/17/2011 2:53:21 PM	INFO:  Commanded State: WAIT_FOR_USER_INPUT
1/17/2011 2:55:47 PM	INFO:  Submitted barcode Value: 1234567890123456720027A8120001
1/17/2011 2:55:47 PM	INFO:  Commanded State: OBTAIN_BUILD_DATA
1/17/2011 2:55:48 PM	INFO:  Commanded State: WAIT_FOR_CABLECONNECT
1/17/2011 2:55:51 PM	INFO:  User Aborted
1/17/2011 2:55:56 PM	INFO:  Commanded State: WAIT_FOR_USER_INPUT
1/17/2011 3:05:08 PM	

---------------------------------------------------------------------------------------------------------------
FlashStationLogStarted
1/17/2011 3:05:16 PM	INFO:  View Update Task Thread Started
1/17/2011 3:05:16 PM	INFO:  Main Task Thread Started
1/17/2011 3:05:16 PM	INFO:  Commanded State: WAIT_FOR_USER_INPUT
1/17/2011 3:05:33 PM	INFO:  Submitted barcode Value: 1234567890123456720027A8120001
1/17/2011 3:05:34 PM	INFO:  Commanded State: OBTAIN_BUILD_DATA
1/17/2011 3:05:34 PM	INFO:  Commanded State: WAIT_FOR_CABLECONNECT
1/17/2011 3:07:03 PM	INFO:  User Aborted
1/17/2011 3:07:03 PM	INFO:  Commanded State: FLASH_ECUS
1/17/2011 3:07:03 PM	INFO:  Commanded State: REPORT_DATA
1/17/2011 3:07:04 PM	INFO:  Commanded State: WAIT_FOR_USER_INPUT
1/17/2011 3:23:48 PM	

---------------------------------------------------------------------------------------------------------------
FlashStationLogStarted
1/17/2011 3:23:53 PM	INFO:  Main Task Thread Started
1/17/2011 3:23:53 PM	INFO:  View Update Task Thread Started
1/17/2011 3:23:53 PM	INFO:  Commanded State: WAIT_FOR_USER_INPUT
1/17/2011 3:24:15 PM	INFO:  Submitted barcode Value: 1234567890123456720027A8120001
1/17/2011 3:24:15 PM	INFO:  Commanded State: OBTAIN_BUILD_DATA
1/17/2011 3:24:15 PM	INFO:  Commanded State: WAIT_FOR_CABLECONNECT
1/17/2011 3:24:20 PM	INFO:  User Aborted
1/17/2011 3:24:25 PM	INFO:  Commanded State: WAIT_FOR_USER_INPUT
1/17/2011 3:24:38 PM	INFO:  Submitted barcode Value: 1234567890123456620027A8120001
1/17/2011 3:24:38 PM	INFO:  Commanded State: OBTAIN_BUILD_DATA
1/17/2011 3:24:39 PM	INFO:  Commanded State: WAIT_FOR_CABLECONNECT
1/17/2011 3:24:44 PM	INFO:  User Aborted
1/17/2011 3:24:44 PM	INFO:  Commanded State: FLASH_ECUS
1/17/2011 3:24:44 PM	INFO:  Commanded State: REPORT_DATA
1/17/2011 3:24:44 PM	INFO:  Commanded State: WAIT_FOR_USER_INPUT
1/17/2011 3:25:19 PM	INFO:  Submitted barcode Value: 1234567890123456720027A8120001
1/17/2011 3:25:19 PM	INFO:  Commanded State: OBTAIN_BUILD_DATA
1/17/2011 3:25:20 PM	INFO:  Commanded State: WAIT_FOR_CABLECONNECT
1/17/2011 3:25:23 PM	INFO:  User Aborted
1/17/2011 3:25:28 PM	INFO:  Commanded State: WAIT_FOR_USER_INPUT
1/17/2011 3:26:19 PM	

---------------------------------------------------------------------------------------------------------------
FlashStationLogStarted
1/17/2011 3:26:21 PM	INFO:  Main Task Thread Started
1/17/2011 3:26:21 PM	INFO:  View Update Task Thread Started
1/17/2011 3:26:21 PM	INFO:  Commanded State: WAIT_FOR_USER_INPUT
1/17/2011 3:26:26 PM	INFO:  Submitted barcode Value: 1234567890123456720027A8120001
1/17/2011 3:26:26 PM	INFO:  Commanded State: OBTAIN_BUILD_DATA
1/17/2011 3:26:27 PM	INFO:  Commanded State: WAIT_FOR_CABLECONNECT
1/17/2011 3:26:34 PM	INFO:  User Aborted
1/17/2011 3:26:39 PM	INFO:  Commanded State: WAIT_FOR_USER_INPUT
1/17/2011 3:26:49 PM	INFO:  Submitted barcode Value: 1234567890123456720027A8120001
1/17/2011 3:26:49 PM	INFO:  Commanded State: OBTAIN_BUILD_DATA
1/17/2011 3:26:50 PM	INFO:  Commanded State: WAIT_FOR_CABLECONNECT
1/17/2011 3:26:53 PM	INFO:  User Aborted
1/17/2011 3:26:58 PM	INFO:  Commanded State: WAIT_FOR_USER_INPUT
1/17/2011 3:27:05 PM	INFO:  Submitted barcode Value: 1234567890123456720027A8120001
1/17/2011 3:27:06 PM	INFO:  Commanded State: OBTAIN_BUILD_DATA
1/17/2011 3:27:06 PM	INFO:  Commanded State: WAIT_FOR_CABLECONNECT
1/17/2011 3:27:11 PM	INFO:  User Aborted
1/17/2011 3:27:16 PM	INFO:  Commanded State: WAIT_FOR_USER_INPUT
1/17/2011 3:32:21 PM	

---------------------------------------------------------------------------------------------------------------
FlashStationLogStarted
1/17/2011 3:32:23 PM	INFO:  View Update Task Thread Started
1/17/2011 3:32:23 PM	INFO:  Main Task Thread Started
1/17/2011 3:32:23 PM	INFO:  Commanded State: WAIT_FOR_USER_INPUT
1/17/2011 3:32:41 PM	INFO:  Submitted barcode Value: 1234567890123456720027A8120001
1/17/2011 3:32:42 PM	INFO:  Commanded State: OBTAIN_BUILD_DATA
1/17/2011 3:32:42 PM	INFO:  Commanded State: WAIT_FOR_CABLECONNECT
1/17/2011 3:32:54 PM	INFO:  User Aborted
1/17/2011 3:32:59 PM	INFO:  Commanded State: WAIT_FOR_USER_INPUT
1/17/2011 3:33:06 PM	INFO:  Submitted barcode Value: 1234567890123456720027A8120001
1/17/2011 3:33:06 PM	INFO:  Commanded State: OBTAIN_BUILD_DATA
1/17/2011 3:33:07 PM	INFO:  Commanded State: WAIT_FOR_CABLECONNECT
1/17/2011 3:33:10 PM	INFO:  User Aborted
1/17/2011 3:33:11 PM	INFO:  Commanded State: FLASH_ECUS
1/17/2011 3:33:11 PM	INFO:  Commanded State: REPORT_DATA
1/17/2011 3:33:11 PM	INFO:  Commanded State: WAIT_FOR_USER_INPUT
1/17/2011 3:33:40 PM	INFO:  Submitted barcode Value: 1234567890123456620027A8120001
1/17/2011 3:33:41 PM	INFO:  Commanded State: OBTAIN_BUILD_DATA
1/17/2011 3:33:41 PM	INFO:  Commanded State: WAIT_FOR_CABLECONNECT
1/17/2011 3:33:46 PM	INFO:  User Aborted
1/17/2011 3:33:51 PM	INFO:  Commanded State: WAIT_FOR_USER_INPUT
1/17/2011 3:34:04 PM	INFO:  Submitted barcode Value: 1234567890123456620027A8120001
1/17/2011 3:34:04 PM	INFO:  Commanded State: OBTAIN_BUILD_DATA
1/17/2011 3:34:04 PM	INFO:  Commanded State: WAIT_FOR_CABLECONNECT
1/17/2011 3:34:08 PM	INFO:  User Aborted
1/17/2011 3:34:08 PM	INFO:  Commanded State: FLASH_ECUS
1/17/2011 3:34:08 PM	INFO:  Commanded State: REPORT_DATA
1/17/2011 3:34:08 PM	INFO:  Commanded State: WAIT_FOR_USER_INPUT
1/17/2011 3:38:45 PM	

---------------------------------------------------------------------------------------------------------------
FlashStationLogStarted
1/17/2011 3:38:47 PM	INFO:  View Update Task Thread Started
1/17/2011 3:38:47 PM	INFO:  Main Task Thread Started
1/17/2011 3:38:47 PM	INFO:  Commanded State: WAIT_FOR_USER_INPUT
1/17/2011 3:39:16 PM	INFO:  Submitted barcode Value: 1234567890123456720027A8120001
1/17/2011 3:39:17 PM	INFO:  Commanded State: OBTAIN_BUILD_DATA
1/17/2011 3:39:17 PM	INFO:  Commanded State: WAIT_FOR_CABLECONNECT
1/17/2011 3:39:21 PM	INFO:  User Aborted
1/17/2011 3:39:21 PM	INFO:  Commanded State: FLASH_ECUS
1/17/2011 3:39:21 PM	INFO:  Commanded State: REPORT_DATA
1/17/2011 3:39:21 PM	INFO:  Commanded State: WAIT_FOR_USER_INPUT
1/17/2011 3:44:03 PM	

---------------------------------------------------------------------------------------------------------------
FlashStationLogStarted
1/17/2011 3:44:05 PM	INFO:  View Update Task Thread Started
1/17/2011 3:44:05 PM	INFO:  Main Task Thread Started
1/17/2011 3:44:05 PM	INFO:  Commanded State: WAIT_FOR_USER_INPUT
1/17/2011 3:44:31 PM	INFO:  Submitted barcode Value: 1234567890123456720027A8120001
1/17/2011 3:44:31 PM	INFO:  Commanded State: OBTAIN_BUILD_DATA
1/17/2011 3:44:32 PM	INFO:  Commanded State: WAIT_FOR_CABLECONNECT
1/17/2011 3:44:35 PM	INFO:  User Aborted
1/17/2011 3:44:35 PM	INFO:  Commanded State: FLASH_ECUS
1/17/2011 3:44:35 PM	INFO:  Commanded State: REPORT_DATA
1/17/2011 3:44:35 PM	INFO:  Commanded State: WAIT_FOR_USER_INPUT
1/17/2011 3:45:18 PM	INFO:  Submitted barcode Value: 1234567890123456720027A8120001
1/17/2011 3:45:25 PM	INFO:  Commanded State: OBTAIN_BUILD_DATA
1/17/2011 3:45:49 PM	INFO:  Commanded State: WAIT_FOR_CABLECONNECT
1/17/2011 3:45:55 PM	INFO:  Commanded State: FLASH_ECUS
1/17/2011 3:45:58 PM	INFO:  Commanded State: REPORT_DATA
1/17/2011 3:46:01 PM	INFO:  Commanded State: WAIT_FOR_USER_INPUT
1/17/2011 3:47:20 PM	INFO:  Submitted barcode Value: 1234567890123456720027A8120001
1/17/2011 3:47:24 PM	INFO:  Commanded State: OBTAIN_BUILD_DATA
1/17/2011 3:47:27 PM	INFO:  Commanded State: WAIT_FOR_CABLECONNECT
1/17/2011 3:47:34 PM	INFO:  User Aborted
1/17/2011 3:50:40 PM	INFO:  Commanded State: FLASH_ECUS
1/17/2011 3:51:01 PM	INFO:  Commanded State: REPORT_DATA
1/17/2011 3:51:02 PM	INFO:  Commanded State: WAIT_FOR_USER_INPUT
1/17/2011 3:51:34 PM	INFO:  Submitted barcode Value: 1234567890123456720027A8120001
1/17/2011 3:51:37 PM	INFO:  Commanded State: OBTAIN_BUILD_DATA
1/17/2011 3:51:41 PM	INFO:  Commanded State: WAIT_FOR_CABLECONNECT
1/17/2011 3:51:46 PM	INFO:  User Aborted
1/17/2011 3:52:33 PM	INFO:  Commanded State: FLASH_ECUS
1/17/2011 3:52:38 PM	INFO:  Commanded State: REPORT_DATA
1/17/2011 3:52:39 PM	INFO:  Commanded State: WAIT_FOR_USER_INPUT
1/17/2011 3:52:49 PM	INFO:  Submitted barcode Value: 1234567890123456720027A8120001
1/17/2011 3:52:53 PM	INFO:  Commanded State: OBTAIN_BUILD_DATA
1/17/2011 3:52:57 PM	INFO:  Commanded State: WAIT_FOR_CABLECONNECT
1/17/2011 3:53:02 PM	INFO:  User Aborted
1/17/2011 3:54:54 PM	INFO:  Commanded State: FLASH_ECUS
1/17/2011 3:55:30 PM	INFO:  Commanded State: REPORT_DATA
1/17/2011 4:00:07 PM	

---------------------------------------------------------------------------------------------------------------
FlashStationLogStarted
1/17/2011 4:00:09 PM	INFO:  Main Task Thread Started
1/17/2011 4:00:09 PM	INFO:  View Update Task Thread Started
1/17/2011 4:00:09 PM	INFO:  Commanded State: WAIT_FOR_USER_INPUT
1/17/2011 4:00:43 PM	INFO:  Submitted barcode Value: 1234567890123456720027A8120001
1/17/2011 4:00:44 PM	INFO:  Commanded State: OBTAIN_BUILD_DATA
1/17/2011 4:00:44 PM	INFO:  Commanded State: WAIT_FOR_CABLECONNECT
1/17/2011 4:00:48 PM	INFO:  User Aborted
1/17/2011 4:00:49 PM	INFO:  Commanded State: FLASH_ECUS
1/17/2011 4:00:49 PM	INFO:  Commanded State: REPORT_DATA
1/17/2011 4:00:49 PM	INFO:  Commanded State: WAIT_FOR_USER_INPUT
1/17/2011 4:01:41 PM	INFO:  Submitted barcode Value: 1234567890123456720027A8120001
1/17/2011 4:01:52 PM	INFO:  Commanded State: OBTAIN_BUILD_DATA
1/17/2011 4:02:05 PM	INFO:  Commanded State: WAIT_FOR_CABLECONNECT
1/17/2011 4:02:16 PM	INFO:  Submitted barcode Value: 1234567890123456720027A8120001
1/17/2011 4:02:23 PM	INFO:  User Aborted
1/17/2011 4:05:33 PM	

---------------------------------------------------------------------------------------------------------------
FlashStationLogStarted
1/17/2011 4:05:35 PM	INFO:  Main Task Thread Started
1/17/2011 4:05:35 PM	INFO:  View Update Task Thread Started
1/17/2011 4:05:39 PM	INFO:  Commanded State: WAIT_FOR_USER_INPUT
1/17/2011 4:05:43 PM	INFO:  Submitted barcode Value: 1234567890123456720027A8120001
1/17/2011 4:05:55 PM	INFO:  Commanded State: OBTAIN_BUILD_DATA
1/17/2011 4:05:59 PM	INFO:  Commanded State: WAIT_FOR_CABLECONNECT
1/17/2011 4:06:03 PM	INFO:  User Aborted
1/17/2011 4:06:17 PM	INFO:  Commanded State: WAIT_FOR_USER_INPUT
1/17/2011 4:06:53 PM	INFO:  Cannot clear build info in current state
1/17/2011 4:07:01 PM	INFO:  Submitted barcode Value: 1234567890123456720027A8120001
1/17/2011 4:07:01 PM	INFO:  Commanded State: OBTAIN_BUILD_DATA
1/17/2011 4:07:02 PM	INFO:  Commanded State: WAIT_FOR_CABLECONNECT
1/17/2011 4:07:04 PM	INFO:  User Aborted
1/17/2011 4:07:09 PM	INFO:  Commanded State: WAIT_FOR_USER_INPUT
1/17/2011 4:07:20 PM	INFO:  User Aborted
1/17/2011 4:07:25 PM	INFO:  Commanded State: WAIT_FOR_USER_INPUT
1/17/2011 4:08:06 PM	INFO:  Commanded State: WAIT_FOR_USER_INPUT
1/17/2011 4:51:43 PM	

---------------------------------------------------------------------------------------------------------------
FlashStationLogStarted
1/17/2011 4:51:48 PM	INFO:  View Update Task Thread Started
1/17/2011 4:51:48 PM	INFO:  Main Task Thread Started
1/17/2011 4:51:48 PM	INFO:  Commanded State: WAIT_FOR_USER_INPUT
1/17/2011 4:52:24 PM	INFO:  Submitted barcode Value: 1234567890123456720027A8120001
1/17/2011 4:52:24 PM	INFO:  Commanded State: OBTAIN_BUILD_DATA
1/17/2011 4:52:25 PM	INFO:  Commanded State: WAIT_FOR_CABLECONNECT
1/17/2011 4:52:25 PM	INFO:  Commanded State: FLASH_ECUS
1/17/2011 4:52:25 PM	INFO:  Commanded State: REPORT_DATA
1/17/2011 4:55:30 PM	

---------------------------------------------------------------------------------------------------------------
FlashStationLogStarted
1/17/2011 4:55:32 PM	INFO:  View Update Task Thread Started
1/17/2011 4:55:32 PM	INFO:  Main Task Thread Started
1/17/2011 4:55:32 PM	INFO:  Commanded State: WAIT_FOR_USER_INPUT
1/17/2011 4:56:11 PM	INFO:  Submitted barcode Value: 1234567890123456720027A8120001
1/17/2011 4:56:11 PM	INFO:  Commanded State: OBTAIN_BUILD_DATA
1/17/2011 4:56:11 PM	INFO:  Commanded State: WAIT_FOR_CABLECONNECT
1/17/2011 4:56:12 PM	INFO:  Commanded State: FLASH_ECUS
1/17/2011 4:57:20 PM	

---------------------------------------------------------------------------------------------------------------
FlashStationLogStarted
1/17/2011 4:57:22 PM	INFO:  Main Task Thread Started
1/17/2011 4:57:22 PM	INFO:  View Update Task Thread Started
1/17/2011 4:57:22 PM	INFO:  Commanded State: WAIT_FOR_USER_INPUT
1/17/2011 4:59:49 PM	INFO:  Submitted barcode Value: 1234567890123456720027A8120001
1/17/2011 4:59:49 PM	INFO:  Commanded State: OBTAIN_BUILD_DATA
1/17/2011 4:59:49 PM	INFO:  Commanded State: WAIT_FOR_CABLECONNECT
1/17/2011 4:59:50 PM	INFO:  Commanded State: FLASH_ECUS
1/17/2011 4:59:50 PM	INFO:  Commanded State: REPORT_DATA
1/17/2011 5:06:43 PM	

---------------------------------------------------------------------------------------------------------------
FlashStationLogStarted
1/17/2011 5:06:45 PM	INFO:  View Update Task Thread Started
1/17/2011 5:06:45 PM	INFO:  Main Task Thread Started
1/17/2011 5:06:45 PM	INFO:  Commanded State: WAIT_FOR_USER_INPUT
1/17/2011 5:07:04 PM	INFO:  Submitted barcode Value: 1234567890123456720027A8120001
1/17/2011 5:07:04 PM	INFO:  Commanded State: OBTAIN_BUILD_DATA
1/17/2011 5:07:05 PM	INFO:  Commanded State: WAIT_FOR_CABLECONNECT
1/17/2011 5:07:05 PM	INFO:  Commanded State: FLASH_ECUS
1/17/2011 5:07:05 PM	INFO:  Commanded State: REPORT_DATA
1/17/2011 5:07:05 PM	INFO:  StartingPCMFlash Process
1/17/2011 5:07:05 PM	INFO:  Commanded State: WAIT_FOR_USER_INPUT
1/17/2011 5:07:47 PM	INFO:  Commanded State: WAIT_FOR_USER_INPUT
