1/14/2011 10:17:51 AM	

---------------------------------------------------------------------------------------------------------------
FlashStationLogStarted
1/14/2011 10:17:58 AM	INFO:  View Update Task Thread Started
1/14/2011 10:17:58 AM	INFO:  Main Task Thread Started
1/14/2011 10:17:58 AM	INFO:  Commanded State: WAIT_FOR_USER_INPUT
1/14/2011 10:18:21 AM	INFO:  Submitted barcode Value: 1234567890123456720027A8120001
1/14/2011 10:18:22 AM	INFO:  Commanded State: OBTAIN_BUILD_DATA
1/14/2011 10:18:22 AM	INFO:  Commanded State: WAIT_FOR_CABLECONNECT
1/14/2011 10:29:43 AM	

---------------------------------------------------------------------------------------------------------------
FlashStationLogStarted
1/14/2011 10:29:49 AM	INFO:  View Update Task Thread Started
1/14/2011 10:30:34 AM	

---------------------------------------------------------------------------------------------------------------
FlashStationLogStarted
1/14/2011 10:30:40 AM	INFO:  View Update Task Thread Started
1/14/2011 10:30:40 AM	INFO:  Main Task Thread Started
1/14/2011 10:30:40 AM	INFO:  Commanded State: WAIT_FOR_USER_INPUT
1/14/2011 10:31:06 AM	INFO:  Submitted barcode Value: 1234567890123456720027A8120001
1/14/2011 10:31:06 AM	INFO:  Commanded State: OBTAIN_BUILD_DATA
1/14/2011 10:31:07 AM	INFO:  Commanded State: WAIT_FOR_CABLECONNECT
1/14/2011 10:33:30 AM	

---------------------------------------------------------------------------------------------------------------
FlashStationLogStarted
1/14/2011 10:33:35 AM	INFO:  Main Task Thread Started
1/14/2011 10:33:35 AM	INFO:  View Update Task Thread Started
1/14/2011 10:33:35 AM	INFO:  Commanded State: WAIT_FOR_USER_INPUT
1/14/2011 10:34:04 AM	INFO:  Submitted barcode Value: 1234567890123456720027A8120001
1/14/2011 10:34:04 AM	INFO:  Commanded State: OBTAIN_BUILD_DATA
1/14/2011 10:34:05 AM	INFO:  Commanded State: WAIT_FOR_CABLECONNECT
1/14/2011 11:22:01 AM	

---------------------------------------------------------------------------------------------------------------
FlashStationLogStarted
1/14/2011 11:22:07 AM	INFO:  Main Task Thread Started
1/14/2011 11:22:07 AM	INFO:  View Update Task Thread Started
1/14/2011 11:22:07 AM	INFO:  Commanded State: WAIT_FOR_USER_INPUT
1/14/2011 11:23:04 AM	

---------------------------------------------------------------------------------------------------------------
FlashStationLogStarted
1/14/2011 11:23:10 AM	INFO:  Main Task Thread Started
1/14/2011 11:23:10 AM	INFO:  View Update Task Thread Started
1/14/2011 11:23:10 AM	INFO:  Commanded State: WAIT_FOR_USER_INPUT
1/14/2011 11:24:07 AM	

---------------------------------------------------------------------------------------------------------------
FlashStationLogStarted
1/14/2011 11:24:13 AM	INFO:  View Update Task Thread Started
1/14/2011 11:24:13 AM	INFO:  Main Task Thread Started
1/14/2011 11:24:13 AM	INFO:  Commanded State: WAIT_FOR_USER_INPUT
1/14/2011 11:27:16 AM	

---------------------------------------------------------------------------------------------------------------
FlashStationLogStarted
1/14/2011 11:27:22 AM	INFO:  View Update Task Thread Started
1/14/2011 11:27:36 AM	

---------------------------------------------------------------------------------------------------------------
FlashStationLogStarted
1/14/2011 11:27:42 AM	INFO:  Main Task Thread Started
1/14/2011 11:27:42 AM	INFO:  View Update Task Thread Started
1/14/2011 11:27:42 AM	INFO:  Commanded State: WAIT_FOR_USER_INPUT
1/14/2011 11:42:49 AM	

---------------------------------------------------------------------------------------------------------------
FlashStationLogStarted
1/14/2011 11:42:55 AM	INFO:  View Update Task Thread Started
1/14/2011 11:42:55 AM	INFO:  Main Task Thread Started
1/14/2011 11:42:55 AM	INFO:  Commanded State: WAIT_FOR_USER_INPUT
1/14/2011 11:43:10 AM	INFO:  User Aborted
1/14/2011 11:43:15 AM	INFO:  Commanded State: WAIT_FOR_USER_INPUT
