1/26/2011 8:36:10 AM	

---------------------------------------------------------------------------------------------------------------
FlashStationLogStarted
1/26/2011 8:36:19 AM	ERROR:    FCM::Source or Target directory does not exist source: G:\Rewrite\Configuration\VehicleTest\BuildRecords\ Target: C:\FlashStation\BuildFiles\
1/26/2011 8:36:20 AM	INFO:  View Update Task Thread Started
1/26/2011 8:36:20 AM	INFO:  Main Task Thread Started
1/26/2011 8:36:20 AM	INFO:  Commanded State: WAIT_FOR_USER_INPUT
1/26/2011 8:36:30 AM	ERROR:    FCM::Source or Target directory does not exist source: G:\Rewrite\Configuration\VehicleTest\BuildRecords\ Target: C:\FlashStation\BuildFiles\
1/26/2011 8:36:40 AM	ERROR:    FCM::Source or Target directory does not exist source: G:\Rewrite\Configuration\VehicleTest\BuildRecords\ Target: C:\FlashStation\BuildFiles\
1/26/2011 8:36:50 AM	ERROR:    FCM::Source or Target directory does not exist source: G:\Rewrite\Configuration\VehicleTest\BuildRecords\ Target: C:\FlashStation\BuildFiles\
1/26/2011 8:36:52 AM	INFO:  Submitted barcode Value: 1234567890123456720027A8120001
1/26/2011 8:36:52 AM	INFO:  Commanded State: OBTAIN_BUILD_DATA
1/26/2011 8:36:53 AM	INFO:  Commanded State: WAIT_FOR_CABLECONNECT
1/26/2011 8:36:59 AM	INFO:  Commanded State: FLASH_ECUS
1/26/2011 8:36:59 AM	INFO:  Performing Pre Utility File Process
1/26/2011 8:36:59 AM	INFO:  Starting Tester Present Thread
1/26/2011 8:36:59 AM	INFO:  Sending Message Disable DTCs
1/26/2011 8:36:59 AM	INFO:  Sending Message: FE-10-02
1/26/2011 8:36:59 AM	INFO:  Message Failure
1/26/2011 8:37:00 AM	ERROR:    FCM::Source or Target directory does not exist source: G:\Rewrite\Configuration\VehicleTest\BuildRecords\ Target: C:\FlashStation\BuildFiles\
1/26/2011 8:37:00 AM	INFO:  StartingPCMFlash Process
1/26/2011 8:37:00 AM	INFO:  Commanded State: REPORT_DATA
1/26/2011 8:37:00 AM	INFO:  Reporting Fail
1/26/2011 8:37:00 AM	INFO:  Commanded State: WAIT_FOR_CABLEDISCONNECT
1/26/2011 8:37:10 AM	ERROR:    FCM::Source or Target directory does not exist source: G:\Rewrite\Configuration\VehicleTest\BuildRecords\ Target: C:\FlashStation\BuildFiles\
1/26/2011 8:37:20 AM	ERROR:    FCM::Source or Target directory does not exist source: G:\Rewrite\Configuration\VehicleTest\BuildRecords\ Target: C:\FlashStation\BuildFiles\
1/26/2011 8:37:30 AM	ERROR:    FCM::Source or Target directory does not exist source: G:\Rewrite\Configuration\VehicleTest\BuildRecords\ Target: C:\FlashStation\BuildFiles\
1/26/2011 8:37:40 AM	ERROR:    FCM::Source or Target directory does not exist source: G:\Rewrite\Configuration\VehicleTest\BuildRecords\ Target: C:\FlashStation\BuildFiles\
1/26/2011 8:37:46 AM	INFO:  Commanded State: WAIT_FOR_USER_INPUT
1/26/2011 8:37:50 AM	ERROR:    FCM::Source or Target directory does not exist source: G:\Rewrite\Configuration\VehicleTest\BuildRecords\ Target: C:\FlashStation\BuildFiles\
1/26/2011 8:38:00 AM	ERROR:    FCM::Source or Target directory does not exist source: G:\Rewrite\Configuration\VehicleTest\BuildRecords\ Target: C:\FlashStation\BuildFiles\
1/26/2011 8:38:05 AM	INFO:  Submitted barcode Value: 1234567890123456720027A8120001
1/26/2011 8:38:05 AM	INFO:  Commanded State: OBTAIN_BUILD_DATA
1/26/2011 8:38:06 AM	INFO:  Commanded State: WAIT_FOR_CABLECONNECT
1/26/2011 8:38:08 AM	INFO:  Commanded State: FLASH_ECUS
1/26/2011 8:38:08 AM	INFO:  Performing Pre Utility File Process
1/26/2011 8:38:08 AM	INFO:  Starting Tester Present Thread
1/26/2011 8:38:08 AM	INFO:  Sending Message Disable DTCs
1/26/2011 8:38:08 AM	INFO:  Sending Message: FE-10-02
1/26/2011 8:38:08 AM	INFO:  Message Failure
1/26/2011 8:38:08 AM	INFO:  StartingPCMFlash Process
1/26/2011 8:39:44 AM	ERROR:    FCM::Source or Target directory does not exist source: G:\Rewrite\Configuration\VehicleTest\BuildRecords\ Target: C:\FlashStation\BuildFiles\
1/26/2011 8:39:44 AM	INFO:  Processing Interpreter Instruction: 1
1/26/2011 8:59:16 AM	ERROR:    FCM::Source or Target directory does not exist source: G:\Rewrite\Configuration\VehicleTest\BuildRecords\ Target: C:\FlashStation\BuildFiles\
1/26/2011 9:00:47 AM	

---------------------------------------------------------------------------------------------------------------
FlashStationLogStarted
1/26/2011 9:00:55 AM	ERROR:    FCM::Source or Target directory does not exist source: G:\Rewrite\Configuration\VehicleTest\BuildRecords\ Target: C:\FlashStation\BuildFiles\
1/26/2011 9:00:55 AM	INFO:  View Update Task Thread Started
1/26/2011 9:00:55 AM	INFO:  Main Task Thread Started
1/26/2011 9:00:55 AM	INFO:  Commanded State: WAIT_FOR_USER_INPUT
1/26/2011 9:01:05 AM	ERROR:    FCM::Source or Target directory does not exist source: G:\Rewrite\Configuration\VehicleTest\BuildRecords\ Target: C:\FlashStation\BuildFiles\
1/26/2011 9:01:15 AM	ERROR:    FCM::Source or Target directory does not exist source: G:\Rewrite\Configuration\VehicleTest\BuildRecords\ Target: C:\FlashStation\BuildFiles\
1/26/2011 9:01:23 AM	INFO:  Submitted barcode Value: 1234567890123456720027A8120001
1/26/2011 9:01:23 AM	INFO:  Commanded State: OBTAIN_BUILD_DATA
1/26/2011 9:01:24 AM	INFO:  Commanded State: WAIT_FOR_CABLECONNECT
1/26/2011 9:01:25 AM	ERROR:    FCM::Source or Target directory does not exist source: G:\Rewrite\Configuration\VehicleTest\BuildRecords\ Target: C:\FlashStation\BuildFiles\
1/26/2011 9:01:28 AM	INFO:  Commanded State: FLASH_ECUS
1/26/2011 9:01:28 AM	INFO:  Performing Pre Utility File Process
1/26/2011 9:01:28 AM	INFO:  Starting Tester Present Thread
1/26/2011 9:01:28 AM	INFO:  Sending Message Disable DTCs
1/26/2011 9:01:28 AM	INFO:  Sending Message: FE-10-02
1/26/2011 9:01:28 AM	INFO:  Message Failure
1/26/2011 9:01:41 AM	ERROR:    FCM::Source or Target directory does not exist source: G:\Rewrite\Configuration\VehicleTest\BuildRecords\ Target: C:\FlashStation\BuildFiles\
1/26/2011 9:02:58 AM	ERROR:    FCM::Source or Target directory does not exist source: G:\Rewrite\Configuration\VehicleTest\BuildRecords\ Target: C:\FlashStation\BuildFiles\
1/26/2011 9:05:32 AM	

---------------------------------------------------------------------------------------------------------------
FlashStationLogStarted
1/26/2011 9:05:38 AM	ERROR:    FCM::Source or Target directory does not exist source: G:\Rewrite\Configuration\VehicleTest\BuildRecords\ Target: C:\FlashStation\BuildFiles\
1/26/2011 9:05:38 AM	INFO:  View Update Task Thread Started
1/26/2011 9:05:38 AM	INFO:  Main Task Thread Started
1/26/2011 9:05:38 AM	INFO:  Commanded State: WAIT_FOR_USER_INPUT
1/26/2011 9:05:48 AM	ERROR:    FCM::Source or Target directory does not exist source: G:\Rewrite\Configuration\VehicleTest\BuildRecords\ Target: C:\FlashStation\BuildFiles\
1/26/2011 9:05:58 AM	ERROR:    FCM::Source or Target directory does not exist source: G:\Rewrite\Configuration\VehicleTest\BuildRecords\ Target: C:\FlashStation\BuildFiles\
1/26/2011 9:06:01 AM	INFO:  Submitted barcode Value: 1234567890123456720027A8120001
1/26/2011 9:06:01 AM	INFO:  Commanded State: OBTAIN_BUILD_DATA
1/26/2011 9:06:01 AM	INFO:  Commanded State: WAIT_FOR_CABLECONNECT
1/26/2011 9:06:05 AM	INFO:  Commanded State: FLASH_ECUS
1/26/2011 9:06:05 AM	INFO:  Performing Pre Utility File Process
1/26/2011 9:06:05 AM	INFO:  Starting Tester Present Thread
1/26/2011 9:06:05 AM	INFO:  Sending Message Disable DTCs
1/26/2011 9:06:05 AM	INFO:  Sending Message: FE-10-02
1/26/2011 9:06:05 AM	INFO:  Message Failure
1/26/2011 9:06:08 AM	ERROR:    FCM::Source or Target directory does not exist source: G:\Rewrite\Configuration\VehicleTest\BuildRecords\ Target: C:\FlashStation\BuildFiles\
1/26/2011 9:06:31 AM	ERROR:    FCM::Source or Target directory does not exist source: G:\Rewrite\Configuration\VehicleTest\BuildRecords\ Target: C:\FlashStation\BuildFiles\
1/26/2011 9:06:32 AM	INFO:  StartingPCMFlash Process
1/26/2011 9:06:33 AM	INFO:  Processing Interpreter Instruction: 1
1/26/2011 9:06:34 AM	INFO:  PCM::OpCodeHandler: OpCodeDetails for:SETUP_GLOBAL_VARIABLES
1/26/2011 9:06:34 AM	INFO:  PCM::OpCodeHandler: Action Fields:17 241 0 0
1/26/2011 9:06:34 AM	INFO:  PCM::OpCodeHandler: Goto Fields:0 2 0 0
1/26/2011 9:06:40 AM	INFO:  Processing Interpreter Instruction: 2
1/26/2011 9:06:59 AM	ERROR:    FCM::Source or Target directory does not exist source: G:\Rewrite\Configuration\VehicleTest\BuildRecords\ Target: C:\FlashStation\BuildFiles\
1/26/2011 9:06:59 AM	INFO:  PCM::OpCodeHandler: OpCodeDetails for:SECURITY_ACCESS
1/26/2011 9:06:59 AM	INFO:  PCM::OpCodeHandler: Action Fields:146 0 0 0
1/26/2011 9:06:59 AM	INFO:  PCM::OpCodeHandler: Goto Fields:103 3 55 45
1/26/2011 9:14:35 AM	

---------------------------------------------------------------------------------------------------------------
FlashStationLogStarted
1/26/2011 9:14:42 AM	ERROR:    FCM::Source or Target directory does not exist source: G:\Rewrite\Configuration\VehicleTest\BuildRecords\ Target: C:\FlashStation\BuildFiles\
1/26/2011 9:14:43 AM	INFO:  View Update Task Thread Started
1/26/2011 9:14:43 AM	INFO:  Main Task Thread Started
1/26/2011 9:14:43 AM	INFO:  Commanded State: WAIT_FOR_USER_INPUT
1/26/2011 9:14:53 AM	ERROR:    FCM::Source or Target directory does not exist source: G:\Rewrite\Configuration\VehicleTest\BuildRecords\ Target: C:\FlashStation\BuildFiles\
1/26/2011 9:15:03 AM	INFO:  Submitted barcode Value: 1234567890123456720027A8120001
1/26/2011 9:15:03 AM	ERROR:    FCM::Source or Target directory does not exist source: G:\Rewrite\Configuration\VehicleTest\BuildRecords\ Target: C:\FlashStation\BuildFiles\
1/26/2011 9:15:03 AM	INFO:  Commanded State: OBTAIN_BUILD_DATA
1/26/2011 9:15:03 AM	INFO:  Commanded State: WAIT_FOR_CABLECONNECT
1/26/2011 9:15:06 AM	INFO:  Commanded State: FLASH_ECUS
1/26/2011 9:15:06 AM	INFO:  Performing Pre Utility File Process
1/26/2011 9:15:06 AM	INFO:  Starting Tester Present Thread
1/26/2011 9:15:07 AM	INFO:  Sending Message Disable DTCs
1/26/2011 9:15:07 AM	INFO:  Sending Message: FE-10-02
1/26/2011 9:15:07 AM	INFO:  Message Failure
1/26/2011 9:15:10 AM	INFO:  StartingPCMFlash Process
1/26/2011 9:15:11 AM	INFO:  Processing Interpreter Instruction: 1
1/26/2011 9:15:11 AM	INFO:  PCM::OpCodeHandler: OpCodeDetails for:SETUP_GLOBAL_VARIABLES
1/26/2011 9:15:11 AM	INFO:  PCM::OpCodeHandler: Action Fields:17 241 0 0
1/26/2011 9:15:11 AM	INFO:  PCM::OpCodeHandler: Goto Fields:0 2 0 0
1/26/2011 9:15:12 AM	INFO:  Processing Interpreter Instruction: 2
1/26/2011 9:15:22 AM	INFO:  PCM::OpCodeHandler: OpCodeDetails for:SECURITY_ACCESS
1/26/2011 9:15:22 AM	INFO:  PCM::OpCodeHandler: Action Fields:146 0 0 0
1/26/2011 9:15:22 AM	INFO:  PCM::OpCodeHandler: Goto Fields:103 3 55 45
1/26/2011 9:15:22 AM	ERROR:  PCM::OpCodeHandler: SecurityAccess Invalid Response
1/26/2011 9:16:14 AM	Failure:  Failure: SecurityAccess Invalid Response
1/26/2011 9:17:03 AM	INFO:  Commanded State: REPORT_DATA
1/26/2011 9:17:06 AM	INFO:  Reporting Fail
1/26/2011 9:26:38 AM	

---------------------------------------------------------------------------------------------------------------
FlashStationLogStarted
1/26/2011 9:26:47 AM	ERROR:    FCM::Source or Target directory does not exist source: G:\Rewrite\Configuration\VehicleTest\BuildRecords\ Target: C:\FlashStation\BuildFiles\
1/26/2011 9:26:47 AM	INFO:  View Update Task Thread Started
1/26/2011 9:26:47 AM	INFO:  Main Task Thread Started
1/26/2011 9:26:47 AM	INFO:  Commanded State: WAIT_FOR_USER_INPUT
1/26/2011 9:26:57 AM	ERROR:    FCM::Source or Target directory does not exist source: G:\Rewrite\Configuration\VehicleTest\BuildRecords\ Target: C:\FlashStation\BuildFiles\
1/26/2011 9:27:02 AM	INFO:  Submitted barcode Value: 1234567890123456720027A8120001
1/26/2011 9:27:02 AM	INFO:  Commanded State: OBTAIN_BUILD_DATA
1/26/2011 9:27:03 AM	INFO:  Commanded State: WAIT_FOR_CABLECONNECT
1/26/2011 9:27:06 AM	INFO:  Commanded State: FLASH_ECUS
1/26/2011 9:27:06 AM	INFO:  Performing Pre Utility File Process
1/26/2011 9:27:06 AM	INFO:  Starting Tester Present Thread
1/26/2011 9:27:06 AM	INFO:  Sending Message Disable DTCs
1/26/2011 9:27:06 AM	INFO:  Sending Message: FE-10-02
1/26/2011 9:27:06 AM	INFO:  Message Failure
1/26/2011 9:27:10 AM	ERROR:    FCM::Source or Target directory does not exist source: G:\Rewrite\Configuration\VehicleTest\BuildRecords\ Target: C:\FlashStation\BuildFiles\
1/26/2011 9:27:10 AM	INFO:  StartingPCMFlash Process
1/26/2011 9:27:10 AM	INFO:  Processing Interpreter Instruction: 1
1/26/2011 9:27:12 AM	INFO:  Processing Interpreter Instruction: 2
1/26/2011 9:27:13 AM	Failure:  Failure: SecurityAccess Invalid Response
1/26/2011 9:27:13 AM	INFO:  Commanded State: REPORT_DATA
1/26/2011 9:27:14 AM	INFO:  Reporting Fail
1/26/2011 9:27:14 AM	INFO:  Commanded State: WAIT_FOR_CABLEDISCONNECT
1/26/2011 9:27:20 AM	ERROR:    FCM::Source or Target directory does not exist source: G:\Rewrite\Configuration\VehicleTest\BuildRecords\ Target: C:\FlashStation\BuildFiles\
1/26/2011 9:27:30 AM	ERROR:    FCM::Source or Target directory does not exist source: G:\Rewrite\Configuration\VehicleTest\BuildRecords\ Target: C:\FlashStation\BuildFiles\
1/26/2011 9:27:39 AM	INFO:  Commanded State: WAIT_FOR_USER_INPUT
1/26/2011 9:27:40 AM	ERROR:    FCM::Source or Target directory does not exist source: G:\Rewrite\Configuration\VehicleTest\BuildRecords\ Target: C:\FlashStation\BuildFiles\
1/26/2011 9:27:50 AM	ERROR:    FCM::Source or Target directory does not exist source: G:\Rewrite\Configuration\VehicleTest\BuildRecords\ Target: C:\FlashStation\BuildFiles\
1/26/2011 9:28:00 AM	ERROR:    FCM::Source or Target directory does not exist source: G:\Rewrite\Configuration\VehicleTest\BuildRecords\ Target: C:\FlashStation\BuildFiles\
1/26/2011 9:28:10 AM	ERROR:    FCM::Source or Target directory does not exist source: G:\Rewrite\Configuration\VehicleTest\BuildRecords\ Target: C:\FlashStation\BuildFiles\
1/26/2011 9:28:20 AM	ERROR:    FCM::Source or Target directory does not exist source: G:\Rewrite\Configuration\VehicleTest\BuildRecords\ Target: C:\FlashStation\BuildFiles\
1/26/2011 9:28:30 AM	ERROR:    FCM::Source or Target directory does not exist source: G:\Rewrite\Configuration\VehicleTest\BuildRecords\ Target: C:\FlashStation\BuildFiles\
1/26/2011 9:28:40 AM	ERROR:    FCM::Source or Target directory does not exist source: G:\Rewrite\Configuration\VehicleTest\BuildRecords\ Target: C:\FlashStation\BuildFiles\
1/26/2011 9:28:50 AM	ERROR:    FCM::Source or Target directory does not exist source: G:\Rewrite\Configuration\VehicleTest\BuildRecords\ Target: C:\FlashStation\BuildFiles\
1/26/2011 9:29:00 AM	ERROR:    FCM::Source or Target directory does not exist source: G:\Rewrite\Configuration\VehicleTest\BuildRecords\ Target: C:\FlashStation\BuildFiles\
1/26/2011 9:29:10 AM	ERROR:    FCM::Source or Target directory does not exist source: G:\Rewrite\Configuration\VehicleTest\BuildRecords\ Target: C:\FlashStation\BuildFiles\
1/26/2011 9:29:20 AM	ERROR:    FCM::Source or Target directory does not exist source: G:\Rewrite\Configuration\VehicleTest\BuildRecords\ Target: C:\FlashStation\BuildFiles\
1/26/2011 9:29:30 AM	ERROR:    FCM::Source or Target directory does not exist source: G:\Rewrite\Configuration\VehicleTest\BuildRecords\ Target: C:\FlashStation\BuildFiles\
1/26/2011 9:29:40 AM	ERROR:    FCM::Source or Target directory does not exist source: G:\Rewrite\Configuration\VehicleTest\BuildRecords\ Target: C:\FlashStation\BuildFiles\
1/26/2011 9:29:50 AM	ERROR:    FCM::Source or Target directory does not exist source: G:\Rewrite\Configuration\VehicleTest\BuildRecords\ Target: C:\FlashStation\BuildFiles\
1/26/2011 9:44:51 AM	

---------------------------------------------------------------------------------------------------------------
FlashStationLogStarted
1/26/2011 9:45:00 AM	ERROR:    FCM::Source or Target directory does not exist source: G:\Rewrite\Configuration\VehicleTest\BuildRecords\ Target: C:\FlashStation\BuildFiles\
1/26/2011 9:45:01 AM	INFO:  View Update Task Thread Started
1/26/2011 9:45:01 AM	INFO:  Main Task Thread Started
1/26/2011 9:45:01 AM	INFO:  Commanded State: WAIT_FOR_USER_INPUT
1/26/2011 9:45:11 AM	ERROR:    FCM::Source or Target directory does not exist source: G:\Rewrite\Configuration\VehicleTest\BuildRecords\ Target: C:\FlashStation\BuildFiles\
1/26/2011 9:45:18 AM	INFO:  Submitted barcode Value: 1234567890123456720027A8120001
1/26/2011 9:45:18 AM	INFO:  Commanded State: OBTAIN_BUILD_DATA
1/26/2011 9:45:18 AM	INFO:  Commanded State: WAIT_FOR_CABLECONNECT
1/26/2011 9:45:21 AM	ERROR:    FCM::Source or Target directory does not exist source: G:\Rewrite\Configuration\VehicleTest\BuildRecords\ Target: C:\FlashStation\BuildFiles\
1/26/2011 9:45:31 AM	ERROR:    FCM::Source or Target directory does not exist source: G:\Rewrite\Configuration\VehicleTest\BuildRecords\ Target: C:\FlashStation\BuildFiles\
1/26/2011 9:45:32 AM	INFO:  Commanded State: FLASH_ECUS
1/26/2011 9:45:32 AM	INFO:  Performing Pre Utility File Process
1/26/2011 9:45:32 AM	INFO:  Starting Tester Present Thread
1/26/2011 9:45:32 AM	INFO:  Sending Message Disable DTCs
1/26/2011 9:45:32 AM	INFO:  Sending Message: FE-10-02
1/26/2011 9:45:32 AM	INFO:  Message Failure
1/26/2011 9:45:35 AM	INFO:  StartingPCMFlash Process
1/26/2011 9:45:35 AM	INFO:  Processing Interpreter Instruction: 1
1/26/2011 9:45:37 AM	INFO:  Processing Interpreter Instruction: 2
1/26/2011 9:45:38 AM	Failure:  Failure: SecurityAccess Invalid Response
1/26/2011 9:45:39 AM	INFO:  Commanded State: REPORT_DATA
1/26/2011 9:45:39 AM	INFO:  Reporting Fail
1/26/2011 9:45:39 AM	INFO:  Commanded State: WAIT_FOR_CABLEDISCONNECT
1/26/2011 9:45:41 AM	ERROR:    FCM::Source or Target directory does not exist source: G:\Rewrite\Configuration\VehicleTest\BuildRecords\ Target: C:\FlashStation\BuildFiles\
1/26/2011 9:45:44 AM	INFO:  Commanded State: WAIT_FOR_USER_INPUT
1/26/2011 9:45:51 AM	ERROR:    FCM::Source or Target directory does not exist source: G:\Rewrite\Configuration\VehicleTest\BuildRecords\ Target: C:\FlashStation\BuildFiles\
1/26/2011 9:46:01 AM	ERROR:    FCM::Source or Target directory does not exist source: G:\Rewrite\Configuration\VehicleTest\BuildRecords\ Target: C:\FlashStation\BuildFiles\
1/26/2011 9:46:11 AM	ERROR:    FCM::Source or Target directory does not exist source: G:\Rewrite\Configuration\VehicleTest\BuildRecords\ Target: C:\FlashStation\BuildFiles\
1/26/2011 9:46:21 AM	ERROR:    FCM::Source or Target directory does not exist source: G:\Rewrite\Configuration\VehicleTest\BuildRecords\ Target: C:\FlashStation\BuildFiles\
1/26/2011 9:46:31 AM	ERROR:    FCM::Source or Target directory does not exist source: G:\Rewrite\Configuration\VehicleTest\BuildRecords\ Target: C:\FlashStation\BuildFiles\
1/26/2011 9:46:41 AM	ERROR:    FCM::Source or Target directory does not exist source: G:\Rewrite\Configuration\VehicleTest\BuildRecords\ Target: C:\FlashStation\BuildFiles\
1/26/2011 9:46:51 AM	ERROR:    FCM::Source or Target directory does not exist source: G:\Rewrite\Configuration\VehicleTest\BuildRecords\ Target: C:\FlashStation\BuildFiles\
1/26/2011 9:47:01 AM	ERROR:    FCM::Source or Target directory does not exist source: G:\Rewrite\Configuration\VehicleTest\BuildRecords\ Target: C:\FlashStation\BuildFiles\
1/26/2011 9:47:11 AM	ERROR:    FCM::Source or Target directory does not exist source: G:\Rewrite\Configuration\VehicleTest\BuildRecords\ Target: C:\FlashStation\BuildFiles\
1/26/2011 9:47:21 AM	ERROR:    FCM::Source or Target directory does not exist source: G:\Rewrite\Configuration\VehicleTest\BuildRecords\ Target: C:\FlashStation\BuildFiles\
1/26/2011 9:47:31 AM	ERROR:    FCM::Source or Target directory does not exist source: G:\Rewrite\Configuration\VehicleTest\BuildRecords\ Target: C:\FlashStation\BuildFiles\
1/26/2011 9:47:41 AM	ERROR:    FCM::Source or Target directory does not exist source: G:\Rewrite\Configuration\VehicleTest\BuildRecords\ Target: C:\FlashStation\BuildFiles\
1/26/2011 9:47:51 AM	ERROR:    FCM::Source or Target directory does not exist source: G:\Rewrite\Configuration\VehicleTest\BuildRecords\ Target: C:\FlashStation\BuildFiles\
1/26/2011 9:48:01 AM	ERROR:    FCM::Source or Target directory does not exist source: G:\Rewrite\Configuration\VehicleTest\BuildRecords\ Target: C:\FlashStation\BuildFiles\
1/26/2011 9:48:11 AM	ERROR:    FCM::Source or Target directory does not exist source: G:\Rewrite\Configuration\VehicleTest\BuildRecords\ Target: C:\FlashStation\BuildFiles\
1/26/2011 9:48:21 AM	ERROR:    FCM::Source or Target directory does not exist source: G:\Rewrite\Configuration\VehicleTest\BuildRecords\ Target: C:\FlashStation\BuildFiles\
1/26/2011 9:48:31 AM	ERROR:    FCM::Source or Target directory does not exist source: G:\Rewrite\Configuration\VehicleTest\BuildRecords\ Target: C:\FlashStation\BuildFiles\
1/26/2011 9:48:41 AM	ERROR:    FCM::Source or Target directory does not exist source: G:\Rewrite\Configuration\VehicleTest\BuildRecords\ Target: C:\FlashStation\BuildFiles\
