1/26/2011 9:26:46 AM	

---------------------------------------------------------------------------------------------------------------
TCMLogStarted
1/26/2011 9:27:11 AM	INFO:  PCM::OpCodeHandler: OpCodeDetails for:SETUP_GLOBAL_VARIABLES
1/26/2011 9:27:11 AM	INFO:  PCM::OpCodeHandler: Action Fields:17 241 0 0
1/26/2011 9:27:11 AM	INFO:  PCM::OpCodeHandler: Goto Fields:0 2 0 0
1/26/2011 9:27:12 AM	INFO:  PCM::OpCodeHandler: OpCodeDetails for:SECURITY_ACCESS
1/26/2011 9:27:12 AM	INFO:  PCM::OpCodeHandler: Action Fields:146 0 0 0
1/26/2011 9:27:12 AM	INFO:  PCM::OpCodeHandler: Goto Fields:103 3 55 45
1/26/2011 9:27:12 AM	ERROR:  PCM::OpCodeHandler: SecurityAccess Invalid Response
1/26/2011 9:45:00 AM	

---------------------------------------------------------------------------------------------------------------
TCMLogStarted
1/26/2011 9:45:36 AM	INFO:  PCM::OpCodeHandler: OpCodeDetails for:SETUP_GLOBAL_VARIABLES
1/26/2011 9:45:36 AM	INFO:  PCM::OpCodeHandler: Action Fields:17 241 0 0
1/26/2011 9:45:36 AM	INFO:  PCM::OpCodeHandler: Goto Fields:0 2 0 0
1/26/2011 9:45:38 AM	INFO:  PCM::OpCodeHandler: OpCodeDetails for:SECURITY_ACCESS
1/26/2011 9:45:38 AM	INFO:  PCM::OpCodeHandler: Action Fields:146 0 0 0
1/26/2011 9:45:38 AM	INFO:  PCM::OpCodeHandler: Goto Fields:103 3 55 45
1/26/2011 9:45:38 AM	ERROR:  PCM::OpCodeHandler: SecurityAccess Invalid Response
