!!!REDIRECTED TO FALLBACK STREAM!!!
!!!REDIRECTED TO FALLBACK STREAM!!!
java.library.path=C:\\Burke_PorterCCRT
useUNCProperty is false
useUNCBool is false
!!!REDIRECTED TO FALLBACK STREAM!!!
!!!REDIRECTED TO FALLBACK STREAM!!!
Last Cable Connected Tag: LastCableConnected
GUIManager.creeateScreens: clickToExit=false
image path is C:\Ccrt\branches\Common3700\Source\Fujian\Burke_PorterCCRT\resources\local/null
image path is C:\Ccrt\branches\Common3700\Source\Fujian\Burke_PorterCCRT\resources\local/null
The background color has been set to white
image path is C:\Ccrt\branches\Common3700\Source\Fujian\Burke_PorterCCRT\resources\local/null
userTickMarks is 0
userTickMarks is 0
The background color has been set to white
image path is C:\Ccrt\branches\Common3700\Source\Fujian\Burke_PorterCCRT\resources\local/null
userTickMarks is 0
userTickMarks is 0
serverAddress is 192.168.1.1
ndbConfigLocalPath is C:\Ccrt\branches\Common3700\Source\Fujian\Burke_PorterCCRT\resources\local/ndbconfig/NDBConfig.xml
useUNCProperty is false
useUNCBool is false
!!!REDIRECTED TO FALLBACK STREAM!!!
!!!REDIRECTED TO FALLBACK STREAM!!!
RESULT TAG value in TestResultViewer: TestResultToPrint
START CALLED FOR testresultviewer: tag: TestResultToPrint, role: value, rate: 0, type: Subscribe
userTickMarks is 0
userTickMarks is 0
!!!REDIRECTED TO FALLBACK STREAM!!!
!!!REDIRECTED TO FALLBACK STREAM!!!
!!!REDIRECTED TO FALLBACK STREAM!!!
!!!REDIRECTED TO FALLBACK STREAM!!!
!!!REDIRECTED TO FALLBACK STREAM!!!
!!!REDIRECTED TO FALLBACK STREAM!!!
!!!REDIRECTED TO FALLBACK STREAM!!!
!!!REDIRECTED TO FALLBACK STREAM!!!
!!!REDIRECTED TO FALLBACK STREAM!!!
!!!REDIRECTED TO FALLBACK STREAM!!!
!!!REDIRECTED TO FALLBACK STREAM!!!
!!!REDIRECTED TO FALLBACK STREAM!!!
!!!REDIRECTED TO FALLBACK STREAM!!!
!!!REDIRECTED TO FALLBACK STREAM!!!
!!!REDIRECTED TO FALLBACK STREAM!!!
!!!REDIRECTED TO FALLBACK STREAM!!!
!!!REDIRECTED TO FALLBACK STREAM!!!
!!!REDIRECTED TO FALLBACK STREAM!!!
!!!REDIRECTED TO FALLBACK STREAM!!!
!!!REDIRECTED TO FALLBACK STREAM!!!
!!!REDIRECTED TO FALLBACK STREAM!!!
!!!REDIRECTED TO FALLBACK STREAM!!!
!!!REDIRECTED TO FALLBACK STREAM!!!
!!!REDIRECTED TO FALLBACK STREAM!!!
!!!REDIRECTED TO FALLBACK STREAM!!!
!!!REDIRECTED TO FALLBACK STREAM!!!
!!!REDIRECTED TO FALLBACK STREAM!!!
!!!REDIRECTED TO FALLBACK STREAM!!!
!!!REDIRECTED TO FALLBACK STREAM!!!
!!!REDIRECTED TO FALLBACK STREAM!!!
!!!REDIRECTED TO FALLBACK STREAM!!!
!!!REDIRECTED TO FALLBACK STREAM!!!
!!!REDIRECTED TO FALLBACK STREAM!!!
!!!REDIRECTED TO FALLBACK STREAM!!!
!!!REDIRECTED TO FALLBACK STREAM!!!
!!!REDIRECTED TO FALLBACK STREAM!!!
!!!REDIRECTED TO FALLBACK STREAM!!!
!!!REDIRECTED TO FALLBACK STREAM!!!
!!!REDIRECTED TO FALLBACK STREAM!!!
!!!REDIRECTED TO FALLBACK STREAM!!!
!!!REDIRECTED TO FALLBACK STREAM!!!
!!!REDIRECTED TO FALLBACK STREAM!!!
!!!REDIRECTED TO FALLBACK STREAM!!!
!!!REDIRECTED TO FALLBACK STREAM!!!
!!!REDIRECTED TO FALLBACK STREAM!!!
!!!REDIRECTED TO FALLBACK STREAM!!!
!!!REDIRECTED TO FALLBACK STREAM!!!
!!!REDIRECTED TO FALLBACK STREAM!!!
!!!REDIRECTED TO FALLBACK STREAM!!!
!!!REDIRECTED TO FALLBACK STREAM!!!
!!!REDIRECTED TO FALLBACK STREAM!!!
!!!REDIRECTED TO FALLBACK STREAM!!!
!!!REDIRECTED TO FALLBACK STREAM!!!
!!!REDIRECTED TO FALLBACK STREAM!!!
!!!REDIRECTED TO FALLBACK STREAM!!!
!!!REDIRECTED TO FALLBACK STREAM!!!
!!!REDIRECTED TO FALLBACK STREAM!!!
!!!REDIRECTED TO FALLBACK STREAM!!!
!!!REDIRECTED TO FALLBACK STREAM!!!
!!!REDIRECTED TO FALLBACK STREAM!!!
!!!REDIRECTED TO FALLBACK STREAM!!!
!!!REDIRECTED TO FALLBACK STREAM!!!
!!!REDIRECTED TO FALLBACK STREAM!!!
!!!REDIRECTED TO FALLBACK STREAM!!!
!!!REDIRECTED TO FALLBACK STREAM!!!
!!!REDIRECTED TO FALLBACK STREAM!!!
!!!REDIRECTED TO FALLBACK STREAM!!!
!!!REDIRECTED TO FALLBACK STREAM!!!
!!!REDIRECTED TO FALLBACK STREAM!!!
!!!REDIRECTED TO FALLBACK STREAM!!!
!!!REDIRECTED TO FALLBACK STREAM!!!
!!!REDIRECTED TO FALLBACK STREAM!!!
!!!REDIRECTED TO FALLBACK STREAM!!!
!!!REDIRECTED TO FALLBACK STREAM!!!
!!!REDIRECTED TO FALLBACK STREAM!!!
!!!REDIRECTED TO FALLBACK STREAM!!!
!!!REDIRECTED TO FALLBACK STREAM!!!
!!!REDIRECTED TO FALLBACK STREAM!!!
!!!REDIRECTED TO FALLBACK STREAM!!!
!!!REDIRECTED TO FALLBACK STREAM!!!
!!!REDIRECTED TO FALLBACK STREAM!!!
!!!REDIRECTED TO FALLBACK STREAM!!!
!!!REDIRECTED TO FALLBACK STREAM!!!
!!!REDIRECTED TO FALLBACK STREAM!!!
!!!REDIRECTED TO FALLBACK STREAM!!!
!!!REDIRECTED TO FALLBACK STREAM!!!
!!!REDIRECTED TO FALLBACK STREAM!!!
!!!REDIRECTED TO FALLBACK STREAM!!!
!!!REDIRECTED TO FALLBACK STREAM!!!
!!!REDIRECTED TO FALLBACK STREAM!!!
!!!REDIRECTED TO FALLBACK STREAM!!!
!!!REDIRECTED TO FALLBACK STREAM!!!
!!!REDIRECTED TO FALLBACK STREAM!!!
!!!REDIRECTED TO FALLBACK STREAM!!!
!!!REDIRECTED TO FALLBACK STREAM!!!
!!!REDIRECTED TO FALLBACK STREAM!!!
!!!REDIRECTED TO FALLBACK STREAM!!!
!!!REDIRECTED TO FALLBACK STREAM!!!
!!!REDIRECTED TO FALLBACK STREAM!!!
!!!REDIRECTED TO FALLBACK STREAM!!!
!!!REDIRECTED TO FALLBACK STREAM!!!
!!!REDIRECTED TO FALLBACK STREAM!!!
!!!REDIRECTED TO FALLBACK STREAM!!!
!!!REDIRECTED TO FALLBACK STREAM!!!
!!!REDIRECTED TO FALLBACK STREAM!!!
!!!REDIRECTED TO FALLBACK STREAM!!!
!!!REDIRECTED TO FALLBACK STREAM!!!
!!!REDIRECTED TO FALLBACK STREAM!!!
!!!REDIRECTED TO FALLBACK STREAM!!!
!!!REDIRECTED TO FALLBACK STREAM!!!
!!!REDIRECTED TO FALLBACK STREAM!!!
!!!REDIRECTED TO FALLBACK STREAM!!!
!!!REDIRECTED TO FALLBACK STREAM!!!
!!!REDIRECTED TO FALLBACK STREAM!!!
!!!REDIRECTED TO FALLBACK STREAM!!!
!!!REDIRECTED TO FALLBACK STREAM!!!
!!!REDIRECTED TO FALLBACK STREAM!!!
!!!REDIRECTED TO FALLBACK STREAM!!!
!!!REDIRECTED TO FALLBACK STREAM!!!
!!!REDIRECTED TO FALLBACK STREAM!!!
!!!REDIRECTED TO FALLBACK STREAM!!!
!!!REDIRECTED TO FALLBACK STREAM!!!
!!!REDIRECTED TO FALLBACK STREAM!!!
!!!REDIRECTED TO FALLBACK STREAM!!!
!!!REDIRECTED TO FALLBACK STREAM!!!
!!!REDIRECTED TO FALLBACK STREAM!!!
!!!REDIRECTED TO FALLBACK STREAM!!!
!!!REDIRECTED TO FALLBACK STREAM!!!
!!!REDIRECTED TO FALLBACK STREAM!!!
!!!REDIRECTED TO FALLBACK STREAM!!!
!!!REDIRECTED TO FALLBACK STREAM!!!
!!!REDIRECTED TO FALLBACK STREAM!!!
!!!REDIRECTED TO FALLBACK STREAM!!!
!!!REDIRECTED TO FALLBACK STREAM!!!
userTickMarks is 0
Starting license warning model
Starting license fatal model
Starting Server ID model
Switching from <null> to <configpanel>
Starting timer
timeout is 300000
!!!REDIRECTED TO FALLBACK STREAM!!!
!!!REDIRECTED TO FALLBACK STREAM!!!
!!!REDIRECTED TO FALLBACK STREAM!!!
!!!REDIRECTED TO FALLBACK STREAM!!!
!!!REDIRECTED TO FALLBACK STREAM!!!
!!!REDIRECTED TO FALLBACK STREAM!!!
!!!REDIRECTED TO FALLBACK STREAM!!!
!!!REDIRECTED TO FALLBACK STREAM!!!
!!!REDIRECTED TO FALLBACK STREAM!!!
!!!REDIRECTED TO FALLBACK STREAM!!!
!!!REDIRECTED TO FALLBACK STREAM!!!
!!!REDIRECTED TO FALLBACK STREAM!!!
!!!REDIRECTED TO FALLBACK STREAM!!!
!!!REDIRECTED TO FALLBACK STREAM!!!
!!!REDIRECTED TO FALLBACK STREAM!!!
!!!REDIRECTED TO FALLBACK STREAM!!!
!!!REDIRECTED TO FALLBACK STREAM!!!
!!!REDIRECTED TO FALLBACK STREAM!!!
!!!REDIRECTED TO FALLBACK STREAM!!!
!!!REDIRECTED TO FALLBACK STREAM!!!
!!!REDIRECTED TO FALLBACK STREAM!!!
!!!REDIRECTED TO FALLBACK STREAM!!!
!!!REDIRECTED TO FALLBACK STREAM!!!
!!!REDIRECTED TO FALLBACK STREAM!!!
!!!REDIRECTED TO FALLBACK STREAM!!!
!!!REDIRECTED TO FALLBACK STREAM!!!
!!!REDIRECTED TO FALLBACK STREAM!!!
!!!REDIRECTED TO FALLBACK STREAM!!!
!!!REDIRECTED TO FALLBACK STREAM!!!
!!!REDIRECTED TO FALLBACK STREAM!!!
!!!REDIRECTED TO FALLBACK STREAM!!!
!!!REDIRECTED TO FALLBACK STREAM!!!
!!!REDIRECTED TO FALLBACK STREAM!!!
!!!REDIRECTED TO FALLBACK STREAM!!!
!!!REDIRECTED TO FALLBACK STREAM!!!
!!!REDIRECTED TO FALLBACK STREAM!!!
!!!REDIRECTED TO FALLBACK STREAM!!!
!!!REDIRECTED TO FALLBACK STREAM!!!
!!!REDIRECTED TO FALLBACK STREAM!!!
!!!REDIRECTED TO FALLBACK STREAM!!!
!!!REDIRECTED TO FALLBACK STREAM!!!
!!!REDIRECTED TO FALLBACK STREAM!!!
!!!REDIRECTED TO FALLBACK STREAM!!!
!!!REDIRECTED TO FALLBACK STREAM!!!
!!!REDIRECTED TO FALLBACK STREAM!!!
!!!REDIRECTED TO FALLBACK STREAM!!!
!!!REDIRECTED TO FALLBACK STREAM!!!
!!!REDIRECTED TO FALLBACK STREAM!!!
!!!REDIRECTED TO FALLBACK STREAM!!!
!!!REDIRECTED TO FALLBACK STREAM!!!
!!!REDIRECTED TO FALLBACK STREAM!!!
!!!REDIRECTED TO FALLBACK STREAM!!!
!!!REDIRECTED TO FALLBACK STREAM!!!
!!!REDIRECTED TO FALLBACK STREAM!!!
!!!REDIRECTED TO FALLBACK STREAM!!!
!!!REDIRECTED TO FALLBACK STREAM!!!
Switching from <configpanel> to <frontpanel>
timeout is 300000
!!!REDIRECTED TO FALLBACK STREAM!!!
!!!REDIRECTED TO FALLBACK STREAM!!!
!!!REDIRECTED TO FALLBACK STREAM!!!
!!!REDIRECTED TO FALLBACK STREAM!!!
CCRT shutting down.
