<?xml version="1.0" encoding="UTF-8" standalone="no"?>
<log>

<record> <date>2011-11-30 05:46:16.348 GMT</date> <millis>1322631976348</millis> <sequence>1</sequence> <logger>com.bepco.rtc</logger> <level>CONFIG</level> <class>com.bepco.rtc.Main</class> <method>main</method> <thread>10</thread> <message>AtomicURLStreamHandler was created</message> <exception><message></message><frame><class /><method /></frame></exception> </record>
<record> <date>2011-11-30 05:46:16.519 GMT</date> <millis>1322631976519</millis> <sequence>2</sequence> <logger>com.bepco.rtc</logger> <level>CONFIG</level> <class>com.bepco.rtc.Main</class> <method>updateUIWithNewLocale</method> <thread>10</thread> <message>Locale: zh_CN</message> <exception><message></message><frame><class /><method /></frame></exception> </record>
<record> <date>2011-11-30 05:46:16.519 GMT</date> <millis>1322631976519</millis> <sequence>3</sequence> <logger>com.bepco.rtc</logger> <level>CONFIG</level> <class>com.bepco.rtc.Main</class> <method>main</method> <thread>10</thread> <message>Using log level: CONFIG</message> <exception><message></message><frame><class /><method /></frame></exception> </record>
<record> <date>2011-11-30 05:46:16.597 GMT</date> <millis>1322631976597</millis> <sequence>4</sequence> <logger>com.bepco.rtc</logger> <level>CONFIG</level> <class>com.bepco.rtc.Main</class> <method>main</method> <thread>10</thread> <message>Launching Server mode address: /192.168.1.1</message> <exception><message></message><frame><class /><method /></frame></exception> </record>
<record> <date>2011-11-30 05:46:16.597 GMT</date> <millis>1322631976597</millis> <sequence>5</sequence> <logger>com.bepco.rtc.ServerManager</logger> <level>INFO</level> <class>com.bepco.rtc.ServerManager</class> <method>startServletEngine</method> <thread>10</thread> <message>Started servlet engine on port: 10080</message> <exception><message></message><frame><class /><method /></frame></exception> </record>
<record> <date>2011-11-30 05:46:16.597 GMT</date> <millis>1322631976597</millis> <sequence>6</sequence> <logger>com.bepco.rtc</logger> <level>CONFIG</level> <class>com.bepco.rtc.Main</class> <method>main</method> <thread>10</thread> <message>Using server address: /192.168.1.1 and File Proxy Address /192.168.1.1</message> <exception><message></message><frame><class /><method /></frame></exception> </record>
<record> <date>2011-11-30 05:46:17.065 GMT</date> <millis>1322631977065</millis> <sequence>7</sequence> <logger>com.bepco.data</logger> <level>INFO</level> <class>com.bepco.data.XMLDataModel</class> <method>&lt;init&gt;</method> <thread>11</thread> <message>Constructed XMLDataModel: tag: StartTest, role: value, rate: 0, type: Subscribe</message> <exception><message></message><frame><class /><method /></frame></exception> </record>
<record> <date>2011-11-30 05:46:17.065 GMT</date> <millis>1322631977065</millis> <sequence>8</sequence> <logger>com.bepco.data</logger> <level>INFO</level> <class>com.bepco.data.XMLDataModel</class> <method>&lt;init&gt;</method> <thread>11</thread> <message>Constructed XMLDataModel: tag: TestInProgress, role: value, rate: 0, type: Subscribe</message> <exception><message></message><frame><class /><method /></frame></exception> </record>
<record> <date>2011-11-30 05:46:17.065 GMT</date> <millis>1322631977065</millis> <sequence>9</sequence> <logger>com.bepco.data</logger> <level>INFO</level> <class>com.bepco.data.XMLDataModel</class> <method>&lt;init&gt;</method> <thread>11</thread> <message>Constructed XMLDataModel: tag: InvalidLicenseNotification, role: value, rate: 0, type: Subscribe</message> <exception><message></message><frame><class /><method /></frame></exception> </record>
<record> <date>2011-11-30 05:46:17.065 GMT</date> <millis>1322631977065</millis> <sequence>10</sequence> <logger>com.bepco.data</logger> <level>INFO</level> <class>com.bepco.data.XMLDataModel</class> <method>&lt;init&gt;</method> <thread>11</thread> <message>Constructed XMLDataModel: tag: InvalidLicenseFatalFault, role: value, rate: 0, type: Subscribe</message> <exception><message></message><frame><class /><method /></frame></exception> </record>
<record> <date>2011-11-30 05:46:17.065 GMT</date> <millis>1322631977065</millis> <sequence>11</sequence> <logger>com.bepco.data</logger> <level>INFO</level> <class>com.bepco.data.XMLDataModel</class> <method>&lt;init&gt;</method> <thread>11</thread> <message>Constructed XMLDataModel: tag: SoftwareID, role: value, rate: 0, type: Subscribe</message> <exception><message></message><frame><class /><method /></frame></exception> </record>
<record> <date>2011-11-30 05:46:17.096 GMT</date> <millis>1322631977096</millis> <sequence>12</sequence> <logger>com.bepco.data</logger> <level>INFO</level> <class>com.bepco.data.XMLDataModel</class> <method>&lt;init&gt;</method> <thread>11</thread> <message>Constructed XMLDataModel: tag: TestResultToPrint, role: value, rate: 0, type: Subscribe</message> <exception><message></message><frame><class /><method /></frame></exception> </record>
<record> <date>2011-11-30 05:46:17.096 GMT</date> <millis>1322631977096</millis> <sequence>13</sequence> <logger>com.bepco.data</logger> <level>INFO</level> <class>com.bepco.data.XMLDataModel</class> <method>&lt;init&gt;</method> <thread>11</thread> <message>Constructed XMLDataModel: tag: OverallTest, role: value, rate: 0, type: Subscribe</message> <exception><message></message><frame><class /><method /></frame></exception> </record>
<record> <date>2011-11-30 05:46:17.096 GMT</date> <millis>1322631977096</millis> <sequence>14</sequence> <logger>com.bepco.data</logger> <level>INFO</level> <class>com.bepco.data.XMLDataModel</class> <method>&lt;init&gt;</method> <thread>11</thread> <message>Constructed XMLDataModel: tag: ReprintResults, role: value, rate: 0, type: Subscribe</message> <exception><message></message><frame><class /><method /></frame></exception> </record>
<record> <date>2011-11-30 05:46:17.096 GMT</date> <millis>1322631977096</millis> <sequence>15</sequence> <logger>com.bepco.data</logger> <level>INFO</level> <class>com.bepco.data.XMLDataModel</class> <method>&lt;init&gt;</method> <thread>11</thread> <message>Constructed XMLDataModel: tag: RollsUpElevDown, role: value, rate: 0, type: Subscribe</message> <exception><message></message><frame><class /><method /></frame></exception> </record>
<record> <date>2011-11-30 05:46:17.096 GMT</date> <millis>1322631977096</millis> <sequence>16</sequence> <logger>com.bepco.data</logger> <level>INFO</level> <class>com.bepco.data.XMLDataModel</class> <method>&lt;init&gt;</method> <thread>11</thread> <message>Constructed XMLDataModel: tag: MachineNumber, role: value, rate: 0, type: Subscribe</message> <exception><message></message><frame><class /><method /></frame></exception> </record>
<record> <date>2011-11-30 05:46:17.096 GMT</date> <millis>1322631977096</millis> <sequence>17</sequence> <logger>com.bepco.data</logger> <level>INFO</level> <class>com.bepco.data.XMLDataModel</class> <method>&lt;init&gt;</method> <thread>11</thread> <message>Constructed XMLDataModel: tag: LastCableConnected, role: value, rate: 0, type: Subscribe</message> <exception><message></message><frame><class /><method /></frame></exception> </record>
<record> <date>2011-11-30 05:46:17.377 GMT</date> <millis>1322631977377</millis> <sequence>18</sequence> <logger>com.bepco.rtc</logger> <level>SEVERE</level> <class>com.bepco.rtc.DataPanelManager</class> <method>createDataPanel</method> <thread>11</thread> <message>Failed to construct widget panel [frontpanel]</message> <exception><message>com.bepco.data.ConfigurationException: Value of 'name' attribute (label.address1.text) has no resource mapping. : &lt;Label name="address1" height="15" width="250" border="false"&gt;
						&lt;Font size="14" name="sans-serif" style="bold" /&gt;
					&lt;/Label&gt;
	at com.bepco.data.LayoutStep.&lt;init&gt;(LayoutStep.java:292)
	at com.bepco.data.PanelModel.parseLayoutStep(PanelModel.java:312)
	at com.bepco.data.PanelModel.parseLayoutStep(PanelModel.java:324)
	at com.bepco.data.PanelModel.parseLayoutStep(PanelModel.java:324)
	at com.bepco.data.PanelModel.&lt;init&gt;(PanelModel.java:196)
	at com.bepco.rtc.DataPanelManager.createPanelModel(DataPanelManager.java:145)
	at com.bepco.rtc.DataPanelManager.createDataPanel(DataPanelManager.java:180)
	at com.bepco.rtc.DataPanelManager.buildDataPanels(DataPanelManager.java:71)
	at com.bepco.rtc.DataPanelManager.&lt;init&gt;(DataPanelManager.java:59)
	at com.bepco.rtc.builder.GUIBuilder.addDataPanelManager(GUIBuilder.java:530)
	at com.bepco.rtc.builder.GUIBuilder.buildGUIManager(GUIBuilder.java:75)
	at com.bepco.rtc.builder.ControllerBuilder.addGUIManager(ControllerBuilder.java:293)
	at com.bepco.rtc.builder.ControllerBuilder.buildController(ControllerBuilder.java:111)
	at com.bepco.rtc.Main$1.run(Main.java:568)
	at java.awt.event.InvocationEvent.dispatch(Unknown Source)
	at java.awt.EventQueue.dispatchEvent(Unknown Source)
	at java.awt.EventDispatchThread.pumpOneEventForHierarchy(Unknown Source)
	at java.awt.EventDispatchThread.pumpEventsForHierarchy(Unknown Source)
	at java.awt.EventDispatchThread.pumpEvents(Unknown Source)
	at java.awt.EventDispatchThread.pumpEvents(Unknown Source)
	at java.awt.EventDispatchThread.run(Unknown Source)
</message><frame><class /><method /></frame></exception> </record>
<record> <date>2011-11-30 05:46:17.393 GMT</date> <millis>1322631977393</millis> <sequence>19</sequence> <logger>com.bepco.rtc</logger> <level>SEVERE</level> <class>com.bepco.rtc.DataPanelManager</class> <method>createDataPanel</method> <thread>11</thread> <message>Failed to construct widget panel [losscompensation]</message> <exception><message>com.bepco.data.ConfigurationException: Value of 'name' attribute (label.losstitle.text) has no resource mapping. : &lt;Label width="1020" height="35" posX="0" posY="5" name="losstitle"&gt;
                &lt;Font size="36" name="sans-serif" style="bold" /&gt;
            &lt;/Label&gt;
	at com.bepco.data.LayoutStep.&lt;init&gt;(LayoutStep.java:292)
	at com.bepco.data.PanelModel.parseLayoutStep(PanelModel.java:312)
	at com.bepco.data.PanelModel.&lt;init&gt;(PanelModel.java:196)
	at com.bepco.rtc.DataPanelManager.createPanelModel(DataPanelManager.java:145)
	at com.bepco.rtc.DataPanelManager.createDataPanel(DataPanelManager.java:180)
	at com.bepco.rtc.DataPanelManager.buildDataPanels(DataPanelManager.java:74)
	at com.bepco.rtc.DataPanelManager.&lt;init&gt;(DataPanelManager.java:59)
	at com.bepco.rtc.builder.GUIBuilder.addDataPanelManager(GUIBuilder.java:530)
	at com.bepco.rtc.builder.GUIBuilder.buildGUIManager(GUIBuilder.java:75)
	at com.bepco.rtc.builder.ControllerBuilder.addGUIManager(ControllerBuilder.java:293)
	at com.bepco.rtc.builder.ControllerBuilder.buildController(ControllerBuilder.java:111)
	at com.bepco.rtc.Main$1.run(Main.java:568)
	at java.awt.event.InvocationEvent.dispatch(Unknown Source)
	at java.awt.EventQueue.dispatchEvent(Unknown Source)
	at java.awt.EventDispatchThread.pumpOneEventForHierarchy(Unknown Source)
	at java.awt.EventDispatchThread.pumpEventsForHierarchy(Unknown Source)
	at java.awt.EventDispatchThread.pumpEvents(Unknown Source)
	at java.awt.EventDispatchThread.pumpEvents(Unknown Source)
	at java.awt.EventDispatchThread.run(Unknown Source)
</message><frame><class /><method /></frame></exception> </record>
<record> <date>2011-11-30 05:46:17.408 GMT</date> <millis>1322631977408</millis> <sequence>20</sequence> <logger>com.bepco.data</logger> <level>INFO</level> <class>com.bepco.data.XMLDataModel</class> <method>&lt;init&gt;</method> <thread>11</thread> <message>Constructed XMLDataModel: tag: SpeedValue, role: value, rate: 10, type: Read</message> <exception><message></message><frame><class /><method /></frame></exception> </record>
<record> <date>2011-11-30 05:46:17.408 GMT</date> <millis>1322631977408</millis> <sequence>21</sequence> <logger>com.bepco.data</logger> <level>INFO</level> <class>com.bepco.data.XMLDataModel</class> <method>&lt;init&gt;</method> <thread>11</thread> <message>Constructed XMLDataModel: tag: SpeedTarget, role: targetrange, rate: 0, type: Subscribe</message> <exception><message></message><frame><class /><method /></frame></exception> </record>
<record> <date>2011-11-30 05:46:17.408 GMT</date> <millis>1322631977408</millis> <sequence>22</sequence> <logger>com.bepco.data</logger> <level>INFO</level> <class>com.bepco.data.XMLDataModel</class> <method>&lt;init&gt;</method> <thread>11</thread> <message>Constructed XMLDataModel: tag: BrakeForceValue, role: value, rate: 10, type: Read</message> <exception><message></message><frame><class /><method /></frame></exception> </record>
<record> <date>2011-11-30 05:46:17.408 GMT</date> <millis>1322631977408</millis> <sequence>23</sequence> <logger>com.bepco.data</logger> <level>INFO</level> <class>com.bepco.data.XMLDataModel</class> <method>&lt;init&gt;</method> <thread>11</thread> <message>Constructed XMLDataModel: tag: BrakeTarget, role: targetrange, rate: 0, type: Subscribe</message> <exception><message></message><frame><class /><method /></frame></exception> </record>
<record> <date>2011-11-30 05:46:17.408 GMT</date> <millis>1322631977408</millis> <sequence>24</sequence> <logger>com.bepco.data</logger> <level>INFO</level> <class>com.bepco.data.XMLDataModel</class> <method>&lt;init&gt;</method> <thread>11</thread> <message>Constructed XMLDataModel: tag: BrakeActive, role: enabled, rate: 0, type: Subscribe</message> <exception><message></message><frame><class /><method /></frame></exception> </record>
<record> <date>2011-11-30 05:46:17.408 GMT</date> <millis>1322631977408</millis> <sequence>25</sequence> <logger>com.bepco.data</logger> <level>INFO</level> <class>com.bepco.data.XMLDataModel</class> <method>&lt;init&gt;</method> <thread>11</thread> <message>Constructed XMLDataModel: tag: PromptBox1, role: value, rate: 0, type: Subscribe</message> <exception><message></message><frame><class /><method /></frame></exception> </record>
<record> <date>2011-11-30 05:46:17.408 GMT</date> <millis>1322631977408</millis> <sequence>26</sequence> <logger>com.bepco.data</logger> <level>INFO</level> <class>com.bepco.data.XMLDataModel</class> <method>&lt;init&gt;</method> <thread>11</thread> <message>Constructed XMLDataModel: tag: PromptBox1BGColor, role: backgroundcolor, rate: 0, type: Subscribe</message> <exception><message></message><frame><class /><method /></frame></exception> </record>
<record> <date>2011-11-30 05:46:17.408 GMT</date> <millis>1322631977408</millis> <sequence>27</sequence> <logger>com.bepco.data</logger> <level>INFO</level> <class>com.bepco.data.XMLDataModel</class> <method>&lt;init&gt;</method> <thread>11</thread> <message>Constructed XMLDataModel: tag: PromptBox2, role: value, rate: 0, type: Subscribe</message> <exception><message></message><frame><class /><method /></frame></exception> </record>
<record> <date>2011-11-30 05:46:17.408 GMT</date> <millis>1322631977408</millis> <sequence>28</sequence> <logger>com.bepco.data</logger> <level>INFO</level> <class>com.bepco.data.XMLDataModel</class> <method>&lt;init&gt;</method> <thread>11</thread> <message>Constructed XMLDataModel: tag: PromptBox2BGColor, role: backgroundcolor, rate: 0, type: Subscribe</message> <exception><message></message><frame><class /><method /></frame></exception> </record>
<record> <date>2011-11-30 05:46:17.408 GMT</date> <millis>1322631977408</millis> <sequence>29</sequence> <logger>com.bepco.data</logger> <level>INFO</level> <class>com.bepco.data.XMLDataModel</class> <method>&lt;init&gt;</method> <thread>11</thread> <message>Constructed XMLDataModel: tag: VINDisplay, role: value, rate: 0, type: Subscribe</message> <exception><message></message><frame><class /><method /></frame></exception> </record>
<record> <date>2011-11-30 05:46:17.408 GMT</date> <millis>1322631977408</millis> <sequence>30</sequence> <logger>com.bepco.data</logger> <level>INFO</level> <class>com.bepco.data.XMLDataModel</class> <method>&lt;init&gt;</method> <thread>11</thread> <message>Constructed XMLDataModel: tag: VINDisplayBGColor, role: backgroundcolor, rate: 0, type: Subscribe</message> <exception><message></message><frame><class /><method /></frame></exception> </record>
<record> <date>2011-11-30 05:46:17.424 GMT</date> <millis>1322631977424</millis> <sequence>31</sequence> <logger>com.bepco.data</logger> <level>INFO</level> <class>com.bepco.data.XMLDataModel</class> <method>&lt;init&gt;</method> <thread>11</thread> <message>Constructed XMLDataModel: tag: SpeedControlOverallTest, role: value, rate: 0, type: Subscribe</message> <exception><message></message><frame><class /><method /></frame></exception> </record>
<record> <date>2011-11-30 05:46:17.424 GMT</date> <millis>1322631977424</millis> <sequence>32</sequence> <logger>com.bepco.data</logger> <level>INFO</level> <class>com.bepco.data.XMLDataModel</class> <method>&lt;init&gt;</method> <thread>11</thread> <message>Constructed XMLDataModel: tag: BrakeOverallTest, role: value, rate: 0, type: Subscribe</message> <exception><message></message><frame><class /><method /></frame></exception> </record>
<record> <date>2011-11-30 05:46:17.440 GMT</date> <millis>1322631977440</millis> <sequence>33</sequence> <logger>com.bepco.gui</logger> <level>WARNING</level> <class>com.bepco.gui.XMLWidgetPanel</class> <method>buildWidget</method> <thread>11</thread> <message>Misconfiguration: failed to create XMLDataWidget</message> <exception><message>java.lang.reflect.InvocationTargetException
	at sun.reflect.NativeConstructorAccessorImpl.newInstance0(Native Method)
	at sun.reflect.NativeConstructorAccessorImpl.newInstance(Unknown Source)
	at sun.reflect.DelegatingConstructorAccessorImpl.newInstance(Unknown Source)
	at java.lang.reflect.Constructor.newInstance(Unknown Source)
	at com.bepco.gui.XMLWidgetPanel.buildWidget(XMLWidgetPanel.java:474)
	at com.bepco.gui.XMLWidgetPanel.&lt;init&gt;(XMLWidgetPanel.java:179)
	at com.bepco.rtc.DataPanelManager.createDataPanel(DataPanelManager.java:181)
	at com.bepco.rtc.DataPanelManager.buildDataPanels(DataPanelManager.java:77)
	at com.bepco.rtc.DataPanelManager.&lt;init&gt;(DataPanelManager.java:59)
	at com.bepco.rtc.builder.GUIBuilder.addDataPanelManager(GUIBuilder.java:530)
	at com.bepco.rtc.builder.GUIBuilder.buildGUIManager(GUIBuilder.java:75)
	at com.bepco.rtc.builder.ControllerBuilder.addGUIManager(ControllerBuilder.java:293)
	at com.bepco.rtc.builder.ControllerBuilder.buildController(ControllerBuilder.java:111)
	at com.bepco.rtc.Main$1.run(Main.java:568)
	at java.awt.event.InvocationEvent.dispatch(Unknown Source)
	at java.awt.EventQueue.dispatchEvent(Unknown Source)
	at java.awt.EventDispatchThread.pumpOneEventForHierarchy(Unknown Source)
	at java.awt.EventDispatchThread.pumpEventsForHierarchy(Unknown Source)
	at java.awt.EventDispatchThread.pumpEvents(Unknown Source)
	at java.awt.EventDispatchThread.pumpEvents(Unknown Source)
	at java.awt.EventDispatchThread.run(Unknown Source)
Caused by: java.util.MissingResourceException: Can't find resource for bundle com.atomicobject.util.TrimmedResourceBundle, key xmldatamodel.screensaver.winxp
	at java.util.ResourceBundle.getObject(Unknown Source)
	at java.util.ResourceBundle.getString(Unknown Source)
	at com.bepco.gui.XMLDataWidget.&lt;init&gt;(XMLDataWidget.java:210)
	at com.bepco.gui.XMLDataWidget.&lt;init&gt;(XMLDataWidget.java:117)
	at com.bepco.gui.RadialGauge.&lt;init&gt;(RadialGauge.java:188)
	... 21 more
</message><frame><class /><method /></frame></exception> </record>
<record> <date>2011-11-30 05:46:17.440 GMT</date> <millis>1322631977440</millis> <sequence>34</sequence> <logger>com.bepco.gui</logger> <level>WARNING</level> <class>com.bepco.gui.XMLWidgetPanel</class> <method>&lt;init&gt;</method> <thread>11</thread> <message>Bad widget config for id speed</message> <exception><message>java.lang.IllegalArgumentException: Misconfiguration: failed to create XMLDataWidget
	at com.bepco.gui.XMLWidgetPanel.buildWidget(XMLWidgetPanel.java:487)
	at com.bepco.gui.XMLWidgetPanel.&lt;init&gt;(XMLWidgetPanel.java:179)
	at com.bepco.rtc.DataPanelManager.createDataPanel(DataPanelManager.java:181)
	at com.bepco.rtc.DataPanelManager.buildDataPanels(DataPanelManager.java:77)
	at com.bepco.rtc.DataPanelManager.&lt;init&gt;(DataPanelManager.java:59)
	at com.bepco.rtc.builder.GUIBuilder.addDataPanelManager(GUIBuilder.java:530)
	at com.bepco.rtc.builder.GUIBuilder.buildGUIManager(GUIBuilder.java:75)
	at com.bepco.rtc.builder.ControllerBuilder.addGUIManager(ControllerBuilder.java:293)
	at com.bepco.rtc.builder.ControllerBuilder.buildController(ControllerBuilder.java:111)
	at com.bepco.rtc.Main$1.run(Main.java:568)
	at java.awt.event.InvocationEvent.dispatch(Unknown Source)
	at java.awt.EventQueue.dispatchEvent(Unknown Source)
	at java.awt.EventDispatchThread.pumpOneEventForHierarchy(Unknown Source)
	at java.awt.EventDispatchThread.pumpEventsForHierarchy(Unknown Source)
	at java.awt.EventDispatchThread.pumpEvents(Unknown Source)
	at java.awt.EventDispatchThread.pumpEvents(Unknown Source)
	at java.awt.EventDispatchThread.run(Unknown Source)
</message><frame><class /><method /></frame></exception> </record>
<record> <date>2011-11-30 05:46:17.440 GMT</date> <millis>1322631977440</millis> <sequence>35</sequence> <logger>com.bepco.gui</logger> <level>WARNING</level> <class>com.bepco.gui.XMLWidgetPanel</class> <method>buildWidget</method> <thread>11</thread> <message>Misconfiguration: failed to create XMLDataWidget</message> <exception><message>java.lang.reflect.InvocationTargetException
	at sun.reflect.NativeConstructorAccessorImpl.newInstance0(Native Method)
	at sun.reflect.NativeConstructorAccessorImpl.newInstance(Unknown Source)
	at sun.reflect.DelegatingConstructorAccessorImpl.newInstance(Unknown Source)
	at java.lang.reflect.Constructor.newInstance(Unknown Source)
	at com.bepco.gui.XMLWidgetPanel.buildWidget(XMLWidgetPanel.java:474)
	at com.bepco.gui.XMLWidgetPanel.&lt;init&gt;(XMLWidgetPanel.java:179)
	at com.bepco.rtc.DataPanelManager.createDataPanel(DataPanelManager.java:181)
	at com.bepco.rtc.DataPanelManager.buildDataPanels(DataPanelManager.java:77)
	at com.bepco.rtc.DataPanelManager.&lt;init&gt;(DataPanelManager.java:59)
	at com.bepco.rtc.builder.GUIBuilder.addDataPanelManager(GUIBuilder.java:530)
	at com.bepco.rtc.builder.GUIBuilder.buildGUIManager(GUIBuilder.java:75)
	at com.bepco.rtc.builder.ControllerBuilder.addGUIManager(ControllerBuilder.java:293)
	at com.bepco.rtc.builder.ControllerBuilder.buildController(ControllerBuilder.java:111)
	at com.bepco.rtc.Main$1.run(Main.java:568)
	at java.awt.event.InvocationEvent.dispatch(Unknown Source)
	at java.awt.EventQueue.dispatchEvent(Unknown Source)
	at java.awt.EventDispatchThread.pumpOneEventForHierarchy(Unknown Source)
	at java.awt.EventDispatchThread.pumpEventsForHierarchy(Unknown Source)
	at java.awt.EventDispatchThread.pumpEvents(Unknown Source)
	at java.awt.EventDispatchThread.pumpEvents(Unknown Source)
	at java.awt.EventDispatchThread.run(Unknown Source)
Caused by: java.util.MissingResourceException: Can't find resource for bundle com.atomicobject.util.TrimmedResourceBundle, key xmldatamodel.screensaver.winxp
	at java.util.ResourceBundle.getObject(Unknown Source)
	at java.util.ResourceBundle.getString(Unknown Source)
	at com.bepco.gui.XMLDataWidget.&lt;init&gt;(XMLDataWidget.java:210)
	at com.bepco.gui.XMLDataWidget.&lt;init&gt;(XMLDataWidget.java:117)
	at com.bepco.gui.RadialGauge.&lt;init&gt;(RadialGauge.java:188)
	... 21 more
</message><frame><class /><method /></frame></exception> </record>
<record> <date>2011-11-30 05:46:17.440 GMT</date> <millis>1322631977440</millis> <sequence>36</sequence> <logger>com.bepco.gui</logger> <level>WARNING</level> <class>com.bepco.gui.XMLWidgetPanel</class> <method>&lt;init&gt;</method> <thread>11</thread> <message>Bad widget config for id brakeforce</message> <exception><message>java.lang.IllegalArgumentException: Misconfiguration: failed to create XMLDataWidget
	at com.bepco.gui.XMLWidgetPanel.buildWidget(XMLWidgetPanel.java:487)
	at com.bepco.gui.XMLWidgetPanel.&lt;init&gt;(XMLWidgetPanel.java:179)
	at com.bepco.rtc.DataPanelManager.createDataPanel(DataPanelManager.java:181)
	at com.bepco.rtc.DataPanelManager.buildDataPanels(DataPanelManager.java:77)
	at com.bepco.rtc.DataPanelManager.&lt;init&gt;(DataPanelManager.java:59)
	at com.bepco.rtc.builder.GUIBuilder.addDataPanelManager(GUIBuilder.java:530)
	at com.bepco.rtc.builder.GUIBuilder.buildGUIManager(GUIBuilder.java:75)
	at com.bepco.rtc.builder.ControllerBuilder.addGUIManager(ControllerBuilder.java:293)
	at com.bepco.rtc.builder.ControllerBuilder.buildController(ControllerBuilder.java:111)
	at com.bepco.rtc.Main$1.run(Main.java:568)
	at java.awt.event.InvocationEvent.dispatch(Unknown Source)
	at java.awt.EventQueue.dispatchEvent(Unknown Source)
	at java.awt.EventDispatchThread.pumpOneEventForHierarchy(Unknown Source)
	at java.awt.EventDispatchThread.pumpEventsForHierarchy(Unknown Source)
	at java.awt.EventDispatchThread.pumpEvents(Unknown Source)
	at java.awt.EventDispatchThread.pumpEvents(Unknown Source)
	at java.awt.EventDispatchThread.run(Unknown Source)
</message><frame><class /><method /></frame></exception> </record>
<record> <date>2011-11-30 05:46:17.440 GMT</date> <millis>1322631977440</millis> <sequence>37</sequence> <logger>com.bepco.gui</logger> <level>WARNING</level> <class>com.bepco.gui.XMLWidgetPanel</class> <method>buildWidget</method> <thread>11</thread> <message>Misconfiguration: failed to create XMLDataWidget</message> <exception><message>java.lang.reflect.InvocationTargetException
	at sun.reflect.NativeConstructorAccessorImpl.newInstance0(Native Method)
	at sun.reflect.NativeConstructorAccessorImpl.newInstance(Unknown Source)
	at sun.reflect.DelegatingConstructorAccessorImpl.newInstance(Unknown Source)
	at java.lang.reflect.Constructor.newInstance(Unknown Source)
	at com.bepco.gui.XMLWidgetPanel.buildWidget(XMLWidgetPanel.java:474)
	at com.bepco.gui.XMLWidgetPanel.&lt;init&gt;(XMLWidgetPanel.java:179)
	at com.bepco.rtc.DataPanelManager.createDataPanel(DataPanelManager.java:181)
	at com.bepco.rtc.DataPanelManager.buildDataPanels(DataPanelManager.java:77)
	at com.bepco.rtc.DataPanelManager.&lt;init&gt;(DataPanelManager.java:59)
	at com.bepco.rtc.builder.GUIBuilder.addDataPanelManager(GUIBuilder.java:530)
	at com.bepco.rtc.builder.GUIBuilder.buildGUIManager(GUIBuilder.java:75)
	at com.bepco.rtc.builder.ControllerBuilder.addGUIManager(ControllerBuilder.java:293)
	at com.bepco.rtc.builder.ControllerBuilder.buildController(ControllerBuilder.java:111)
	at com.bepco.rtc.Main$1.run(Main.java:568)
	at java.awt.event.InvocationEvent.dispatch(Unknown Source)
	at java.awt.EventQueue.dispatchEvent(Unknown Source)
	at java.awt.EventDispatchThread.pumpOneEventForHierarchy(Unknown Source)
	at java.awt.EventDispatchThread.pumpEventsForHierarchy(Unknown Source)
	at java.awt.EventDispatchThread.pumpEvents(Unknown Source)
	at java.awt.EventDispatchThread.pumpEvents(Unknown Source)
	at java.awt.EventDispatchThread.run(Unknown Source)
Caused by: java.util.MissingResourceException: Can't find resource for bundle com.atomicobject.util.TrimmedResourceBundle, key xmldatamodel.screensaver.winxp
	at java.util.ResourceBundle.getObject(Unknown Source)
	at java.util.ResourceBundle.getString(Unknown Source)
	at com.bepco.gui.XMLDataWidget.&lt;init&gt;(XMLDataWidget.java:210)
	at com.bepco.gui.XMLDataWidget.&lt;init&gt;(XMLDataWidget.java:117)
	at com.bepco.gui.TextBox.&lt;init&gt;(TextBox.java:87)
	at com.bepco.gui.PromptBox.&lt;init&gt;(PromptBox.java:32)
	... 21 more
</message><frame><class /><method /></frame></exception> </record>
<record> <date>2011-11-30 05:46:17.440 GMT</date> <millis>1322631977440</millis> <sequence>38</sequence> <logger>com.bepco.gui</logger> <level>WARNING</level> <class>com.bepco.gui.XMLWidgetPanel</class> <method>&lt;init&gt;</method> <thread>11</thread> <message>Bad widget config for id prompts1</message> <exception><message>java.lang.IllegalArgumentException: Misconfiguration: failed to create XMLDataWidget
	at com.bepco.gui.XMLWidgetPanel.buildWidget(XMLWidgetPanel.java:487)
	at com.bepco.gui.XMLWidgetPanel.&lt;init&gt;(XMLWidgetPanel.java:179)
	at com.bepco.rtc.DataPanelManager.createDataPanel(DataPanelManager.java:181)
	at com.bepco.rtc.DataPanelManager.buildDataPanels(DataPanelManager.java:77)
	at com.bepco.rtc.DataPanelManager.&lt;init&gt;(DataPanelManager.java:59)
	at com.bepco.rtc.builder.GUIBuilder.addDataPanelManager(GUIBuilder.java:530)
	at com.bepco.rtc.builder.GUIBuilder.buildGUIManager(GUIBuilder.java:75)
	at com.bepco.rtc.builder.ControllerBuilder.addGUIManager(ControllerBuilder.java:293)
	at com.bepco.rtc.builder.ControllerBuilder.buildController(ControllerBuilder.java:111)
	at com.bepco.rtc.Main$1.run(Main.java:568)
	at java.awt.event.InvocationEvent.dispatch(Unknown Source)
	at java.awt.EventQueue.dispatchEvent(Unknown Source)
	at java.awt.EventDispatchThread.pumpOneEventForHierarchy(Unknown Source)
	at java.awt.EventDispatchThread.pumpEventsForHierarchy(Unknown Source)
	at java.awt.EventDispatchThread.pumpEvents(Unknown Source)
	at java.awt.EventDispatchThread.pumpEvents(Unknown Source)
	at java.awt.EventDispatchThread.run(Unknown Source)
</message><frame><class /><method /></frame></exception> </record>
<record> <date>2011-11-30 05:46:17.440 GMT</date> <millis>1322631977440</millis> <sequence>39</sequence> <logger>com.bepco.gui</logger> <level>WARNING</level> <class>com.bepco.gui.XMLWidgetPanel</class> <method>buildWidget</method> <thread>11</thread> <message>Misconfiguration: failed to create XMLDataWidget</message> <exception><message>java.lang.reflect.InvocationTargetException
	at sun.reflect.NativeConstructorAccessorImpl.newInstance0(Native Method)
	at sun.reflect.NativeConstructorAccessorImpl.newInstance(Unknown Source)
	at sun.reflect.DelegatingConstructorAccessorImpl.newInstance(Unknown Source)
	at java.lang.reflect.Constructor.newInstance(Unknown Source)
	at com.bepco.gui.XMLWidgetPanel.buildWidget(XMLWidgetPanel.java:474)
	at com.bepco.gui.XMLWidgetPanel.&lt;init&gt;(XMLWidgetPanel.java:179)
	at com.bepco.rtc.DataPanelManager.createDataPanel(DataPanelManager.java:181)
	at com.bepco.rtc.DataPanelManager.buildDataPanels(DataPanelManager.java:77)
	at com.bepco.rtc.DataPanelManager.&lt;init&gt;(DataPanelManager.java:59)
	at com.bepco.rtc.builder.GUIBuilder.addDataPanelManager(GUIBuilder.java:530)
	at com.bepco.rtc.builder.GUIBuilder.buildGUIManager(GUIBuilder.java:75)
	at com.bepco.rtc.builder.ControllerBuilder.addGUIManager(ControllerBuilder.java:293)
	at com.bepco.rtc.builder.ControllerBuilder.buildController(ControllerBuilder.java:111)
	at com.bepco.rtc.Main$1.run(Main.java:568)
	at java.awt.event.InvocationEvent.dispatch(Unknown Source)
	at java.awt.EventQueue.dispatchEvent(Unknown Source)
	at java.awt.EventDispatchThread.pumpOneEventForHierarchy(Unknown Source)
	at java.awt.EventDispatchThread.pumpEventsForHierarchy(Unknown Source)
	at java.awt.EventDispatchThread.pumpEvents(Unknown Source)
	at java.awt.EventDispatchThread.pumpEvents(Unknown Source)
	at java.awt.EventDispatchThread.run(Unknown Source)
Caused by: java.util.MissingResourceException: Can't find resource for bundle com.atomicobject.util.TrimmedResourceBundle, key xmldatamodel.screensaver.winxp
	at java.util.ResourceBundle.getObject(Unknown Source)
	at java.util.ResourceBundle.getString(Unknown Source)
	at com.bepco.gui.XMLDataWidget.&lt;init&gt;(XMLDataWidget.java:210)
	at com.bepco.gui.XMLDataWidget.&lt;init&gt;(XMLDataWidget.java:117)
	at com.bepco.gui.TextBox.&lt;init&gt;(TextBox.java:87)
	at com.bepco.gui.PromptBox.&lt;init&gt;(PromptBox.java:32)
	... 21 more
</message><frame><class /><method /></frame></exception> </record>
<record> <date>2011-11-30 05:46:17.440 GMT</date> <millis>1322631977440</millis> <sequence>40</sequence> <logger>com.bepco.gui</logger> <level>WARNING</level> <class>com.bepco.gui.XMLWidgetPanel</class> <method>&lt;init&gt;</method> <thread>11</thread> <message>Bad widget config for id prompts2</message> <exception><message>java.lang.IllegalArgumentException: Misconfiguration: failed to create XMLDataWidget
	at com.bepco.gui.XMLWidgetPanel.buildWidget(XMLWidgetPanel.java:487)
	at com.bepco.gui.XMLWidgetPanel.&lt;init&gt;(XMLWidgetPanel.java:179)
	at com.bepco.rtc.DataPanelManager.createDataPanel(DataPanelManager.java:181)
	at com.bepco.rtc.DataPanelManager.buildDataPanels(DataPanelManager.java:77)
	at com.bepco.rtc.DataPanelManager.&lt;init&gt;(DataPanelManager.java:59)
	at com.bepco.rtc.builder.GUIBuilder.addDataPanelManager(GUIBuilder.java:530)
	at com.bepco.rtc.builder.GUIBuilder.buildGUIManager(GUIBuilder.java:75)
	at com.bepco.rtc.builder.ControllerBuilder.addGUIManager(ControllerBuilder.java:293)
	at com.bepco.rtc.builder.ControllerBuilder.buildController(ControllerBuilder.java:111)
	at com.bepco.rtc.Main$1.run(Main.java:568)
	at java.awt.event.InvocationEvent.dispatch(Unknown Source)
	at java.awt.EventQueue.dispatchEvent(Unknown Source)
	at java.awt.EventDispatchThread.pumpOneEventForHierarchy(Unknown Source)
	at java.awt.EventDispatchThread.pumpEventsForHierarchy(Unknown Source)
	at java.awt.EventDispatchThread.pumpEvents(Unknown Source)
	at java.awt.EventDispatchThread.pumpEvents(Unknown Source)
	at java.awt.EventDispatchThread.run(Unknown Source)
</message><frame><class /><method /></frame></exception> </record>
<record> <date>2011-11-30 05:46:17.455 GMT</date> <millis>1322631977455</millis> <sequence>41</sequence> <logger>com.bepco.gui</logger> <level>WARNING</level> <class>com.bepco.gui.XMLWidgetPanel</class> <method>buildWidget</method> <thread>11</thread> <message>Misconfiguration: failed to create XMLDataWidget</message> <exception><message>java.lang.reflect.InvocationTargetException
	at sun.reflect.NativeConstructorAccessorImpl.newInstance0(Native Method)
	at sun.reflect.NativeConstructorAccessorImpl.newInstance(Unknown Source)
	at sun.reflect.DelegatingConstructorAccessorImpl.newInstance(Unknown Source)
	at java.lang.reflect.Constructor.newInstance(Unknown Source)
	at com.bepco.gui.XMLWidgetPanel.buildWidget(XMLWidgetPanel.java:474)
	at com.bepco.gui.XMLWidgetPanel.&lt;init&gt;(XMLWidgetPanel.java:179)
	at com.bepco.rtc.DataPanelManager.createDataPanel(DataPanelManager.java:181)
	at com.bepco.rtc.DataPanelManager.buildDataPanels(DataPanelManager.java:77)
	at com.bepco.rtc.DataPanelManager.&lt;init&gt;(DataPanelManager.java:59)
	at com.bepco.rtc.builder.GUIBuilder.addDataPanelManager(GUIBuilder.java:530)
	at com.bepco.rtc.builder.GUIBuilder.buildGUIManager(GUIBuilder.java:75)
	at com.bepco.rtc.builder.ControllerBuilder.addGUIManager(ControllerBuilder.java:293)
	at com.bepco.rtc.builder.ControllerBuilder.buildController(ControllerBuilder.java:111)
	at com.bepco.rtc.Main$1.run(Main.java:568)
	at java.awt.event.InvocationEvent.dispatch(Unknown Source)
	at java.awt.EventQueue.dispatchEvent(Unknown Source)
	at java.awt.EventDispatchThread.pumpOneEventForHierarchy(Unknown Source)
	at java.awt.EventDispatchThread.pumpEventsForHierarchy(Unknown Source)
	at java.awt.EventDispatchThread.pumpEvents(Unknown Source)
	at java.awt.EventDispatchThread.pumpEvents(Unknown Source)
	at java.awt.EventDispatchThread.run(Unknown Source)
Caused by: java.util.MissingResourceException: Can't find resource for bundle com.atomicobject.util.TrimmedResourceBundle, key xmldatamodel.screensaver.winxp
	at java.util.ResourceBundle.getObject(Unknown Source)
	at java.util.ResourceBundle.getString(Unknown Source)
	at com.bepco.gui.XMLDataWidget.&lt;init&gt;(XMLDataWidget.java:210)
	at com.bepco.gui.XMLDataWidget.&lt;init&gt;(XMLDataWidget.java:117)
	at com.bepco.gui.TextBox.&lt;init&gt;(TextBox.java:87)
	... 21 more
</message><frame><class /><method /></frame></exception> </record>
<record> <date>2011-11-30 05:46:17.455 GMT</date> <millis>1322631977455</millis> <sequence>42</sequence> <logger>com.bepco.gui</logger> <level>WARNING</level> <class>com.bepco.gui.XMLWidgetPanel</class> <method>&lt;init&gt;</method> <thread>11</thread> <message>Bad widget config for id _vin</message> <exception><message>java.lang.IllegalArgumentException: Misconfiguration: failed to create XMLDataWidget
	at com.bepco.gui.XMLWidgetPanel.buildWidget(XMLWidgetPanel.java:487)
	at com.bepco.gui.XMLWidgetPanel.&lt;init&gt;(XMLWidgetPanel.java:179)
	at com.bepco.rtc.DataPanelManager.createDataPanel(DataPanelManager.java:181)
	at com.bepco.rtc.DataPanelManager.buildDataPanels(DataPanelManager.java:77)
	at com.bepco.rtc.DataPanelManager.&lt;init&gt;(DataPanelManager.java:59)
	at com.bepco.rtc.builder.GUIBuilder.addDataPanelManager(GUIBuilder.java:530)
	at com.bepco.rtc.builder.GUIBuilder.buildGUIManager(GUIBuilder.java:75)
	at com.bepco.rtc.builder.ControllerBuilder.addGUIManager(ControllerBuilder.java:293)
	at com.bepco.rtc.builder.ControllerBuilder.buildController(ControllerBuilder.java:111)
	at com.bepco.rtc.Main$1.run(Main.java:568)
	at java.awt.event.InvocationEvent.dispatch(Unknown Source)
	at java.awt.EventQueue.dispatchEvent(Unknown Source)
	at java.awt.EventDispatchThread.pumpOneEventForHierarchy(Unknown Source)
	at java.awt.EventDispatchThread.pumpEventsForHierarchy(Unknown Source)
	at java.awt.EventDispatchThread.pumpEvents(Unknown Source)
	at java.awt.EventDispatchThread.pumpEvents(Unknown Source)
	at java.awt.EventDispatchThread.run(Unknown Source)
</message><frame><class /><method /></frame></exception> </record>
<record> <date>2011-11-30 05:46:17.455 GMT</date> <millis>1322631977455</millis> <sequence>43</sequence> <logger>com.bepco.gui</logger> <level>INFO</level> <class>com.bepco.gui.XMLDataWidget</class> <method>buildFont</method> <thread>11</thread> <message>Release 1.0 does not support BOLD fonts in CRT files, using the PLAIN font for element [&lt;Font size="15" name="serif" style="bold" /&gt;]</message> <exception><message></message><frame><class /><method /></frame></exception> </record>
<record> <date>2011-11-30 05:46:17.455 GMT</date> <millis>1322631977455</millis> <sequence>44</sequence> <logger>com.bepco.gui</logger> <level>INFO</level> <class>com.bepco.gui.XMLDataWidget</class> <method>buildFont</method> <thread>11</thread> <message>Release 1.0 does not support the [serif] font in CRT files, using the SansSerif font for element [&lt;Font size="15" name="serif" style="bold" /&gt;]</message> <exception><message></message><frame><class /><method /></frame></exception> </record>
<record> <date>2011-11-30 05:46:17.455 GMT</date> <millis>1322631977455</millis> <sequence>45</sequence> <logger>com.bepco.gui</logger> <level>WARNING</level> <class>com.bepco.gui.XMLWidgetPanel</class> <method>buildWidget</method> <thread>11</thread> <message>Misconfiguration: failed to create XMLDataWidget</message> <exception><message>java.lang.reflect.InvocationTargetException
	at sun.reflect.NativeConstructorAccessorImpl.newInstance0(Native Method)
	at sun.reflect.NativeConstructorAccessorImpl.newInstance(Unknown Source)
	at sun.reflect.DelegatingConstructorAccessorImpl.newInstance(Unknown Source)
	at java.lang.reflect.Constructor.newInstance(Unknown Source)
	at com.bepco.gui.XMLWidgetPanel.buildWidget(XMLWidgetPanel.java:474)
	at com.bepco.gui.XMLWidgetPanel.&lt;init&gt;(XMLWidgetPanel.java:179)
	at com.bepco.rtc.DataPanelManager.createDataPanel(DataPanelManager.java:181)
	at com.bepco.rtc.DataPanelManager.buildDataPanels(DataPanelManager.java:77)
	at com.bepco.rtc.DataPanelManager.&lt;init&gt;(DataPanelManager.java:59)
	at com.bepco.rtc.builder.GUIBuilder.addDataPanelManager(GUIBuilder.java:530)
	at com.bepco.rtc.builder.GUIBuilder.buildGUIManager(GUIBuilder.java:75)
	at com.bepco.rtc.builder.ControllerBuilder.addGUIManager(ControllerBuilder.java:293)
	at com.bepco.rtc.builder.ControllerBuilder.buildController(ControllerBuilder.java:111)
	at com.bepco.rtc.Main$1.run(Main.java:568)
	at java.awt.event.InvocationEvent.dispatch(Unknown Source)
	at java.awt.EventQueue.dispatchEvent(Unknown Source)
	at java.awt.EventDispatchThread.pumpOneEventForHierarchy(Unknown Source)
	at java.awt.EventDispatchThread.pumpEventsForHierarchy(Unknown Source)
	at java.awt.EventDispatchThread.pumpEvents(Unknown Source)
	at java.awt.EventDispatchThread.pumpEvents(Unknown Source)
	at java.awt.EventDispatchThread.run(Unknown Source)
Caused by: java.util.MissingResourceException: Can't find resource for bundle com.atomicobject.util.TrimmedResourceBundle, key xmldatamodel.screensaver.winxp
	at java.util.ResourceBundle.getObject(Unknown Source)
	at java.util.ResourceBundle.getString(Unknown Source)
	at com.bepco.gui.XMLDataWidget.&lt;init&gt;(XMLDataWidget.java:210)
	at com.bepco.gui.XMLDataWidget.&lt;init&gt;(XMLDataWidget.java:117)
	at com.bepco.gui.TextBox.&lt;init&gt;(TextBox.java:87)
	at com.bepco.gui.PhaseBox.&lt;init&gt;(PhaseBox.java:54)
	at com.bepco.gui.OverallTestPhaseBox.&lt;init&gt;(OverallTestPhaseBox.java:39)
	... 21 more
</message><frame><class /><method /></frame></exception> </record>
<record> <date>2011-11-30 05:46:17.455 GMT</date> <millis>1322631977455</millis> <sequence>46</sequence> <logger>com.bepco.gui</logger> <level>WARNING</level> <class>com.bepco.gui.XMLWidgetPanel</class> <method>&lt;init&gt;</method> <thread>11</thread> <message>Bad widget config for id cruise</message> <exception><message>java.lang.IllegalArgumentException: Misconfiguration: failed to create XMLDataWidget
	at com.bepco.gui.XMLWidgetPanel.buildWidget(XMLWidgetPanel.java:487)
	at com.bepco.gui.XMLWidgetPanel.&lt;init&gt;(XMLWidgetPanel.java:179)
	at com.bepco.rtc.DataPanelManager.createDataPanel(DataPanelManager.java:181)
	at com.bepco.rtc.DataPanelManager.buildDataPanels(DataPanelManager.java:77)
	at com.bepco.rtc.DataPanelManager.&lt;init&gt;(DataPanelManager.java:59)
	at com.bepco.rtc.builder.GUIBuilder.addDataPanelManager(GUIBuilder.java:530)
	at com.bepco.rtc.builder.GUIBuilder.buildGUIManager(GUIBuilder.java:75)
	at com.bepco.rtc.builder.ControllerBuilder.addGUIManager(ControllerBuilder.java:293)
	at com.bepco.rtc.builder.ControllerBuilder.buildController(ControllerBuilder.java:111)
	at com.bepco.rtc.Main$1.run(Main.java:568)
	at java.awt.event.InvocationEvent.dispatch(Unknown Source)
	at java.awt.EventQueue.dispatchEvent(Unknown Source)
	at java.awt.EventDispatchThread.pumpOneEventForHierarchy(Unknown Source)
	at java.awt.EventDispatchThread.pumpEventsForHierarchy(Unknown Source)
	at java.awt.EventDispatchThread.pumpEvents(Unknown Source)
	at java.awt.EventDispatchThread.pumpEvents(Unknown Source)
	at java.awt.EventDispatchThread.run(Unknown Source)
</message><frame><class /><method /></frame></exception> </record>
<record> <date>2011-11-30 05:46:17.455 GMT</date> <millis>1322631977455</millis> <sequence>47</sequence> <logger>com.bepco.gui</logger> <level>INFO</level> <class>com.bepco.gui.XMLDataWidget</class> <method>buildFont</method> <thread>11</thread> <message>Release 1.0 does not support BOLD fonts in CRT files, using the PLAIN font for element [&lt;Font size="15" name="serif" style="bold" /&gt;]</message> <exception><message></message><frame><class /><method /></frame></exception> </record>
<record> <date>2011-11-30 05:46:17.455 GMT</date> <millis>1322631977455</millis> <sequence>48</sequence> <logger>com.bepco.gui</logger> <level>INFO</level> <class>com.bepco.gui.XMLDataWidget</class> <method>buildFont</method> <thread>11</thread> <message>Release 1.0 does not support the [serif] font in CRT files, using the SansSerif font for element [&lt;Font size="15" name="serif" style="bold" /&gt;]</message> <exception><message></message><frame><class /><method /></frame></exception> </record>
<record> <date>2011-11-30 05:46:17.455 GMT</date> <millis>1322631977455</millis> <sequence>49</sequence> <logger>com.bepco.gui</logger> <level>WARNING</level> <class>com.bepco.gui.XMLWidgetPanel</class> <method>buildWidget</method> <thread>11</thread> <message>Misconfiguration: failed to create XMLDataWidget</message> <exception><message>java.lang.reflect.InvocationTargetException
	at sun.reflect.NativeConstructorAccessorImpl.newInstance0(Native Method)
	at sun.reflect.NativeConstructorAccessorImpl.newInstance(Unknown Source)
	at sun.reflect.DelegatingConstructorAccessorImpl.newInstance(Unknown Source)
	at java.lang.reflect.Constructor.newInstance(Unknown Source)
	at com.bepco.gui.XMLWidgetPanel.buildWidget(XMLWidgetPanel.java:474)
	at com.bepco.gui.XMLWidgetPanel.&lt;init&gt;(XMLWidgetPanel.java:179)
	at com.bepco.rtc.DataPanelManager.createDataPanel(DataPanelManager.java:181)
	at com.bepco.rtc.DataPanelManager.buildDataPanels(DataPanelManager.java:77)
	at com.bepco.rtc.DataPanelManager.&lt;init&gt;(DataPanelManager.java:59)
	at com.bepco.rtc.builder.GUIBuilder.addDataPanelManager(GUIBuilder.java:530)
	at com.bepco.rtc.builder.GUIBuilder.buildGUIManager(GUIBuilder.java:75)
	at com.bepco.rtc.builder.ControllerBuilder.addGUIManager(ControllerBuilder.java:293)
	at com.bepco.rtc.builder.ControllerBuilder.buildController(ControllerBuilder.java:111)
	at com.bepco.rtc.Main$1.run(Main.java:568)
	at java.awt.event.InvocationEvent.dispatch(Unknown Source)
	at java.awt.EventQueue.dispatchEvent(Unknown Source)
	at java.awt.EventDispatchThread.pumpOneEventForHierarchy(Unknown Source)
	at java.awt.EventDispatchThread.pumpEventsForHierarchy(Unknown Source)
	at java.awt.EventDispatchThread.pumpEvents(Unknown Source)
	at java.awt.EventDispatchThread.pumpEvents(Unknown Source)
	at java.awt.EventDispatchThread.run(Unknown Source)
Caused by: java.util.MissingResourceException: Can't find resource for bundle com.atomicobject.util.TrimmedResourceBundle, key xmldatamodel.screensaver.winxp
	at java.util.ResourceBundle.getObject(Unknown Source)
	at java.util.ResourceBundle.getString(Unknown Source)
	at com.bepco.gui.XMLDataWidget.&lt;init&gt;(XMLDataWidget.java:210)
	at com.bepco.gui.XMLDataWidget.&lt;init&gt;(XMLDataWidget.java:117)
	at com.bepco.gui.TextBox.&lt;init&gt;(TextBox.java:87)
	at com.bepco.gui.PhaseBox.&lt;init&gt;(PhaseBox.java:54)
	at com.bepco.gui.OverallTestPhaseBox.&lt;init&gt;(OverallTestPhaseBox.java:39)
	... 21 more
</message><frame><class /><method /></frame></exception> </record>
<record> <date>2011-11-30 05:46:17.455 GMT</date> <millis>1322631977455</millis> <sequence>50</sequence> <logger>com.bepco.gui</logger> <level>WARNING</level> <class>com.bepco.gui.XMLWidgetPanel</class> <method>&lt;init&gt;</method> <thread>11</thread> <message>Bad widget config for id brake</message> <exception><message>java.lang.IllegalArgumentException: Misconfiguration: failed to create XMLDataWidget
	at com.bepco.gui.XMLWidgetPanel.buildWidget(XMLWidgetPanel.java:487)
	at com.bepco.gui.XMLWidgetPanel.&lt;init&gt;(XMLWidgetPanel.java:179)
	at com.bepco.rtc.DataPanelManager.createDataPanel(DataPanelManager.java:181)
	at com.bepco.rtc.DataPanelManager.buildDataPanels(DataPanelManager.java:77)
	at com.bepco.rtc.DataPanelManager.&lt;init&gt;(DataPanelManager.java:59)
	at com.bepco.rtc.builder.GUIBuilder.addDataPanelManager(GUIBuilder.java:530)
	at com.bepco.rtc.builder.GUIBuilder.buildGUIManager(GUIBuilder.java:75)
	at com.bepco.rtc.builder.ControllerBuilder.addGUIManager(ControllerBuilder.java:293)
	at com.bepco.rtc.builder.ControllerBuilder.buildController(ControllerBuilder.java:111)
	at com.bepco.rtc.Main$1.run(Main.java:568)
	at java.awt.event.InvocationEvent.dispatch(Unknown Source)
	at java.awt.EventQueue.dispatchEvent(Unknown Source)
	at java.awt.EventDispatchThread.pumpOneEventForHierarchy(Unknown Source)
	at java.awt.EventDispatchThread.pumpEventsForHierarchy(Unknown Source)
	at java.awt.EventDispatchThread.pumpEvents(Unknown Source)
	at java.awt.EventDispatchThread.pumpEvents(Unknown Source)
	at java.awt.EventDispatchThread.run(Unknown Source)
</message><frame><class /><method /></frame></exception> </record>
<record> <date>2011-11-30 05:46:17.455 GMT</date> <millis>1322631977455</millis> <sequence>51</sequence> <logger>com.bepco.rtc</logger> <level>SEVERE</level> <class>com.bepco.rtc.DataPanelManager</class> <method>createDataPanel</method> <thread>11</thread> <message>Failed to construct widget panel [vehiclepresence]</message> <exception><message>[File: file:/C:/Burke_PorterCCRT/resources/local/crt/crtviewconfig.xml] com.bepco.data.ConfigurationException: Config file missing id: vehiclepresence
	at com.bepco.rtc.crt.CRTViewConfig.getCRTResource(CRTViewConfig.java:204)
	at com.bepco.rtc.DataPanelManager.createDataPanel(DataPanelManager.java:172)
	at com.bepco.rtc.DataPanelManager.buildDataPanels(DataPanelManager.java:80)
	at com.bepco.rtc.DataPanelManager.&lt;init&gt;(DataPanelManager.java:59)
	at com.bepco.rtc.builder.GUIBuilder.addDataPanelManager(GUIBuilder.java:530)
	at com.bepco.rtc.builder.GUIBuilder.buildGUIManager(GUIBuilder.java:75)
	at com.bepco.rtc.builder.ControllerBuilder.addGUIManager(ControllerBuilder.java:293)
	at com.bepco.rtc.builder.ControllerBuilder.buildController(ControllerBuilder.java:111)
	at com.bepco.rtc.Main$1.run(Main.java:568)
	at java.awt.event.InvocationEvent.dispatch(Unknown Source)
	at java.awt.EventQueue.dispatchEvent(Unknown Source)
	at java.awt.EventDispatchThread.pumpOneEventForHierarchy(Unknown Source)
	at java.awt.EventDispatchThread.pumpEventsForHierarchy(Unknown Source)
	at java.awt.EventDispatchThread.pumpEvents(Unknown Source)
	at java.awt.EventDispatchThread.pumpEvents(Unknown Source)
	at java.awt.EventDispatchThread.run(Unknown Source)
</message><frame><class /><method /></frame></exception> </record>
<record> <date>2011-11-30 05:46:17.455 GMT</date> <millis>1322631977455</millis> <sequence>52</sequence> <logger>com.bepco.data</logger> <level>INFO</level> <class>com.bepco.data.XMLDataModel</class> <method>&lt;init&gt;</method> <thread>11</thread> <message>Constructed XMLDataModel: tag: PromptBox1, role: value, rate: 0, type: Subscribe</message> <exception><message></message><frame><class /><method /></frame></exception> </record>
<record> <date>2011-11-30 05:46:17.455 GMT</date> <millis>1322631977455</millis> <sequence>53</sequence> <logger>com.bepco.data</logger> <level>INFO</level> <class>com.bepco.data.XMLDataModel</class> <method>&lt;init&gt;</method> <thread>11</thread> <message>Constructed XMLDataModel: tag: PromptBox1BGColor, role: backgroundcolor, rate: 0, type: Subscribe</message> <exception><message></message><frame><class /><method /></frame></exception> </record>
<record> <date>2011-11-30 05:46:17.455 GMT</date> <millis>1322631977455</millis> <sequence>54</sequence> <logger>com.bepco.data</logger> <level>INFO</level> <class>com.bepco.data.XMLDataModel</class> <method>&lt;init&gt;</method> <thread>11</thread> <message>Constructed XMLDataModel: tag: PromptBox2, role: value, rate: 0, type: Subscribe</message> <exception><message></message><frame><class /><method /></frame></exception> </record>
<record> <date>2011-11-30 05:46:17.455 GMT</date> <millis>1322631977455</millis> <sequence>55</sequence> <logger>com.bepco.data</logger> <level>INFO</level> <class>com.bepco.data.XMLDataModel</class> <method>&lt;init&gt;</method> <thread>11</thread> <message>Constructed XMLDataModel: tag: PromptBox2BGColor, role: backgroundcolor, rate: 0, type: Subscribe</message> <exception><message></message><frame><class /><method /></frame></exception> </record>
<record> <date>2011-11-30 05:46:17.471 GMT</date> <millis>1322631977471</millis> <sequence>56</sequence> <logger>com.bepco.data</logger> <level>INFO</level> <class>com.bepco.data.XMLDataModel</class> <method>&lt;init&gt;</method> <thread>11</thread> <message>Constructed XMLDataModel: tag: SpeedValue, role: value, rate: 10, type: Read</message> <exception><message></message><frame><class /><method /></frame></exception> </record>
<record> <date>2011-11-30 05:46:17.471 GMT</date> <millis>1322631977471</millis> <sequence>57</sequence> <logger>com.bepco.data</logger> <level>INFO</level> <class>com.bepco.data.XMLDataModel</class> <method>&lt;init&gt;</method> <thread>11</thread> <message>Constructed XMLDataModel: tag: TestInProgress, role: starttest, rate: 0, type: Subscribe</message> <exception><message></message><frame><class /><method /></frame></exception> </record>
<record> <date>2011-11-30 05:46:17.471 GMT</date> <millis>1322631977471</millis> <sequence>58</sequence> <logger>com.bepco.data</logger> <level>INFO</level> <class>com.bepco.data.XMLDataModel</class> <method>&lt;init&gt;</method> <thread>11</thread> <message>Constructed XMLDataModel: tag: GraphLowerSeries, role: lowerSeries, rate: 0, type: Subscribe</message> <exception><message></message><frame><class /><method /></frame></exception> </record>
<record> <date>2011-11-30 05:46:17.471 GMT</date> <millis>1322631977471</millis> <sequence>59</sequence> <logger>com.bepco.data</logger> <level>INFO</level> <class>com.bepco.data.XMLDataModel</class> <method>&lt;init&gt;</method> <thread>11</thread> <message>Constructed XMLDataModel: tag: GraphUpperSeries, role: upperSeries, rate: 0, type: Subscribe</message> <exception><message></message><frame><class /><method /></frame></exception> </record>
<record> <date>2011-11-30 05:46:17.471 GMT</date> <millis>1322631977471</millis> <sequence>60</sequence> <logger>com.bepco.data</logger> <level>INFO</level> <class>com.bepco.data.XMLDataModel</class> <method>&lt;init&gt;</method> <thread>11</thread> <message>Constructed XMLDataModel: tag: SpeedValue, role: value, rate: 10, type: Read</message> <exception><message></message><frame><class /><method /></frame></exception> </record>
<record> <date>2011-11-30 05:46:17.471 GMT</date> <millis>1322631977471</millis> <sequence>61</sequence> <logger>com.bepco.data</logger> <level>INFO</level> <class>com.bepco.data.XMLDataModel</class> <method>&lt;init&gt;</method> <thread>11</thread> <message>Constructed XMLDataModel: tag: SpeedTarget, role: targetrange, rate: 0, type: Subscribe</message> <exception><message></message><frame><class /><method /></frame></exception> </record>
<record> <date>2011-11-30 05:46:17.471 GMT</date> <millis>1322631977471</millis> <sequence>62</sequence> <logger>com.bepco.data</logger> <level>INFO</level> <class>com.bepco.data.XMLDataModel</class> <method>&lt;init&gt;</method> <thread>11</thread> <message>Constructed XMLDataModel: tag: SpeedActive, role: enabled, rate: 0, type: Subscribe</message> <exception><message></message><frame><class /><method /></frame></exception> </record>
<record> <date>2011-11-30 05:46:17.471 GMT</date> <millis>1322631977471</millis> <sequence>63</sequence> <logger>com.bepco.gui</logger> <level>WARNING</level> <class>com.bepco.gui.XMLWidgetPanel</class> <method>buildWidget</method> <thread>11</thread> <message>Misconfiguration: failed to create XMLDataWidget</message> <exception><message>java.lang.reflect.InvocationTargetException
	at sun.reflect.NativeConstructorAccessorImpl.newInstance0(Native Method)
	at sun.reflect.NativeConstructorAccessorImpl.newInstance(Unknown Source)
	at sun.reflect.DelegatingConstructorAccessorImpl.newInstance(Unknown Source)
	at java.lang.reflect.Constructor.newInstance(Unknown Source)
	at com.bepco.gui.XMLWidgetPanel.buildWidget(XMLWidgetPanel.java:474)
	at com.bepco.gui.XMLWidgetPanel.&lt;init&gt;(XMLWidgetPanel.java:179)
	at com.bepco.rtc.DataPanelManager.createDataPanel(DataPanelManager.java:181)
	at com.bepco.rtc.DataPanelManager.buildDataPanels(DataPanelManager.java:83)
	at com.bepco.rtc.DataPanelManager.&lt;init&gt;(DataPanelManager.java:59)
	at com.bepco.rtc.builder.GUIBuilder.addDataPanelManager(GUIBuilder.java:530)
	at com.bepco.rtc.builder.GUIBuilder.buildGUIManager(GUIBuilder.java:75)
	at com.bepco.rtc.builder.ControllerBuilder.addGUIManager(ControllerBuilder.java:293)
	at com.bepco.rtc.builder.ControllerBuilder.buildController(ControllerBuilder.java:111)
	at com.bepco.rtc.Main$1.run(Main.java:568)
	at java.awt.event.InvocationEvent.dispatch(Unknown Source)
	at java.awt.EventQueue.dispatchEvent(Unknown Source)
	at java.awt.EventDispatchThread.pumpOneEventForHierarchy(Unknown Source)
	at java.awt.EventDispatchThread.pumpEventsForHierarchy(Unknown Source)
	at java.awt.EventDispatchThread.pumpEvents(Unknown Source)
	at java.awt.EventDispatchThread.pumpEvents(Unknown Source)
	at java.awt.EventDispatchThread.run(Unknown Source)
Caused by: java.util.MissingResourceException: Can't find resource for bundle com.atomicobject.util.TrimmedResourceBundle, key xmldatamodel.screensaver.winxp
	at java.util.ResourceBundle.getObject(Unknown Source)
	at java.util.ResourceBundle.getString(Unknown Source)
	at com.bepco.gui.XMLDataWidget.&lt;init&gt;(XMLDataWidget.java:210)
	at com.bepco.gui.XMLDataWidget.&lt;init&gt;(XMLDataWidget.java:117)
	at com.bepco.gui.TextBox.&lt;init&gt;(TextBox.java:87)
	at com.bepco.gui.PromptBox.&lt;init&gt;(PromptBox.java:32)
	... 21 more
</message><frame><class /><method /></frame></exception> </record>
<record> <date>2011-11-30 05:46:17.471 GMT</date> <millis>1322631977471</millis> <sequence>64</sequence> <logger>com.bepco.gui</logger> <level>WARNING</level> <class>com.bepco.gui.XMLWidgetPanel</class> <method>&lt;init&gt;</method> <thread>11</thread> <message>Bad widget config for id prompts1</message> <exception><message>java.lang.IllegalArgumentException: Misconfiguration: failed to create XMLDataWidget
	at com.bepco.gui.XMLWidgetPanel.buildWidget(XMLWidgetPanel.java:487)
	at com.bepco.gui.XMLWidgetPanel.&lt;init&gt;(XMLWidgetPanel.java:179)
	at com.bepco.rtc.DataPanelManager.createDataPanel(DataPanelManager.java:181)
	at com.bepco.rtc.DataPanelManager.buildDataPanels(DataPanelManager.java:83)
	at com.bepco.rtc.DataPanelManager.&lt;init&gt;(DataPanelManager.java:59)
	at com.bepco.rtc.builder.GUIBuilder.addDataPanelManager(GUIBuilder.java:530)
	at com.bepco.rtc.builder.GUIBuilder.buildGUIManager(GUIBuilder.java:75)
	at com.bepco.rtc.builder.ControllerBuilder.addGUIManager(ControllerBuilder.java:293)
	at com.bepco.rtc.builder.ControllerBuilder.buildController(ControllerBuilder.java:111)
	at com.bepco.rtc.Main$1.run(Main.java:568)
	at java.awt.event.InvocationEvent.dispatch(Unknown Source)
	at java.awt.EventQueue.dispatchEvent(Unknown Source)
	at java.awt.EventDispatchThread.pumpOneEventForHierarchy(Unknown Source)
	at java.awt.EventDispatchThread.pumpEventsForHierarchy(Unknown Source)
	at java.awt.EventDispatchThread.pumpEvents(Unknown Source)
	at java.awt.EventDispatchThread.pumpEvents(Unknown Source)
	at java.awt.EventDispatchThread.run(Unknown Source)
</message><frame><class /><method /></frame></exception> </record>
<record> <date>2011-11-30 05:46:17.471 GMT</date> <millis>1322631977471</millis> <sequence>65</sequence> <logger>com.bepco.gui</logger> <level>WARNING</level> <class>com.bepco.gui.XMLWidgetPanel</class> <method>buildWidget</method> <thread>11</thread> <message>Misconfiguration: failed to create XMLDataWidget</message> <exception><message>java.lang.reflect.InvocationTargetException
	at sun.reflect.NativeConstructorAccessorImpl.newInstance0(Native Method)
	at sun.reflect.NativeConstructorAccessorImpl.newInstance(Unknown Source)
	at sun.reflect.DelegatingConstructorAccessorImpl.newInstance(Unknown Source)
	at java.lang.reflect.Constructor.newInstance(Unknown Source)
	at com.bepco.gui.XMLWidgetPanel.buildWidget(XMLWidgetPanel.java:474)
	at com.bepco.gui.XMLWidgetPanel.&lt;init&gt;(XMLWidgetPanel.java:179)
	at com.bepco.rtc.DataPanelManager.createDataPanel(DataPanelManager.java:181)
	at com.bepco.rtc.DataPanelManager.buildDataPanels(DataPanelManager.java:83)
	at com.bepco.rtc.DataPanelManager.&lt;init&gt;(DataPanelManager.java:59)
	at com.bepco.rtc.builder.GUIBuilder.addDataPanelManager(GUIBuilder.java:530)
	at com.bepco.rtc.builder.GUIBuilder.buildGUIManager(GUIBuilder.java:75)
	at com.bepco.rtc.builder.ControllerBuilder.addGUIManager(ControllerBuilder.java:293)
	at com.bepco.rtc.builder.ControllerBuilder.buildController(ControllerBuilder.java:111)
	at com.bepco.rtc.Main$1.run(Main.java:568)
	at java.awt.event.InvocationEvent.dispatch(Unknown Source)
	at java.awt.EventQueue.dispatchEvent(Unknown Source)
	at java.awt.EventDispatchThread.pumpOneEventForHierarchy(Unknown Source)
	at java.awt.EventDispatchThread.pumpEventsForHierarchy(Unknown Source)
	at java.awt.EventDispatchThread.pumpEvents(Unknown Source)
	at java.awt.EventDispatchThread.pumpEvents(Unknown Source)
	at java.awt.EventDispatchThread.run(Unknown Source)
Caused by: java.util.MissingResourceException: Can't find resource for bundle com.atomicobject.util.TrimmedResourceBundle, key xmldatamodel.screensaver.winxp
	at java.util.ResourceBundle.getObject(Unknown Source)
	at java.util.ResourceBundle.getString(Unknown Source)
	at com.bepco.gui.XMLDataWidget.&lt;init&gt;(XMLDataWidget.java:210)
	at com.bepco.gui.XMLDataWidget.&lt;init&gt;(XMLDataWidget.java:117)
	at com.bepco.gui.TextBox.&lt;init&gt;(TextBox.java:87)
	at com.bepco.gui.PromptBox.&lt;init&gt;(PromptBox.java:32)
	... 21 more
</message><frame><class /><method /></frame></exception> </record>
<record> <date>2011-11-30 05:46:17.471 GMT</date> <millis>1322631977471</millis> <sequence>66</sequence> <logger>com.bepco.gui</logger> <level>WARNING</level> <class>com.bepco.gui.XMLWidgetPanel</class> <method>&lt;init&gt;</method> <thread>11</thread> <message>Bad widget config for id prompts2</message> <exception><message>java.lang.IllegalArgumentException: Misconfiguration: failed to create XMLDataWidget
	at com.bepco.gui.XMLWidgetPanel.buildWidget(XMLWidgetPanel.java:487)
	at com.bepco.gui.XMLWidgetPanel.&lt;init&gt;(XMLWidgetPanel.java:179)
	at com.bepco.rtc.DataPanelManager.createDataPanel(DataPanelManager.java:181)
	at com.bepco.rtc.DataPanelManager.buildDataPanels(DataPanelManager.java:83)
	at com.bepco.rtc.DataPanelManager.&lt;init&gt;(DataPanelManager.java:59)
	at com.bepco.rtc.builder.GUIBuilder.addDataPanelManager(GUIBuilder.java:530)
	at com.bepco.rtc.builder.GUIBuilder.buildGUIManager(GUIBuilder.java:75)
	at com.bepco.rtc.builder.ControllerBuilder.addGUIManager(ControllerBuilder.java:293)
	at com.bepco.rtc.builder.ControllerBuilder.buildController(ControllerBuilder.java:111)
	at com.bepco.rtc.Main$1.run(Main.java:568)
	at java.awt.event.InvocationEvent.dispatch(Unknown Source)
	at java.awt.EventQueue.dispatchEvent(Unknown Source)
	at java.awt.EventDispatchThread.pumpOneEventForHierarchy(Unknown Source)
	at java.awt.EventDispatchThread.pumpEventsForHierarchy(Unknown Source)
	at java.awt.EventDispatchThread.pumpEvents(Unknown Source)
	at java.awt.EventDispatchThread.pumpEvents(Unknown Source)
	at java.awt.EventDispatchThread.run(Unknown Source)
</message><frame><class /><method /></frame></exception> </record>
<record> <date>2011-11-30 05:46:17.471 GMT</date> <millis>1322631977471</millis> <sequence>67</sequence> <logger>com.bepco.gui</logger> <level>WARNING</level> <class>com.bepco.gui.XMLWidgetPanel</class> <method>makeBorder</method> <thread>11</thread> <message>makeBorder() - style = rounded width = 2</message> <exception><message></message><frame><class /><method /></frame></exception> </record>
<record> <date>2011-11-30 05:46:17.564 GMT</date> <millis>1322631977564</millis> <sequence>68</sequence> <logger>com.bepco.gui</logger> <level>INFO</level> <class>com.bepco.gui.XMLDataWidget</class> <method>buildFont</method> <thread>11</thread> <message>Release 1.0 does not support BOLD fonts in CRT files, using the PLAIN font for element [&lt;TitleFont size="10" name="sans-serif" style="bold" /&gt;]</message> <exception><message></message><frame><class /><method /></frame></exception> </record>
<record> <date>2011-11-30 05:46:17.580 GMT</date> <millis>1322631977580</millis> <sequence>69</sequence> <logger>com.bepco.gui</logger> <level>WARNING</level> <class>com.bepco.gui.XMLWidgetPanel</class> <method>buildWidget</method> <thread>11</thread> <message>Misconfiguration: failed to create XMLDataWidget</message> <exception><message>java.lang.reflect.InvocationTargetException
	at sun.reflect.NativeConstructorAccessorImpl.newInstance0(Native Method)
	at sun.reflect.NativeConstructorAccessorImpl.newInstance(Unknown Source)
	at sun.reflect.DelegatingConstructorAccessorImpl.newInstance(Unknown Source)
	at java.lang.reflect.Constructor.newInstance(Unknown Source)
	at com.bepco.gui.XMLWidgetPanel.buildWidget(XMLWidgetPanel.java:474)
	at com.bepco.gui.XMLWidgetPanel.&lt;init&gt;(XMLWidgetPanel.java:179)
	at com.bepco.rtc.DataPanelManager.createDataPanel(DataPanelManager.java:181)
	at com.bepco.rtc.DataPanelManager.buildDataPanels(DataPanelManager.java:83)
	at com.bepco.rtc.DataPanelManager.&lt;init&gt;(DataPanelManager.java:59)
	at com.bepco.rtc.builder.GUIBuilder.addDataPanelManager(GUIBuilder.java:530)
	at com.bepco.rtc.builder.GUIBuilder.buildGUIManager(GUIBuilder.java:75)
	at com.bepco.rtc.builder.ControllerBuilder.addGUIManager(ControllerBuilder.java:293)
	at com.bepco.rtc.builder.ControllerBuilder.buildController(ControllerBuilder.java:111)
	at com.bepco.rtc.Main$1.run(Main.java:568)
	at java.awt.event.InvocationEvent.dispatch(Unknown Source)
	at java.awt.EventQueue.dispatchEvent(Unknown Source)
	at java.awt.EventDispatchThread.pumpOneEventForHierarchy(Unknown Source)
	at java.awt.EventDispatchThread.pumpEventsForHierarchy(Unknown Source)
	at java.awt.EventDispatchThread.pumpEvents(Unknown Source)
	at java.awt.EventDispatchThread.pumpEvents(Unknown Source)
	at java.awt.EventDispatchThread.run(Unknown Source)
Caused by: java.util.MissingResourceException: Can't find resource for bundle com.atomicobject.util.TrimmedResourceBundle, key xmldatamodel.screensaver.winxp
	at java.util.ResourceBundle.getObject(Unknown Source)
	at java.util.ResourceBundle.getString(Unknown Source)
	at com.bepco.gui.XMLDataWidget.&lt;init&gt;(XMLDataWidget.java:210)
	at com.bepco.gui.XMLDataWidget.&lt;init&gt;(XMLDataWidget.java:117)
	at com.bepco.gui.GraphWidget.&lt;init&gt;(GraphWidget.java:150)
	... 21 more
</message><frame><class /><method /></frame></exception> </record>
<record> <date>2011-11-30 05:46:17.580 GMT</date> <millis>1322631977580</millis> <sequence>70</sequence> <logger>com.bepco.gui</logger> <level>WARNING</level> <class>com.bepco.gui.XMLWidgetPanel</class> <method>&lt;init&gt;</method> <thread>11</thread> <message>Bad widget config for id speedgraph</message> <exception><message>java.lang.IllegalArgumentException: Misconfiguration: failed to create XMLDataWidget
	at com.bepco.gui.XMLWidgetPanel.buildWidget(XMLWidgetPanel.java:487)
	at com.bepco.gui.XMLWidgetPanel.&lt;init&gt;(XMLWidgetPanel.java:179)
	at com.bepco.rtc.DataPanelManager.createDataPanel(DataPanelManager.java:181)
	at com.bepco.rtc.DataPanelManager.buildDataPanels(DataPanelManager.java:83)
	at com.bepco.rtc.DataPanelManager.&lt;init&gt;(DataPanelManager.java:59)
	at com.bepco.rtc.builder.GUIBuilder.addDataPanelManager(GUIBuilder.java:530)
	at com.bepco.rtc.builder.GUIBuilder.buildGUIManager(GUIBuilder.java:75)
	at com.bepco.rtc.builder.ControllerBuilder.addGUIManager(ControllerBuilder.java:293)
	at com.bepco.rtc.builder.ControllerBuilder.buildController(ControllerBuilder.java:111)
	at com.bepco.rtc.Main$1.run(Main.java:568)
	at java.awt.event.InvocationEvent.dispatch(Unknown Source)
	at java.awt.EventQueue.dispatchEvent(Unknown Source)
	at java.awt.EventDispatchThread.pumpOneEventForHierarchy(Unknown Source)
	at java.awt.EventDispatchThread.pumpEventsForHierarchy(Unknown Source)
	at java.awt.EventDispatchThread.pumpEvents(Unknown Source)
	at java.awt.EventDispatchThread.pumpEvents(Unknown Source)
	at java.awt.EventDispatchThread.run(Unknown Source)
</message><frame><class /><method /></frame></exception> </record>
<record> <date>2011-11-30 05:46:17.580 GMT</date> <millis>1322631977580</millis> <sequence>71</sequence> <logger>com.bepco.gui</logger> <level>WARNING</level> <class>com.bepco.gui.XMLWidgetPanel</class> <method>buildWidget</method> <thread>11</thread> <message>Misconfiguration: failed to create XMLDataWidget</message> <exception><message>java.lang.reflect.InvocationTargetException
	at sun.reflect.NativeConstructorAccessorImpl.newInstance0(Native Method)
	at sun.reflect.NativeConstructorAccessorImpl.newInstance(Unknown Source)
	at sun.reflect.DelegatingConstructorAccessorImpl.newInstance(Unknown Source)
	at java.lang.reflect.Constructor.newInstance(Unknown Source)
	at com.bepco.gui.XMLWidgetPanel.buildWidget(XMLWidgetPanel.java:474)
	at com.bepco.gui.XMLWidgetPanel.&lt;init&gt;(XMLWidgetPanel.java:179)
	at com.bepco.rtc.DataPanelManager.createDataPanel(DataPanelManager.java:181)
	at com.bepco.rtc.DataPanelManager.buildDataPanels(DataPanelManager.java:83)
	at com.bepco.rtc.DataPanelManager.&lt;init&gt;(DataPanelManager.java:59)
	at com.bepco.rtc.builder.GUIBuilder.addDataPanelManager(GUIBuilder.java:530)
	at com.bepco.rtc.builder.GUIBuilder.buildGUIManager(GUIBuilder.java:75)
	at com.bepco.rtc.builder.ControllerBuilder.addGUIManager(ControllerBuilder.java:293)
	at com.bepco.rtc.builder.ControllerBuilder.buildController(ControllerBuilder.java:111)
	at com.bepco.rtc.Main$1.run(Main.java:568)
	at java.awt.event.InvocationEvent.dispatch(Unknown Source)
	at java.awt.EventQueue.dispatchEvent(Unknown Source)
	at java.awt.EventDispatchThread.pumpOneEventForHierarchy(Unknown Source)
	at java.awt.EventDispatchThread.pumpEventsForHierarchy(Unknown Source)
	at java.awt.EventDispatchThread.pumpEvents(Unknown Source)
	at java.awt.EventDispatchThread.pumpEvents(Unknown Source)
	at java.awt.EventDispatchThread.run(Unknown Source)
Caused by: java.util.MissingResourceException: Can't find resource for bundle com.atomicobject.util.TrimmedResourceBundle, key xmldatamodel.screensaver.winxp
	at java.util.ResourceBundle.getObject(Unknown Source)
	at java.util.ResourceBundle.getString(Unknown Source)
	at com.bepco.gui.XMLDataWidget.&lt;init&gt;(XMLDataWidget.java:210)
	at com.bepco.gui.XMLDataWidget.&lt;init&gt;(XMLDataWidget.java:117)
	at com.bepco.gui.RadialGauge.&lt;init&gt;(RadialGauge.java:188)
	... 21 more
</message><frame><class /><method /></frame></exception> </record>
<record> <date>2011-11-30 05:46:17.580 GMT</date> <millis>1322631977580</millis> <sequence>72</sequence> <logger>com.bepco.gui</logger> <level>WARNING</level> <class>com.bepco.gui.XMLWidgetPanel</class> <method>&lt;init&gt;</method> <thread>11</thread> <message>Bad widget config for id speed</message> <exception><message>java.lang.IllegalArgumentException: Misconfiguration: failed to create XMLDataWidget
	at com.bepco.gui.XMLWidgetPanel.buildWidget(XMLWidgetPanel.java:487)
	at com.bepco.gui.XMLWidgetPanel.&lt;init&gt;(XMLWidgetPanel.java:179)
	at com.bepco.rtc.DataPanelManager.createDataPanel(DataPanelManager.java:181)
	at com.bepco.rtc.DataPanelManager.buildDataPanels(DataPanelManager.java:83)
	at com.bepco.rtc.DataPanelManager.&lt;init&gt;(DataPanelManager.java:59)
	at com.bepco.rtc.builder.GUIBuilder.addDataPanelManager(GUIBuilder.java:530)
	at com.bepco.rtc.builder.GUIBuilder.buildGUIManager(GUIBuilder.java:75)
	at com.bepco.rtc.builder.ControllerBuilder.addGUIManager(ControllerBuilder.java:293)
	at com.bepco.rtc.builder.ControllerBuilder.buildController(ControllerBuilder.java:111)
	at com.bepco.rtc.Main$1.run(Main.java:568)
	at java.awt.event.InvocationEvent.dispatch(Unknown Source)
	at java.awt.EventQueue.dispatchEvent(Unknown Source)
	at java.awt.EventDispatchThread.pumpOneEventForHierarchy(Unknown Source)
	at java.awt.EventDispatchThread.pumpEventsForHierarchy(Unknown Source)
	at java.awt.EventDispatchThread.pumpEvents(Unknown Source)
	at java.awt.EventDispatchThread.pumpEvents(Unknown Source)
	at java.awt.EventDispatchThread.run(Unknown Source)
</message><frame><class /><method /></frame></exception> </record>
<record> <date>2011-11-30 05:46:17.596 GMT</date> <millis>1322631977596</millis> <sequence>73</sequence> <logger>com.bepco.data</logger> <level>INFO</level> <class>com.bepco.data.XMLDataModel</class> <method>&lt;init&gt;</method> <thread>11</thread> <message>Constructed XMLDataModel: tag: DisplayDriverMonitor, role: value, rate: 0, type: Subscribe</message> <exception><message></message><frame><class /><method /></frame></exception> </record>
<record> <date>2011-11-30 05:46:17.596 GMT</date> <millis>1322631977596</millis> <sequence>74</sequence> <logger>com.bepco.data</logger> <level>INFO</level> <class>com.bepco.data.XMLDataModel</class> <method>&lt;init&gt;</method> <thread>11</thread> <message>Constructed XMLDataModel: tag: DisplayRackMonitor, role: value, rate: 0, type: Subscribe</message> <exception><message></message><frame><class /><method /></frame></exception> </record>
<record> <date>2011-11-30 05:46:18.298 GMT</date> <millis>1322631978298</millis> <sequence>75</sequence> <logger>com.bepco.rtc</logger> <level>SEVERE</level> <class>com.bepco.rtc.gui.config.VehicleBuildRecordConfiguration</class> <method>&lt;init&gt;</method> <thread>11</thread> <message>VehicleBuildRecordDefinition failed to load from server</message> <exception><message>java.io.IOException: VehicleBuildRecordDefinition got ResourceException from getXMLDocument: com.atomicobject.resource.ResourceException: Resource does not exist
	at com.bepco.data.VehicleBuildRecordDefinition.load(VehicleBuildRecordDefinition.java:313)
	at com.bepco.data.VehicleBuildRecordDefinition.&lt;init&gt;(VehicleBuildRecordDefinition.java:139)
	at com.bepco.rtc.gui.config.VehicleBuildRecordConfiguration.&lt;init&gt;(VehicleBuildRecordConfiguration.java:64)
	at sun.reflect.NativeConstructorAccessorImpl.newInstance0(Native Method)
	at sun.reflect.NativeConstructorAccessorImpl.newInstance(Unknown Source)
	at sun.reflect.DelegatingConstructorAccessorImpl.newInstance(Unknown Source)
	at java.lang.reflect.Constructor.newInstance(Unknown Source)
	at com.bepco.rtc.builder.ConfigurationManagerBuilder.buildConfigItemsFromResource(ConfigurationManagerBuilder.java:315)
	at com.bepco.rtc.builder.ConfigurationManagerBuilder.getConfigPanelItems(ConfigurationManagerBuilder.java:188)
	at com.bepco.rtc.builder.ConfigurationManagerBuilder.buildConfigurationManager(ConfigurationManagerBuilder.java:125)
	at com.bepco.rtc.builder.GUIBuilder.addConfigurationPanel(GUIBuilder.java:551)
	at com.bepco.rtc.builder.GUIBuilder.buildGUIManager(GUIBuilder.java:81)
	at com.bepco.rtc.builder.ControllerBuilder.addGUIManager(ControllerBuilder.java:293)
	at com.bepco.rtc.builder.ControllerBuilder.buildController(ControllerBuilder.java:111)
	at com.bepco.rtc.Main$1.run(Main.java:568)
	at java.awt.event.InvocationEvent.dispatch(Unknown Source)
	at java.awt.EventQueue.dispatchEvent(Unknown Source)
	at java.awt.EventDispatchThread.pumpOneEventForHierarchy(Unknown Source)
	at java.awt.EventDispatchThread.pumpEventsForHierarchy(Unknown Source)
	at java.awt.EventDispatchThread.pumpEvents(Unknown Source)
	at java.awt.EventDispatchThread.pumpEvents(Unknown Source)
	at java.awt.EventDispatchThread.run(Unknown Source)
</message><frame><class /><method /></frame></exception> </record>
<record> <date>2011-11-30 05:46:18.578 GMT</date> <millis>1322631978578</millis> <sequence>76</sequence> <logger>com.bepco.rtc.gui.config</logger> <level>SEVERE</level> <class>com.bepco.rtc.gui.config.WheelbaseConfiguration</class> <method>getConfigComponent</method> <thread>11</thread> <message>Resource does not exist</message> <exception><message>com.bepco.data.ConfigurationException: Resource does not exist
	at com.bepco.rtc.gui.config.WheelbaseConfigModel.load(WheelbaseConfigModel.java:280)
	at com.bepco.rtc.gui.config.WheelbaseConfigModel.&lt;init&gt;(WheelbaseConfigModel.java:115)
	at com.bepco.rtc.gui.config.WheelbaseConfiguration.getConfigComponent(WheelbaseConfiguration.java:151)
	at com.bepco.rtc.gui.config.BaseConfiguration.displayChild(BaseConfiguration.java:202)
	at com.bepco.rtc.builder.ConfigurationManagerBuilder.buildConfigItemsFromResource(ConfigurationManagerBuilder.java:353)
	at com.bepco.rtc.builder.ConfigurationManagerBuilder.getConfigPanelItems(ConfigurationManagerBuilder.java:188)
	at com.bepco.rtc.builder.ConfigurationManagerBuilder.buildConfigurationManager(ConfigurationManagerBuilder.java:125)
	at com.bepco.rtc.builder.GUIBuilder.addConfigurationPanel(GUIBuilder.java:551)
	at com.bepco.rtc.builder.GUIBuilder.buildGUIManager(GUIBuilder.java:81)
	at com.bepco.rtc.builder.ControllerBuilder.addGUIManager(ControllerBuilder.java:293)
	at com.bepco.rtc.builder.ControllerBuilder.buildController(ControllerBuilder.java:111)
	at com.bepco.rtc.Main$1.run(Main.java:568)
	at java.awt.event.InvocationEvent.dispatch(Unknown Source)
	at java.awt.EventQueue.dispatchEvent(Unknown Source)
	at java.awt.EventDispatchThread.pumpOneEventForHierarchy(Unknown Source)
	at java.awt.EventDispatchThread.pumpEventsForHierarchy(Unknown Source)
	at java.awt.EventDispatchThread.pumpEvents(Unknown Source)
	at java.awt.EventDispatchThread.pumpEvents(Unknown Source)
	at java.awt.EventDispatchThread.run(Unknown Source)
</message><frame><class /><method /></frame></exception> </record>
<record> <date>2011-11-30 05:46:18.844 GMT</date> <millis>1322631978844</millis> <sequence>77</sequence> <logger>com.bepco.rtc.gui.config</logger> <level>SEVERE</level> <class>com.bepco.rtc.gui.config.ZtsConfiguration</class> <method>getConfigComponent</method> <thread>11</thread> <message>Resource does not exist</message> <exception><message>com.atomicobject.resource.ResourceException: Resource does not exist
	at com.atomicobject.resource.ResourceLoader.getXMLDocument(ResourceLoader.java:571)
	at com.bepco.rtc.gui.config.ZtsConfiguration.readZtsFromXML(ZtsConfiguration.java:865)
	at com.bepco.rtc.gui.config.ZtsConfiguration.getConfigComponent(ZtsConfiguration.java:204)
	at com.bepco.rtc.gui.config.BaseConfiguration.displayChild(BaseConfiguration.java:202)
	at com.bepco.rtc.builder.ConfigurationManagerBuilder.buildConfigItemsFromResource(ConfigurationManagerBuilder.java:353)
	at com.bepco.rtc.builder.ConfigurationManagerBuilder.getConfigPanelItems(ConfigurationManagerBuilder.java:188)
	at com.bepco.rtc.builder.ConfigurationManagerBuilder.buildConfigurationManager(ConfigurationManagerBuilder.java:125)
	at com.bepco.rtc.builder.GUIBuilder.addConfigurationPanel(GUIBuilder.java:551)
	at com.bepco.rtc.builder.GUIBuilder.buildGUIManager(GUIBuilder.java:81)
	at com.bepco.rtc.builder.ControllerBuilder.addGUIManager(ControllerBuilder.java:293)
	at com.bepco.rtc.builder.ControllerBuilder.buildController(ControllerBuilder.java:111)
	at com.bepco.rtc.Main$1.run(Main.java:568)
	at java.awt.event.InvocationEvent.dispatch(Unknown Source)
	at java.awt.EventQueue.dispatchEvent(Unknown Source)
	at java.awt.EventDispatchThread.pumpOneEventForHierarchy(Unknown Source)
	at java.awt.EventDispatchThread.pumpEventsForHierarchy(Unknown Source)
	at java.awt.EventDispatchThread.pumpEvents(Unknown Source)
	at java.awt.EventDispatchThread.pumpEvents(Unknown Source)
	at java.awt.EventDispatchThread.run(Unknown Source)
</message><frame><class /><method /></frame></exception> </record>
<record> <date>2011-11-30 05:46:19.140 GMT</date> <millis>1322631979140</millis> <sequence>78</sequence> <logger>com.bepco.rtc</logger> <level>SEVERE</level> <class>com.bepco.rtc.Main$1</class> <method>run</method> <thread>11</thread> <message>Failed to build Controller!</message> <exception><message>java.util.MissingResourceException: Can't find resource for bundle com.atomicobject.util.TrimmedResourceBundle, key xmldatamodel.screensaver.winxp
	at java.util.ResourceBundle.getObject(Unknown Source)
	at java.util.ResourceBundle.getString(Unknown Source)
	at com.bepco.gui.XMLDataWidget.&lt;init&gt;(XMLDataWidget.java:210)
	at com.bepco.gui.TextBox.&lt;init&gt;(TextBox.java:81)
	at com.bepco.rtc.gui.config.ControlLinesConfiguration.getModelsList(ControlLinesConfiguration.java:195)
	at com.bepco.rtc.gui.config.ControlLinesConfiguration.getConfigComponent(ControlLinesConfiguration.java:92)
	at com.bepco.rtc.gui.config.BaseConfiguration.displayChild(BaseConfiguration.java:202)
	at com.bepco.rtc.builder.ConfigurationManagerBuilder.buildConfigItemsFromResource(ConfigurationManagerBuilder.java:353)
	at com.bepco.rtc.builder.ConfigurationManagerBuilder.getConfigPanelItems(ConfigurationManagerBuilder.java:188)
	at com.bepco.rtc.builder.ConfigurationManagerBuilder.buildConfigurationManager(ConfigurationManagerBuilder.java:125)
	at com.bepco.rtc.builder.GUIBuilder.addConfigurationPanel(GUIBuilder.java:551)
	at com.bepco.rtc.builder.GUIBuilder.buildGUIManager(GUIBuilder.java:81)
	at com.bepco.rtc.builder.ControllerBuilder.addGUIManager(ControllerBuilder.java:293)
	at com.bepco.rtc.builder.ControllerBuilder.buildController(ControllerBuilder.java:111)
	at com.bepco.rtc.Main$1.run(Main.java:568)
	at java.awt.event.InvocationEvent.dispatch(Unknown Source)
	at java.awt.EventQueue.dispatchEvent(Unknown Source)
	at java.awt.EventDispatchThread.pumpOneEventForHierarchy(Unknown Source)
	at java.awt.EventDispatchThread.pumpEventsForHierarchy(Unknown Source)
	at java.awt.EventDispatchThread.pumpEvents(Unknown Source)
	at java.awt.EventDispatchThread.pumpEvents(Unknown Source)
	at java.awt.EventDispatchThread.run(Unknown Source)
</message><frame><class /><method /></frame></exception> </record>
<record> <date>2011-11-30 05:46:19.140 GMT</date> <millis>1322631979140</millis> <sequence>79</sequence> <logger>com.bepco.rtc</logger> <level>SEVERE</level> <class>com.bepco.rtc.Main</class> <method>main</method> <thread>10</thread> <message>Main: Could not construct Controller!</message> <exception><message>java.lang.RuntimeException: Main: Could not construct Controller!
	at com.bepco.rtc.Main.main(Main.java:581)
	at sun.reflect.NativeMethodAccessorImpl.invoke0(Native Method)
	at sun.reflect.NativeMethodAccessorImpl.invoke(Unknown Source)
	at sun.reflect.DelegatingMethodAccessorImpl.invoke(Unknown Source)
	at java.lang.reflect.Method.invoke(Unknown Source)
	at com.zerog.lax.LAX.launch(DashoA8113)
	at com.zerog.lax.LAX.main(DashoA8113)
</message><frame><class /><method /></frame></exception> </record>
<record> <date>2011-11-30 05:46:19.421 GMT</date> <millis>1322631979421</millis> <sequence>80</sequence> <logger>com.bepco.rtc.gui</logger> <level>WARNING</level> <class>com.bepco.rtc.gui.URLFileViewer</class> <method>load</method> <thread>11</thread> <message>File (ftp://burke:porter@192.168.1.1:2121/home/ftp/Configuration/Servers/VehicleBuildRecord.xml) failed to load.</message> <exception><message>java.io.IOException: /home/ftp/Configuration/Servers/VehicleBuildRecord.xml: No such file or directory.
	at com.atomicobject.net.www.protocol.ftp.FTPURLConnection.getInputStream(FTPURLConnection.java:135)
	at java.net.URL.openStream(Unknown Source)
	at com.bepco.rtc.gui.URLFileViewer.load(URLFileViewer.java:92)
	at com.bepco.rtc.gui.URLFileViewer.reload(URLFileViewer.java:113)
	at com.bepco.rtc.gui.config.BroadcastConfiguration.cancelChanges(BroadcastConfiguration.java:132)
	at com.bepco.rtc.gui.config.BroadcastConfiguration$1.run(BroadcastConfiguration.java:103)
	at java.awt.event.InvocationEvent.dispatch(Unknown Source)
	at java.awt.EventQueue.dispatchEvent(Unknown Source)
	at java.awt.EventDispatchThread.pumpOneEventForHierarchy(Unknown Source)
	at java.awt.EventDispatchThread.pumpEventsForHierarchy(Unknown Source)
	at java.awt.EventDispatchThread.pumpEvents(Unknown Source)
	at java.awt.EventDispatchThread.pumpEvents(Unknown Source)
	at java.awt.EventDispatchThread.run(Unknown Source)
</message><frame><class /><method /></frame></exception> </record>
